#
# A fatal error has been detected by the Java Runtime Environment:
#
#  SIGSEGV (0xb) at pc=0x00007f93c364b59d, pid=4963, tid=140273196336896
#
# JRE version: 6.0_32-b05
# Java VM: Java HotSpot(TM) 64-Bit Server VM (20.7-b02 mixed mode linux-amd64 compressed oops)
# Problematic frame:
# C  [libXnVFeatures_1_5_2.so+0x8b59d]  Segmentation::detectionByPoint(bool, std::vector<Vector2D<int>, std::allocator<Vector2D<int> > > const*)+0x8d
#
# If you would like to submit a bug report, please visit:
#   http://java.sun.com/webapps/bugreport/crash.jsp
# The crash happened outside the Java Virtual Machine in native code.
# See problematic frame for where to report the bug.
#

---------------  T H R E A D  ---------------

Current thread (0x00007f93d800e800):  JavaThread "Animation Thread" [_thread_in_native, id=4995, stack(0x00007f93e5fa0000,0x00007f93e60a1000)]

siginfo:si_signo=SIGSEGV: si_errno=0, si_code=2 (SEGV_ACCERR), si_addr=0x00007f93b273dc4c

Registers:
RAX=0x000000000000005e, RBX=0x00007f93c931d790, RCX=0x00007f93b272f310, RDX=0x00000000000000ba
RSP=0x00007f93e609f230, RBP=0x00007f93bbf0ee60, RSI=0x000000000000749e, RDI=0x00007f93bbf0efe0
R8 =0x0000000000000000, R9 =0x0101010101010101, R10=0x00007f93bbfcda21, R11=0x00007f942ff2272c
R12=0x00007f93c3bedd88, R13=0x00007f93e609f390, R14=0x00007f93baf7e050, R15=0x0000000000000000
RIP=0x00007f93c364b59d, EFLAGS=0x0000000000010202, CSGSFS=0x0000000000000033, ERR=0x0000000000000004
  TRAPNO=0x000000000000000e

Top of Stack: (sp=0x00007f93e609f230)
0x00007f93e609f230:   00007f93c8a30630 7fffffff00000000
0x00007f93e609f240:   00007f93c8a30630 00007f93bbf0efe0
0x00007f93e609f250:   00007f93bbf102e0 00007f93bbf0ee60
0x00007f93e609f260:   00007f93bbf0efe0 00007f93bbf09d80
0x00007f93e609f270:   00007f93e609f390 00007f93baf7e050
0x00007f93e609f280:   0000000000000000 00007f93c3652bc0
0x00007f93e609f290:   000000000027ac3e 000000000027ac3e
0x00007f93e609f2a0:   0000000000000000 3ff0000000000000
0x00007f93e609f2b0:   00007f93c3bee5a8 0000000000000001
0x00007f93e609f2c0:   0000000000000040 00007f93baf7e010
0x00007f93e609f2d0:   00007f93bbf09d80 00007f93bbee8f88
0x00007f93e609f2e0:   00007f93baf7e050 00007f93baf7e028
0x00007f93e609f2f0:   00007f93e609f390 00007f93c363b99b
0x00007f93e609f300:   00007f93bbfff190 0000000000000008
0x00007f93e609f310:   0000000000279f9b 0000000000279f9b
0x00007f93e609f320:   0000000000000000 3ff0000000000000
0x00007f93e609f330:   0000000000000000 00007f93c36158bd
0x00007f93e609f340:   00007f93e609f3b0 00007f942c07701c
0x00007f93e609f350:   0000000000000001 00007f942c077000
0x00007f93e609f360:   00007f93c930d4a0 00007f93c802e9c0
0x00007f93e609f370:   00007f93d800e800 00007f93c361103f
0x00007f93e609f380:   0000000000000175 00007f93e5ab7489
0x00007f93e609f390:   00007f93c931d790 00007f93c931d798
0x00007f93e609f3a0:   00007f93c931d798 00007f93c9981631
0x00007f93e609f3b0:   000000ba0000005e 00007f93c930d4a0
0x00007f93e609f3c0:   00007f93c930d4a0 00007f93c930d4a0
0x00007f93e609f3d0:   00007f93c997fc40 0000000000000051
0x00007f93e609f3e0:   00007f93b26972c0 00007f93c36115bf
0x00007f93e609f3f0:   00007f93c3bd5af0 00007f93e552d4ec
0x00007f93e609f400:   00007f93c3bd7d10 0000000000000000
0x00007f93e609f410:   0000000000039070 0009600000000001
0x00007f93e609f420:   ffffffff00000001 00007f93e609f464 

Instructions: (pc=0x00007f93c364b59d)
0x00007f93c364b57d:   39 5d 08 0f 84 d2 01 00 00 8b 53 04 41 8b 74 24
0x00007f93c364b58d:   3c 49 8b 4c 24 28 8b 03 0f af f2 48 8b 09 01 c6
0x00007f93c364b59d:   66 83 3c 71 00 74 d4 48 63 8d 88 01 00 00 48 8b
0x00007f93c364b5ad:   7c 24 18 48 69 c9 d8 03 00 00 48 8d 74 0f 10 48 

Register to memory mapping:

RAX=0x000000000000005e is an unknown value
RBX=0x00007f93c931d790 is an unknown value
RCX=0x00007f93b272f310 is an unknown value
RDX=0x00000000000000ba is an unknown value
RSP=0x00007f93e609f230 is pointing into the stack for thread: 0x00007f93d800e800
RBP=0x00007f93bbf0ee60 is an unknown value
RSI=0x000000000000749e is an unknown value
RDI=0x00007f93bbf0efe0 is an unknown value
R8 =0x0000000000000000 is an unknown value
R9 =0x0101010101010101 is an unknown value
R10=0x00007f93bbfcda21 is an unknown value
R11=0x00007f942ff2272c: <offset 0x8b72c> in /lib/x86_64-linux-gnu/libc.so.6 at 0x00007f942fe97000
R12=0x00007f93c3bedd88: <offset 0x62dd88> in /usr/lib/libXnVFeatures_1_5_2.so at 0x00007f93c35c0000
R13=0x00007f93e609f390 is pointing into the stack for thread: 0x00007f93d800e800
R14=0x00007f93baf7e050 is an unknown value
R15=0x0000000000000000 is an unknown value


Stack: [0x00007f93e5fa0000,0x00007f93e60a1000],  sp=0x00007f93e609f230,  free space=1020k
Native frames: (J=compiled Java code, j=interpreted, Vv=VM code, C=native code)
C  [libXnVFeatures_1_5_2.so+0x8b59d]  Segmentation::detectionByPoint(bool, std::vector<Vector2D<int>, std::allocator<Vector2D<int> > > const*)+0x8d

Java frames: (J=compiled Java code, j=interpreted, Vv=VM code)
j  SimpleOpenNI.SimpleOpenNIJNI.ContextWrapper_updateSwigExplicitContextWrapper__SWIG_0(JLSimpleOpenNI/ContextWrapper;)V+0
j  SimpleOpenNI.ContextWrapper.update()V+26
j  SimpleOpenNI.SimpleOpenNI.update()V+1
j  userTracking.simpleTracking.draw()V+4
j  processing.core.PApplet.handleDraw()V+145
j  processing.core.PApplet.run()V+72
j  java.lang.Thread.run()V+11
v  ~StubRoutines::call_stub

---------------  P R O C E S S  ---------------

Java Threads: ( => current thread )
=>0x00007f93d800e800 JavaThread "Animation Thread" [_thread_in_native, id=4995, stack(0x00007f93e5fa0000,0x00007f93e60a1000)]
  0x00007f93d8008000 JavaThread "AWT-EventQueue-1" [_thread_blocked, id=4994, stack(0x00007f93e60a1000,0x00007f93e61a2000)]
  0x00007f9428008000 JavaThread "DestroyJavaVM" [_thread_blocked, id=4969, stack(0x00007f942ee91000,0x00007f942ef92000)]
  0x00007f9428337000 JavaThread "AWT-EventQueue-0" [_thread_blocked, id=4992, stack(0x00007f93e63c1000,0x00007f93e64c2000)]
  0x00007f9428332000 JavaThread "AWT-Shutdown" [_thread_blocked, id=4991, stack(0x00007f93e64c2000,0x00007f93e65c3000)]
  0x00007f9428320000 JavaThread "thread applet-userTracking.simpleTracking.class" [_thread_blocked, id=4990, stack(0x00007f93e65c3000,0x00007f93e66c4000)]
  0x00007f9428317800 JavaThread "AWT-XAWT" daemon [_thread_in_native, id=4988, stack(0x00007f93e66c4000,0x00007f93e67c5000)]
  0x00007f942823c000 JavaThread "Java2D Disposer" daemon [_thread_blocked, id=4987, stack(0x00007f93e6ddf000,0x00007f93e6ee0000)]
  0x00007f9428099800 JavaThread "Low Memory Detector" daemon [_thread_blocked, id=4985, stack(0x00007f9424519000,0x00007f942461a000)]
  0x00007f9428097800 JavaThread "C2 CompilerThread1" daemon [_thread_blocked, id=4984, stack(0x00007f942461a000,0x00007f942471b000)]
  0x00007f9428094800 JavaThread "C2 CompilerThread0" daemon [_thread_blocked, id=4983, stack(0x00007f942471b000,0x00007f942481c000)]
  0x00007f9428092800 JavaThread "Signal Dispatcher" daemon [_thread_blocked, id=4982, stack(0x00007f942481c000,0x00007f942491d000)]
  0x00007f9428076000 JavaThread "Finalizer" daemon [_thread_blocked, id=4980, stack(0x00007f942c0db000,0x00007f942c1dc000)]
  0x00007f9428074000 JavaThread "Reference Handler" daemon [_thread_blocked, id=4979, stack(0x00007f942c1dc000,0x00007f942c2dd000)]

Other Threads:
  0x00007f942806d800 VMThread [stack: 0x00007f942c2dd000,0x00007f942c3de000] [id=4978]
  0x00007f94280ac800 WatcherThread [stack: 0x00007f9424418000,0x00007f9424519000] [id=4986]

VM state:not at safepoint (normal execution)

VM Mutex/Monitor currently owned by a thread: None

Heap
 PSYoungGen      total 56000K, used 47689K [0x00000007c1760000, 0x00000007c55e0000, 0x0000000800000000)
  eden space 48000K, 99% used [0x00000007c1760000,0x00000007c45f26e8,0x00000007c4640000)
  from space 8000K, 0% used [0x00000007c4e10000,0x00000007c4e10000,0x00000007c55e0000)
  to   space 8000K, 0% used [0x00000007c4640000,0x00000007c4640000,0x00000007c4e10000)
 PSOldGen        total 128064K, used 0K [0x0000000744600000, 0x000000074c310000, 0x00000007c1760000)
  object space 128064K, 0% used [0x0000000744600000,0x0000000744600000,0x000000074c310000)
 PSPermGen       total 21248K, used 11401K [0x000000073f400000, 0x00000007408c0000, 0x0000000744600000)
  object space 21248K, 53% used [0x000000073f400000,0x000000073ff22508,0x00000007408c0000)

Code Cache  [0x00007f9425000000, 0x00007f9425270000, 0x00007f9428000000)
 total_blobs=527 nmethods=39 adapters=443 free_code_cache=49680576 largest_free_block=13312

Dynamic libraries:
40000000-40009000 r-xp 00000000 08:14 1192322                            /usr/lib/jvm/bin/java
40108000-4010a000 rwxp 00008000 08:14 1192322                            /usr/lib/jvm/bin/java
41c0b000-41c2c000 rwxp 00000000 00:00 0                                  [heap]
73f400000-7408c0000 rwxp 00000000 00:00 0 
7408c0000-744600000 rwxp 00000000 00:00 0 
744600000-74c310000 rwxp 00000000 00:00 0 
74c310000-7c1760000 rwxp 00000000 00:00 0 
7c1760000-7c55e0000 rwxp 00000000 00:00 0 
7c55e0000-800000000 rwxp 00000000 00:00 0 
7f93afed4000-7f93b0000000 rwxs 00000000 00:04 1277957                    /SYSV00000000 (deleted)
7f93b0000000-7f93b2822000 rwxp 00000000 00:00 0 
7f93b2822000-7f93b4000000 ---p 00000000 00:00 0 
7f93b40ca000-7f93bc000000 rwxp 00000000 00:00 0 
7f93bc000000-7f93bc026000 rwxp 00000000 00:00 0 
7f93bc026000-7f93c0000000 ---p 00000000 00:00 0 
7f93c007f000-7f93c0907000 rwxp 00000000 00:00 0 
7f93c0907000-7f93c100f000 r-xs 00000000 00:12 14181                      /run/shm/4938_045e.02ae@2.8_Depth
7f93c100f000-7f93c1010000 ---p 00000000 00:00 0 
7f93c1010000-7f93c1c11000 rwxp 00000000 00:00 0 
7f93c1c11000-7f93c1ca3000 r-xp 00000000 08:14 658014                     /usr/lib/libXnDeviceSensorV2.so
7f93c1ca3000-7f93c1ea2000 ---p 00092000 08:14 658014                     /usr/lib/libXnDeviceSensorV2.so
7f93c1ea2000-7f93c1eb2000 r-xp 00091000 08:14 658014                     /usr/lib/libXnDeviceSensorV2.so
7f93c1eb2000-7f93c1eb3000 rwxp 000a1000 08:14 658014                     /usr/lib/libXnDeviceSensorV2.so
7f93c1eb3000-7f93c1eda000 r-xp 00000000 08:14 673565                     /usr/lib/libXnDeviceFile.so
7f93c1eda000-7f93c20da000 ---p 00027000 08:14 673565                     /usr/lib/libXnDeviceFile.so
7f93c20da000-7f93c20dc000 r-xp 00027000 08:14 673565                     /usr/lib/libXnDeviceFile.so
7f93c20dc000-7f93c20dd000 rwxp 00029000 08:14 673565                     /usr/lib/libXnDeviceFile.so
7f93c20dd000-7f93c2125000 r-xp 00000000 08:14 673564                     /usr/lib/libXnDDK.so
7f93c2125000-7f93c2325000 ---p 00048000 08:14 673564                     /usr/lib/libXnDDK.so
7f93c2325000-7f93c2328000 r-xp 00048000 08:14 673564                     /usr/lib/libXnDDK.so
7f93c2328000-7f93c232a000 rwxp 0004b000 08:14 673564                     /usr/lib/libXnDDK.so
7f93c232a000-7f93c234e000 r-xp 00000000 08:14 673567                     /usr/lib/libXnFormats.so
7f93c234e000-7f93c254e000 ---p 00024000 08:14 673567                     /usr/lib/libXnFormats.so
7f93c254e000-7f93c254f000 r-xp 00024000 08:14 673567                     /usr/lib/libXnFormats.so
7f93c254f000-7f93c2550000 rwxp 00025000 08:14 673567                     /usr/lib/libXnFormats.so
7f93c2550000-7f93c2570000 rwxp 00000000 00:00 0 
7f93c2570000-7f93c2573000 r-xp 00000000 08:14 673563                     /usr/lib/libXnCore.so
7f93c2573000-7f93c2772000 ---p 00003000 08:14 673563                     /usr/lib/libXnCore.so
7f93c2772000-7f93c2773000 r-xp 00002000 08:14 673563                     /usr/lib/libXnCore.so
7f93c2773000-7f93c2774000 rwxp 00003000 08:14 673563                     /usr/lib/libXnCore.so
7f93c2774000-7f93c27fd000 r-xp 00000000 08:14 673566                     /usr/lib/libXnDeviceSensorV2KM.so
7f93c27fd000-7f93c29fc000 ---p 00089000 08:14 673566                     /usr/lib/libXnDeviceSensorV2KM.so
7f93c29fc000-7f93c2a0c000 r-xp 00088000 08:14 673566                     /usr/lib/libXnDeviceSensorV2KM.so
7f93c2a0c000-7f93c2a0d000 rwxp 00098000 08:14 673566                     /usr/lib/libXnDeviceSensorV2KM.so
7f93c2a0d000-7f93c2b01000 r-xp 00000000 08:14 673497                     /usr/lib/libXnVHandGenerator_1_5_2.so
7f93c2b01000-7f93c2d00000 ---p 000f4000 08:14 673497                     /usr/lib/libXnVHandGenerator_1_5_2.so
7f93c2d00000-7f93c2d05000 r-xp 000f3000 08:14 673497                     /usr/lib/libXnVHandGenerator_1_5_2.so
7f93c2d05000-7f93c2d06000 rwxp 000f8000 08:14 673497                     /usr/lib/libXnVHandGenerator_1_5_2.so
7f93c2d06000-7f93c2d14000 rwxp 00000000 00:00 0 
7f93c2d14000-7f93c2dec000 r-xp 00000000 08:14 673494                     /usr/lib/libXnVHandGenerator_1_4_2.so
7f93c2dec000-7f93c2feb000 ---p 000d8000 08:14 673494                     /usr/lib/libXnVHandGenerator_1_4_2.so
7f93c2feb000-7f93c2ff0000 r-xp 000d7000 08:14 673494                     /usr/lib/libXnVHandGenerator_1_4_2.so
7f93c2ff0000-7f93c2ff1000 rwxp 000dc000 08:14 673494                     /usr/lib/libXnVHandGenerator_1_4_2.so
7f93c2ff1000-7f93c2ff4000 rwxp 00000000 00:00 0 
7f93c2ff4000-7f93c30cc000 r-xp 00000000 08:14 673491                     /usr/lib/libXnVHandGenerator_1_4_1.so
7f93c30cc000-7f93c32cb000 ---p 000d8000 08:14 673491                     /usr/lib/libXnVHandGenerator_1_4_1.so
7f93c32cb000-7f93c32d0000 r-xp 000d7000 08:14 673491                     /usr/lib/libXnVHandGenerator_1_4_1.so
7f93c32d0000-7f93c32d1000 rwxp 000dc000 08:14 673491                     /usr/lib/libXnVHandGenerator_1_4_1.so
7f93c32d1000-7f93c32d4000 rwxp 00000000 00:00 0 
7f93c32d4000-7f93c33b7000 r-xp 00000000 08:14 673488                     /usr/lib/libXnVHandGenerator_1_3_1.so
7f93c33b7000-7f93c35b7000 ---p 000e3000 08:14 673488                     /usr/lib/libXnVHandGenerator_1_3_1.so
7f93c35b7000-7f93c35bc000 r-xp 000e3000 08:14 673488                     /usr/lib/libXnVHandGenerator_1_3_1.so
7f93c35bc000-7f93c35bd000 rwxp 000e8000 08:14 673488                     /usr/lib/libXnVHandGenerator_1_3_1.so
7f93c35bd000-7f93c35c0000 rwxp 00000000 00:00 0 
7f93c35c0000-7f93c39d5000 r-xp 00000000 08:14 673481                     /usr/lib/libXnVFeatures_1_5_2.so
7f93c39d5000-7f93c3bd5000 ---p 00415000 08:14 673481                     /usr/lib/libXnVFeatures_1_5_2.so
7f93c3bd5000-7f93c3be6000 r-xp 00415000 08:14 673481                     /usr/lib/libXnVFeatures_1_5_2.so
7f93c3be6000-7f93c3be8000 rwxp 00426000 08:14 673481                     /usr/lib/libXnVFeatures_1_5_2.so
7f93c3be8000-7f93c3bfd000 rwxp 00000000 00:00 0 
7f93c3bfd000-7f93c3df4000 r-xp 00000000 08:14 673470                     /usr/lib/libXnVFeatures_1_4_2.so
7f93c3df4000-7f93c3ff3000 ---p 001f7000 08:14 673470                     /usr/lib/libXnVFeatures_1_4_2.so
7f93c3ff3000-7f93c3ff9000 r-xp 001f6000 08:14 673470                     /usr/lib/libXnVFeatures_1_4_2.so
7f93c3ff9000-7f93c3ffa000 rwxp 001fc000 08:14 673470                     /usr/lib/libXnVFeatures_1_4_2.so
7f93c3ffa000-7f93c4000000 rwxp 00000000 00:00 0 
7f93c4000000-7f93c41b8000 rwxp 00000000 00:00 0 
7f93c41b8000-7f93c8000000 ---p 00000000 00:00 0 
7f93c8000000-7f93cc000000 rwxp 00000000 00:00 0 
7f93cc000000-7f93cc021000 rwxp 00000000 00:00 0 
7f93cc021000-7f93d0000000 ---p 00000000 00:00 0 
7f93d0000000-7f93d0021000 rwxp 00000000 00:00 0 
7f93d0021000-7f93d4000000 ---p 00000000 00:00 0 
7f93d4000000-7f93d4021000 rwxp 00000000 00:00 0 
7f93d4021000-7f93d8000000 ---p 00000000 00:00 0 
7f93d8000000-7f93d80c5000 rwxp 00000000 00:00 0 
7f93d80c5000-7f93dc000000 ---p 00000000 00:00 0 
7f93dc000000-7f93dc021000 rwxp 00000000 00:00 0 
7f93dc021000-7f93e0000000 ---p 00000000 00:00 0 
7f93e0000000-7f93e0021000 rwxp 00000000 00:00 0 
7f93e0021000-7f93e4000000 ---p 00000000 00:00 0 
7f93e4010000-7f93e413d000 rwxp 00000000 00:00 0 
7f93e413d000-7f93e4334000 r-xp 00000000 08:14 673465                     /usr/lib/libXnVFeatures_1_4_1.so
7f93e4334000-7f93e4533000 ---p 001f7000 08:14 673465                     /usr/lib/libXnVFeatures_1_4_1.so
7f93e4533000-7f93e4539000 r-xp 001f6000 08:14 673465                     /usr/lib/libXnVFeatures_1_4_1.so
7f93e4539000-7f93e453a000 rwxp 001fc000 08:14 673465                     /usr/lib/libXnVFeatures_1_4_1.so
7f93e453a000-7f93e4540000 rwxp 00000000 00:00 0 
7f93e4540000-7f93e4785000 r-xp 00000000 08:14 673460                     /usr/lib/libXnVFeatures_1_3_1.so
7f93e4785000-7f93e4985000 ---p 00245000 08:14 673460                     /usr/lib/libXnVFeatures_1_3_1.so
7f93e4985000-7f93e498b000 r-xp 00245000 08:14 673460                     /usr/lib/libXnVFeatures_1_3_1.so
7f93e498b000-7f93e498c000 rwxp 0024b000 08:14 673460                     /usr/lib/libXnVFeatures_1_3_1.so
7f93e498c000-7f93e4993000 rwxp 00000000 00:00 0 
7f93e4993000-7f93e49b1000 r-xp 00000000 08:14 673299                     /usr/lib/libnimRecorder.so
7f93e49b1000-7f93e4bb0000 ---p 0001e000 08:14 673299                     /usr/lib/libnimRecorder.so
7f93e4bb0000-7f93e4bb2000 r-xp 0001d000 08:14 673299                     /usr/lib/libnimRecorder.so
7f93e4bb2000-7f93e4bb3000 rwxp 0001f000 08:14 673299                     /usr/lib/libnimRecorder.so
7f93e4bb3000-7f93e4be9000 r-xp 00000000 08:14 673297                     /usr/lib/libnimCodecs.so
7f93e4be9000-7f93e4de9000 ---p 00036000 08:14 673297                     /usr/lib/libnimCodecs.so
7f93e4de9000-7f93e4dec000 r-xp 00036000 08:14 673297                     /usr/lib/libnimCodecs.so
7f93e4dec000-7f93e4ded000 rwxp 00039000 08:14 673297                     /usr/lib/libnimCodecs.so
7f93e4ded000-7f93e4e0d000 rwxp 00000000 00:00 0 
7f93e4e0d000-7f93e4e44000 r-xp 00000000 08:14 673298                     /usr/lib/libnimMockNodes.so
7f93e4e44000-7f93e5043000 ---p 00037000 08:14 673298                     /usr/lib/libnimMockNodes.so
7f93e5043000-7f93e5050000 r-xp 00036000 08:14 673298                     /usr/lib/libnimMockNodes.so
7f93e5050000-7f93e5051000 rwxp 00043000 08:14 673298                     /usr/lib/libnimMockNodes.so
7f93e5051000-7f93e505f000 r-xp 00000000 08:14 788754                     /lib/x86_64-linux-gnu/libusb-1.0.so.0.1.0
7f93e505f000-7f93e525e000 ---p 0000e000 08:14 788754                     /lib/x86_64-linux-gnu/libusb-1.0.so.0.1.0
7f93e525e000-7f93e525f000 r-xp 0000d000 08:14 788754                     /lib/x86_64-linux-gnu/libusb-1.0.so.0.1.0
7f93e525f000-7f93e5260000 rwxp 0000e000 08:14 788754                     /lib/x86_64-linux-gnu/libusb-1.0.so.0.1.0
7f93e5260000-7f93e5275000 r-xp 00000000 08:14 788672                     /lib/x86_64-linux-gnu/libgcc_s.so.1
7f93e5275000-7f93e5474000 ---p 00015000 08:14 788672                     /lib/x86_64-linux-gnu/libgcc_s.so.1
7f93e5474000-7f93e5475000 r-xp 00014000 08:14 788672                     /lib/x86_64-linux-gnu/libgcc_s.so.1
7f93e5475000-7f93e5476000 rwxp 00015000 08:14 788672                     /lib/x86_64-linux-gnu/libgcc_s.so.1
7f93e5476000-7f93e5558000 r-xp 00000000 08:14 662623                     /usr/lib/x86_64-linux-gnu/libstdc++.so.6.0.16
7f93e5558000-7f93e5757000 ---p 000e2000 08:14 662623                     /usr/lib/x86_64-linux-gnu/libstdc++.so.6.0.16
7f93e5757000-7f93e575f000 r-xp 000e1000 08:14 662623                     /usr/lib/x86_64-linux-gnu/libstdc++.so.6.0.16
7f93e575f000-7f93e5761000 rwxp 000e9000 08:14 662623                     /usr/lib/x86_64-linux-gnu/libstdc++.so.6.0.16
7f93e5761000-7f93e5776000 rwxp 00000000 00:00 0 
7f93e5776000-7f93e5859000 r-xp 00000000 08:14 673381                     /usr/lib/libXnVNite_1_5_2.so
7f93e5859000-7f93e5a58000 ---p 000e3000 08:14 673381                     /usr/lib/libXnVNite_1_5_2.so
7f93e5a58000-7f93e5a5d000 r-xp 000e2000 08:14 673381                     /usr/lib/libXnVNite_1_5_2.so
7f93e5a5d000-7f93e5a5f000 rwxp 000e7000 08:14 673381                     /usr/lib/libXnVNite_1_5_2.so
7f93e5a5f000-7f93e5adc000 r-xp 00000000 08:14 673301                     /usr/lib/libOpenNI.so
7f93e5adc000-7f93e5cdb000 ---p 0007d000 08:14 673301                     /usr/lib/libOpenNI.so
7f93e5cdb000-7f93e5cde000 r-xp 0007c000 08:14 673301                     /usr/lib/libOpenNI.so
7f93e5cde000-7f93e5ce1000 rwxp 0007f000 08:14 673301                     /usr/lib/libOpenNI.so
7f93e5ce1000-7f93e5ce2000 rwxp 00000000 00:00 0 
7f93e5ce2000-7f93e5d98000 r-xp 00000000 08:15 2627742                    /home/jailbirt/workspace/processingKinectExamples/libs/simpleOpenNi/library/library/libSimpleOpenNI64.so
7f93e5d98000-7f93e5f98000 ---p 000b6000 08:15 2627742                    /home/jailbirt/workspace/processingKinectExamples/libs/simpleOpenNi/library/library/libSimpleOpenNI64.so
7f93e5f98000-7f93e5f9c000 r-xp 000b6000 08:15 2627742                    /home/jailbirt/workspace/processingKinectExamples/libs/simpleOpenNi/library/library/libSimpleOpenNI64.so
7f93e5f9c000-7f93e5f9f000 rwxp 000ba000 08:15 2627742                    /home/jailbirt/workspace/processingKinectExamples/libs/simpleOpenNi/library/library/libSimpleOpenNI64.so
7f93e5f9f000-7f93e5fa0000 rwxp 00000000 00:00 0 
7f93e5fa0000-7f93e5fa3000 ---p 00000000 00:00 0 
7f93e5fa3000-7f93e60a1000 rwxp 00000000 00:00 0 
7f93e60a1000-7f93e60a4000 ---p 00000000 00:00 0 
7f93e60a4000-7f93e61a2000 rwxp 00000000 00:00 0 
7f93e61a2000-7f93e61a9000 r-xp 00000000 08:14 1450962                    /usr/lib/jvm/jre/lib/amd64/libnio.so
7f93e61a9000-7f93e62a8000 ---p 00007000 08:14 1450962                    /usr/lib/jvm/jre/lib/amd64/libnio.so
7f93e62a8000-7f93e62aa000 rwxp 00006000 08:14 1450962                    /usr/lib/jvm/jre/lib/amd64/libnio.so
7f93e62aa000-7f93e62bd000 r-xp 00000000 08:14 1450940                    /usr/lib/jvm/jre/lib/amd64/libnet.so
7f93e62bd000-7f93e63be000 ---p 00013000 08:14 1450940                    /usr/lib/jvm/jre/lib/amd64/libnet.so
7f93e63be000-7f93e63c1000 rwxp 00014000 08:14 1450940                    /usr/lib/jvm/jre/lib/amd64/libnet.so
7f93e63c1000-7f93e63c4000 ---p 00000000 00:00 0 
7f93e63c4000-7f93e64c2000 rwxp 00000000 00:00 0 
7f93e64c2000-7f93e64c5000 ---p 00000000 00:00 0 
7f93e64c5000-7f93e65c3000 rwxp 00000000 00:00 0 
7f93e65c3000-7f93e65c6000 ---p 00000000 00:00 0 
7f93e65c6000-7f93e66c4000 rwxp 00000000 00:00 0 
7f93e66c4000-7f93e66c7000 ---p 00000000 00:00 0 
7f93e66c7000-7f93e67c5000 rwxp 00000000 00:00 0 
7f93e67c5000-7f93e67ca000 r-xp 00000000 08:14 662111                     /usr/lib/x86_64-linux-gnu/libXfixes.so.3.1.0
7f93e67ca000-7f93e69c9000 ---p 00005000 08:14 662111                     /usr/lib/x86_64-linux-gnu/libXfixes.so.3.1.0
7f93e69c9000-7f93e69ca000 r-xp 00004000 08:14 662111                     /usr/lib/x86_64-linux-gnu/libXfixes.so.3.1.0
7f93e69ca000-7f93e69cb000 rwxp 00005000 08:14 662111                     /usr/lib/x86_64-linux-gnu/libXfixes.so.3.1.0
7f93e69cb000-7f93e69d4000 r-xp 00000000 08:14 662129                     /usr/lib/x86_64-linux-gnu/libXrender.so.1.3.0
7f93e69d4000-7f93e6bd3000 ---p 00009000 08:14 662129                     /usr/lib/x86_64-linux-gnu/libXrender.so.1.3.0
7f93e6bd3000-7f93e6bd4000 r-xp 00008000 08:14 662129                     /usr/lib/x86_64-linux-gnu/libXrender.so.1.3.0
7f93e6bd4000-7f93e6bd5000 rwxp 00009000 08:14 662129                     /usr/lib/x86_64-linux-gnu/libXrender.so.1.3.0
7f93e6bd5000-7f93e6bde000 r-xp 00000000 08:14 662103                     /usr/lib/x86_64-linux-gnu/libXcursor.so.1.0.2
7f93e6bde000-7f93e6ddd000 ---p 00009000 08:14 662103                     /usr/lib/x86_64-linux-gnu/libXcursor.so.1.0.2
7f93e6ddd000-7f93e6dde000 r-xp 00008000 08:14 662103                     /usr/lib/x86_64-linux-gnu/libXcursor.so.1.0.2
7f93e6dde000-7f93e6ddf000 rwxp 00009000 08:14 662103                     /usr/lib/x86_64-linux-gnu/libXcursor.so.1.0.2
7f93e6ddf000-7f93e6de2000 ---p 00000000 00:00 0 
7f93e6de2000-7f93e6ee0000 rwxp 00000000 00:00 0 
7f93e6ee0000-7f93e6f59000 r-xp 00000000 08:14 1454604                    /usr/lib/jvm/jre/lib/amd64/libfontmanager.so
7f93e6f59000-7f93e7058000 ---p 00079000 08:14 1454604                    /usr/lib/jvm/jre/lib/amd64/libfontmanager.so
7f93e7058000-7f93e706d000 rwxp 00078000 08:14 1454604                    /usr/lib/jvm/jre/lib/amd64/libfontmanager.so
7f93e706d000-7f93e707f000 rwxp 00000000 00:00 0 
7f93e707f000-7f93e7084000 r-xp 00000000 08:14 662107                     /usr/lib/x86_64-linux-gnu/libXdmcp.so.6.0.0
7f93e7084000-7f93e7283000 ---p 00005000 08:14 662107                     /usr/lib/x86_64-linux-gnu/libXdmcp.so.6.0.0
7f93e7283000-7f93e7284000 r-xp 00004000 08:14 662107                     /usr/lib/x86_64-linux-gnu/libXdmcp.so.6.0.0
7f93e7284000-7f93e7285000 rwxp 00005000 08:14 662107                     /usr/lib/x86_64-linux-gnu/libXdmcp.so.6.0.0
7f93e7285000-7f93e7287000 r-xp 00000000 08:14 662096                     /usr/lib/x86_64-linux-gnu/libXau.so.6.0.0
7f93e7287000-7f93e7486000 ---p 00002000 08:14 662096                     /usr/lib/x86_64-linux-gnu/libXau.so.6.0.0
7f93e7486000-7f93e7487000 r-xp 00001000 08:14 662096                     /usr/lib/x86_64-linux-gnu/libXau.so.6.0.0
7f93e7487000-7f93e7488000 rwxp 00002000 08:14 662096                     /usr/lib/x86_64-linux-gnu/libXau.so.6.0.0
7f93e7488000-7f93e74a5000 r-xp 00000000 08:14 662695                     /usr/lib/x86_64-linux-gnu/libxcb.so.1.1.0
7f93e74a5000-7f93e76a4000 ---p 0001d000 08:14 662695                     /usr/lib/x86_64-linux-gnu/libxcb.so.1.1.0
7f93e76a4000-7f93e76a5000 r-xp 0001c000 08:14 662695                     /usr/lib/x86_64-linux-gnu/libxcb.so.1.1.0
7f93e76a5000-7f93e76a6000 rwxp 0001d000 08:14 662695                     /usr/lib/x86_64-linux-gnu/libxcb.so.1.1.0
7f93e76a6000-7f93e76b4000 r-xp 00000000 08:14 662115                     /usr/lib/x86_64-linux-gnu/libXi.so.6.1.0
7f93e76b4000-7f93e78b3000 ---p 0000e000 08:14 662115                     /usr/lib/x86_64-linux-gnu/libXi.so.6.1.0
7f93e78b3000-7f93e78b4000 r-xp 0000d000 08:14 662115                     /usr/lib/x86_64-linux-gnu/libXi.so.6.1.0
7f93e78b4000-7f93e78b5000 rwxp 0000e000 08:14 662115                     /usr/lib/x86_64-linux-gnu/libXi.so.6.1.0
7f93e78b5000-7f93e78ba000 r-xp 00000000 08:14 662133                     /usr/lib/x86_64-linux-gnu/libXtst.so.6.1.0
7f93e78ba000-7f93e7ab9000 ---p 00005000 08:14 662133                     /usr/lib/x86_64-linux-gnu/libXtst.so.6.1.0
7f93e7ab9000-7f93e7aba000 r-xp 00004000 08:14 662133                     /usr/lib/x86_64-linux-gnu/libXtst.so.6.1.0
7f93e7aba000-7f93e7abb000 rwxp 00005000 08:14 662133                     /usr/lib/x86_64-linux-gnu/libXtst.so.6.1.0
7f93e7abb000-7f93e7bea000 r-xp 00000000 08:14 662094                     /usr/lib/x86_64-linux-gnu/libX11.so.6.3.0
7f93e7bea000-7f93e7dea000 ---p 0012f000 08:14 662094                     /usr/lib/x86_64-linux-gnu/libX11.so.6.3.0
7f93e7dea000-7f93e7deb000 r-xp 0012f000 08:14 662094                     /usr/lib/x86_64-linux-gnu/libX11.so.6.3.0
7f93e7deb000-7f93e7def000 rwxp 00130000 08:14 662094                     /usr/lib/x86_64-linux-gnu/libX11.so.6.3.0
7f93e7def000-7f93e7dff000 r-xp 00000000 08:14 662109                     /usr/lib/x86_64-linux-gnu/libXext.so.6.4.0
7f93e7dff000-7f93e7ffe000 ---p 00010000 08:14 662109                     /usr/lib/x86_64-linux-gnu/libXext.so.6.4.0
7f93e7ffe000-7f93e7fff000 r-xp 0000f000 08:14 662109                     /usr/lib/x86_64-linux-gnu/libXext.so.6.4.0
7f93e7fff000-7f93e8000000 rwxp 00010000 08:14 662109                     /usr/lib/x86_64-linux-gnu/libXext.so.6.4.0
7f93e8000000-7f93e8314000 rwxp 00000000 00:00 0 
7f93e8314000-7f93ec000000 ---p 00000000 00:00 0 
7f93ec000000-7f93ec021000 rwxp 00000000 00:00 0 
7f93ec021000-7f93f0000000 ---p 00000000 00:00 0 
7f93f0000000-7f93f0021000 rwxp 00000000 00:00 0 
7f93f0021000-7f93f4000000 ---p 00000000 00:00 0 
7f93f4000000-7f93f420c000 rwxp 00000000 00:00 0 
7f93f420c000-7f93f8000000 ---p 00000000 00:00 0 
7f93f8000000-7f93f8021000 rwxp 00000000 00:00 0 
7f93f8021000-7f93fc000000 ---p 00000000 00:00 0 
7f93fc000000-7f93fc021000 rwxp 00000000 00:00 0 
7f93fc021000-7f9400000000 ---p 00000000 00:00 0 
7f9400000000-7f9400021000 rwxp 00000000 00:00 0 
7f9400021000-7f9404000000 ---p 00000000 00:00 0 
7f9404000000-7f9404021000 rwxp 00000000 00:00 0 
7f9404021000-7f9408000000 ---p 00000000 00:00 0 
7f9408000000-7f9408021000 rwxp 00000000 00:00 0 
7f9408021000-7f940c000000 ---p 00000000 00:00 0 
7f940c000000-7f940c021000 rwxp 00000000 00:00 0 
7f940c021000-7f9410000000 ---p 00000000 00:00 0 
7f9410000000-7f9410021000 rwxp 00000000 00:00 0 
7f9410021000-7f9414000000 ---p 00000000 00:00 0 
7f9414000000-7f9414021000 rwxp 00000000 00:00 0 
7f9414021000-7f9418000000 ---p 00000000 00:00 0 
7f9418000000-7f9418021000 rwxp 00000000 00:00 0 
7f9418021000-7f941c000000 ---p 00000000 00:00 0 
7f941c000000-7f941c021000 rwxp 00000000 00:00 0 
7f941c021000-7f9420000000 ---p 00000000 00:00 0 
7f9420000000-7f9420021000 rwxp 00000000 00:00 0 
7f9420021000-7f9424000000 ---p 00000000 00:00 0 
7f9424064000-7f94240fb000 rwxp 00000000 00:00 0 
7f94240fb000-7f942413d000 r-xp 00000000 08:14 1571968                    /usr/lib/jvm/jre/lib/amd64/xawt/libmawt.so
7f942413d000-7f942423c000 ---p 00042000 08:14 1571968                    /usr/lib/jvm/jre/lib/amd64/xawt/libmawt.so
7f942423c000-7f9424248000 rwxp 00041000 08:14 1571968                    /usr/lib/jvm/jre/lib/amd64/xawt/libmawt.so
7f9424248000-7f9424249000 rwxp 00000000 00:00 0 
7f9424249000-7f94242db000 r-xp 00000000 08:14 1454608                    /usr/lib/jvm/jre/lib/amd64/libawt.so
7f94242db000-7f94243da000 ---p 00092000 08:14 1454608                    /usr/lib/jvm/jre/lib/amd64/libawt.so
7f94243da000-7f94243f4000 rwxp 00091000 08:14 1454608                    /usr/lib/jvm/jre/lib/amd64/libawt.so
7f94243f4000-7f9424418000 rwxp 00000000 00:00 0 
7f9424418000-7f9424419000 ---p 00000000 00:00 0 
7f9424419000-7f9424519000 rwxp 00000000 00:00 0 
7f9424519000-7f942451c000 ---p 00000000 00:00 0 
7f942451c000-7f942461a000 rwxp 00000000 00:00 0 
7f942461a000-7f942461d000 ---p 00000000 00:00 0 
7f942461d000-7f942471b000 rwxp 00000000 00:00 0 
7f942471b000-7f942471e000 ---p 00000000 00:00 0 
7f942471e000-7f942481c000 rwxp 00000000 00:00 0 
7f942481c000-7f942481f000 ---p 00000000 00:00 0 
7f942481f000-7f942491d000 rwxp 00000000 00:00 0 
7f942491d000-7f9425000000 r-xp 00000000 08:14 661138                     /usr/lib/locale/locale-archive
7f9425000000-7f9425270000 rwxp 00000000 00:00 0 
7f9425270000-7f942839b000 rwxp 00000000 00:00 0 
7f942839b000-7f942c000000 ---p 00000000 00:00 0 
7f942c076000-7f942c077000 rwxp 00000000 00:00 0 
7f942c077000-7f942c078000 rwxs 00000000 00:12 10172                      /run/shm/045e.02ae@2.8-SM
7f942c078000-7f942c079000 r-xs 00000000 08:16 1707334                    /var/cache/fontconfig/c05880de57d1f5e948fdfacc138775d9-le64.cache-3
7f942c079000-7f942c082000 r-xs 00000000 08:16 1707329                    /var/cache/fontconfig/945677eb7aeaf62f1d50efc3fb3ec7d8-le64.cache-3
7f942c082000-7f942c084000 r-xs 00000000 08:16 1707330                    /var/cache/fontconfig/99e8ed0e538f840c565b6ed5dad60d56-le64.cache-3
7f942c084000-7f942c088000 r-xs 00000000 08:16 1707316                    /var/cache/fontconfig/2cd17615ca594fa2959ae173292e504c-le64.cache-3
7f942c088000-7f942c089000 r-xs 00000000 08:16 1707341                    /var/cache/fontconfig/e7071f4a29fa870f4323321c154eba04-le64.cache-3
7f942c089000-7f942c08a000 r-xs 00000000 08:16 1707314                    /var/cache/fontconfig/0d8c3b2ac0904cb8a57a757ad11a4a08-le64.cache-3
7f942c08a000-7f942c090000 r-xs 00000000 08:16 1707331                    /var/cache/fontconfig/a755afe4a08bf5b97852ceb7400b47bc-le64.cache-3
7f942c090000-7f942c094000 r-xs 00000000 08:16 1707325                    /var/cache/fontconfig/6d41288fd70b0be22e8c3a91e032eec0-le64.cache-3
7f942c094000-7f942c0a4000 r-xs 00000000 08:16 1707313                    /var/cache/fontconfig/04aabc0a78ac019cf9454389977116d2-le64.cache-3
7f942c0a4000-7f942c0a7000 r-xs 00000000 08:16 1707319                    /var/cache/fontconfig/385c0604a188198f04d133e54aba7fe7-le64.cache-3
7f942c0a7000-7f942c0a8000 r-xs 00000000 08:16 1707336                    /var/cache/fontconfig/4794a0821666d79190d59a36cb4f44b5-le64.cache-3
7f942c0a8000-7f942c0ab000 r-xs 00000000 08:16 1707328                    /var/cache/fontconfig/8801497958630a81b71ace7c5f9b32a8-le64.cache-3
7f942c0ab000-7f942c0b0000 r-xs 00000000 08:16 1707317                    /var/cache/fontconfig/3047814df9a2f067bd2d96a2b9c36e5a-le64.cache-3
7f942c0b0000-7f942c0b1000 r-xs 00000000 08:16 1707322                    /var/cache/fontconfig/56cf4f4769d0f4abc89a4895d7bd3ae1-le64.cache-3
7f942c0b1000-7f942c0b6000 r-xs 00000000 08:16 1707332                    /var/cache/fontconfig/b47c4e1ecd0709278f4910c18777a504-le64.cache-3
7f942c0b6000-7f942c0c6000 r-xs 00000000 08:16 1707337                    /var/cache/fontconfig/d52a8644073d54c13679302ca1180695-le64.cache-3
7f942c0c6000-7f942c0cc000 r-xs 00000000 08:16 1708054                    /var/cache/fontconfig/3f7329c5293ffd510edef78f73874cfd-le64.cache-3
7f942c0cc000-7f942c0d7000 r-xs 00000000 08:16 1707971                    /var/cache/fontconfig/e13b20fdb08344e0e664864cc2ede53d-le64.cache-3
7f942c0d7000-7f942c0db000 r-xs 00000000 08:16 1708053                    /var/cache/fontconfig/7ef2298fde41cc6eeb7af42e48b7d293-le64.cache-3
7f942c0db000-7f942c0de000 ---p 00000000 00:00 0 
7f942c0de000-7f942c1dc000 rwxp 00000000 00:00 0 
7f942c1dc000-7f942c1df000 ---p 00000000 00:00 0 
7f942c1df000-7f942c2dd000 rwxp 00000000 00:00 0 
7f942c2dd000-7f942c2de000 ---p 00000000 00:00 0 
7f942c2de000-7f942cd1b000 rwxp 00000000 00:00 0 
7f942cd1b000-7f942ceb2000 r-xs 03079000 08:14 1454726                    /usr/lib/jvm/jre/lib/rt.jar
7f942ceb2000-7f942ceda000 rwxp 00000000 00:00 0 
7f942ceda000-7f942cedb000 ---p 00000000 00:00 0 
7f942cedb000-7f942cfdb000 rwxp 00000000 00:00 0 
7f942cfdb000-7f942cfdc000 ---p 00000000 00:00 0 
7f942cfdc000-7f942d0dc000 rwxp 00000000 00:00 0 
7f942d0dc000-7f942d0dd000 ---p 00000000 00:00 0 
7f942d0dd000-7f942d1dd000 rwxp 00000000 00:00 0 
7f942d1dd000-7f942d1de000 ---p 00000000 00:00 0 
7f942d1de000-7f942d2de000 rwxp 00000000 00:00 0 
7f942d2de000-7f942d2df000 ---p 00000000 00:00 0 
7f942d2df000-7f942d3df000 rwxp 00000000 00:00 0 
7f942d3df000-7f942d3e0000 ---p 00000000 00:00 0 
7f942d3e0000-7f942d4e0000 rwxp 00000000 00:00 0 
7f942d4e0000-7f942d4e1000 ---p 00000000 00:00 0 
7f942d4e1000-7f942d5e1000 rwxp 00000000 00:00 0 
7f942d5e1000-7f942d5e2000 ---p 00000000 00:00 0 
7f942d5e2000-7f942d6ed000 rwxp 00000000 00:00 0 
7f942d6ed000-7f942d70b000 rwxp 00000000 00:00 0 
7f942d70b000-7f942d74a000 rwxp 00000000 00:00 0 
7f942d74a000-7f942daf4000 rwxp 00000000 00:00 0 
7f942daf4000-7f942daff000 rwxp 00000000 00:00 0 
7f942daff000-7f942db1d000 rwxp 00000000 00:00 0 
7f942db1d000-7f942db5c000 rwxp 00000000 00:00 0 
7f942db5c000-7f942df05000 rwxp 00000000 00:00 0 
7f942df05000-7f942df25000 rwxp 00000000 00:00 0 
7f942df25000-7f942e0fa000 rwxp 00000000 00:00 0 
7f942e0fa000-7f942e0fb000 rwxp 00000000 00:00 0 
7f942e0fb000-7f942e109000 r-xp 00000000 08:14 1454610                    /usr/lib/jvm/jre/lib/amd64/libzip.so
7f942e109000-7f942e20b000 ---p 0000e000 08:14 1454610                    /usr/lib/jvm/jre/lib/amd64/libzip.so
7f942e20b000-7f942e20e000 rwxp 00010000 08:14 1454610                    /usr/lib/jvm/jre/lib/amd64/libzip.so
7f942e20e000-7f942e20f000 rwxp 00000000 00:00 0 
7f942e20f000-7f942e21b000 r-xp 00000000 08:14 788702                     /lib/x86_64-linux-gnu/libnss_files-2.15.so
7f942e21b000-7f942e41a000 ---p 0000c000 08:14 788702                     /lib/x86_64-linux-gnu/libnss_files-2.15.so
7f942e41a000-7f942e41b000 r-xp 0000b000 08:14 788702                     /lib/x86_64-linux-gnu/libnss_files-2.15.so
7f942e41b000-7f942e41c000 rwxp 0000c000 08:14 788702                     /lib/x86_64-linux-gnu/libnss_files-2.15.so
7f942e41c000-7f942e426000 r-xp 00000000 08:14 788706                     /lib/x86_64-linux-gnu/libnss_nis-2.15.so
7f942e426000-7f942e626000 ---p 0000a000 08:14 788706                     /lib/x86_64-linux-gnu/libnss_nis-2.15.so
7f942e626000-7f942e627000 r-xp 0000a000 08:14 788706                     /lib/x86_64-linux-gnu/libnss_nis-2.15.so
7f942e627000-7f942e628000 rwxp 0000b000 08:14 788706                     /lib/x86_64-linux-gnu/libnss_nis-2.15.so
7f942e628000-7f942e630000 r-xp 00000000 08:14 788698                     /lib/x86_64-linux-gnu/libnss_compat-2.15.so
7f942e630000-7f942e82f000 ---p 00008000 08:14 788698                     /lib/x86_64-linux-gnu/libnss_compat-2.15.so
7f942e82f000-7f942e830000 r-xp 00007000 08:14 788698                     /lib/x86_64-linux-gnu/libnss_compat-2.15.so
7f942e830000-7f942e831000 rwxp 00008000 08:14 788698                     /lib/x86_64-linux-gnu/libnss_compat-2.15.so
7f942e831000-7f942e848000 r-xp 00000000 08:14 788696                     /lib/x86_64-linux-gnu/libnsl-2.15.so
7f942e848000-7f942ea47000 ---p 00017000 08:14 788696                     /lib/x86_64-linux-gnu/libnsl-2.15.so
7f942ea47000-7f942ea48000 r-xp 00016000 08:14 788696                     /lib/x86_64-linux-gnu/libnsl-2.15.so
7f942ea48000-7f942ea49000 rwxp 00017000 08:14 788696                     /lib/x86_64-linux-gnu/libnsl-2.15.so
7f942ea49000-7f942ea4b000 rwxp 00000000 00:00 0 
7f942ea4b000-7f942ea74000 r-xp 00000000 08:14 1450954                    /usr/lib/jvm/jre/lib/amd64/libjava.so
7f942ea74000-7f942eb73000 ---p 00029000 08:14 1450954                    /usr/lib/jvm/jre/lib/amd64/libjava.so
7f942eb73000-7f942eb7a000 rwxp 00028000 08:14 1450954                    /usr/lib/jvm/jre/lib/amd64/libjava.so
7f942eb7a000-7f942eb87000 r-xp 00000000 08:14 1450959                    /usr/lib/jvm/jre/lib/amd64/libverify.so
7f942eb87000-7f942ec86000 ---p 0000d000 08:14 1450959                    /usr/lib/jvm/jre/lib/amd64/libverify.so
7f942ec86000-7f942ec89000 rwxp 0000c000 08:14 1450959                    /usr/lib/jvm/jre/lib/amd64/libverify.so
7f942ec89000-7f942ec90000 r-xp 00000000 08:14 788737                     /lib/x86_64-linux-gnu/librt-2.15.so
7f942ec90000-7f942ee8f000 ---p 00007000 08:14 788737                     /lib/x86_64-linux-gnu/librt-2.15.so
7f942ee8f000-7f942ee90000 r-xp 00006000 08:14 788737                     /lib/x86_64-linux-gnu/librt-2.15.so
7f942ee90000-7f942ee91000 rwxp 00007000 08:14 788737                     /lib/x86_64-linux-gnu/librt-2.15.so
7f942ee91000-7f942ee94000 ---p 00000000 00:00 0 
7f942ee94000-7f942ef92000 rwxp 00000000 00:00 0 
7f942ef92000-7f942f08b000 r-xp 00000000 08:14 788683                     /lib/x86_64-linux-gnu/libm-2.15.so
7f942f08b000-7f942f28a000 ---p 000f9000 08:14 788683                     /lib/x86_64-linux-gnu/libm-2.15.so
7f942f28a000-7f942f28b000 r-xp 000f8000 08:14 788683                     /lib/x86_64-linux-gnu/libm-2.15.so
7f942f28b000-7f942f28c000 rwxp 000f9000 08:14 788683                     /lib/x86_64-linux-gnu/libm-2.15.so
7f942f28c000-7f942fba7000 r-xp 00000000 08:14 2100299                    /usr/lib/jvm/jre/lib/amd64/server/libjvm.so
7f942fba7000-7f942fca8000 ---p 0091b000 08:14 2100299                    /usr/lib/jvm/jre/lib/amd64/server/libjvm.so
7f942fca8000-7f942fe5d000 rwxp 0091c000 08:14 2100299                    /usr/lib/jvm/jre/lib/amd64/server/libjvm.so
7f942fe5d000-7f942fe97000 rwxp 00000000 00:00 0 
7f942fe97000-7f943004a000 r-xp 00000000 08:14 788651                     /lib/x86_64-linux-gnu/libc-2.15.so
7f943004a000-7f9430249000 ---p 001b3000 08:14 788651                     /lib/x86_64-linux-gnu/libc-2.15.so
7f9430249000-7f943024d000 r-xp 001b2000 08:14 788651                     /lib/x86_64-linux-gnu/libc-2.15.so
7f943024d000-7f943024f000 rwxp 001b6000 08:14 788651                     /lib/x86_64-linux-gnu/libc-2.15.so
7f943024f000-7f9430254000 rwxp 00000000 00:00 0 
7f9430254000-7f9430256000 r-xp 00000000 08:14 788664                     /lib/x86_64-linux-gnu/libdl-2.15.so
7f9430256000-7f9430456000 ---p 00002000 08:14 788664                     /lib/x86_64-linux-gnu/libdl-2.15.so
7f9430456000-7f9430457000 r-xp 00002000 08:14 788664                     /lib/x86_64-linux-gnu/libdl-2.15.so
7f9430457000-7f9430458000 rwxp 00003000 08:14 788664                     /lib/x86_64-linux-gnu/libdl-2.15.so
7f9430458000-7f9430470000 r-xp 00000000 08:14 788731                     /lib/x86_64-linux-gnu/libpthread-2.15.so
7f9430470000-7f943066f000 ---p 00018000 08:14 788731                     /lib/x86_64-linux-gnu/libpthread-2.15.so
7f943066f000-7f9430670000 r-xp 00017000 08:14 788731                     /lib/x86_64-linux-gnu/libpthread-2.15.so
7f9430670000-7f9430671000 rwxp 00018000 08:14 788731                     /lib/x86_64-linux-gnu/libpthread-2.15.so
7f9430671000-7f9430675000 rwxp 00000000 00:00 0 
7f9430675000-7f9430697000 r-xp 00000000 08:14 788631                     /lib/x86_64-linux-gnu/ld-2.15.so
7f9430697000-7f9430698000 r-xs 00000000 08:16 1707333                    /var/cache/fontconfig/b9d506c9ac06c20b433354fa67a72993-le64.cache-3
7f9430698000-7f943069b000 r-xs 00022000 08:15 2247532                    /home/jailbirt/workspace/processingKinectExamples/libs/simpleOpenNi/SimpleOpenNI.jar
7f943069b000-7f943069c000 r-xs 00001000 08:15 3674536                    /home/jailbirt/workspace/processingKinectExamples/libs/net/net.jar
7f943069c000-7f943069e000 r-xs 00008000 08:15 3674360                    /home/jailbirt/workspace/processingKinectExamples/libs/peasycam/library/peasycam.jar
7f943069e000-7f943069f000 r-xs 00005000 08:15 2495492                    /home/jailbirt/workspace/processingKinectExamples/libs/OBJLoader/library/OBJLoader.jar
7f943069f000-7f94306a2000 r-xs 00017000 08:15 2490784                    /home/jailbirt/workspace/processingKinectExamples/libs/minim/tritonus_share.jar
7f94306a2000-7f94306a3000 r-xs 00002000 08:15 2490783                    /home/jailbirt/workspace/processingKinectExamples/libs/minim/tritonus_aos.jar
7f94306a3000-7f94306a4000 r-xs 00005000 08:15 2490782                    /home/jailbirt/workspace/processingKinectExamples/libs/minim/mp3spi1.9.4.jar
7f94306a4000-7f94306a6000 r-xs 0000d000 08:15 2490781                    /home/jailbirt/workspace/processingKinectExamples/libs/minim/minim.jar
7f94306a6000-7f94306b1000 r-xs 00108000 08:15 2247356                    /home/jailbirt/workspace/processingKinectExamples/libs/openGL/jogl.jar
7f94306b1000-7f94306bb000 rwxp 00000000 00:00 0 
7f94306bb000-7f9430771000 rwxp 00000000 00:00 0 
7f9430771000-7f9430774000 rwxp 00000000 00:00 0 
7f9430774000-7f943077b000 r-xp 00000000 08:14 1967149                    /usr/lib/jvm/jre/lib/amd64/jli/libjli.so
7f943077b000-7f943087c000 ---p 00007000 08:14 1967149                    /usr/lib/jvm/jre/lib/amd64/jli/libjli.so
7f943087c000-7f943087e000 rwxp 00008000 08:14 1967149                    /usr/lib/jvm/jre/lib/amd64/jli/libjli.so
7f943087e000-7f943087f000 rwxp 00000000 00:00 0 
7f943087f000-7f9430880000 r-xs 00000000 08:15 2490780                    /home/jailbirt/workspace/processingKinectExamples/libs/minim/minim-spi.jar
7f9430880000-7f9430881000 r-xs 0000b000 08:15 2490779                    /home/jailbirt/workspace/processingKinectExamples/libs/minim/jsminim.jar
7f9430881000-7f9430884000 r-xs 00017000 08:15 2490772                    /home/jailbirt/workspace/processingKinectExamples/libs/minim/jl1.0.jar
7f9430884000-7f9430885000 r-xs 00003000 08:15 2247358                    /home/jailbirt/workspace/processingKinectExamples/libs/openGL/opengl.jar
7f9430885000-7f9430886000 r-xs 00004000 08:15 2247355                    /home/jailbirt/workspace/processingKinectExamples/libs/openGL/gluegen-rt.jar
7f9430886000-7f9430888000 r-xs 0002b000 08:15 2247352                    /home/jailbirt/workspace/processingKinectExamples/libs/core.jar
7f9430888000-7f943088b000 r-xs 0000f000 08:14 1577185                    /usr/lib/jvm/jre/lib/ext/pulse-java.jar
7f943088b000-7f9430893000 rwxs 00000000 08:14 392692                     /tmp/hsperfdata_jailbirt/4963
7f9430893000-7f9430894000 rwxp 00000000 00:00 0 
7f9430894000-7f9430895000 r-xp 00000000 00:00 0 
7f9430895000-7f9430897000 rwxp 00000000 00:00 0 
7f9430897000-7f9430898000 r-xp 00022000 08:14 788631                     /lib/x86_64-linux-gnu/ld-2.15.so
7f9430898000-7f943089a000 rwxp 00023000 08:14 788631                     /lib/x86_64-linux-gnu/ld-2.15.so
7fffed461000-7fffed483000 rwxp 00000000 00:00 0                          [stack]
7fffed5ab000-7fffed5ac000 r-xp 00000000 00:00 0                          [vdso]
ffffffffff600000-ffffffffff601000 r-xp 00000000 00:00 0                  [vsyscall]

VM Arguments:
jvm_args: -Djava.library.path=/home/jailbirt/workspace/processingKinectTemplate/bin:/home/jailbirt/workspace/processingKinectTemplate/libs/openGL/linux64:/home/jailbirt/workspace/processingKinectTemplate/libs/openGL/linux64:/home/jailbirt/workspace/processingKinectExamples/libs/simpleOpenNi/library/library -Djava.security.policy=java.policy.applet -Dfile.encoding=UTF-8 
java_command: sun.applet.AppletViewer userTracking.simpleTracking1339895091466.html
Launcher Type: SUN_STANDARD

Environment Variables:
PATH=/usr/lib/lightdm/lightdm:/usr/local/sbin:/usr/local/bin:/usr/sbin:/usr/bin:/sbin:/bin:/usr/games
LD_LIBRARY_PATH=/usr/lib/jvm/jre/lib/amd64/server:/usr/lib/jvm/jre/lib/amd64:/usr/lib/jvm/jre/../lib/amd64
SHELL=/bin/bash
DISPLAY=:0

Signal Handlers:
SIGSEGV: [libjvm.so+0x8602a0], sa_mask[0]=0x7ffbfeff, sa_flags=0x10000004
SIGBUS: [libjvm.so+0x8602a0], sa_mask[0]=0x7ffbfeff, sa_flags=0x10000004
SIGFPE: [libjvm.so+0x70ef10], sa_mask[0]=0x7ffbfeff, sa_flags=0x10000004
SIGPIPE: [libjvm.so+0x70ef10], sa_mask[0]=0x7ffbfeff, sa_flags=0x10000004
SIGXFSZ: [libjvm.so+0x70ef10], sa_mask[0]=0x7ffbfeff, sa_flags=0x10000004
SIGILL: [libjvm.so+0x70ef10], sa_mask[0]=0x7ffbfeff, sa_flags=0x10000004
SIGUSR1: SIG_DFL, sa_mask[0]=0x00000000, sa_flags=0x00000000
SIGUSR2: [libjvm.so+0x711d40], sa_mask[0]=0x00000004, sa_flags=0x10000004
SIGHUP: [libjvm.so+0x711940], sa_mask[0]=0x7ffbfeff, sa_flags=0x10000004
SIGINT: [libjvm.so+0x711940], sa_mask[0]=0x7ffbfeff, sa_flags=0x10000004
SIGTERM: [libjvm.so+0x711940], sa_mask[0]=0x7ffbfeff, sa_flags=0x10000004
SIGQUIT: [libjvm.so+0x711940], sa_mask[0]=0x7ffbfeff, sa_flags=0x10000004


---------------  S Y S T E M  ---------------

OS:wheezy/sid

uname:Linux 3.2.0-25-generic #40-Ubuntu SMP Wed May 23 20:30:51 UTC 2012 x86_64
libc:glibc 2.15 NPTL 2.15 
rlimit: STACK 8192k, CORE 0k, NPROC 95831, NOFILE 4096, AS infinity
load average:0.66 0.57 0.39

/proc/meminfo:
MemTotal:       12290140 kB
MemFree:         9839608 kB
Buffers:           62240 kB
Cached:           800960 kB
SwapCached:            0 kB
Active:          1691076 kB
Inactive:         468428 kB
Active(anon):    1297652 kB
Inactive(anon):     9460 kB
Active(file):     393424 kB
Inactive(file):   458968 kB
Unevictable:          16 kB
Mlocked:              16 kB
SwapTotal:       8388604 kB
SwapFree:        8388604 kB
Dirty:               244 kB
Writeback:             0 kB
AnonPages:       1296732 kB
Mapped:           151104 kB
Shmem:             10432 kB
Slab:              73108 kB
SReclaimable:      39492 kB
SUnreclaim:        33616 kB
KernelStack:        3768 kB
PageTables:        27184 kB
NFS_Unstable:          0 kB
Bounce:                0 kB
WritebackTmp:          0 kB
CommitLimit:    14533672 kB
Committed_AS:    2987844 kB
VmallocTotal:   34359738367 kB
VmallocUsed:      179372 kB
VmallocChunk:   34359542780 kB
HardwareCorrupted:     0 kB
AnonHugePages:         0 kB
HugePages_Total:       0
HugePages_Free:        0
HugePages_Rsvd:        0
HugePages_Surp:        0
Hugepagesize:       2048 kB
DirectMap4k:      139072 kB
DirectMap2M:    12427264 kB


CPU:total 8 (4 cores per cpu, 2 threads per core) family 6 model 42 stepping 7, cmov, cx8, fxsr, mmx, sse, sse2, sse3, ssse3, sse4.1, sse4.2, popcnt, ht

/proc/cpuinfo:
processor	: 0
vendor_id	: GenuineIntel
cpu family	: 6
model		: 42
model name	: Intel(R) Core(TM) i7-2600 CPU @ 3.40GHz
stepping	: 7
microcode	: 0x14
cpu MHz		: 1600.000
cache size	: 8192 KB
physical id	: 0
siblings	: 8
core id		: 0
cpu cores	: 4
apicid		: 0
initial apicid	: 0
fpu		: yes
fpu_exception	: yes
cpuid level	: 13
wp		: yes
flags		: fpu vme de pse tsc msr pae mce cx8 apic sep mtrr pge mca cmov pat pse36 clflush dts acpi mmx fxsr sse sse2 ss ht tm pbe syscall nx rdtscp lm constant_tsc arch_perfmon pebs bts rep_good nopl xtopology nonstop_tsc aperfmperf pni pclmulqdq dtes64 monitor ds_cpl vmx smx est tm2 ssse3 cx16 xtpr pdcm pcid sse4_1 sse4_2 x2apic popcnt tsc_deadline_timer aes xsave avx lahf_lm ida arat epb xsaveopt pln pts dts tpr_shadow vnmi flexpriority ept vpid
bogomips	: 6784.15
clflush size	: 64
cache_alignment	: 64
address sizes	: 36 bits physical, 48 bits virtual
power management:

processor	: 1
vendor_id	: GenuineIntel
cpu family	: 6
model		: 42
model name	: Intel(R) Core(TM) i7-2600 CPU @ 3.40GHz
stepping	: 7
microcode	: 0x14
cpu MHz		: 1600.000
cache size	: 8192 KB
physical id	: 0
siblings	: 8
core id		: 1
cpu cores	: 4
apicid		: 2
initial apicid	: 2
fpu		: yes
fpu_exception	: yes
cpuid level	: 13
wp		: yes
flags		: fpu vme de pse tsc msr pae mce cx8 apic sep mtrr pge mca cmov pat pse36 clflush dts acpi mmx fxsr sse sse2 ss ht tm pbe syscall nx rdtscp lm constant_tsc arch_perfmon pebs bts rep_good nopl xtopology nonstop_tsc aperfmperf pni pclmulqdq dtes64 monitor ds_cpl vmx smx est tm2 ssse3 cx16 xtpr pdcm pcid sse4_1 sse4_2 x2apic popcnt tsc_deadline_timer aes xsave avx lahf_lm ida arat epb xsaveopt pln pts dts tpr_shadow vnmi flexpriority ept vpid
bogomips	: 6784.26
clflush size	: 64
cache_alignment	: 64
address sizes	: 36 bits physical, 48 bits virtual
power management:

processor	: 2
vendor_id	: GenuineIntel
cpu family	: 6
model		: 42
model name	: Intel(R) Core(TM) i7-2600 CPU @ 3.40GHz
stepping	: 7
microcode	: 0x14
cpu MHz		: 1600.000
cache size	: 8192 KB
physical id	: 0
siblings	: 8
core id		: 2
cpu cores	: 4
apicid		: 4
initial apicid	: 4
fpu		: yes
fpu_exception	: yes
cpuid level	: 13
wp		: yes
flags		: fpu vme de pse tsc msr pae mce cx8 apic sep mtrr pge mca cmov pat pse36 clflush dts acpi mmx fxsr sse sse2 ss ht tm pbe syscall nx rdtscp lm constant_tsc arch_perfmon pebs bts rep_good nopl xtopology nonstop_tsc aperfmperf pni pclmulqdq dtes64 monitor ds_cpl vmx smx est tm2 ssse3 cx16 xtpr pdcm pcid sse4_1 sse4_2 x2apic popcnt tsc_deadline_timer aes xsave avx lahf_lm ida arat epb xsaveopt pln pts dts tpr_shadow vnmi flexpriority ept vpid
bogomips	: 6784.26
clflush size	: 64
cache_alignment	: 64
address sizes	: 36 bits physical, 48 bits virtual
power management:

processor	: 3
vendor_id	: GenuineIntel
cpu family	: 6
model		: 42
model name	: Intel(R) Core(TM) i7-2600 CPU @ 3.40GHz
stepping	: 7
microcode	: 0x14
cpu MHz		: 1600.000
cache size	: 8192 KB
physical id	: 0
siblings	: 8
core id		: 3
cpu cores	: 4
apicid		: 6
initial apicid	: 6
fpu		: yes
fpu_exception	: yes
cpuid level	: 13
wp		: yes
flags		: fpu vme de pse tsc msr pae mce cx8 apic sep mtrr pge mca cmov pat pse36 clflush dts acpi mmx fxsr sse sse2 ss ht tm pbe syscall nx rdtscp lm constant_tsc arch_perfmon pebs bts rep_good nopl xtopology nonstop_tsc aperfmperf pni pclmulqdq dtes64 monitor ds_cpl vmx smx est tm2 ssse3 cx16 xtpr pdcm pcid sse4_1 sse4_2 x2apic popcnt tsc_deadline_timer aes xsave avx lahf_lm ida arat epb xsaveopt pln pts dts tpr_shadow vnmi flexpriority ept vpid
bogomips	: 6673.44
clflush size	: 64
cache_alignment	: 64
address sizes	: 36 bits physical, 48 bits virtual
power management:

processor	: 4
vendor_id	: GenuineIntel
cpu family	: 6
model		: 42
model name	: Intel(R) Core(TM) i7-2600 CPU @ 3.40GHz
stepping	: 7
microcode	: 0x14
cpu MHz		: 1600.000
cache size	: 8192 KB
physical id	: 0
siblings	: 8
core id		: 0
cpu cores	: 4
apicid		: 1
initial apicid	: 1
fpu		: yes
fpu_exception	: yes
cpuid level	: 13
wp		: yes
flags		: fpu vme de pse tsc msr pae mce cx8 apic sep mtrr pge mca cmov pat pse36 clflush dts acpi mmx fxsr sse sse2 ss ht tm pbe syscall nx rdtscp lm constant_tsc arch_perfmon pebs bts rep_good nopl xtopology nonstop_tsc aperfmperf pni pclmulqdq dtes64 monitor ds_cpl vmx smx est tm2 ssse3 cx16 xtpr pdcm pcid sse4_1 sse4_2 x2apic popcnt tsc_deadline_timer aes xsave avx lahf_lm ida arat epb xsaveopt pln pts dts tpr_shadow vnmi flexpriority ept vpid
bogomips	: 6784.26
clflush size	: 64
cache_alignment	: 64
address sizes	: 36 bits physical, 48 bits virtual
power management:

processor	: 5
vendor_id	: GenuineIntel
cpu family	: 6
model		: 42
model name	: Intel(R) Core(TM) i7-2600 CPU @ 3.40GHz
stepping	: 7
microcode	: 0x14
cpu MHz		: 1600.000
cache size	: 8192 KB
physical id	: 0
siblings	: 8
core id		: 1
cpu cores	: 4
apicid		: 3
initial apicid	: 3
fpu		: yes
fpu_exception	: yes
cpuid level	: 13
wp		: yes
flags		: fpu vme de pse tsc msr pae mce cx8 apic sep mtrr pge mca cmov pat pse36 clflush dts acpi mmx fxsr sse sse2 ss ht tm pbe syscall nx rdtscp lm constant_tsc arch_perfmon pebs bts rep_good nopl xtopology nonstop_tsc aperfmperf pni pclmulqdq dtes64 monitor ds_cpl vmx smx est tm2 ssse3 cx16 xtpr pdcm pcid sse4_1 sse4_2 x2apic popcnt tsc_deadline_timer aes xsave avx lahf_lm ida arat epb xsaveopt pln pts dts tpr_shadow vnmi flexpriority ept vpid
bogomips	: 6784.27
clflush size	: 64
cache_alignment	: 64
address sizes	: 36 bits physical, 48 bits virtual
power management:

processor	: 6
vendor_id	: GenuineIntel
cpu family	: 6
model		: 42
model name	: Intel(R) Core(TM) i7-2600 CPU @ 3.40GHz
stepping	: 7
microcode	: 0x14
cpu MHz		: 1600.000
cache size	: 8192 KB
physical id	: 0
siblings	: 8
core id		: 2
cpu cores	: 4
apicid		: 5
initial apicid	: 5
fpu		: yes
fpu_exception	: yes
cpuid level	: 13
wp		: yes
flags		: fpu vme de pse tsc msr pae mce cx8 apic sep mtrr pge mca cmov pat pse36 clflush dts acpi mmx fxsr sse sse2 ss ht tm pbe syscall nx rdtscp lm constant_tsc arch_perfmon pebs bts rep_good nopl xtopology nonstop_tsc aperfmperf pni pclmulqdq dtes64 monitor ds_cpl vmx smx est tm2 ssse3 cx16 xtpr pdcm pcid sse4_1 sse4_2 x2apic popcnt tsc_deadline_timer aes xsave avx lahf_lm ida arat epb xsaveopt pln pts dts tpr_shadow vnmi flexpriority ept vpid
bogomips	: 6784.26
clflush size	: 64
cache_alignment	: 64
address sizes	: 36 bits physical, 48 bits virtual
power management:

processor	: 7
vendor_id	: GenuineIntel
cpu family	: 6
model		: 42
model name	: Intel(R) Core(TM) i7-2600 CPU @ 3.40GHz
stepping	: 7
microcode	: 0x14
cpu MHz		: 1600.000
cache size	: 8192 KB
physical id	: 0
siblings	: 8
core id		: 3
cpu cores	: 4
apicid		: 7
initial apicid	: 7
fpu		: yes
fpu_exception	: yes
cpuid level	: 13
wp		: yes
flags		: fpu vme de pse tsc msr pae mce cx8 apic sep mtrr pge mca cmov pat pse36 clflush dts acpi mmx fxsr sse sse2 ss ht tm pbe syscall nx rdtscp lm constant_tsc arch_perfmon pebs bts rep_good nopl xtopology nonstop_tsc aperfmperf pni pclmulqdq dtes64 monitor ds_cpl vmx smx est tm2 ssse3 cx16 xtpr pdcm pcid sse4_1 sse4_2 x2apic popcnt tsc_deadline_timer aes xsave avx lahf_lm ida arat epb xsaveopt pln pts dts tpr_shadow vnmi flexpriority ept vpid
bogomips	: 6784.25
clflush size	: 64
cache_alignment	: 64
address sizes	: 36 bits physical, 48 bits virtual
power management:



Memory: 4k page, physical 12290140k(9839608k free), swap 8388604k(8388604k free)

vm_info: Java HotSpot(TM) 64-Bit Server VM (20.7-b02) for linux-amd64 JRE (1.6.0_32-b05), built on Apr  5 2012 14:09:59 by "java_re" with gcc 3.2.2 (SuSE Linux)

time: Sat Jun 16 22:04:54 2012
elapsed time: 2 seconds

