#
# A fatal error has been detected by the Java Runtime Environment:
#
#  SIGSEGV (0xb) at pc=0x00007f274a52859d, pid=5197, tid=139807713507072
#
# JRE version: 6.0_32-b05
# Java VM: Java HotSpot(TM) 64-Bit Server VM (20.7-b02 mixed mode linux-amd64 compressed oops)
# Problematic frame:
# C  [libXnVFeatures_1_5_2.so+0x8b59d]  Segmentation::detectionByPoint(bool, std::vector<Vector2D<int>, std::allocator<Vector2D<int> > > const*)+0x8d
#
# If you would like to submit a bug report, please visit:
#   http://java.sun.com/webapps/bugreport/crash.jsp
# The crash happened outside the Java Virtual Machine in native code.
# See problematic frame for where to report the bug.
#

---------------  T H R E A D  ---------------

Current thread (0x00007f2760008000):  JavaThread "Animation Thread" [_thread_in_native, id=5228, stack(0x00007f278509b000,0x00007f278519c000)]

siginfo:si_signo=SIGSEGV: si_errno=0, si_code=2 (SEGV_ACCERR), si_addr=0x00007f273674d966

Registers:
RAX=0x00000000000000b3, RBX=0x00007f274d32c140, RCX=0x00007f273673ed00, RDX=0x00000000000000bc
RSP=0x00007f278519a080, RBP=0x00007f27432bce60, RSI=0x0000000000007633, RDI=0x00007f27432bcfe0
R8 =0x0000000000000000, R9 =0x0101010101010101, R10=0x00007f274337ba21, R11=0x00007f27b6e0172c
R12=0x00007f274aacad88, R13=0x00007f278519a1e0, R14=0x00007f274232c050, R15=0x0000000000000000
RIP=0x00007f274a52859d, EFLAGS=0x0000000000010206, CSGSFS=0x0000000000000033, ERR=0x0000000000000004
  TRAPNO=0x000000000000000e

Top of Stack: (sp=0x00007f278519a080)
0x00007f278519a080:   00007f274ca3dc90 7fffffff00000000
0x00007f278519a090:   00007f274ca3dc90 00007f27432bcfe0
0x00007f278519a0a0:   00007f27432be2e0 00007f27432bce60
0x00007f278519a0b0:   00007f27432bcfe0 00007f27432b7d80
0x00007f278519a0c0:   00007f278519a1e0 00007f274232c050
0x00007f278519a0d0:   0000000000000000 00007f274a52fbc0
0x00007f278519a0e0:   00000000002276e7 00000000002276e7
0x00007f278519a0f0:   0000000000000000 3ff0000000000000
0x00007f278519a100:   00007f274aacb5a8 0000000000000001
0x00007f278519a110:   0000000000000040 00007f274232c010
0x00007f278519a120:   00007f27432b7d80 00007f2743296f88
0x00007f278519a130:   00007f274232c050 00007f274232c028
0x00007f278519a140:   00007f278519a1e0 00007f274a51899b
0x00007f278519a150:   00007f27433ad190 0000000000000008
0x00007f278519a160:   0000000000226b1b 0000000000226b1b
0x00007f278519a170:   0000000000000000 3ff0000000000000
0x00007f278519a180:   0000000000000000 00007f274a4f28bd
0x00007f278519a190:   00007f278519a200 00007f27b400401c
0x00007f278519a1a0:   0000000000000001 00007f27b4004000
0x00007f278519a1b0:   00007f274d31be50 00007f274c05e090
0x00007f278519a1c0:   00007f2760008000 00007f274a4ee03f
0x00007f278519a1d0:   0000000000000178 00007f2784a61489
0x00007f278519a1e0:   00007f274d32c140 00007f274d32c148
0x00007f278519a1f0:   00007f274d32c148 00007f274ca40ca1
0x00007f278519a200:   000000bc000000b3 00007f274d31be50
0x00007f278519a210:   00007f274d31be50 00007f274d31be50
0x00007f278519a220:   00007f274d98e5f0 0000000000000051
0x00007f278519a230:   00007f27366a6cb0 00007f274a4ee5bf
0x00007f278519a240:   00007f274aab2af0 00007f27844d74ec
0x00007f278519a250:   00007f274aab4d10 0000000000000000
0x00007f278519a260:   0000000000030e17 0009600000000001
0x00007f278519a270:   ffffffff00000001 00007f278519a2b4 

Instructions: (pc=0x00007f274a52859d)
0x00007f274a52857d:   39 5d 08 0f 84 d2 01 00 00 8b 53 04 41 8b 74 24
0x00007f274a52858d:   3c 49 8b 4c 24 28 8b 03 0f af f2 48 8b 09 01 c6
0x00007f274a52859d:   66 83 3c 71 00 74 d4 48 63 8d 88 01 00 00 48 8b
0x00007f274a5285ad:   7c 24 18 48 69 c9 d8 03 00 00 48 8d 74 0f 10 48 

Register to memory mapping:

RAX=0x00000000000000b3 is an unknown value
RBX=0x00007f274d32c140 is an unknown value
RCX=0x00007f273673ed00 is an unknown value
RDX=0x00000000000000bc is an unknown value
RSP=0x00007f278519a080 is pointing into the stack for thread: 0x00007f2760008000
RBP=0x00007f27432bce60 is an unknown value
RSI=0x0000000000007633 is an unknown value
RDI=0x00007f27432bcfe0 is an unknown value
R8 =0x0000000000000000 is an unknown value
R9 =0x0101010101010101 is an unknown value
R10=0x00007f274337ba21 is an unknown value
R11=0x00007f27b6e0172c: <offset 0x8b72c> in /lib/x86_64-linux-gnu/libc.so.6 at 0x00007f27b6d76000
R12=0x00007f274aacad88: <offset 0x62dd88> in /usr/lib/libXnVFeatures_1_5_2.so at 0x00007f274a49d000
R13=0x00007f278519a1e0 is pointing into the stack for thread: 0x00007f2760008000
R14=0x00007f274232c050 is an unknown value
R15=0x0000000000000000 is an unknown value


Stack: [0x00007f278509b000,0x00007f278519c000],  sp=0x00007f278519a080,  free space=1020k
Native frames: (J=compiled Java code, j=interpreted, Vv=VM code, C=native code)
C  [libXnVFeatures_1_5_2.so+0x8b59d]  Segmentation::detectionByPoint(bool, std::vector<Vector2D<int>, std::allocator<Vector2D<int> > > const*)+0x8d

Java frames: (J=compiled Java code, j=interpreted, Vv=VM code)
j  SimpleOpenNI.SimpleOpenNIJNI.ContextWrapper_updateSwigExplicitContextWrapper__SWIG_0(JLSimpleOpenNI/ContextWrapper;)V+0
j  SimpleOpenNI.ContextWrapper.update()V+26
j  SimpleOpenNI.SimpleOpenNI.update()V+1
j  userTracking.simpleTracking.draw()V+4
j  processing.core.PApplet.handleDraw()V+145
j  processing.core.PApplet.run()V+72
j  java.lang.Thread.run()V+11
v  ~StubRoutines::call_stub

---------------  P R O C E S S  ---------------

Java Threads: ( => current thread )
=>0x00007f2760008000 JavaThread "Animation Thread" [_thread_in_native, id=5228, stack(0x00007f278509b000,0x00007f278519c000)]
  0x00007f275c00d800 JavaThread "AWT-EventQueue-1" [_thread_blocked, id=5227, stack(0x00007f2784f9a000,0x00007f278509b000)]
  0x00007f27b0008000 JavaThread "DestroyJavaVM" [_thread_blocked, id=5202, stack(0x00007f27b5d70000,0x00007f27b5e71000)]
  0x00007f27b0357800 JavaThread "AWT-EventQueue-0" [_thread_blocked, id=5225, stack(0x00007f27853bb000,0x00007f27854bc000)]
  0x00007f27b0352000 JavaThread "AWT-Shutdown" [_thread_blocked, id=5224, stack(0x00007f27854bc000,0x00007f27855bd000)]
  0x00007f27b0340800 JavaThread "thread applet-userTracking.simpleTracking.class" [_thread_blocked, id=5223, stack(0x00007f27855bd000,0x00007f27856be000)]
  0x00007f27b0337800 JavaThread "AWT-XAWT" daemon [_thread_in_native, id=5221, stack(0x00007f27856be000,0x00007f27857bf000)]
  0x00007f27b0264000 JavaThread "Java2D Disposer" daemon [_thread_blocked, id=5220, stack(0x00007f2785dd9000,0x00007f2785eda000)]
  0x00007f27b0099800 JavaThread "Low Memory Detector" daemon [_thread_blocked, id=5218, stack(0x00007f2787418000,0x00007f2787519000)]
  0x00007f27b0097800 JavaThread "C2 CompilerThread1" daemon [_thread_blocked, id=5217, stack(0x00007f2787519000,0x00007f278761a000)]
  0x00007f27b0094800 JavaThread "C2 CompilerThread0" daemon [_thread_blocked, id=5216, stack(0x00007f278761a000,0x00007f278771b000)]
  0x00007f27b0092800 JavaThread "Signal Dispatcher" daemon [_thread_blocked, id=5215, stack(0x00007f278771b000,0x00007f278781c000)]
  0x00007f27b0076000 JavaThread "Finalizer" daemon [_thread_blocked, id=5213, stack(0x00007f2787eff000,0x00007f2788000000)]
  0x00007f27b0074000 JavaThread "Reference Handler" daemon [_thread_blocked, id=5212, stack(0x00007f27ac05b000,0x00007f27ac15c000)]

Other Threads:
  0x00007f27b006d800 VMThread [stack: 0x00007f27ac15c000,0x00007f27ac25d000] [id=5211]
  0x00007f27b00ac800 WatcherThread [stack: 0x00007f2787317000,0x00007f2787418000] [id=5219]

VM state:not at safepoint (normal execution)

VM Mutex/Monitor currently owned by a thread: None

Heap
 PSYoungGen      total 56000K, used 47669K [0x00000007c1760000, 0x00000007c55e0000, 0x0000000800000000)
  eden space 48000K, 99% used [0x00000007c1760000,0x00000007c45ed770,0x00000007c4640000)
  from space 8000K, 0% used [0x00000007c4e10000,0x00000007c4e10000,0x00000007c55e0000)
  to   space 8000K, 0% used [0x00000007c4640000,0x00000007c4640000,0x00000007c4e10000)
 PSOldGen        total 128064K, used 0K [0x0000000744600000, 0x000000074c310000, 0x00000007c1760000)
  object space 128064K, 0% used [0x0000000744600000,0x0000000744600000,0x000000074c310000)
 PSPermGen       total 21248K, used 11398K [0x000000073f400000, 0x00000007408c0000, 0x0000000744600000)
  object space 21248K, 53% used [0x000000073f400000,0x000000073ff218f0,0x00000007408c0000)

Code Cache  [0x00007f27ad000000, 0x00007f27ad270000, 0x00007f27b0000000)
 total_blobs=527 nmethods=39 adapters=443 free_code_cache=49680448 largest_free_block=13312

Dynamic libraries:
40000000-40009000 r-xp 00000000 08:14 1192322                            /usr/lib/jvm/bin/java
40108000-4010a000 rwxp 00008000 08:14 1192322                            /usr/lib/jvm/bin/java
41d0d000-41d2e000 rwxp 00000000 00:00 0                                  [heap]
73f400000-7408c0000 rwxp 00000000 00:00 0 
7408c0000-744600000 rwxp 00000000 00:00 0 
744600000-74c310000 rwxp 00000000 00:00 0 
74c310000-7c1760000 rwxp 00000000 00:00 0 
7c1760000-7c55e0000 rwxp 00000000 00:00 0 
7c55e0000-800000000 rwxp 00000000 00:00 0 
7f2734000000-7f273682f000 rwxp 00000000 00:00 0 
7f273682f000-7f2738000000 ---p 00000000 00:00 0 
7f273b21d000-7f273b349000 rwxs 00000000 00:04 1343495                    /SYSV00000000 (deleted)
7f273b349000-7f273b7aa000 rwxp 00000000 00:00 0 
7f273b7ab000-7f27438f8000 rwxp 00000000 00:00 0 
7f27438f8000-7f2744000000 r-xs 00000000 00:12 21795                      /run/shm/5230_045e.02ae@1.7_Depth
7f2744000000-7f2744026000 rwxp 00000000 00:00 0 
7f2744026000-7f2748000000 ---p 00000000 00:00 0 
7f2748055000-7f2748392000 rwxp 00000000 00:00 0 
7f2748392000-7f2748393000 ---p 00000000 00:00 0 
7f2748393000-7f2748f94000 rwxp 00000000 00:00 0 
7f2748f94000-7f2748fbb000 r-xp 00000000 08:14 673565                     /usr/lib/libXnDeviceFile.so
7f2748fbb000-7f27491bb000 ---p 00027000 08:14 673565                     /usr/lib/libXnDeviceFile.so
7f27491bb000-7f27491bd000 r-xp 00027000 08:14 673565                     /usr/lib/libXnDeviceFile.so
7f27491bd000-7f27491be000 rwxp 00029000 08:14 673565                     /usr/lib/libXnDeviceFile.so
7f27491be000-7f2749206000 r-xp 00000000 08:14 673564                     /usr/lib/libXnDDK.so
7f2749206000-7f2749406000 ---p 00048000 08:14 673564                     /usr/lib/libXnDDK.so
7f2749406000-7f2749409000 r-xp 00048000 08:14 673564                     /usr/lib/libXnDDK.so
7f2749409000-7f274940b000 rwxp 0004b000 08:14 673564                     /usr/lib/libXnDDK.so
7f274940b000-7f274942f000 r-xp 00000000 08:14 673567                     /usr/lib/libXnFormats.so
7f274942f000-7f274962f000 ---p 00024000 08:14 673567                     /usr/lib/libXnFormats.so
7f274962f000-7f2749630000 r-xp 00024000 08:14 673567                     /usr/lib/libXnFormats.so
7f2749630000-7f2749631000 rwxp 00025000 08:14 673567                     /usr/lib/libXnFormats.so
7f2749631000-7f2749651000 rwxp 00000000 00:00 0 
7f2749651000-7f27496da000 r-xp 00000000 08:14 673566                     /usr/lib/libXnDeviceSensorV2KM.so
7f27496da000-7f27498d9000 ---p 00089000 08:14 673566                     /usr/lib/libXnDeviceSensorV2KM.so
7f27498d9000-7f27498e9000 r-xp 00088000 08:14 673566                     /usr/lib/libXnDeviceSensorV2KM.so
7f27498e9000-7f27498ea000 rwxp 00098000 08:14 673566                     /usr/lib/libXnDeviceSensorV2KM.so
7f27498ea000-7f27499de000 r-xp 00000000 08:14 673497                     /usr/lib/libXnVHandGenerator_1_5_2.so
7f27499de000-7f2749bdd000 ---p 000f4000 08:14 673497                     /usr/lib/libXnVHandGenerator_1_5_2.so
7f2749bdd000-7f2749be2000 r-xp 000f3000 08:14 673497                     /usr/lib/libXnVHandGenerator_1_5_2.so
7f2749be2000-7f2749be3000 rwxp 000f8000 08:14 673497                     /usr/lib/libXnVHandGenerator_1_5_2.so
7f2749be3000-7f2749bf1000 rwxp 00000000 00:00 0 
7f2749bf1000-7f2749cc9000 r-xp 00000000 08:14 673494                     /usr/lib/libXnVHandGenerator_1_4_2.so
7f2749cc9000-7f2749ec8000 ---p 000d8000 08:14 673494                     /usr/lib/libXnVHandGenerator_1_4_2.so
7f2749ec8000-7f2749ecd000 r-xp 000d7000 08:14 673494                     /usr/lib/libXnVHandGenerator_1_4_2.so
7f2749ecd000-7f2749ece000 rwxp 000dc000 08:14 673494                     /usr/lib/libXnVHandGenerator_1_4_2.so
7f2749ece000-7f2749ed1000 rwxp 00000000 00:00 0 
7f2749ed1000-7f2749fa9000 r-xp 00000000 08:14 673491                     /usr/lib/libXnVHandGenerator_1_4_1.so
7f2749fa9000-7f274a1a8000 ---p 000d8000 08:14 673491                     /usr/lib/libXnVHandGenerator_1_4_1.so
7f274a1a8000-7f274a1ad000 r-xp 000d7000 08:14 673491                     /usr/lib/libXnVHandGenerator_1_4_1.so
7f274a1ad000-7f274a1ae000 rwxp 000dc000 08:14 673491                     /usr/lib/libXnVHandGenerator_1_4_1.so
7f274a1ae000-7f274a1b1000 rwxp 00000000 00:00 0 
7f274a1b1000-7f274a294000 r-xp 00000000 08:14 673488                     /usr/lib/libXnVHandGenerator_1_3_1.so
7f274a294000-7f274a494000 ---p 000e3000 08:14 673488                     /usr/lib/libXnVHandGenerator_1_3_1.so
7f274a494000-7f274a499000 r-xp 000e3000 08:14 673488                     /usr/lib/libXnVHandGenerator_1_3_1.so
7f274a499000-7f274a49a000 rwxp 000e8000 08:14 673488                     /usr/lib/libXnVHandGenerator_1_3_1.so
7f274a49a000-7f274a49d000 rwxp 00000000 00:00 0 
7f274a49d000-7f274a8b2000 r-xp 00000000 08:14 673481                     /usr/lib/libXnVFeatures_1_5_2.so
7f274a8b2000-7f274aab2000 ---p 00415000 08:14 673481                     /usr/lib/libXnVFeatures_1_5_2.so
7f274aab2000-7f274aac3000 r-xp 00415000 08:14 673481                     /usr/lib/libXnVFeatures_1_5_2.so
7f274aac3000-7f274aac5000 rwxp 00426000 08:14 673481                     /usr/lib/libXnVFeatures_1_5_2.so
7f274aac5000-7f274aada000 rwxp 00000000 00:00 0 
7f274aada000-7f274acd1000 r-xp 00000000 08:14 673470                     /usr/lib/libXnVFeatures_1_4_2.so
7f274acd1000-7f274aed0000 ---p 001f7000 08:14 673470                     /usr/lib/libXnVFeatures_1_4_2.so
7f274aed0000-7f274aed6000 r-xp 001f6000 08:14 673470                     /usr/lib/libXnVFeatures_1_4_2.so
7f274aed6000-7f274aed7000 rwxp 001fc000 08:14 673470                     /usr/lib/libXnVFeatures_1_4_2.so
7f274aed7000-7f274aedd000 rwxp 00000000 00:00 0 
7f274aedd000-7f274b0d4000 r-xp 00000000 08:14 673465                     /usr/lib/libXnVFeatures_1_4_1.so
7f274b0d4000-7f274b2d3000 ---p 001f7000 08:14 673465                     /usr/lib/libXnVFeatures_1_4_1.so
7f274b2d3000-7f274b2d9000 r-xp 001f6000 08:14 673465                     /usr/lib/libXnVFeatures_1_4_1.so
7f274b2d9000-7f274b2da000 rwxp 001fc000 08:14 673465                     /usr/lib/libXnVFeatures_1_4_1.so
7f274b2da000-7f274b2e0000 rwxp 00000000 00:00 0 
7f274b2e0000-7f274b525000 r-xp 00000000 08:14 673460                     /usr/lib/libXnVFeatures_1_3_1.so
7f274b525000-7f274b725000 ---p 00245000 08:14 673460                     /usr/lib/libXnVFeatures_1_3_1.so
7f274b725000-7f274b72b000 r-xp 00245000 08:14 673460                     /usr/lib/libXnVFeatures_1_3_1.so
7f274b72b000-7f274b72c000 rwxp 0024b000 08:14 673460                     /usr/lib/libXnVFeatures_1_3_1.so
7f274b72c000-7f274b733000 rwxp 00000000 00:00 0 
7f274b733000-7f274b751000 r-xp 00000000 08:14 673299                     /usr/lib/libnimRecorder.so
7f274b751000-7f274b950000 ---p 0001e000 08:14 673299                     /usr/lib/libnimRecorder.so
7f274b950000-7f274b952000 r-xp 0001d000 08:14 673299                     /usr/lib/libnimRecorder.so
7f274b952000-7f274b953000 rwxp 0001f000 08:14 673299                     /usr/lib/libnimRecorder.so
7f274b953000-7f274b989000 r-xp 00000000 08:14 673297                     /usr/lib/libnimCodecs.so
7f274b989000-7f274bb89000 ---p 00036000 08:14 673297                     /usr/lib/libnimCodecs.so
7f274bb89000-7f274bb8c000 r-xp 00036000 08:14 673297                     /usr/lib/libnimCodecs.so
7f274bb8c000-7f274bb8d000 rwxp 00039000 08:14 673297                     /usr/lib/libnimCodecs.so
7f274bb8d000-7f274bbad000 rwxp 00000000 00:00 0 
7f274bbad000-7f274bbe4000 r-xp 00000000 08:14 673298                     /usr/lib/libnimMockNodes.so
7f274bbe4000-7f274bde3000 ---p 00037000 08:14 673298                     /usr/lib/libnimMockNodes.so
7f274bde3000-7f274bdf0000 r-xp 00036000 08:14 673298                     /usr/lib/libnimMockNodes.so
7f274bdf0000-7f274bdf1000 rwxp 00043000 08:14 673298                     /usr/lib/libnimMockNodes.so
7f274bdf1000-7f274bdff000 r-xp 00000000 08:14 788754                     /lib/x86_64-linux-gnu/libusb-1.0.so.0.1.0
7f274bdff000-7f274bffe000 ---p 0000e000 08:14 788754                     /lib/x86_64-linux-gnu/libusb-1.0.so.0.1.0
7f274bffe000-7f274bfff000 r-xp 0000d000 08:14 788754                     /lib/x86_64-linux-gnu/libusb-1.0.so.0.1.0
7f274bfff000-7f274c000000 rwxp 0000e000 08:14 788754                     /lib/x86_64-linux-gnu/libusb-1.0.so.0.1.0
7f274c000000-7f274ffff000 rwxp 00000000 00:00 0 
7f274ffff000-7f2750000000 ---p 00000000 00:00 0 
7f2750000000-7f2750021000 rwxp 00000000 00:00 0 
7f2750021000-7f2754000000 ---p 00000000 00:00 0 
7f2754000000-7f2754021000 rwxp 00000000 00:00 0 
7f2754021000-7f2758000000 ---p 00000000 00:00 0 
7f2758000000-7f2758117000 rwxp 00000000 00:00 0 
7f2758117000-7f275c000000 ---p 00000000 00:00 0 
7f275c000000-7f275c021000 rwxp 00000000 00:00 0 
7f275c021000-7f2760000000 ---p 00000000 00:00 0 
7f2760000000-7f27600c6000 rwxp 00000000 00:00 0 
7f27600c6000-7f2764000000 ---p 00000000 00:00 0 
7f2764000000-7f2764021000 rwxp 00000000 00:00 0 
7f2764021000-7f2768000000 ---p 00000000 00:00 0 
7f2768000000-7f2768021000 rwxp 00000000 00:00 0 
7f2768021000-7f276c000000 ---p 00000000 00:00 0 
7f276c000000-7f276c317000 rwxp 00000000 00:00 0 
7f276c317000-7f2770000000 ---p 00000000 00:00 0 
7f2770000000-7f2770021000 rwxp 00000000 00:00 0 
7f2770021000-7f2774000000 ---p 00000000 00:00 0 
7f2774000000-7f2774021000 rwxp 00000000 00:00 0 
7f2774021000-7f2778000000 ---p 00000000 00:00 0 
7f2778000000-7f2778285000 rwxp 00000000 00:00 0 
7f2778285000-7f277c000000 ---p 00000000 00:00 0 
7f277c000000-7f277c021000 rwxp 00000000 00:00 0 
7f277c021000-7f2780000000 ---p 00000000 00:00 0 
7f2780000000-7f2780021000 rwxp 00000000 00:00 0 
7f2780021000-7f2784000000 ---p 00000000 00:00 0 
7f2784006000-7f2784009000 r-xp 00000000 08:14 673563                     /usr/lib/libXnCore.so
7f2784009000-7f2784208000 ---p 00003000 08:14 673563                     /usr/lib/libXnCore.so
7f2784208000-7f2784209000 r-xp 00002000 08:14 673563                     /usr/lib/libXnCore.so
7f2784209000-7f278420a000 rwxp 00003000 08:14 673563                     /usr/lib/libXnCore.so
7f278420a000-7f278421f000 r-xp 00000000 08:14 788672                     /lib/x86_64-linux-gnu/libgcc_s.so.1
7f278421f000-7f278441e000 ---p 00015000 08:14 788672                     /lib/x86_64-linux-gnu/libgcc_s.so.1
7f278441e000-7f278441f000 r-xp 00014000 08:14 788672                     /lib/x86_64-linux-gnu/libgcc_s.so.1
7f278441f000-7f2784420000 rwxp 00015000 08:14 788672                     /lib/x86_64-linux-gnu/libgcc_s.so.1
7f2784420000-7f2784502000 r-xp 00000000 08:14 662623                     /usr/lib/x86_64-linux-gnu/libstdc++.so.6.0.16
7f2784502000-7f2784701000 ---p 000e2000 08:14 662623                     /usr/lib/x86_64-linux-gnu/libstdc++.so.6.0.16
7f2784701000-7f2784709000 r-xp 000e1000 08:14 662623                     /usr/lib/x86_64-linux-gnu/libstdc++.so.6.0.16
7f2784709000-7f278470b000 rwxp 000e9000 08:14 662623                     /usr/lib/x86_64-linux-gnu/libstdc++.so.6.0.16
7f278470b000-7f2784720000 rwxp 00000000 00:00 0 
7f2784720000-7f2784803000 r-xp 00000000 08:14 673381                     /usr/lib/libXnVNite_1_5_2.so
7f2784803000-7f2784a02000 ---p 000e3000 08:14 673381                     /usr/lib/libXnVNite_1_5_2.so
7f2784a02000-7f2784a07000 r-xp 000e2000 08:14 673381                     /usr/lib/libXnVNite_1_5_2.so
7f2784a07000-7f2784a09000 rwxp 000e7000 08:14 673381                     /usr/lib/libXnVNite_1_5_2.so
7f2784a09000-7f2784a86000 r-xp 00000000 08:14 673301                     /usr/lib/libOpenNI.so
7f2784a86000-7f2784c85000 ---p 0007d000 08:14 673301                     /usr/lib/libOpenNI.so
7f2784c85000-7f2784c88000 r-xp 0007c000 08:14 673301                     /usr/lib/libOpenNI.so
7f2784c88000-7f2784c8b000 rwxp 0007f000 08:14 673301                     /usr/lib/libOpenNI.so
7f2784c8b000-7f2784c8c000 rwxp 00000000 00:00 0 
7f2784c8c000-7f2784d90000 r-xp 00000000 08:15 2229036                    /home/jailbirt/workspace/processingKinectTemplate/libs/simpleOpenNi/library/libSimpleOpenNI64.so
7f2784d90000-7f2784f90000 ---p 00104000 08:15 2229036                    /home/jailbirt/workspace/processingKinectTemplate/libs/simpleOpenNi/library/libSimpleOpenNI64.so
7f2784f90000-7f2784f93000 r-xp 00104000 08:15 2229036                    /home/jailbirt/workspace/processingKinectTemplate/libs/simpleOpenNi/library/libSimpleOpenNI64.so
7f2784f93000-7f2784f99000 rwxp 00107000 08:15 2229036                    /home/jailbirt/workspace/processingKinectTemplate/libs/simpleOpenNi/library/libSimpleOpenNI64.so
7f2784f99000-7f2784f9a000 rwxp 00000000 00:00 0 
7f2784f9a000-7f2784f9d000 ---p 00000000 00:00 0 
7f2784f9d000-7f278509b000 rwxp 00000000 00:00 0 
7f278509b000-7f278509e000 ---p 00000000 00:00 0 
7f278509e000-7f278519c000 rwxp 00000000 00:00 0 
7f278519c000-7f27851a3000 r-xp 00000000 08:14 1450962                    /usr/lib/jvm/jre/lib/amd64/libnio.so
7f27851a3000-7f27852a2000 ---p 00007000 08:14 1450962                    /usr/lib/jvm/jre/lib/amd64/libnio.so
7f27852a2000-7f27852a4000 rwxp 00006000 08:14 1450962                    /usr/lib/jvm/jre/lib/amd64/libnio.so
7f27852a4000-7f27852b7000 r-xp 00000000 08:14 1450940                    /usr/lib/jvm/jre/lib/amd64/libnet.so
7f27852b7000-7f27853b8000 ---p 00013000 08:14 1450940                    /usr/lib/jvm/jre/lib/amd64/libnet.so
7f27853b8000-7f27853bb000 rwxp 00014000 08:14 1450940                    /usr/lib/jvm/jre/lib/amd64/libnet.so
7f27853bb000-7f27853be000 ---p 00000000 00:00 0 
7f27853be000-7f27854bc000 rwxp 00000000 00:00 0 
7f27854bc000-7f27854bf000 ---p 00000000 00:00 0 
7f27854bf000-7f27855bd000 rwxp 00000000 00:00 0 
7f27855bd000-7f27855c0000 ---p 00000000 00:00 0 
7f27855c0000-7f27856be000 rwxp 00000000 00:00 0 
7f27856be000-7f27856c1000 ---p 00000000 00:00 0 
7f27856c1000-7f27857bf000 rwxp 00000000 00:00 0 
7f27857bf000-7f27857c4000 r-xp 00000000 08:14 662111                     /usr/lib/x86_64-linux-gnu/libXfixes.so.3.1.0
7f27857c4000-7f27859c3000 ---p 00005000 08:14 662111                     /usr/lib/x86_64-linux-gnu/libXfixes.so.3.1.0
7f27859c3000-7f27859c4000 r-xp 00004000 08:14 662111                     /usr/lib/x86_64-linux-gnu/libXfixes.so.3.1.0
7f27859c4000-7f27859c5000 rwxp 00005000 08:14 662111                     /usr/lib/x86_64-linux-gnu/libXfixes.so.3.1.0
7f27859c5000-7f27859ce000 r-xp 00000000 08:14 662129                     /usr/lib/x86_64-linux-gnu/libXrender.so.1.3.0
7f27859ce000-7f2785bcd000 ---p 00009000 08:14 662129                     /usr/lib/x86_64-linux-gnu/libXrender.so.1.3.0
7f2785bcd000-7f2785bce000 r-xp 00008000 08:14 662129                     /usr/lib/x86_64-linux-gnu/libXrender.so.1.3.0
7f2785bce000-7f2785bcf000 rwxp 00009000 08:14 662129                     /usr/lib/x86_64-linux-gnu/libXrender.so.1.3.0
7f2785bcf000-7f2785bd8000 r-xp 00000000 08:14 662103                     /usr/lib/x86_64-linux-gnu/libXcursor.so.1.0.2
7f2785bd8000-7f2785dd7000 ---p 00009000 08:14 662103                     /usr/lib/x86_64-linux-gnu/libXcursor.so.1.0.2
7f2785dd7000-7f2785dd8000 r-xp 00008000 08:14 662103                     /usr/lib/x86_64-linux-gnu/libXcursor.so.1.0.2
7f2785dd8000-7f2785dd9000 rwxp 00009000 08:14 662103                     /usr/lib/x86_64-linux-gnu/libXcursor.so.1.0.2
7f2785dd9000-7f2785ddc000 ---p 00000000 00:00 0 
7f2785ddc000-7f2785eda000 rwxp 00000000 00:00 0 
7f2785eda000-7f2785f53000 r-xp 00000000 08:14 1454604                    /usr/lib/jvm/jre/lib/amd64/libfontmanager.so
7f2785f53000-7f2786052000 ---p 00079000 08:14 1454604                    /usr/lib/jvm/jre/lib/amd64/libfontmanager.so
7f2786052000-7f2786067000 rwxp 00078000 08:14 1454604                    /usr/lib/jvm/jre/lib/amd64/libfontmanager.so
7f2786067000-7f2786079000 rwxp 00000000 00:00 0 
7f2786079000-7f278607e000 r-xp 00000000 08:14 662107                     /usr/lib/x86_64-linux-gnu/libXdmcp.so.6.0.0
7f278607e000-7f278627d000 ---p 00005000 08:14 662107                     /usr/lib/x86_64-linux-gnu/libXdmcp.so.6.0.0
7f278627d000-7f278627e000 r-xp 00004000 08:14 662107                     /usr/lib/x86_64-linux-gnu/libXdmcp.so.6.0.0
7f278627e000-7f278627f000 rwxp 00005000 08:14 662107                     /usr/lib/x86_64-linux-gnu/libXdmcp.so.6.0.0
7f278627f000-7f2786281000 r-xp 00000000 08:14 662096                     /usr/lib/x86_64-linux-gnu/libXau.so.6.0.0
7f2786281000-7f2786480000 ---p 00002000 08:14 662096                     /usr/lib/x86_64-linux-gnu/libXau.so.6.0.0
7f2786480000-7f2786481000 r-xp 00001000 08:14 662096                     /usr/lib/x86_64-linux-gnu/libXau.so.6.0.0
7f2786481000-7f2786482000 rwxp 00002000 08:14 662096                     /usr/lib/x86_64-linux-gnu/libXau.so.6.0.0
7f2786482000-7f278649f000 r-xp 00000000 08:14 662695                     /usr/lib/x86_64-linux-gnu/libxcb.so.1.1.0
7f278649f000-7f278669e000 ---p 0001d000 08:14 662695                     /usr/lib/x86_64-linux-gnu/libxcb.so.1.1.0
7f278669e000-7f278669f000 r-xp 0001c000 08:14 662695                     /usr/lib/x86_64-linux-gnu/libxcb.so.1.1.0
7f278669f000-7f27866a0000 rwxp 0001d000 08:14 662695                     /usr/lib/x86_64-linux-gnu/libxcb.so.1.1.0
7f27866a0000-7f27866ae000 r-xp 00000000 08:14 662115                     /usr/lib/x86_64-linux-gnu/libXi.so.6.1.0
7f27866ae000-7f27868ad000 ---p 0000e000 08:14 662115                     /usr/lib/x86_64-linux-gnu/libXi.so.6.1.0
7f27868ad000-7f27868ae000 r-xp 0000d000 08:14 662115                     /usr/lib/x86_64-linux-gnu/libXi.so.6.1.0
7f27868ae000-7f27868af000 rwxp 0000e000 08:14 662115                     /usr/lib/x86_64-linux-gnu/libXi.so.6.1.0
7f27868af000-7f27868b4000 r-xp 00000000 08:14 662133                     /usr/lib/x86_64-linux-gnu/libXtst.so.6.1.0
7f27868b4000-7f2786ab3000 ---p 00005000 08:14 662133                     /usr/lib/x86_64-linux-gnu/libXtst.so.6.1.0
7f2786ab3000-7f2786ab4000 r-xp 00004000 08:14 662133                     /usr/lib/x86_64-linux-gnu/libXtst.so.6.1.0
7f2786ab4000-7f2786ab5000 rwxp 00005000 08:14 662133                     /usr/lib/x86_64-linux-gnu/libXtst.so.6.1.0
7f2786ab5000-7f2786be4000 r-xp 00000000 08:14 662094                     /usr/lib/x86_64-linux-gnu/libX11.so.6.3.0
7f2786be4000-7f2786de4000 ---p 0012f000 08:14 662094                     /usr/lib/x86_64-linux-gnu/libX11.so.6.3.0
7f2786de4000-7f2786de5000 r-xp 0012f000 08:14 662094                     /usr/lib/x86_64-linux-gnu/libX11.so.6.3.0
7f2786de5000-7f2786de9000 rwxp 00130000 08:14 662094                     /usr/lib/x86_64-linux-gnu/libX11.so.6.3.0
7f2786de9000-7f2786df9000 r-xp 00000000 08:14 662109                     /usr/lib/x86_64-linux-gnu/libXext.so.6.4.0
7f2786df9000-7f2786ff8000 ---p 00010000 08:14 662109                     /usr/lib/x86_64-linux-gnu/libXext.so.6.4.0
7f2786ff8000-7f2786ff9000 r-xp 0000f000 08:14 662109                     /usr/lib/x86_64-linux-gnu/libXext.so.6.4.0
7f2786ff9000-7f2786ffa000 rwxp 00010000 08:14 662109                     /usr/lib/x86_64-linux-gnu/libXext.so.6.4.0
7f2786ffa000-7f278703c000 r-xp 00000000 08:14 1571968                    /usr/lib/jvm/jre/lib/amd64/xawt/libmawt.so
7f278703c000-7f278713b000 ---p 00042000 08:14 1571968                    /usr/lib/jvm/jre/lib/amd64/xawt/libmawt.so
7f278713b000-7f2787147000 rwxp 00041000 08:14 1571968                    /usr/lib/jvm/jre/lib/amd64/xawt/libmawt.so
7f2787147000-7f2787148000 rwxp 00000000 00:00 0 
7f2787148000-7f27871da000 r-xp 00000000 08:14 1454608                    /usr/lib/jvm/jre/lib/amd64/libawt.so
7f27871da000-7f27872d9000 ---p 00092000 08:14 1454608                    /usr/lib/jvm/jre/lib/amd64/libawt.so
7f27872d9000-7f27872f3000 rwxp 00091000 08:14 1454608                    /usr/lib/jvm/jre/lib/amd64/libawt.so
7f27872f3000-7f2787317000 rwxp 00000000 00:00 0 
7f2787317000-7f2787318000 ---p 00000000 00:00 0 
7f2787318000-7f2787418000 rwxp 00000000 00:00 0 
7f2787418000-7f278741b000 ---p 00000000 00:00 0 
7f278741b000-7f2787519000 rwxp 00000000 00:00 0 
7f2787519000-7f278751c000 ---p 00000000 00:00 0 
7f278751c000-7f278761a000 rwxp 00000000 00:00 0 
7f278761a000-7f278761d000 ---p 00000000 00:00 0 
7f278761d000-7f278771b000 rwxp 00000000 00:00 0 
7f278771b000-7f278771e000 ---p 00000000 00:00 0 
7f278771e000-7f278781c000 rwxp 00000000 00:00 0 
7f278781c000-7f2787eff000 r-xp 00000000 08:14 661138                     /usr/lib/locale/locale-archive
7f2787eff000-7f2787f02000 ---p 00000000 00:00 0 
7f2787f02000-7f2788000000 rwxp 00000000 00:00 0 
7f2788000000-7f2788021000 rwxp 00000000 00:00 0 
7f2788021000-7f278c000000 ---p 00000000 00:00 0 
7f278c000000-7f278c021000 rwxp 00000000 00:00 0 
7f278c021000-7f2790000000 ---p 00000000 00:00 0 
7f2790000000-7f2790021000 rwxp 00000000 00:00 0 
7f2790021000-7f2794000000 ---p 00000000 00:00 0 
7f2794000000-7f2794021000 rwxp 00000000 00:00 0 
7f2794021000-7f2798000000 ---p 00000000 00:00 0 
7f2798000000-7f2798021000 rwxp 00000000 00:00 0 
7f2798021000-7f279c000000 ---p 00000000 00:00 0 
7f279c000000-7f279c021000 rwxp 00000000 00:00 0 
7f279c021000-7f27a0000000 ---p 00000000 00:00 0 
7f27a0000000-7f27a0021000 rwxp 00000000 00:00 0 
7f27a0021000-7f27a4000000 ---p 00000000 00:00 0 
7f27a4000000-7f27a4021000 rwxp 00000000 00:00 0 
7f27a4021000-7f27a8000000 ---p 00000000 00:00 0 
7f27a8000000-7f27a8021000 rwxp 00000000 00:00 0 
7f27a8021000-7f27ac000000 ---p 00000000 00:00 0 
7f27ac052000-7f27ac05b000 r-xs 00000000 08:16 1707329                    /var/cache/fontconfig/945677eb7aeaf62f1d50efc3fb3ec7d8-le64.cache-3
7f27ac05b000-7f27ac05e000 ---p 00000000 00:00 0 
7f27ac05e000-7f27ac15c000 rwxp 00000000 00:00 0 
7f27ac15c000-7f27ac15d000 ---p 00000000 00:00 0 
7f27ac15d000-7f27acb66000 rwxp 00000000 00:00 0 
7f27acb66000-7f27accfd000 r-xs 03079000 08:14 1454726                    /usr/lib/jvm/jre/lib/rt.jar
7f27accfd000-7f27accfe000 ---p 00000000 00:00 0 
7f27accfe000-7f27acdfe000 rwxp 00000000 00:00 0 
7f27acdfe000-7f27acdff000 ---p 00000000 00:00 0 
7f27acdff000-7f27aceff000 rwxp 00000000 00:00 0 
7f27aceff000-7f27acf00000 ---p 00000000 00:00 0 
7f27acf00000-7f27ad270000 rwxp 00000000 00:00 0 
7f27ad270000-7f27b03bb000 rwxp 00000000 00:00 0 
7f27b03bb000-7f27b4000000 ---p 00000000 00:00 0 
7f27b4004000-7f27b4005000 rwxs 00000000 00:12 18524                      /run/shm/045e.02ae@1.7-SM
7f27b4005000-7f27b4006000 rwxp 00000000 00:00 0 
7f27b4006000-7f27b4008000 r-xs 00000000 08:16 1707330                    /var/cache/fontconfig/99e8ed0e538f840c565b6ed5dad60d56-le64.cache-3
7f27b4008000-7f27b400c000 r-xs 00000000 08:16 1707316                    /var/cache/fontconfig/2cd17615ca594fa2959ae173292e504c-le64.cache-3
7f27b400c000-7f27b400d000 r-xs 00000000 08:16 1707341                    /var/cache/fontconfig/e7071f4a29fa870f4323321c154eba04-le64.cache-3
7f27b400d000-7f27b400e000 r-xs 00000000 08:16 1707314                    /var/cache/fontconfig/0d8c3b2ac0904cb8a57a757ad11a4a08-le64.cache-3
7f27b400e000-7f27b4014000 r-xs 00000000 08:16 1707331                    /var/cache/fontconfig/a755afe4a08bf5b97852ceb7400b47bc-le64.cache-3
7f27b4014000-7f27b4018000 r-xs 00000000 08:16 1707325                    /var/cache/fontconfig/6d41288fd70b0be22e8c3a91e032eec0-le64.cache-3
7f27b4018000-7f27b4028000 r-xs 00000000 08:16 1707313                    /var/cache/fontconfig/04aabc0a78ac019cf9454389977116d2-le64.cache-3
7f27b4028000-7f27b402b000 r-xs 00000000 08:16 1707319                    /var/cache/fontconfig/385c0604a188198f04d133e54aba7fe7-le64.cache-3
7f27b402b000-7f27b402c000 r-xs 00000000 08:16 1707336                    /var/cache/fontconfig/4794a0821666d79190d59a36cb4f44b5-le64.cache-3
7f27b402c000-7f27b402f000 r-xs 00000000 08:16 1707328                    /var/cache/fontconfig/8801497958630a81b71ace7c5f9b32a8-le64.cache-3
7f27b402f000-7f27b4034000 r-xs 00000000 08:16 1707317                    /var/cache/fontconfig/3047814df9a2f067bd2d96a2b9c36e5a-le64.cache-3
7f27b4034000-7f27b4035000 r-xs 00000000 08:16 1707322                    /var/cache/fontconfig/56cf4f4769d0f4abc89a4895d7bd3ae1-le64.cache-3
7f27b4035000-7f27b4036000 r-xs 00000000 08:16 1707333                    /var/cache/fontconfig/b9d506c9ac06c20b433354fa67a72993-le64.cache-3
7f27b4036000-7f27b403b000 r-xs 00000000 08:16 1707332                    /var/cache/fontconfig/b47c4e1ecd0709278f4910c18777a504-le64.cache-3
7f27b403b000-7f27b404b000 r-xs 00000000 08:16 1707337                    /var/cache/fontconfig/d52a8644073d54c13679302ca1180695-le64.cache-3
7f27b404b000-7f27b4051000 r-xs 00000000 08:16 1708054                    /var/cache/fontconfig/3f7329c5293ffd510edef78f73874cfd-le64.cache-3
7f27b4051000-7f27b405c000 r-xs 00000000 08:16 1707971                    /var/cache/fontconfig/e13b20fdb08344e0e664864cc2ede53d-le64.cache-3
7f27b405c000-7f27b4060000 r-xs 00000000 08:16 1708053                    /var/cache/fontconfig/7ef2298fde41cc6eeb7af42e48b7d293-le64.cache-3
7f27b4060000-7f27b40bc000 rwxp 00000000 00:00 0 
7f27b40bc000-7f27b40bd000 ---p 00000000 00:00 0 
7f27b40bd000-7f27b41bd000 rwxp 00000000 00:00 0 
7f27b41bd000-7f27b41be000 ---p 00000000 00:00 0 
7f27b41be000-7f27b42be000 rwxp 00000000 00:00 0 
7f27b42be000-7f27b42bf000 ---p 00000000 00:00 0 
7f27b42bf000-7f27b43bf000 rwxp 00000000 00:00 0 
7f27b43bf000-7f27b43c0000 ---p 00000000 00:00 0 
7f27b43c0000-7f27b44c0000 rwxp 00000000 00:00 0 
7f27b44c0000-7f27b44c1000 ---p 00000000 00:00 0 
7f27b44c1000-7f27b45cc000 rwxp 00000000 00:00 0 
7f27b45cc000-7f27b45ea000 rwxp 00000000 00:00 0 
7f27b45ea000-7f27b4629000 rwxp 00000000 00:00 0 
7f27b4629000-7f27b49d3000 rwxp 00000000 00:00 0 
7f27b49d3000-7f27b49de000 rwxp 00000000 00:00 0 
7f27b49de000-7f27b49fc000 rwxp 00000000 00:00 0 
7f27b49fc000-7f27b4a3b000 rwxp 00000000 00:00 0 
7f27b4a3b000-7f27b4de4000 rwxp 00000000 00:00 0 
7f27b4de4000-7f27b4e04000 rwxp 00000000 00:00 0 
7f27b4e04000-7f27b4fd9000 rwxp 00000000 00:00 0 
7f27b4fd9000-7f27b4fda000 rwxp 00000000 00:00 0 
7f27b4fda000-7f27b4fe8000 r-xp 00000000 08:14 1454610                    /usr/lib/jvm/jre/lib/amd64/libzip.so
7f27b4fe8000-7f27b50ea000 ---p 0000e000 08:14 1454610                    /usr/lib/jvm/jre/lib/amd64/libzip.so
7f27b50ea000-7f27b50ed000 rwxp 00010000 08:14 1454610                    /usr/lib/jvm/jre/lib/amd64/libzip.so
7f27b50ed000-7f27b50ee000 rwxp 00000000 00:00 0 
7f27b50ee000-7f27b50fa000 r-xp 00000000 08:14 788702                     /lib/x86_64-linux-gnu/libnss_files-2.15.so
7f27b50fa000-7f27b52f9000 ---p 0000c000 08:14 788702                     /lib/x86_64-linux-gnu/libnss_files-2.15.so
7f27b52f9000-7f27b52fa000 r-xp 0000b000 08:14 788702                     /lib/x86_64-linux-gnu/libnss_files-2.15.so
7f27b52fa000-7f27b52fb000 rwxp 0000c000 08:14 788702                     /lib/x86_64-linux-gnu/libnss_files-2.15.so
7f27b52fb000-7f27b5305000 r-xp 00000000 08:14 788706                     /lib/x86_64-linux-gnu/libnss_nis-2.15.so
7f27b5305000-7f27b5505000 ---p 0000a000 08:14 788706                     /lib/x86_64-linux-gnu/libnss_nis-2.15.so
7f27b5505000-7f27b5506000 r-xp 0000a000 08:14 788706                     /lib/x86_64-linux-gnu/libnss_nis-2.15.so
7f27b5506000-7f27b5507000 rwxp 0000b000 08:14 788706                     /lib/x86_64-linux-gnu/libnss_nis-2.15.so
7f27b5507000-7f27b550f000 r-xp 00000000 08:14 788698                     /lib/x86_64-linux-gnu/libnss_compat-2.15.so
7f27b550f000-7f27b570e000 ---p 00008000 08:14 788698                     /lib/x86_64-linux-gnu/libnss_compat-2.15.so
7f27b570e000-7f27b570f000 r-xp 00007000 08:14 788698                     /lib/x86_64-linux-gnu/libnss_compat-2.15.so
7f27b570f000-7f27b5710000 rwxp 00008000 08:14 788698                     /lib/x86_64-linux-gnu/libnss_compat-2.15.so
7f27b5710000-7f27b5727000 r-xp 00000000 08:14 788696                     /lib/x86_64-linux-gnu/libnsl-2.15.so
7f27b5727000-7f27b5926000 ---p 00017000 08:14 788696                     /lib/x86_64-linux-gnu/libnsl-2.15.so
7f27b5926000-7f27b5927000 r-xp 00016000 08:14 788696                     /lib/x86_64-linux-gnu/libnsl-2.15.so
7f27b5927000-7f27b5928000 rwxp 00017000 08:14 788696                     /lib/x86_64-linux-gnu/libnsl-2.15.so
7f27b5928000-7f27b592a000 rwxp 00000000 00:00 0 
7f27b592a000-7f27b5953000 r-xp 00000000 08:14 1450954                    /usr/lib/jvm/jre/lib/amd64/libjava.so
7f27b5953000-7f27b5a52000 ---p 00029000 08:14 1450954                    /usr/lib/jvm/jre/lib/amd64/libjava.so
7f27b5a52000-7f27b5a59000 rwxp 00028000 08:14 1450954                    /usr/lib/jvm/jre/lib/amd64/libjava.so
7f27b5a59000-7f27b5a66000 r-xp 00000000 08:14 1450959                    /usr/lib/jvm/jre/lib/amd64/libverify.so
7f27b5a66000-7f27b5b65000 ---p 0000d000 08:14 1450959                    /usr/lib/jvm/jre/lib/amd64/libverify.so
7f27b5b65000-7f27b5b68000 rwxp 0000c000 08:14 1450959                    /usr/lib/jvm/jre/lib/amd64/libverify.so
7f27b5b68000-7f27b5b6f000 r-xp 00000000 08:14 788737                     /lib/x86_64-linux-gnu/librt-2.15.so
7f27b5b6f000-7f27b5d6e000 ---p 00007000 08:14 788737                     /lib/x86_64-linux-gnu/librt-2.15.so
7f27b5d6e000-7f27b5d6f000 r-xp 00006000 08:14 788737                     /lib/x86_64-linux-gnu/librt-2.15.so
7f27b5d6f000-7f27b5d70000 rwxp 00007000 08:14 788737                     /lib/x86_64-linux-gnu/librt-2.15.so
7f27b5d70000-7f27b5d73000 ---p 00000000 00:00 0 
7f27b5d73000-7f27b5e71000 rwxp 00000000 00:00 0 
7f27b5e71000-7f27b5f6a000 r-xp 00000000 08:14 788683                     /lib/x86_64-linux-gnu/libm-2.15.so
7f27b5f6a000-7f27b6169000 ---p 000f9000 08:14 788683                     /lib/x86_64-linux-gnu/libm-2.15.so
7f27b6169000-7f27b616a000 r-xp 000f8000 08:14 788683                     /lib/x86_64-linux-gnu/libm-2.15.so
7f27b616a000-7f27b616b000 rwxp 000f9000 08:14 788683                     /lib/x86_64-linux-gnu/libm-2.15.so
7f27b616b000-7f27b6a86000 r-xp 00000000 08:14 2100299                    /usr/lib/jvm/jre/lib/amd64/server/libjvm.so
7f27b6a86000-7f27b6b87000 ---p 0091b000 08:14 2100299                    /usr/lib/jvm/jre/lib/amd64/server/libjvm.so
7f27b6b87000-7f27b6d3c000 rwxp 0091c000 08:14 2100299                    /usr/lib/jvm/jre/lib/amd64/server/libjvm.so
7f27b6d3c000-7f27b6d76000 rwxp 00000000 00:00 0 
7f27b6d76000-7f27b6f29000 r-xp 00000000 08:14 788651                     /lib/x86_64-linux-gnu/libc-2.15.so
7f27b6f29000-7f27b7128000 ---p 001b3000 08:14 788651                     /lib/x86_64-linux-gnu/libc-2.15.so
7f27b7128000-7f27b712c000 r-xp 001b2000 08:14 788651                     /lib/x86_64-linux-gnu/libc-2.15.so
7f27b712c000-7f27b712e000 rwxp 001b6000 08:14 788651                     /lib/x86_64-linux-gnu/libc-2.15.so
7f27b712e000-7f27b7133000 rwxp 00000000 00:00 0 
7f27b7133000-7f27b7135000 r-xp 00000000 08:14 788664                     /lib/x86_64-linux-gnu/libdl-2.15.so
7f27b7135000-7f27b7335000 ---p 00002000 08:14 788664                     /lib/x86_64-linux-gnu/libdl-2.15.so
7f27b7335000-7f27b7336000 r-xp 00002000 08:14 788664                     /lib/x86_64-linux-gnu/libdl-2.15.so
7f27b7336000-7f27b7337000 rwxp 00003000 08:14 788664                     /lib/x86_64-linux-gnu/libdl-2.15.so
7f27b7337000-7f27b734f000 r-xp 00000000 08:14 788731                     /lib/x86_64-linux-gnu/libpthread-2.15.so
7f27b734f000-7f27b754e000 ---p 00018000 08:14 788731                     /lib/x86_64-linux-gnu/libpthread-2.15.so
7f27b754e000-7f27b754f000 r-xp 00017000 08:14 788731                     /lib/x86_64-linux-gnu/libpthread-2.15.so
7f27b754f000-7f27b7550000 rwxp 00018000 08:14 788731                     /lib/x86_64-linux-gnu/libpthread-2.15.so
7f27b7550000-7f27b7554000 rwxp 00000000 00:00 0 
7f27b7554000-7f27b7576000 r-xp 00000000 08:14 788631                     /lib/x86_64-linux-gnu/ld-2.15.so
7f27b7576000-7f27b7577000 r-xs 00000000 08:16 1707334                    /var/cache/fontconfig/c05880de57d1f5e948fdfacc138775d9-le64.cache-3
7f27b7577000-7f27b7578000 r-xs 00001000 08:15 3674536                    /home/jailbirt/workspace/processingKinectExamples/libs/net/net.jar
7f27b7578000-7f27b757a000 r-xs 00008000 08:15 3674360                    /home/jailbirt/workspace/processingKinectExamples/libs/peasycam/library/peasycam.jar
7f27b757a000-7f27b757b000 r-xs 00005000 08:15 2495492                    /home/jailbirt/workspace/processingKinectExamples/libs/OBJLoader/library/OBJLoader.jar
7f27b757b000-7f27b757e000 r-xs 00017000 08:15 2490784                    /home/jailbirt/workspace/processingKinectExamples/libs/minim/tritonus_share.jar
7f27b757e000-7f27b757f000 r-xs 00002000 08:15 2490783                    /home/jailbirt/workspace/processingKinectExamples/libs/minim/tritonus_aos.jar
7f27b757f000-7f27b7580000 r-xs 00005000 08:15 2490782                    /home/jailbirt/workspace/processingKinectExamples/libs/minim/mp3spi1.9.4.jar
7f27b7580000-7f27b7582000 r-xs 0000d000 08:15 2490781                    /home/jailbirt/workspace/processingKinectExamples/libs/minim/minim.jar
7f27b7582000-7f27b7585000 r-xs 00017000 08:15 2490772                    /home/jailbirt/workspace/processingKinectExamples/libs/minim/jl1.0.jar
7f27b7585000-7f27b7590000 r-xs 00108000 08:15 2247356                    /home/jailbirt/workspace/processingKinectExamples/libs/openGL/jogl.jar
7f27b7590000-7f27b759a000 rwxp 00000000 00:00 0 
7f27b759a000-7f27b7650000 rwxp 00000000 00:00 0 
7f27b7650000-7f27b7653000 rwxp 00000000 00:00 0 
7f27b7653000-7f27b765a000 r-xp 00000000 08:14 1967149                    /usr/lib/jvm/jre/lib/amd64/jli/libjli.so
7f27b765a000-7f27b775b000 ---p 00007000 08:14 1967149                    /usr/lib/jvm/jre/lib/amd64/jli/libjli.so
7f27b775b000-7f27b775d000 rwxp 00008000 08:14 1967149                    /usr/lib/jvm/jre/lib/amd64/jli/libjli.so
7f27b775d000-7f27b775e000 rwxp 00000000 00:00 0 
7f27b775e000-7f27b775f000 r-xs 00000000 08:15 2490780                    /home/jailbirt/workspace/processingKinectExamples/libs/minim/minim-spi.jar
7f27b775f000-7f27b7760000 r-xs 0000b000 08:15 2490779                    /home/jailbirt/workspace/processingKinectExamples/libs/minim/jsminim.jar
7f27b7760000-7f27b7761000 r-xs 00003000 08:15 2247358                    /home/jailbirt/workspace/processingKinectExamples/libs/openGL/opengl.jar
7f27b7761000-7f27b7762000 r-xs 00004000 08:15 2247355                    /home/jailbirt/workspace/processingKinectExamples/libs/openGL/gluegen-rt.jar
7f27b7762000-7f27b7765000 r-xs 00022000 08:15 2247359                    /home/jailbirt/workspace/processingKinectExamples/libs/simpleOpenNi/SimpleOpenNI.jar
7f27b7765000-7f27b7767000 r-xs 0002b000 08:15 2247352                    /home/jailbirt/workspace/processingKinectExamples/libs/core.jar
7f27b7767000-7f27b776a000 r-xs 0000f000 08:14 1577185                    /usr/lib/jvm/jre/lib/ext/pulse-java.jar
7f27b776a000-7f27b7772000 rwxs 00000000 08:14 392698                     /tmp/hsperfdata_jailbirt/5197
7f27b7772000-7f27b7773000 rwxp 00000000 00:00 0 
7f27b7773000-7f27b7774000 r-xp 00000000 00:00 0 
7f27b7774000-7f27b7776000 rwxp 00000000 00:00 0 
7f27b7776000-7f27b7777000 r-xp 00022000 08:14 788631                     /lib/x86_64-linux-gnu/ld-2.15.so
7f27b7777000-7f27b7779000 rwxp 00023000 08:14 788631                     /lib/x86_64-linux-gnu/ld-2.15.so
7fff00b72000-7fff00b94000 rwxp 00000000 00:00 0                          [stack]
7fff00bff000-7fff00c00000 r-xp 00000000 00:00 0                          [vdso]
ffffffffff600000-ffffffffff601000 r-xp 00000000 00:00 0                  [vsyscall]

VM Arguments:
jvm_args: -Djava.library.path=/home/jailbirt/workspace/processingKinectTemplate/bin:/home/jailbirt/workspace/processingKinectTemplate/libs/simpleOpenNi/library:/home/jailbirt/workspace/processingKinectTemplate/libs/openGL/linux64:/home/jailbirt/workspace/processingKinectTemplate/libs/openGL/linux64 -Djava.security.policy=java.policy.applet -Dfile.encoding=UTF-8 
java_command: sun.applet.AppletViewer userTracking.simpleTracking1339885425377.html
Launcher Type: SUN_STANDARD

Environment Variables:
PATH=/usr/lib/lightdm/lightdm:/usr/local/sbin:/usr/local/bin:/usr/sbin:/usr/bin:/sbin:/bin:/usr/games
LD_LIBRARY_PATH=/usr/lib/jvm/jre/lib/amd64/server:/usr/lib/jvm/jre/lib/amd64:/usr/lib/jvm/jre/../lib/amd64
SHELL=/bin/bash
DISPLAY=:0

Signal Handlers:
SIGSEGV: [libjvm.so+0x8602a0], sa_mask[0]=0x7ffbfeff, sa_flags=0x10000004
SIGBUS: [libjvm.so+0x8602a0], sa_mask[0]=0x7ffbfeff, sa_flags=0x10000004
SIGFPE: [libjvm.so+0x70ef10], sa_mask[0]=0x7ffbfeff, sa_flags=0x10000004
SIGPIPE: [libjvm.so+0x70ef10], sa_mask[0]=0x7ffbfeff, sa_flags=0x10000004
SIGXFSZ: [libjvm.so+0x70ef10], sa_mask[0]=0x7ffbfeff, sa_flags=0x10000004
SIGILL: [libjvm.so+0x70ef10], sa_mask[0]=0x7ffbfeff, sa_flags=0x10000004
SIGUSR1: SIG_DFL, sa_mask[0]=0x00000000, sa_flags=0x00000000
SIGUSR2: [libjvm.so+0x711d40], sa_mask[0]=0x00000004, sa_flags=0x10000004
SIGHUP: [libjvm.so+0x711940], sa_mask[0]=0x7ffbfeff, sa_flags=0x10000004
SIGINT: [libjvm.so+0x711940], sa_mask[0]=0x7ffbfeff, sa_flags=0x10000004
SIGTERM: [libjvm.so+0x711940], sa_mask[0]=0x7ffbfeff, sa_flags=0x10000004
SIGQUIT: [libjvm.so+0x711940], sa_mask[0]=0x7ffbfeff, sa_flags=0x10000004


---------------  S Y S T E M  ---------------

OS:wheezy/sid

uname:Linux 3.2.0-25-generic #40-Ubuntu SMP Wed May 23 20:30:51 UTC 2012 x86_64
libc:glibc 2.15 NPTL 2.15 
rlimit: STACK 8192k, CORE 0k, NPROC 95831, NOFILE 4096, AS infinity
load average:0.38 0.46 0.46

/proc/meminfo:
MemTotal:       12290140 kB
MemFree:         9340868 kB
Buffers:           73212 kB
Cached:          1110668 kB
SwapCached:            0 kB
Active:          1989376 kB
Inactive:         648888 kB
Active(anon):    1455504 kB
Inactive(anon):    11344 kB
Active(file):     533872 kB
Inactive(file):   637544 kB
Unevictable:          32 kB
Mlocked:              32 kB
SwapTotal:       8388604 kB
SwapFree:        8388604 kB
Dirty:               724 kB
Writeback:             0 kB
AnonPages:       1454604 kB
Mapped:           217992 kB
Shmem:             12472 kB
Slab:              87780 kB
SReclaimable:      53784 kB
SUnreclaim:        33996 kB
KernelStack:        4080 kB
PageTables:        30132 kB
NFS_Unstable:          0 kB
Bounce:                0 kB
WritebackTmp:          0 kB
CommitLimit:    14533672 kB
Committed_AS:    3583044 kB
VmallocTotal:   34359738367 kB
VmallocUsed:      179372 kB
VmallocChunk:   34359552508 kB
HardwareCorrupted:     0 kB
AnonHugePages:         0 kB
HugePages_Total:       0
HugePages_Free:        0
HugePages_Rsvd:        0
HugePages_Surp:        0
Hugepagesize:       2048 kB
DirectMap4k:      141120 kB
DirectMap2M:    12425216 kB


CPU:total 8 (4 cores per cpu, 2 threads per core) family 6 model 42 stepping 7, cmov, cx8, fxsr, mmx, sse, sse2, sse3, ssse3, sse4.1, sse4.2, popcnt, ht

/proc/cpuinfo:
processor	: 0
vendor_id	: GenuineIntel
cpu family	: 6
model		: 42
model name	: Intel(R) Core(TM) i7-2600 CPU @ 3.40GHz
stepping	: 7
microcode	: 0x14
cpu MHz		: 1600.000
cache size	: 8192 KB
physical id	: 0
siblings	: 8
core id		: 0
cpu cores	: 4
apicid		: 0
initial apicid	: 0
fpu		: yes
fpu_exception	: yes
cpuid level	: 13
wp		: yes
flags		: fpu vme de pse tsc msr pae mce cx8 apic sep mtrr pge mca cmov pat pse36 clflush dts acpi mmx fxsr sse sse2 ss ht tm pbe syscall nx rdtscp lm constant_tsc arch_perfmon pebs bts rep_good nopl xtopology nonstop_tsc aperfmperf pni pclmulqdq dtes64 monitor ds_cpl vmx smx est tm2 ssse3 cx16 xtpr pdcm pcid sse4_1 sse4_2 x2apic popcnt tsc_deadline_timer aes xsave avx lahf_lm ida arat epb xsaveopt pln pts dts tpr_shadow vnmi flexpriority ept vpid
bogomips	: 6784.65
clflush size	: 64
cache_alignment	: 64
address sizes	: 36 bits physical, 48 bits virtual
power management:

processor	: 1
vendor_id	: GenuineIntel
cpu family	: 6
model		: 42
model name	: Intel(R) Core(TM) i7-2600 CPU @ 3.40GHz
stepping	: 7
microcode	: 0x14
cpu MHz		: 1600.000
cache size	: 8192 KB
physical id	: 0
siblings	: 8
core id		: 1
cpu cores	: 4
apicid		: 2
initial apicid	: 2
fpu		: yes
fpu_exception	: yes
cpuid level	: 13
wp		: yes
flags		: fpu vme de pse tsc msr pae mce cx8 apic sep mtrr pge mca cmov pat pse36 clflush dts acpi mmx fxsr sse sse2 ss ht tm pbe syscall nx rdtscp lm constant_tsc arch_perfmon pebs bts rep_good nopl xtopology nonstop_tsc aperfmperf pni pclmulqdq dtes64 monitor ds_cpl vmx smx est tm2 ssse3 cx16 xtpr pdcm pcid sse4_1 sse4_2 x2apic popcnt tsc_deadline_timer aes xsave avx lahf_lm ida arat epb xsaveopt pln pts dts tpr_shadow vnmi flexpriority ept vpid
bogomips	: 6784.26
clflush size	: 64
cache_alignment	: 64
address sizes	: 36 bits physical, 48 bits virtual
power management:

processor	: 2
vendor_id	: GenuineIntel
cpu family	: 6
model		: 42
model name	: Intel(R) Core(TM) i7-2600 CPU @ 3.40GHz
stepping	: 7
microcode	: 0x14
cpu MHz		: 3701.000
cache size	: 8192 KB
physical id	: 0
siblings	: 8
core id		: 2
cpu cores	: 4
apicid		: 4
initial apicid	: 4
fpu		: yes
fpu_exception	: yes
cpuid level	: 13
wp		: yes
flags		: fpu vme de pse tsc msr pae mce cx8 apic sep mtrr pge mca cmov pat pse36 clflush dts acpi mmx fxsr sse sse2 ss ht tm pbe syscall nx rdtscp lm constant_tsc arch_perfmon pebs bts rep_good nopl xtopology nonstop_tsc aperfmperf pni pclmulqdq dtes64 monitor ds_cpl vmx smx est tm2 ssse3 cx16 xtpr pdcm pcid sse4_1 sse4_2 x2apic popcnt tsc_deadline_timer aes xsave avx lahf_lm ida arat epb xsaveopt pln pts dts tpr_shadow vnmi flexpriority ept vpid
bogomips	: 6784.26
clflush size	: 64
cache_alignment	: 64
address sizes	: 36 bits physical, 48 bits virtual
power management:

processor	: 3
vendor_id	: GenuineIntel
cpu family	: 6
model		: 42
model name	: Intel(R) Core(TM) i7-2600 CPU @ 3.40GHz
stepping	: 7
microcode	: 0x14
cpu MHz		: 1600.000
cache size	: 8192 KB
physical id	: 0
siblings	: 8
core id		: 3
cpu cores	: 4
apicid		: 6
initial apicid	: 6
fpu		: yes
fpu_exception	: yes
cpuid level	: 13
wp		: yes
flags		: fpu vme de pse tsc msr pae mce cx8 apic sep mtrr pge mca cmov pat pse36 clflush dts acpi mmx fxsr sse sse2 ss ht tm pbe syscall nx rdtscp lm constant_tsc arch_perfmon pebs bts rep_good nopl xtopology nonstop_tsc aperfmperf pni pclmulqdq dtes64 monitor ds_cpl vmx smx est tm2 ssse3 cx16 xtpr pdcm pcid sse4_1 sse4_2 x2apic popcnt tsc_deadline_timer aes xsave avx lahf_lm ida arat epb xsaveopt pln pts dts tpr_shadow vnmi flexpriority ept vpid
bogomips	: 6784.26
clflush size	: 64
cache_alignment	: 64
address sizes	: 36 bits physical, 48 bits virtual
power management:

processor	: 4
vendor_id	: GenuineIntel
cpu family	: 6
model		: 42
model name	: Intel(R) Core(TM) i7-2600 CPU @ 3.40GHz
stepping	: 7
microcode	: 0x14
cpu MHz		: 1600.000
cache size	: 8192 KB
physical id	: 0
siblings	: 8
core id		: 0
cpu cores	: 4
apicid		: 1
initial apicid	: 1
fpu		: yes
fpu_exception	: yes
cpuid level	: 13
wp		: yes
flags		: fpu vme de pse tsc msr pae mce cx8 apic sep mtrr pge mca cmov pat pse36 clflush dts acpi mmx fxsr sse sse2 ss ht tm pbe syscall nx rdtscp lm constant_tsc arch_perfmon pebs bts rep_good nopl xtopology nonstop_tsc aperfmperf pni pclmulqdq dtes64 monitor ds_cpl vmx smx est tm2 ssse3 cx16 xtpr pdcm pcid sse4_1 sse4_2 x2apic popcnt tsc_deadline_timer aes xsave avx lahf_lm ida arat epb xsaveopt pln pts dts tpr_shadow vnmi flexpriority ept vpid
bogomips	: 6784.26
clflush size	: 64
cache_alignment	: 64
address sizes	: 36 bits physical, 48 bits virtual
power management:

processor	: 5
vendor_id	: GenuineIntel
cpu family	: 6
model		: 42
model name	: Intel(R) Core(TM) i7-2600 CPU @ 3.40GHz
stepping	: 7
microcode	: 0x14
cpu MHz		: 1600.000
cache size	: 8192 KB
physical id	: 0
siblings	: 8
core id		: 1
cpu cores	: 4
apicid		: 3
initial apicid	: 3
fpu		: yes
fpu_exception	: yes
cpuid level	: 13
wp		: yes
flags		: fpu vme de pse tsc msr pae mce cx8 apic sep mtrr pge mca cmov pat pse36 clflush dts acpi mmx fxsr sse sse2 ss ht tm pbe syscall nx rdtscp lm constant_tsc arch_perfmon pebs bts rep_good nopl xtopology nonstop_tsc aperfmperf pni pclmulqdq dtes64 monitor ds_cpl vmx smx est tm2 ssse3 cx16 xtpr pdcm pcid sse4_1 sse4_2 x2apic popcnt tsc_deadline_timer aes xsave avx lahf_lm ida arat epb xsaveopt pln pts dts tpr_shadow vnmi flexpriority ept vpid
bogomips	: 6784.26
clflush size	: 64
cache_alignment	: 64
address sizes	: 36 bits physical, 48 bits virtual
power management:

processor	: 6
vendor_id	: GenuineIntel
cpu family	: 6
model		: 42
model name	: Intel(R) Core(TM) i7-2600 CPU @ 3.40GHz
stepping	: 7
microcode	: 0x14
cpu MHz		: 1600.000
cache size	: 8192 KB
physical id	: 0
siblings	: 8
core id		: 2
cpu cores	: 4
apicid		: 5
initial apicid	: 5
fpu		: yes
fpu_exception	: yes
cpuid level	: 13
wp		: yes
flags		: fpu vme de pse tsc msr pae mce cx8 apic sep mtrr pge mca cmov pat pse36 clflush dts acpi mmx fxsr sse sse2 ss ht tm pbe syscall nx rdtscp lm constant_tsc arch_perfmon pebs bts rep_good nopl xtopology nonstop_tsc aperfmperf pni pclmulqdq dtes64 monitor ds_cpl vmx smx est tm2 ssse3 cx16 xtpr pdcm pcid sse4_1 sse4_2 x2apic popcnt tsc_deadline_timer aes xsave avx lahf_lm ida arat epb xsaveopt pln pts dts tpr_shadow vnmi flexpriority ept vpid
bogomips	: 6784.27
clflush size	: 64
cache_alignment	: 64
address sizes	: 36 bits physical, 48 bits virtual
power management:

processor	: 7
vendor_id	: GenuineIntel
cpu family	: 6
model		: 42
model name	: Intel(R) Core(TM) i7-2600 CPU @ 3.40GHz
stepping	: 7
microcode	: 0x14
cpu MHz		: 1600.000
cache size	: 8192 KB
physical id	: 0
siblings	: 8
core id		: 3
cpu cores	: 4
apicid		: 7
initial apicid	: 7
fpu		: yes
fpu_exception	: yes
cpuid level	: 13
wp		: yes
flags		: fpu vme de pse tsc msr pae mce cx8 apic sep mtrr pge mca cmov pat pse36 clflush dts acpi mmx fxsr sse sse2 ss ht tm pbe syscall nx rdtscp lm constant_tsc arch_perfmon pebs bts rep_good nopl xtopology nonstop_tsc aperfmperf pni pclmulqdq dtes64 monitor ds_cpl vmx smx est tm2 ssse3 cx16 xtpr pdcm pcid sse4_1 sse4_2 x2apic popcnt tsc_deadline_timer aes xsave avx lahf_lm ida arat epb xsaveopt pln pts dts tpr_shadow vnmi flexpriority ept vpid
bogomips	: 6784.26
clflush size	: 64
cache_alignment	: 64
address sizes	: 36 bits physical, 48 bits virtual
power management:



Memory: 4k page, physical 12290140k(9340868k free), swap 8388604k(8388604k free)

vm_info: Java HotSpot(TM) 64-Bit Server VM (20.7-b02) for linux-amd64 JRE (1.6.0_32-b05), built on Apr  5 2012 14:09:59 by "java_re" with gcc 3.2.2 (SuSE Linux)

time: Sat Jun 16 19:23:47 2012
elapsed time: 2 seconds

