#
# A fatal error has been detected by the Java Runtime Environment:
#
#  SIGSEGV (0xb) at pc=0x00007f0b6809259d, pid=5105, tid=139687011268352
#
# JRE version: 6.0_32-b05
# Java VM: Java HotSpot(TM) 64-Bit Server VM (20.7-b02 mixed mode linux-amd64 compressed oops)
# Problematic frame:
# C  [libXnVFeatures_1_5_2.so+0x8b59d]  Segmentation::detectionByPoint(bool, std::vector<Vector2D<int>, std::allocator<Vector2D<int> > > const*)+0x8d
#
# If you would like to submit a bug report, please visit:
#   http://java.sun.com/webapps/bugreport/crash.jsp
# The crash happened outside the Java Virtual Machine in native code.
# See problematic frame for where to report the bug.
#

---------------  T H R E A D  ---------------

Current thread (0x00007f0b5c010000):  JavaThread "Animation Thread" [_thread_in_native, id=5141, stack(0x00007f0b6a9fb000,0x00007f0b6aafc000)]

siginfo:si_signo=SIGSEGV: si_errno=0, si_code=2 (SEGV_ACCERR), si_addr=0x00007f0b3674dd46

Registers:
RAX=0x00000000000000b3, RBX=0x00007f0b4932c550, RCX=0x00007f0b3673f0e0, RDX=0x00000000000000bc
RSP=0x00007f0b6aafa280, RBP=0x00007f0b3ff0ee60, RSI=0x0000000000007633, RDI=0x00007f0b3ff0efe0
R8 =0x0000000000000000, R9 =0x0101010101010101, R10=0x00007f0b3ffcda21, R11=0x00007f0bb47d872c
R12=0x00007f0b68634d88, R13=0x00007f0b6aafa3e0, R14=0x00007f0b3ef7e050, R15=0x0000000000000000
RIP=0x00007f0b6809259d, EFLAGS=0x0000000000010206, CSGSFS=0x0000000000000033, ERR=0x0000000000000004
  TRAPNO=0x000000000000000e

Top of Stack: (sp=0x00007f0b6aafa280)
0x00007f0b6aafa280:   00007f0b48a3e0d0 7fffffff00000000
0x00007f0b6aafa290:   00007f0b48a3e0d0 00007f0b3ff0efe0
0x00007f0b6aafa2a0:   00007f0b3ff102e0 00007f0b3ff0ee60
0x00007f0b6aafa2b0:   00007f0b3ff0efe0 00007f0b3ff09d80
0x00007f0b6aafa2c0:   00007f0b6aafa3e0 00007f0b3ef7e050
0x00007f0b6aafa2d0:   0000000000000000 00007f0b68099bc0
0x00007f0b6aafa2e0:   0000000000225982 0000000000225982
0x00007f0b6aafa2f0:   0000000000000000 3ff0000000000000
0x00007f0b6aafa300:   00007f0b686355a8 0000000000000001
0x00007f0b6aafa310:   0000000000000040 00007f0b3ef7e010
0x00007f0b6aafa320:   00007f0b3ff09d80 00007f0b3fee8f88
0x00007f0b6aafa330:   00007f0b3ef7e050 00007f0b3ef7e028
0x00007f0b6aafa340:   00007f0b6aafa3e0 00007f0b6808299b
0x00007f0b6aafa350:   00007f0b3ffff190 0000000000000008
0x00007f0b6aafa360:   0000000000224cb3 0000000000224cb3
0x00007f0b6aafa370:   0000000000000000 3ff0000000000000
0x00007f0b6aafa380:   0000000000000000 00007f0b6805c8bd
0x00007f0b6aafa390:   00007f0b6aafa400 00007f0b38ae001c
0x00007f0b6aafa3a0:   0000000000000001 00007f0b38ae0000
0x00007f0b6aafa3b0:   00007f0b4931c260 00007f0b48034650
0x00007f0b6aafa3c0:   00007f0b5c010000 00007f0b6805803f
0x00007f0b6aafa3d0:   0000000000000178 00007f0b6a3c1489
0x00007f0b6aafa3e0:   00007f0b4932c550 00007f0b4932c558
0x00007f0b6aafa3f0:   00007f0b4932c558 00007f0b48a410e1
0x00007f0b6aafa400:   000000bc000000b3 00007f0b4931c260
0x00007f0b6aafa410:   00007f0b4931c260 00007f0b4931c260
0x00007f0b6aafa420:   00007f0b4998e9d0 0000000000000051
0x00007f0b6aafa430:   00007f0b366a7090 00007f0b680585bf
0x00007f0b6aafa440:   00007f0b6861caf0 00007f0b69e374ec
0x00007f0b6aafa450:   00007f0b6861ed10 0000000000000000
0x00007f0b6aafa460:   0000000000039070 0009600000000001
0x00007f0b6aafa470:   ffffffff00000001 00007f0b6aafa4b4 

Instructions: (pc=0x00007f0b6809259d)
0x00007f0b6809257d:   39 5d 08 0f 84 d2 01 00 00 8b 53 04 41 8b 74 24
0x00007f0b6809258d:   3c 49 8b 4c 24 28 8b 03 0f af f2 48 8b 09 01 c6
0x00007f0b6809259d:   66 83 3c 71 00 74 d4 48 63 8d 88 01 00 00 48 8b
0x00007f0b680925ad:   7c 24 18 48 69 c9 d8 03 00 00 48 8d 74 0f 10 48 

Register to memory mapping:

RAX=0x00000000000000b3 is an unknown value
RBX=0x00007f0b4932c550 is an unknown value
RCX=0x00007f0b3673f0e0 is an unknown value
RDX=0x00000000000000bc is an unknown value
RSP=0x00007f0b6aafa280 is pointing into the stack for thread: 0x00007f0b5c010000
RBP=0x00007f0b3ff0ee60 is an unknown value
RSI=0x0000000000007633 is an unknown value
RDI=0x00007f0b3ff0efe0 is an unknown value
R8 =0x0000000000000000 is an unknown value
R9 =0x0101010101010101 is an unknown value
R10=0x00007f0b3ffcda21 is an unknown value
R11=0x00007f0bb47d872c: <offset 0x8b72c> in /lib/x86_64-linux-gnu/libc.so.6 at 0x00007f0bb474d000
R12=0x00007f0b68634d88: <offset 0x62dd88> in /usr/lib/libXnVFeatures_1_5_2.so at 0x00007f0b68007000
R13=0x00007f0b6aafa3e0 is pointing into the stack for thread: 0x00007f0b5c010000
R14=0x00007f0b3ef7e050 is an unknown value
R15=0x0000000000000000 is an unknown value


Stack: [0x00007f0b6a9fb000,0x00007f0b6aafc000],  sp=0x00007f0b6aafa280,  free space=1020k
Native frames: (J=compiled Java code, j=interpreted, Vv=VM code, C=native code)
C  [libXnVFeatures_1_5_2.so+0x8b59d]  Segmentation::detectionByPoint(bool, std::vector<Vector2D<int>, std::allocator<Vector2D<int> > > const*)+0x8d

Java frames: (J=compiled Java code, j=interpreted, Vv=VM code)
j  SimpleOpenNI.SimpleOpenNIJNI.ContextWrapper_updateSwigExplicitContextWrapper__SWIG_0(JLSimpleOpenNI/ContextWrapper;)V+0
j  SimpleOpenNI.ContextWrapper.update()V+26
j  SimpleOpenNI.SimpleOpenNI.update()V+1
j  userTracking.simpleTracking.draw()V+4
j  processing.core.PApplet.handleDraw()V+145
j  processing.core.PApplet.run()V+72
j  java.lang.Thread.run()V+11
v  ~StubRoutines::call_stub

---------------  P R O C E S S  ---------------

Java Threads: ( => current thread )
=>0x00007f0b5c010000 JavaThread "Animation Thread" [_thread_in_native, id=5141, stack(0x00007f0b6a9fb000,0x00007f0b6aafc000)]
  0x00007f0b58009800 JavaThread "AWT-EventQueue-1" [_thread_blocked, id=5140, stack(0x00007f0b6a8fa000,0x00007f0b6a9fb000)]
  0x00007f0bac008000 JavaThread "DestroyJavaVM" [_thread_blocked, id=5110, stack(0x00007f0bb3747000,0x00007f0bb3848000)]
  0x00007f0bac347000 JavaThread "AWT-EventQueue-0" [_thread_blocked, id=5138, stack(0x00007f0b6ad1b000,0x00007f0b6ae1c000)]
  0x00007f0bac342000 JavaThread "AWT-Shutdown" [_thread_blocked, id=5137, stack(0x00007f0b6ae1c000,0x00007f0b6af1d000)]
  0x00007f0bac330000 JavaThread "thread applet-userTracking.simpleTracking.class" [_thread_blocked, id=5136, stack(0x00007f0b6af1d000,0x00007f0b6b01e000)]
  0x00007f0bac327800 JavaThread "AWT-XAWT" daemon [_thread_in_native, id=5133, stack(0x00007f0b6b01e000,0x00007f0b6b11f000)]
  0x00007f0bac234800 JavaThread "Java2D Disposer" daemon [_thread_blocked, id=5130, stack(0x00007f0b6b739000,0x00007f0b6b83a000)]
  0x00007f0bac099800 JavaThread "Low Memory Detector" daemon [_thread_blocked, id=5126, stack(0x00007f0ba8dfe000,0x00007f0ba8eff000)]
  0x00007f0bac097800 JavaThread "C2 CompilerThread1" daemon [_thread_blocked, id=5125, stack(0x00007f0ba8eff000,0x00007f0ba9000000)]
  0x00007f0bac094800 JavaThread "C2 CompilerThread0" daemon [_thread_blocked, id=5124, stack(0x00007f0bb00ac000,0x00007f0bb01ad000)]
  0x00007f0bac092800 JavaThread "Signal Dispatcher" daemon [_thread_blocked, id=5123, stack(0x00007f0bb01ad000,0x00007f0bb02ae000)]
  0x00007f0bac076000 JavaThread "Finalizer" daemon [_thread_blocked, id=5122, stack(0x00007f0bb0991000,0x00007f0bb0a92000)]
  0x00007f0bac074000 JavaThread "Reference Handler" daemon [_thread_blocked, id=5121, stack(0x00007f0bb0a92000,0x00007f0bb0b93000)]

Other Threads:
  0x00007f0bac06d800 VMThread [stack: 0x00007f0bb0b93000,0x00007f0bb0c94000] [id=5120]
  0x00007f0bac0a4800 WatcherThread [stack: 0x00007f0ba8cfd000,0x00007f0ba8dfe000] [id=5127]

VM state:not at safepoint (normal execution)

VM Mutex/Monitor currently owned by a thread: None

Heap
 PSYoungGen      total 56000K, used 47695K [0x00000007c1760000, 0x00000007c55e0000, 0x0000000800000000)
  eden space 48000K, 99% used [0x00000007c1760000,0x00000007c45f3f50,0x00000007c4640000)
  from space 8000K, 0% used [0x00000007c4e10000,0x00000007c4e10000,0x00000007c55e0000)
  to   space 8000K, 0% used [0x00000007c4640000,0x00000007c4640000,0x00000007c4e10000)
 PSOldGen        total 128064K, used 0K [0x0000000744600000, 0x000000074c310000, 0x00000007c1760000)
  object space 128064K, 0% used [0x0000000744600000,0x0000000744600000,0x000000074c310000)
 PSPermGen       total 21248K, used 11398K [0x000000073f400000, 0x00000007408c0000, 0x0000000744600000)
  object space 21248K, 53% used [0x000000073f400000,0x000000073ff21960,0x00000007408c0000)

Code Cache  [0x00007f0ba9000000, 0x00007f0ba9270000, 0x00007f0bac000000)
 total_blobs=527 nmethods=39 adapters=443 free_code_cache=49679936 largest_free_block=13312

Dynamic libraries:
40000000-40009000 r-xp 00000000 08:14 1192322                            /usr/lib/jvm/bin/java
40108000-4010a000 rwxp 00008000 08:14 1192322                            /usr/lib/jvm/bin/java
41375000-41396000 rwxp 00000000 00:00 0                                  [heap]
73f400000-7408c0000 rwxp 00000000 00:00 0 
7408c0000-744600000 rwxp 00000000 00:00 0 
744600000-74c310000 rwxp 00000000 00:00 0 
74c310000-7c1760000 rwxp 00000000 00:00 0 
7c1760000-7c55e0000 rwxp 00000000 00:00 0 
7c55e0000-800000000 rwxp 00000000 00:00 0 
7f0b34000000-7f0b3682f000 rwxp 00000000 00:00 0 
7f0b3682f000-7f0b38000000 ---p 00000000 00:00 0 
7f0b38ae0000-7f0b38ae1000 rwxs 00000000 00:12 18524                      /run/shm/045e.02ae@1.7-SM
7f0b38ae1000-7f0b38c0d000 rwxs 00000000 00:04 1277959                    /SYSV00000000 (deleted)
7f0b38c0d000-7f0b40000000 rwxp 00000000 00:00 0 
7f0b40000000-7f0b40026000 rwxp 00000000 00:00 0 
7f0b40026000-7f0b44000000 ---p 00000000 00:00 0 
7f0b440f1000-7f0b454bc000 rwxp 00000000 00:00 0 
7f0b454bc000-7f0b45bc4000 r-xs 00000000 00:12 22980                      /run/shm/5143_045e.02ae@1.7_Depth
7f0b45bc4000-7f0b45cf1000 rwxp 00000000 00:00 0 
7f0b45cf1000-7f0b45cf2000 ---p 00000000 00:00 0 
7f0b45cf2000-7f0b468f3000 rwxp 00000000 00:00 0 
7f0b468f3000-7f0b4691a000 r-xp 00000000 08:14 673565                     /usr/lib/libXnDeviceFile.so
7f0b4691a000-7f0b46b1a000 ---p 00027000 08:14 673565                     /usr/lib/libXnDeviceFile.so
7f0b46b1a000-7f0b46b1c000 r-xp 00027000 08:14 673565                     /usr/lib/libXnDeviceFile.so
7f0b46b1c000-7f0b46b1d000 rwxp 00029000 08:14 673565                     /usr/lib/libXnDeviceFile.so
7f0b46b1d000-7f0b46b65000 r-xp 00000000 08:14 673564                     /usr/lib/libXnDDK.so
7f0b46b65000-7f0b46d65000 ---p 00048000 08:14 673564                     /usr/lib/libXnDDK.so
7f0b46d65000-7f0b46d68000 r-xp 00048000 08:14 673564                     /usr/lib/libXnDDK.so
7f0b46d68000-7f0b46d6a000 rwxp 0004b000 08:14 673564                     /usr/lib/libXnDDK.so
7f0b46d6a000-7f0b46d8e000 r-xp 00000000 08:14 673567                     /usr/lib/libXnFormats.so
7f0b46d8e000-7f0b46f8e000 ---p 00024000 08:14 673567                     /usr/lib/libXnFormats.so
7f0b46f8e000-7f0b46f8f000 r-xp 00024000 08:14 673567                     /usr/lib/libXnFormats.so
7f0b46f8f000-7f0b46f90000 rwxp 00025000 08:14 673567                     /usr/lib/libXnFormats.so
7f0b46f90000-7f0b46fb0000 rwxp 00000000 00:00 0 
7f0b46fb0000-7f0b46fb3000 r-xp 00000000 08:14 673563                     /usr/lib/libXnCore.so
7f0b46fb3000-7f0b471b2000 ---p 00003000 08:14 673563                     /usr/lib/libXnCore.so
7f0b471b2000-7f0b471b3000 r-xp 00002000 08:14 673563                     /usr/lib/libXnCore.so
7f0b471b3000-7f0b471b4000 rwxp 00003000 08:14 673563                     /usr/lib/libXnCore.so
7f0b471b4000-7f0b4723d000 r-xp 00000000 08:14 673566                     /usr/lib/libXnDeviceSensorV2KM.so
7f0b4723d000-7f0b4743c000 ---p 00089000 08:14 673566                     /usr/lib/libXnDeviceSensorV2KM.so
7f0b4743c000-7f0b4744c000 r-xp 00088000 08:14 673566                     /usr/lib/libXnDeviceSensorV2KM.so
7f0b4744c000-7f0b4744d000 rwxp 00098000 08:14 673566                     /usr/lib/libXnDeviceSensorV2KM.so
7f0b4744d000-7f0b47541000 r-xp 00000000 08:14 673497                     /usr/lib/libXnVHandGenerator_1_5_2.so
7f0b47541000-7f0b47740000 ---p 000f4000 08:14 673497                     /usr/lib/libXnVHandGenerator_1_5_2.so
7f0b47740000-7f0b47745000 r-xp 000f3000 08:14 673497                     /usr/lib/libXnVHandGenerator_1_5_2.so
7f0b47745000-7f0b47746000 rwxp 000f8000 08:14 673497                     /usr/lib/libXnVHandGenerator_1_5_2.so
7f0b47746000-7f0b47754000 rwxp 00000000 00:00 0 
7f0b47754000-7f0b4782c000 r-xp 00000000 08:14 673494                     /usr/lib/libXnVHandGenerator_1_4_2.so
7f0b4782c000-7f0b47a2b000 ---p 000d8000 08:14 673494                     /usr/lib/libXnVHandGenerator_1_4_2.so
7f0b47a2b000-7f0b47a30000 r-xp 000d7000 08:14 673494                     /usr/lib/libXnVHandGenerator_1_4_2.so
7f0b47a30000-7f0b47a31000 rwxp 000dc000 08:14 673494                     /usr/lib/libXnVHandGenerator_1_4_2.so
7f0b47a31000-7f0b47a34000 rwxp 00000000 00:00 0 
7f0b47a34000-7f0b47b0c000 r-xp 00000000 08:14 673491                     /usr/lib/libXnVHandGenerator_1_4_1.so
7f0b47b0c000-7f0b47d0b000 ---p 000d8000 08:14 673491                     /usr/lib/libXnVHandGenerator_1_4_1.so
7f0b47d0b000-7f0b47d10000 r-xp 000d7000 08:14 673491                     /usr/lib/libXnVHandGenerator_1_4_1.so
7f0b47d10000-7f0b47d11000 rwxp 000dc000 08:14 673491                     /usr/lib/libXnVHandGenerator_1_4_1.so
7f0b47d11000-7f0b47d14000 rwxp 00000000 00:00 0 
7f0b47d14000-7f0b47df7000 r-xp 00000000 08:14 673488                     /usr/lib/libXnVHandGenerator_1_3_1.so
7f0b47df7000-7f0b47ff7000 ---p 000e3000 08:14 673488                     /usr/lib/libXnVHandGenerator_1_3_1.so
7f0b47ff7000-7f0b47ffc000 r-xp 000e3000 08:14 673488                     /usr/lib/libXnVHandGenerator_1_3_1.so
7f0b47ffc000-7f0b47ffd000 rwxp 000e8000 08:14 673488                     /usr/lib/libXnVHandGenerator_1_3_1.so
7f0b47ffd000-7f0b48000000 rwxp 00000000 00:00 0 
7f0b48000000-7f0b4bfff000 rwxp 00000000 00:00 0 
7f0b4bfff000-7f0b4c000000 ---p 00000000 00:00 0 
7f0b4c000000-7f0b4c021000 rwxp 00000000 00:00 0 
7f0b4c021000-7f0b50000000 ---p 00000000 00:00 0 
7f0b50000000-7f0b50021000 rwxp 00000000 00:00 0 
7f0b50021000-7f0b54000000 ---p 00000000 00:00 0 
7f0b54000000-7f0b54117000 rwxp 00000000 00:00 0 
7f0b54117000-7f0b58000000 ---p 00000000 00:00 0 
7f0b58000000-7f0b58021000 rwxp 00000000 00:00 0 
7f0b58021000-7f0b5c000000 ---p 00000000 00:00 0 
7f0b5c000000-7f0b5c0c6000 rwxp 00000000 00:00 0 
7f0b5c0c6000-7f0b60000000 ---p 00000000 00:00 0 
7f0b60000000-7f0b60021000 rwxp 00000000 00:00 0 
7f0b60021000-7f0b64000000 ---p 00000000 00:00 0 
7f0b64000000-7f0b64021000 rwxp 00000000 00:00 0 
7f0b64021000-7f0b68000000 ---p 00000000 00:00 0 
7f0b68007000-7f0b6841c000 r-xp 00000000 08:14 673481                     /usr/lib/libXnVFeatures_1_5_2.so
7f0b6841c000-7f0b6861c000 ---p 00415000 08:14 673481                     /usr/lib/libXnVFeatures_1_5_2.so
7f0b6861c000-7f0b6862d000 r-xp 00415000 08:14 673481                     /usr/lib/libXnVFeatures_1_5_2.so
7f0b6862d000-7f0b6862f000 rwxp 00426000 08:14 673481                     /usr/lib/libXnVFeatures_1_5_2.so
7f0b6862f000-7f0b68644000 rwxp 00000000 00:00 0 
7f0b68644000-7f0b6883b000 r-xp 00000000 08:14 673470                     /usr/lib/libXnVFeatures_1_4_2.so
7f0b6883b000-7f0b68a3a000 ---p 001f7000 08:14 673470                     /usr/lib/libXnVFeatures_1_4_2.so
7f0b68a3a000-7f0b68a40000 r-xp 001f6000 08:14 673470                     /usr/lib/libXnVFeatures_1_4_2.so
7f0b68a40000-7f0b68a41000 rwxp 001fc000 08:14 673470                     /usr/lib/libXnVFeatures_1_4_2.so
7f0b68a41000-7f0b68a47000 rwxp 00000000 00:00 0 
7f0b68a47000-7f0b68c3e000 r-xp 00000000 08:14 673465                     /usr/lib/libXnVFeatures_1_4_1.so
7f0b68c3e000-7f0b68e3d000 ---p 001f7000 08:14 673465                     /usr/lib/libXnVFeatures_1_4_1.so
7f0b68e3d000-7f0b68e43000 r-xp 001f6000 08:14 673465                     /usr/lib/libXnVFeatures_1_4_1.so
7f0b68e43000-7f0b68e44000 rwxp 001fc000 08:14 673465                     /usr/lib/libXnVFeatures_1_4_1.so
7f0b68e44000-7f0b68e4a000 rwxp 00000000 00:00 0 
7f0b68e4a000-7f0b6908f000 r-xp 00000000 08:14 673460                     /usr/lib/libXnVFeatures_1_3_1.so
7f0b6908f000-7f0b6928f000 ---p 00245000 08:14 673460                     /usr/lib/libXnVFeatures_1_3_1.so
7f0b6928f000-7f0b69295000 r-xp 00245000 08:14 673460                     /usr/lib/libXnVFeatures_1_3_1.so
7f0b69295000-7f0b69296000 rwxp 0024b000 08:14 673460                     /usr/lib/libXnVFeatures_1_3_1.so
7f0b69296000-7f0b6929d000 rwxp 00000000 00:00 0 
7f0b6929d000-7f0b692bb000 r-xp 00000000 08:14 673299                     /usr/lib/libnimRecorder.so
7f0b692bb000-7f0b694ba000 ---p 0001e000 08:14 673299                     /usr/lib/libnimRecorder.so
7f0b694ba000-7f0b694bc000 r-xp 0001d000 08:14 673299                     /usr/lib/libnimRecorder.so
7f0b694bc000-7f0b694bd000 rwxp 0001f000 08:14 673299                     /usr/lib/libnimRecorder.so
7f0b694bd000-7f0b694f3000 r-xp 00000000 08:14 673297                     /usr/lib/libnimCodecs.so
7f0b694f3000-7f0b696f3000 ---p 00036000 08:14 673297                     /usr/lib/libnimCodecs.so
7f0b696f3000-7f0b696f6000 r-xp 00036000 08:14 673297                     /usr/lib/libnimCodecs.so
7f0b696f6000-7f0b696f7000 rwxp 00039000 08:14 673297                     /usr/lib/libnimCodecs.so
7f0b696f7000-7f0b69717000 rwxp 00000000 00:00 0 
7f0b69717000-7f0b6974e000 r-xp 00000000 08:14 673298                     /usr/lib/libnimMockNodes.so
7f0b6974e000-7f0b6994d000 ---p 00037000 08:14 673298                     /usr/lib/libnimMockNodes.so
7f0b6994d000-7f0b6995a000 r-xp 00036000 08:14 673298                     /usr/lib/libnimMockNodes.so
7f0b6995a000-7f0b6995b000 rwxp 00043000 08:14 673298                     /usr/lib/libnimMockNodes.so
7f0b6995b000-7f0b69969000 r-xp 00000000 08:14 788754                     /lib/x86_64-linux-gnu/libusb-1.0.so.0.1.0
7f0b69969000-7f0b69b68000 ---p 0000e000 08:14 788754                     /lib/x86_64-linux-gnu/libusb-1.0.so.0.1.0
7f0b69b68000-7f0b69b69000 r-xp 0000d000 08:14 788754                     /lib/x86_64-linux-gnu/libusb-1.0.so.0.1.0
7f0b69b69000-7f0b69b6a000 rwxp 0000e000 08:14 788754                     /lib/x86_64-linux-gnu/libusb-1.0.so.0.1.0
7f0b69b6a000-7f0b69b7f000 r-xp 00000000 08:14 788672                     /lib/x86_64-linux-gnu/libgcc_s.so.1
7f0b69b7f000-7f0b69d7e000 ---p 00015000 08:14 788672                     /lib/x86_64-linux-gnu/libgcc_s.so.1
7f0b69d7e000-7f0b69d7f000 r-xp 00014000 08:14 788672                     /lib/x86_64-linux-gnu/libgcc_s.so.1
7f0b69d7f000-7f0b69d80000 rwxp 00015000 08:14 788672                     /lib/x86_64-linux-gnu/libgcc_s.so.1
7f0b69d80000-7f0b69e62000 r-xp 00000000 08:14 662623                     /usr/lib/x86_64-linux-gnu/libstdc++.so.6.0.16
7f0b69e62000-7f0b6a061000 ---p 000e2000 08:14 662623                     /usr/lib/x86_64-linux-gnu/libstdc++.so.6.0.16
7f0b6a061000-7f0b6a069000 r-xp 000e1000 08:14 662623                     /usr/lib/x86_64-linux-gnu/libstdc++.so.6.0.16
7f0b6a069000-7f0b6a06b000 rwxp 000e9000 08:14 662623                     /usr/lib/x86_64-linux-gnu/libstdc++.so.6.0.16
7f0b6a06b000-7f0b6a080000 rwxp 00000000 00:00 0 
7f0b6a080000-7f0b6a163000 r-xp 00000000 08:14 673381                     /usr/lib/libXnVNite_1_5_2.so
7f0b6a163000-7f0b6a362000 ---p 000e3000 08:14 673381                     /usr/lib/libXnVNite_1_5_2.so
7f0b6a362000-7f0b6a367000 r-xp 000e2000 08:14 673381                     /usr/lib/libXnVNite_1_5_2.so
7f0b6a367000-7f0b6a369000 rwxp 000e7000 08:14 673381                     /usr/lib/libXnVNite_1_5_2.so
7f0b6a369000-7f0b6a3e6000 r-xp 00000000 08:14 673301                     /usr/lib/libOpenNI.so
7f0b6a3e6000-7f0b6a5e5000 ---p 0007d000 08:14 673301                     /usr/lib/libOpenNI.so
7f0b6a5e5000-7f0b6a5e8000 r-xp 0007c000 08:14 673301                     /usr/lib/libOpenNI.so
7f0b6a5e8000-7f0b6a5eb000 rwxp 0007f000 08:14 673301                     /usr/lib/libOpenNI.so
7f0b6a5eb000-7f0b6a5ec000 rwxp 00000000 00:00 0 
7f0b6a5ec000-7f0b6a6f0000 r-xp 00000000 08:15 2229036                    /home/jailbirt/workspace/processingKinectTemplate/libs/simpleOpenNi/library/libSimpleOpenNI64.so
7f0b6a6f0000-7f0b6a8f0000 ---p 00104000 08:15 2229036                    /home/jailbirt/workspace/processingKinectTemplate/libs/simpleOpenNi/library/libSimpleOpenNI64.so
7f0b6a8f0000-7f0b6a8f3000 r-xp 00104000 08:15 2229036                    /home/jailbirt/workspace/processingKinectTemplate/libs/simpleOpenNi/library/libSimpleOpenNI64.so
7f0b6a8f3000-7f0b6a8f9000 rwxp 00107000 08:15 2229036                    /home/jailbirt/workspace/processingKinectTemplate/libs/simpleOpenNi/library/libSimpleOpenNI64.so
7f0b6a8f9000-7f0b6a8fa000 rwxp 00000000 00:00 0 
7f0b6a8fa000-7f0b6a8fd000 ---p 00000000 00:00 0 
7f0b6a8fd000-7f0b6a9fb000 rwxp 00000000 00:00 0 
7f0b6a9fb000-7f0b6a9fe000 ---p 00000000 00:00 0 
7f0b6a9fe000-7f0b6aafc000 rwxp 00000000 00:00 0 
7f0b6aafc000-7f0b6ab03000 r-xp 00000000 08:14 1450962                    /usr/lib/jvm/jre/lib/amd64/libnio.so
7f0b6ab03000-7f0b6ac02000 ---p 00007000 08:14 1450962                    /usr/lib/jvm/jre/lib/amd64/libnio.so
7f0b6ac02000-7f0b6ac04000 rwxp 00006000 08:14 1450962                    /usr/lib/jvm/jre/lib/amd64/libnio.so
7f0b6ac04000-7f0b6ac17000 r-xp 00000000 08:14 1450940                    /usr/lib/jvm/jre/lib/amd64/libnet.so
7f0b6ac17000-7f0b6ad18000 ---p 00013000 08:14 1450940                    /usr/lib/jvm/jre/lib/amd64/libnet.so
7f0b6ad18000-7f0b6ad1b000 rwxp 00014000 08:14 1450940                    /usr/lib/jvm/jre/lib/amd64/libnet.so
7f0b6ad1b000-7f0b6ad1e000 ---p 00000000 00:00 0 
7f0b6ad1e000-7f0b6ae1c000 rwxp 00000000 00:00 0 
7f0b6ae1c000-7f0b6ae1f000 ---p 00000000 00:00 0 
7f0b6ae1f000-7f0b6af1d000 rwxp 00000000 00:00 0 
7f0b6af1d000-7f0b6af20000 ---p 00000000 00:00 0 
7f0b6af20000-7f0b6b01e000 rwxp 00000000 00:00 0 
7f0b6b01e000-7f0b6b021000 ---p 00000000 00:00 0 
7f0b6b021000-7f0b6b11f000 rwxp 00000000 00:00 0 
7f0b6b11f000-7f0b6b124000 r-xp 00000000 08:14 662111                     /usr/lib/x86_64-linux-gnu/libXfixes.so.3.1.0
7f0b6b124000-7f0b6b323000 ---p 00005000 08:14 662111                     /usr/lib/x86_64-linux-gnu/libXfixes.so.3.1.0
7f0b6b323000-7f0b6b324000 r-xp 00004000 08:14 662111                     /usr/lib/x86_64-linux-gnu/libXfixes.so.3.1.0
7f0b6b324000-7f0b6b325000 rwxp 00005000 08:14 662111                     /usr/lib/x86_64-linux-gnu/libXfixes.so.3.1.0
7f0b6b325000-7f0b6b32e000 r-xp 00000000 08:14 662129                     /usr/lib/x86_64-linux-gnu/libXrender.so.1.3.0
7f0b6b32e000-7f0b6b52d000 ---p 00009000 08:14 662129                     /usr/lib/x86_64-linux-gnu/libXrender.so.1.3.0
7f0b6b52d000-7f0b6b52e000 r-xp 00008000 08:14 662129                     /usr/lib/x86_64-linux-gnu/libXrender.so.1.3.0
7f0b6b52e000-7f0b6b52f000 rwxp 00009000 08:14 662129                     /usr/lib/x86_64-linux-gnu/libXrender.so.1.3.0
7f0b6b52f000-7f0b6b538000 r-xp 00000000 08:14 662103                     /usr/lib/x86_64-linux-gnu/libXcursor.so.1.0.2
7f0b6b538000-7f0b6b737000 ---p 00009000 08:14 662103                     /usr/lib/x86_64-linux-gnu/libXcursor.so.1.0.2
7f0b6b737000-7f0b6b738000 r-xp 00008000 08:14 662103                     /usr/lib/x86_64-linux-gnu/libXcursor.so.1.0.2
7f0b6b738000-7f0b6b739000 rwxp 00009000 08:14 662103                     /usr/lib/x86_64-linux-gnu/libXcursor.so.1.0.2
7f0b6b739000-7f0b6b73c000 ---p 00000000 00:00 0 
7f0b6b73c000-7f0b6b83a000 rwxp 00000000 00:00 0 
7f0b6b83a000-7f0b6b8b3000 r-xp 00000000 08:14 1454604                    /usr/lib/jvm/jre/lib/amd64/libfontmanager.so
7f0b6b8b3000-7f0b6b9b2000 ---p 00079000 08:14 1454604                    /usr/lib/jvm/jre/lib/amd64/libfontmanager.so
7f0b6b9b2000-7f0b6b9c7000 rwxp 00078000 08:14 1454604                    /usr/lib/jvm/jre/lib/amd64/libfontmanager.so
7f0b6b9c7000-7f0b6b9d9000 rwxp 00000000 00:00 0 
7f0b6b9d9000-7f0b6b9de000 r-xp 00000000 08:14 662107                     /usr/lib/x86_64-linux-gnu/libXdmcp.so.6.0.0
7f0b6b9de000-7f0b6bbdd000 ---p 00005000 08:14 662107                     /usr/lib/x86_64-linux-gnu/libXdmcp.so.6.0.0
7f0b6bbdd000-7f0b6bbde000 r-xp 00004000 08:14 662107                     /usr/lib/x86_64-linux-gnu/libXdmcp.so.6.0.0
7f0b6bbde000-7f0b6bbdf000 rwxp 00005000 08:14 662107                     /usr/lib/x86_64-linux-gnu/libXdmcp.so.6.0.0
7f0b6bbdf000-7f0b6bbe1000 r-xp 00000000 08:14 662096                     /usr/lib/x86_64-linux-gnu/libXau.so.6.0.0
7f0b6bbe1000-7f0b6bde0000 ---p 00002000 08:14 662096                     /usr/lib/x86_64-linux-gnu/libXau.so.6.0.0
7f0b6bde0000-7f0b6bde1000 r-xp 00001000 08:14 662096                     /usr/lib/x86_64-linux-gnu/libXau.so.6.0.0
7f0b6bde1000-7f0b6bde2000 rwxp 00002000 08:14 662096                     /usr/lib/x86_64-linux-gnu/libXau.so.6.0.0
7f0b6bde2000-7f0b6bdff000 r-xp 00000000 08:14 662695                     /usr/lib/x86_64-linux-gnu/libxcb.so.1.1.0
7f0b6bdff000-7f0b6bffe000 ---p 0001d000 08:14 662695                     /usr/lib/x86_64-linux-gnu/libxcb.so.1.1.0
7f0b6bffe000-7f0b6bfff000 r-xp 0001c000 08:14 662695                     /usr/lib/x86_64-linux-gnu/libxcb.so.1.1.0
7f0b6bfff000-7f0b6c000000 rwxp 0001d000 08:14 662695                     /usr/lib/x86_64-linux-gnu/libxcb.so.1.1.0
7f0b6c000000-7f0b6c273000 rwxp 00000000 00:00 0 
7f0b6c273000-7f0b70000000 ---p 00000000 00:00 0 
7f0b70000000-7f0b70021000 rwxp 00000000 00:00 0 
7f0b70021000-7f0b74000000 ---p 00000000 00:00 0 
7f0b74000000-7f0b74021000 rwxp 00000000 00:00 0 
7f0b74021000-7f0b78000000 ---p 00000000 00:00 0 
7f0b78000000-7f0b78386000 rwxp 00000000 00:00 0 
7f0b78386000-7f0b7c000000 ---p 00000000 00:00 0 
7f0b7c000000-7f0b7c021000 rwxp 00000000 00:00 0 
7f0b7c021000-7f0b80000000 ---p 00000000 00:00 0 
7f0b80000000-7f0b80021000 rwxp 00000000 00:00 0 
7f0b80021000-7f0b84000000 ---p 00000000 00:00 0 
7f0b84000000-7f0b84021000 rwxp 00000000 00:00 0 
7f0b84021000-7f0b88000000 ---p 00000000 00:00 0 
7f0b88000000-7f0b88021000 rwxp 00000000 00:00 0 
7f0b88021000-7f0b8c000000 ---p 00000000 00:00 0 
7f0b8c000000-7f0b8c021000 rwxp 00000000 00:00 0 
7f0b8c021000-7f0b90000000 ---p 00000000 00:00 0 
7f0b90000000-7f0b90021000 rwxp 00000000 00:00 0 
7f0b90021000-7f0b94000000 ---p 00000000 00:00 0 
7f0b94000000-7f0b94021000 rwxp 00000000 00:00 0 
7f0b94021000-7f0b98000000 ---p 00000000 00:00 0 
7f0b98000000-7f0b98021000 rwxp 00000000 00:00 0 
7f0b98021000-7f0b9c000000 ---p 00000000 00:00 0 
7f0b9c000000-7f0b9c021000 rwxp 00000000 00:00 0 
7f0b9c021000-7f0ba0000000 ---p 00000000 00:00 0 
7f0ba0000000-7f0ba0021000 rwxp 00000000 00:00 0 
7f0ba0021000-7f0ba4000000 ---p 00000000 00:00 0 
7f0ba4000000-7f0ba4021000 rwxp 00000000 00:00 0 
7f0ba4021000-7f0ba8000000 ---p 00000000 00:00 0 
7f0ba8086000-7f0ba8094000 r-xp 00000000 08:14 662115                     /usr/lib/x86_64-linux-gnu/libXi.so.6.1.0
7f0ba8094000-7f0ba8293000 ---p 0000e000 08:14 662115                     /usr/lib/x86_64-linux-gnu/libXi.so.6.1.0
7f0ba8293000-7f0ba8294000 r-xp 0000d000 08:14 662115                     /usr/lib/x86_64-linux-gnu/libXi.so.6.1.0
7f0ba8294000-7f0ba8295000 rwxp 0000e000 08:14 662115                     /usr/lib/x86_64-linux-gnu/libXi.so.6.1.0
7f0ba8295000-7f0ba829a000 r-xp 00000000 08:14 662133                     /usr/lib/x86_64-linux-gnu/libXtst.so.6.1.0
7f0ba829a000-7f0ba8499000 ---p 00005000 08:14 662133                     /usr/lib/x86_64-linux-gnu/libXtst.so.6.1.0
7f0ba8499000-7f0ba849a000 r-xp 00004000 08:14 662133                     /usr/lib/x86_64-linux-gnu/libXtst.so.6.1.0
7f0ba849a000-7f0ba849b000 rwxp 00005000 08:14 662133                     /usr/lib/x86_64-linux-gnu/libXtst.so.6.1.0
7f0ba849b000-7f0ba85ca000 r-xp 00000000 08:14 662094                     /usr/lib/x86_64-linux-gnu/libX11.so.6.3.0
7f0ba85ca000-7f0ba87ca000 ---p 0012f000 08:14 662094                     /usr/lib/x86_64-linux-gnu/libX11.so.6.3.0
7f0ba87ca000-7f0ba87cb000 r-xp 0012f000 08:14 662094                     /usr/lib/x86_64-linux-gnu/libX11.so.6.3.0
7f0ba87cb000-7f0ba87cf000 rwxp 00130000 08:14 662094                     /usr/lib/x86_64-linux-gnu/libX11.so.6.3.0
7f0ba87cf000-7f0ba87df000 r-xp 00000000 08:14 662109                     /usr/lib/x86_64-linux-gnu/libXext.so.6.4.0
7f0ba87df000-7f0ba89de000 ---p 00010000 08:14 662109                     /usr/lib/x86_64-linux-gnu/libXext.so.6.4.0
7f0ba89de000-7f0ba89df000 r-xp 0000f000 08:14 662109                     /usr/lib/x86_64-linux-gnu/libXext.so.6.4.0
7f0ba89df000-7f0ba89e0000 rwxp 00010000 08:14 662109                     /usr/lib/x86_64-linux-gnu/libXext.so.6.4.0
7f0ba89e0000-7f0ba8a22000 r-xp 00000000 08:14 1571968                    /usr/lib/jvm/jre/lib/amd64/xawt/libmawt.so
7f0ba8a22000-7f0ba8b21000 ---p 00042000 08:14 1571968                    /usr/lib/jvm/jre/lib/amd64/xawt/libmawt.so
7f0ba8b21000-7f0ba8b2d000 rwxp 00041000 08:14 1571968                    /usr/lib/jvm/jre/lib/amd64/xawt/libmawt.so
7f0ba8b2d000-7f0ba8b2e000 rwxp 00000000 00:00 0 
7f0ba8b2e000-7f0ba8bc0000 r-xp 00000000 08:14 1454608                    /usr/lib/jvm/jre/lib/amd64/libawt.so
7f0ba8bc0000-7f0ba8cbf000 ---p 00092000 08:14 1454608                    /usr/lib/jvm/jre/lib/amd64/libawt.so
7f0ba8cbf000-7f0ba8cd9000 rwxp 00091000 08:14 1454608                    /usr/lib/jvm/jre/lib/amd64/libawt.so
7f0ba8cd9000-7f0ba8cfd000 rwxp 00000000 00:00 0 
7f0ba8cfd000-7f0ba8cfe000 ---p 00000000 00:00 0 
7f0ba8cfe000-7f0ba8dfe000 rwxp 00000000 00:00 0 
7f0ba8dfe000-7f0ba8e01000 ---p 00000000 00:00 0 
7f0ba8e01000-7f0ba8eff000 rwxp 00000000 00:00 0 
7f0ba8eff000-7f0ba8f02000 ---p 00000000 00:00 0 
7f0ba8f02000-7f0ba9270000 rwxp 00000000 00:00 0 
7f0ba9270000-7f0bac3aa000 rwxp 00000000 00:00 0 
7f0bac3aa000-7f0bb0000000 ---p 00000000 00:00 0 
7f0bb0048000-7f0bb0049000 rwxp 00000000 00:00 0 
7f0bb0049000-7f0bb004a000 r-xs 00000000 08:16 1707334                    /var/cache/fontconfig/c05880de57d1f5e948fdfacc138775d9-le64.cache-3
7f0bb004a000-7f0bb0053000 r-xs 00000000 08:16 1707329                    /var/cache/fontconfig/945677eb7aeaf62f1d50efc3fb3ec7d8-le64.cache-3
7f0bb0053000-7f0bb0055000 r-xs 00000000 08:16 1707330                    /var/cache/fontconfig/99e8ed0e538f840c565b6ed5dad60d56-le64.cache-3
7f0bb0055000-7f0bb0059000 r-xs 00000000 08:16 1707316                    /var/cache/fontconfig/2cd17615ca594fa2959ae173292e504c-le64.cache-3
7f0bb0059000-7f0bb005a000 r-xs 00000000 08:16 1707341                    /var/cache/fontconfig/e7071f4a29fa870f4323321c154eba04-le64.cache-3
7f0bb005a000-7f0bb005b000 r-xs 00000000 08:16 1707314                    /var/cache/fontconfig/0d8c3b2ac0904cb8a57a757ad11a4a08-le64.cache-3
7f0bb005b000-7f0bb0061000 r-xs 00000000 08:16 1707331                    /var/cache/fontconfig/a755afe4a08bf5b97852ceb7400b47bc-le64.cache-3
7f0bb0061000-7f0bb0065000 r-xs 00000000 08:16 1707325                    /var/cache/fontconfig/6d41288fd70b0be22e8c3a91e032eec0-le64.cache-3
7f0bb0065000-7f0bb0075000 r-xs 00000000 08:16 1707313                    /var/cache/fontconfig/04aabc0a78ac019cf9454389977116d2-le64.cache-3
7f0bb0075000-7f0bb0078000 r-xs 00000000 08:16 1707319                    /var/cache/fontconfig/385c0604a188198f04d133e54aba7fe7-le64.cache-3
7f0bb0078000-7f0bb0079000 r-xs 00000000 08:16 1707336                    /var/cache/fontconfig/4794a0821666d79190d59a36cb4f44b5-le64.cache-3
7f0bb0079000-7f0bb007c000 r-xs 00000000 08:16 1707328                    /var/cache/fontconfig/8801497958630a81b71ace7c5f9b32a8-le64.cache-3
7f0bb007c000-7f0bb0081000 r-xs 00000000 08:16 1707317                    /var/cache/fontconfig/3047814df9a2f067bd2d96a2b9c36e5a-le64.cache-3
7f0bb0081000-7f0bb0082000 r-xs 00000000 08:16 1707322                    /var/cache/fontconfig/56cf4f4769d0f4abc89a4895d7bd3ae1-le64.cache-3
7f0bb0082000-7f0bb0087000 r-xs 00000000 08:16 1707332                    /var/cache/fontconfig/b47c4e1ecd0709278f4910c18777a504-le64.cache-3
7f0bb0087000-7f0bb0097000 r-xs 00000000 08:16 1707337                    /var/cache/fontconfig/d52a8644073d54c13679302ca1180695-le64.cache-3
7f0bb0097000-7f0bb009d000 r-xs 00000000 08:16 1708054                    /var/cache/fontconfig/3f7329c5293ffd510edef78f73874cfd-le64.cache-3
7f0bb009d000-7f0bb00a8000 r-xs 00000000 08:16 1707971                    /var/cache/fontconfig/e13b20fdb08344e0e664864cc2ede53d-le64.cache-3
7f0bb00a8000-7f0bb00ac000 r-xs 00000000 08:16 1708053                    /var/cache/fontconfig/7ef2298fde41cc6eeb7af42e48b7d293-le64.cache-3
7f0bb00ac000-7f0bb00af000 ---p 00000000 00:00 0 
7f0bb00af000-7f0bb01ad000 rwxp 00000000 00:00 0 
7f0bb01ad000-7f0bb01b0000 ---p 00000000 00:00 0 
7f0bb01b0000-7f0bb02ae000 rwxp 00000000 00:00 0 
7f0bb02ae000-7f0bb0991000 r-xp 00000000 08:14 661138                     /usr/lib/locale/locale-archive
7f0bb0991000-7f0bb0994000 ---p 00000000 00:00 0 
7f0bb0994000-7f0bb0a92000 rwxp 00000000 00:00 0 
7f0bb0a92000-7f0bb0a95000 ---p 00000000 00:00 0 
7f0bb0a95000-7f0bb0b93000 rwxp 00000000 00:00 0 
7f0bb0b93000-7f0bb0b94000 ---p 00000000 00:00 0 
7f0bb0b94000-7f0bb15d1000 rwxp 00000000 00:00 0 
7f0bb15d1000-7f0bb1768000 r-xs 03079000 08:14 1454726                    /usr/lib/jvm/jre/lib/rt.jar
7f0bb1768000-7f0bb1790000 rwxp 00000000 00:00 0 
7f0bb1790000-7f0bb1791000 ---p 00000000 00:00 0 
7f0bb1791000-7f0bb1891000 rwxp 00000000 00:00 0 
7f0bb1891000-7f0bb1892000 ---p 00000000 00:00 0 
7f0bb1892000-7f0bb1992000 rwxp 00000000 00:00 0 
7f0bb1992000-7f0bb1993000 ---p 00000000 00:00 0 
7f0bb1993000-7f0bb1a93000 rwxp 00000000 00:00 0 
7f0bb1a93000-7f0bb1a94000 ---p 00000000 00:00 0 
7f0bb1a94000-7f0bb1b94000 rwxp 00000000 00:00 0 
7f0bb1b94000-7f0bb1b95000 ---p 00000000 00:00 0 
7f0bb1b95000-7f0bb1c95000 rwxp 00000000 00:00 0 
7f0bb1c95000-7f0bb1c96000 ---p 00000000 00:00 0 
7f0bb1c96000-7f0bb1d96000 rwxp 00000000 00:00 0 
7f0bb1d96000-7f0bb1d97000 ---p 00000000 00:00 0 
7f0bb1d97000-7f0bb1e97000 rwxp 00000000 00:00 0 
7f0bb1e97000-7f0bb1e98000 ---p 00000000 00:00 0 
7f0bb1e98000-7f0bb1fa3000 rwxp 00000000 00:00 0 
7f0bb1fa3000-7f0bb1fc1000 rwxp 00000000 00:00 0 
7f0bb1fc1000-7f0bb2000000 rwxp 00000000 00:00 0 
7f0bb2000000-7f0bb23aa000 rwxp 00000000 00:00 0 
7f0bb23aa000-7f0bb23b5000 rwxp 00000000 00:00 0 
7f0bb23b5000-7f0bb23d3000 rwxp 00000000 00:00 0 
7f0bb23d3000-7f0bb2412000 rwxp 00000000 00:00 0 
7f0bb2412000-7f0bb27bb000 rwxp 00000000 00:00 0 
7f0bb27bb000-7f0bb27db000 rwxp 00000000 00:00 0 
7f0bb27db000-7f0bb29b0000 rwxp 00000000 00:00 0 
7f0bb29b0000-7f0bb29b1000 rwxp 00000000 00:00 0 
7f0bb29b1000-7f0bb29bf000 r-xp 00000000 08:14 1454610                    /usr/lib/jvm/jre/lib/amd64/libzip.so
7f0bb29bf000-7f0bb2ac1000 ---p 0000e000 08:14 1454610                    /usr/lib/jvm/jre/lib/amd64/libzip.so
7f0bb2ac1000-7f0bb2ac4000 rwxp 00010000 08:14 1454610                    /usr/lib/jvm/jre/lib/amd64/libzip.so
7f0bb2ac4000-7f0bb2ac5000 rwxp 00000000 00:00 0 
7f0bb2ac5000-7f0bb2ad1000 r-xp 00000000 08:14 788702                     /lib/x86_64-linux-gnu/libnss_files-2.15.so
7f0bb2ad1000-7f0bb2cd0000 ---p 0000c000 08:14 788702                     /lib/x86_64-linux-gnu/libnss_files-2.15.so
7f0bb2cd0000-7f0bb2cd1000 r-xp 0000b000 08:14 788702                     /lib/x86_64-linux-gnu/libnss_files-2.15.so
7f0bb2cd1000-7f0bb2cd2000 rwxp 0000c000 08:14 788702                     /lib/x86_64-linux-gnu/libnss_files-2.15.so
7f0bb2cd2000-7f0bb2cdc000 r-xp 00000000 08:14 788706                     /lib/x86_64-linux-gnu/libnss_nis-2.15.so
7f0bb2cdc000-7f0bb2edc000 ---p 0000a000 08:14 788706                     /lib/x86_64-linux-gnu/libnss_nis-2.15.so
7f0bb2edc000-7f0bb2edd000 r-xp 0000a000 08:14 788706                     /lib/x86_64-linux-gnu/libnss_nis-2.15.so
7f0bb2edd000-7f0bb2ede000 rwxp 0000b000 08:14 788706                     /lib/x86_64-linux-gnu/libnss_nis-2.15.so
7f0bb2ede000-7f0bb2ee6000 r-xp 00000000 08:14 788698                     /lib/x86_64-linux-gnu/libnss_compat-2.15.so
7f0bb2ee6000-7f0bb30e5000 ---p 00008000 08:14 788698                     /lib/x86_64-linux-gnu/libnss_compat-2.15.so
7f0bb30e5000-7f0bb30e6000 r-xp 00007000 08:14 788698                     /lib/x86_64-linux-gnu/libnss_compat-2.15.so
7f0bb30e6000-7f0bb30e7000 rwxp 00008000 08:14 788698                     /lib/x86_64-linux-gnu/libnss_compat-2.15.so
7f0bb30e7000-7f0bb30fe000 r-xp 00000000 08:14 788696                     /lib/x86_64-linux-gnu/libnsl-2.15.so
7f0bb30fe000-7f0bb32fd000 ---p 00017000 08:14 788696                     /lib/x86_64-linux-gnu/libnsl-2.15.so
7f0bb32fd000-7f0bb32fe000 r-xp 00016000 08:14 788696                     /lib/x86_64-linux-gnu/libnsl-2.15.so
7f0bb32fe000-7f0bb32ff000 rwxp 00017000 08:14 788696                     /lib/x86_64-linux-gnu/libnsl-2.15.so
7f0bb32ff000-7f0bb3301000 rwxp 00000000 00:00 0 
7f0bb3301000-7f0bb332a000 r-xp 00000000 08:14 1450954                    /usr/lib/jvm/jre/lib/amd64/libjava.so
7f0bb332a000-7f0bb3429000 ---p 00029000 08:14 1450954                    /usr/lib/jvm/jre/lib/amd64/libjava.so
7f0bb3429000-7f0bb3430000 rwxp 00028000 08:14 1450954                    /usr/lib/jvm/jre/lib/amd64/libjava.so
7f0bb3430000-7f0bb343d000 r-xp 00000000 08:14 1450959                    /usr/lib/jvm/jre/lib/amd64/libverify.so
7f0bb343d000-7f0bb353c000 ---p 0000d000 08:14 1450959                    /usr/lib/jvm/jre/lib/amd64/libverify.so
7f0bb353c000-7f0bb353f000 rwxp 0000c000 08:14 1450959                    /usr/lib/jvm/jre/lib/amd64/libverify.so
7f0bb353f000-7f0bb3546000 r-xp 00000000 08:14 788737                     /lib/x86_64-linux-gnu/librt-2.15.so
7f0bb3546000-7f0bb3745000 ---p 00007000 08:14 788737                     /lib/x86_64-linux-gnu/librt-2.15.so
7f0bb3745000-7f0bb3746000 r-xp 00006000 08:14 788737                     /lib/x86_64-linux-gnu/librt-2.15.so
7f0bb3746000-7f0bb3747000 rwxp 00007000 08:14 788737                     /lib/x86_64-linux-gnu/librt-2.15.so
7f0bb3747000-7f0bb374a000 ---p 00000000 00:00 0 
7f0bb374a000-7f0bb3848000 rwxp 00000000 00:00 0 
7f0bb3848000-7f0bb3941000 r-xp 00000000 08:14 788683                     /lib/x86_64-linux-gnu/libm-2.15.so
7f0bb3941000-7f0bb3b40000 ---p 000f9000 08:14 788683                     /lib/x86_64-linux-gnu/libm-2.15.so
7f0bb3b40000-7f0bb3b41000 r-xp 000f8000 08:14 788683                     /lib/x86_64-linux-gnu/libm-2.15.so
7f0bb3b41000-7f0bb3b42000 rwxp 000f9000 08:14 788683                     /lib/x86_64-linux-gnu/libm-2.15.so
7f0bb3b42000-7f0bb445d000 r-xp 00000000 08:14 2100299                    /usr/lib/jvm/jre/lib/amd64/server/libjvm.so
7f0bb445d000-7f0bb455e000 ---p 0091b000 08:14 2100299                    /usr/lib/jvm/jre/lib/amd64/server/libjvm.so
7f0bb455e000-7f0bb4713000 rwxp 0091c000 08:14 2100299                    /usr/lib/jvm/jre/lib/amd64/server/libjvm.so
7f0bb4713000-7f0bb474d000 rwxp 00000000 00:00 0 
7f0bb474d000-7f0bb4900000 r-xp 00000000 08:14 788651                     /lib/x86_64-linux-gnu/libc-2.15.so
7f0bb4900000-7f0bb4aff000 ---p 001b3000 08:14 788651                     /lib/x86_64-linux-gnu/libc-2.15.so
7f0bb4aff000-7f0bb4b03000 r-xp 001b2000 08:14 788651                     /lib/x86_64-linux-gnu/libc-2.15.so
7f0bb4b03000-7f0bb4b05000 rwxp 001b6000 08:14 788651                     /lib/x86_64-linux-gnu/libc-2.15.so
7f0bb4b05000-7f0bb4b0a000 rwxp 00000000 00:00 0 
7f0bb4b0a000-7f0bb4b0c000 r-xp 00000000 08:14 788664                     /lib/x86_64-linux-gnu/libdl-2.15.so
7f0bb4b0c000-7f0bb4d0c000 ---p 00002000 08:14 788664                     /lib/x86_64-linux-gnu/libdl-2.15.so
7f0bb4d0c000-7f0bb4d0d000 r-xp 00002000 08:14 788664                     /lib/x86_64-linux-gnu/libdl-2.15.so
7f0bb4d0d000-7f0bb4d0e000 rwxp 00003000 08:14 788664                     /lib/x86_64-linux-gnu/libdl-2.15.so
7f0bb4d0e000-7f0bb4d26000 r-xp 00000000 08:14 788731                     /lib/x86_64-linux-gnu/libpthread-2.15.so
7f0bb4d26000-7f0bb4f25000 ---p 00018000 08:14 788731                     /lib/x86_64-linux-gnu/libpthread-2.15.so
7f0bb4f25000-7f0bb4f26000 r-xp 00017000 08:14 788731                     /lib/x86_64-linux-gnu/libpthread-2.15.so
7f0bb4f26000-7f0bb4f27000 rwxp 00018000 08:14 788731                     /lib/x86_64-linux-gnu/libpthread-2.15.so
7f0bb4f27000-7f0bb4f2b000 rwxp 00000000 00:00 0 
7f0bb4f2b000-7f0bb4f4d000 r-xp 00000000 08:14 788631                     /lib/x86_64-linux-gnu/ld-2.15.so
7f0bb4f4d000-7f0bb4f4e000 r-xs 00000000 08:16 1707333                    /var/cache/fontconfig/b9d506c9ac06c20b433354fa67a72993-le64.cache-3
7f0bb4f4e000-7f0bb4f4f000 r-xs 00001000 08:15 3674536                    /home/jailbirt/workspace/processingKinectExamples/libs/net/net.jar
7f0bb4f4f000-7f0bb4f51000 r-xs 00008000 08:15 3674360                    /home/jailbirt/workspace/processingKinectExamples/libs/peasycam/library/peasycam.jar
7f0bb4f51000-7f0bb4f52000 r-xs 00005000 08:15 2495492                    /home/jailbirt/workspace/processingKinectExamples/libs/OBJLoader/library/OBJLoader.jar
7f0bb4f52000-7f0bb4f55000 r-xs 00017000 08:15 2490784                    /home/jailbirt/workspace/processingKinectExamples/libs/minim/tritonus_share.jar
7f0bb4f55000-7f0bb4f56000 r-xs 00002000 08:15 2490783                    /home/jailbirt/workspace/processingKinectExamples/libs/minim/tritonus_aos.jar
7f0bb4f56000-7f0bb4f57000 r-xs 00005000 08:15 2490782                    /home/jailbirt/workspace/processingKinectExamples/libs/minim/mp3spi1.9.4.jar
7f0bb4f57000-7f0bb4f59000 r-xs 0000d000 08:15 2490781                    /home/jailbirt/workspace/processingKinectExamples/libs/minim/minim.jar
7f0bb4f59000-7f0bb4f5c000 r-xs 00017000 08:15 2490772                    /home/jailbirt/workspace/processingKinectExamples/libs/minim/jl1.0.jar
7f0bb4f5c000-7f0bb4f67000 r-xs 00108000 08:15 2247356                    /home/jailbirt/workspace/processingKinectExamples/libs/openGL/jogl.jar
7f0bb4f67000-7f0bb4f71000 rwxp 00000000 00:00 0 
7f0bb4f71000-7f0bb5027000 rwxp 00000000 00:00 0 
7f0bb5027000-7f0bb502a000 rwxp 00000000 00:00 0 
7f0bb502a000-7f0bb5031000 r-xp 00000000 08:14 1967149                    /usr/lib/jvm/jre/lib/amd64/jli/libjli.so
7f0bb5031000-7f0bb5132000 ---p 00007000 08:14 1967149                    /usr/lib/jvm/jre/lib/amd64/jli/libjli.so
7f0bb5132000-7f0bb5134000 rwxp 00008000 08:14 1967149                    /usr/lib/jvm/jre/lib/amd64/jli/libjli.so
7f0bb5134000-7f0bb5135000 rwxp 00000000 00:00 0 
7f0bb5135000-7f0bb5136000 r-xs 00000000 08:15 2490780                    /home/jailbirt/workspace/processingKinectExamples/libs/minim/minim-spi.jar
7f0bb5136000-7f0bb5137000 r-xs 0000b000 08:15 2490779                    /home/jailbirt/workspace/processingKinectExamples/libs/minim/jsminim.jar
7f0bb5137000-7f0bb5138000 r-xs 00003000 08:15 2247358                    /home/jailbirt/workspace/processingKinectExamples/libs/openGL/opengl.jar
7f0bb5138000-7f0bb5139000 r-xs 00004000 08:15 2247355                    /home/jailbirt/workspace/processingKinectExamples/libs/openGL/gluegen-rt.jar
7f0bb5139000-7f0bb513c000 r-xs 00022000 08:15 2247359                    /home/jailbirt/workspace/processingKinectExamples/libs/simpleOpenNi/SimpleOpenNI.jar
7f0bb513c000-7f0bb513e000 r-xs 0002b000 08:15 2247352                    /home/jailbirt/workspace/processingKinectExamples/libs/core.jar
7f0bb513e000-7f0bb5141000 r-xs 0000f000 08:14 1577185                    /usr/lib/jvm/jre/lib/ext/pulse-java.jar
7f0bb5141000-7f0bb5149000 rwxs 00000000 08:14 392698                     /tmp/hsperfdata_jailbirt/5105
7f0bb5149000-7f0bb514a000 rwxp 00000000 00:00 0 
7f0bb514a000-7f0bb514b000 r-xp 00000000 00:00 0 
7f0bb514b000-7f0bb514d000 rwxp 00000000 00:00 0 
7f0bb514d000-7f0bb514e000 r-xp 00022000 08:14 788631                     /lib/x86_64-linux-gnu/ld-2.15.so
7f0bb514e000-7f0bb5150000 rwxp 00023000 08:14 788631                     /lib/x86_64-linux-gnu/ld-2.15.so
7fff29ea3000-7fff29ec5000 rwxp 00000000 00:00 0                          [stack]
7fff29fff000-7fff2a000000 r-xp 00000000 00:00 0                          [vdso]
ffffffffff600000-ffffffffff601000 r-xp 00000000 00:00 0                  [vsyscall]

VM Arguments:
jvm_args: -Djava.library.path=/home/jailbirt/workspace/processingKinectTemplate/bin:/home/jailbirt/workspace/processingKinectTemplate/libs/simpleOpenNi/library:/home/jailbirt/workspace/processingKinectTemplate/libs/openGL/linux64:/home/jailbirt/workspace/processingKinectTemplate/libs/openGL/linux64 -Djava.security.policy=java.policy.applet -Dfile.encoding=UTF-8 
java_command: sun.applet.AppletViewer userTracking.simpleTracking1339885285314.html
Launcher Type: SUN_STANDARD

Environment Variables:
PATH=/usr/lib/lightdm/lightdm:/usr/local/sbin:/usr/local/bin:/usr/sbin:/usr/bin:/sbin:/bin:/usr/games
LD_LIBRARY_PATH=/usr/lib/jvm/jre/lib/amd64/server:/usr/lib/jvm/jre/lib/amd64:/usr/lib/jvm/jre/../lib/amd64
SHELL=/bin/bash
DISPLAY=:0

Signal Handlers:
SIGSEGV: [libjvm.so+0x8602a0], sa_mask[0]=0x7ffbfeff, sa_flags=0x10000004
SIGBUS: [libjvm.so+0x8602a0], sa_mask[0]=0x7ffbfeff, sa_flags=0x10000004
SIGFPE: [libjvm.so+0x70ef10], sa_mask[0]=0x7ffbfeff, sa_flags=0x10000004
SIGPIPE: [libjvm.so+0x70ef10], sa_mask[0]=0x7ffbfeff, sa_flags=0x10000004
SIGXFSZ: [libjvm.so+0x70ef10], sa_mask[0]=0x7ffbfeff, sa_flags=0x10000004
SIGILL: [libjvm.so+0x70ef10], sa_mask[0]=0x7ffbfeff, sa_flags=0x10000004
SIGUSR1: SIG_DFL, sa_mask[0]=0x00000000, sa_flags=0x00000000
SIGUSR2: [libjvm.so+0x711d40], sa_mask[0]=0x00000004, sa_flags=0x10000004
SIGHUP: [libjvm.so+0x711940], sa_mask[0]=0x7ffbfeff, sa_flags=0x10000004
SIGINT: [libjvm.so+0x711940], sa_mask[0]=0x7ffbfeff, sa_flags=0x10000004
SIGTERM: [libjvm.so+0x711940], sa_mask[0]=0x7ffbfeff, sa_flags=0x10000004
SIGQUIT: [libjvm.so+0x711940], sa_mask[0]=0x7ffbfeff, sa_flags=0x10000004


---------------  S Y S T E M  ---------------

OS:wheezy/sid

uname:Linux 3.2.0-25-generic #40-Ubuntu SMP Wed May 23 20:30:51 UTC 2012 x86_64
libc:glibc 2.15 NPTL 2.15 
rlimit: STACK 8192k, CORE 0k, NPROC 95831, NOFILE 4096, AS infinity
load average:0.39 0.47 0.46

/proc/meminfo:
MemTotal:       12290140 kB
MemFree:         9356816 kB
Buffers:           72720 kB
Cached:          1101972 kB
SwapCached:            0 kB
Active:          1980548 kB
Inactive:         643008 kB
Active(anon):    1449984 kB
Inactive(anon):    11344 kB
Active(file):     530564 kB
Inactive(file):   631664 kB
Unevictable:          32 kB
Mlocked:              32 kB
SwapTotal:       8388604 kB
SwapFree:        8388604 kB
Dirty:               304 kB
Writeback:             0 kB
AnonPages:       1449148 kB
Mapped:           217044 kB
Shmem:             12472 kB
Slab:              87376 kB
SReclaimable:      53568 kB
SUnreclaim:        33808 kB
KernelStack:        4104 kB
PageTables:        30072 kB
NFS_Unstable:          0 kB
Bounce:                0 kB
WritebackTmp:          0 kB
CommitLimit:    14533672 kB
Committed_AS:    3561408 kB
VmallocTotal:   34359738367 kB
VmallocUsed:      179372 kB
VmallocChunk:   34359552508 kB
HardwareCorrupted:     0 kB
AnonHugePages:         0 kB
HugePages_Total:       0
HugePages_Free:        0
HugePages_Rsvd:        0
HugePages_Surp:        0
Hugepagesize:       2048 kB
DirectMap4k:      134976 kB
DirectMap2M:    12431360 kB


CPU:total 8 (4 cores per cpu, 2 threads per core) family 6 model 42 stepping 7, cmov, cx8, fxsr, mmx, sse, sse2, sse3, ssse3, sse4.1, sse4.2, popcnt, ht

/proc/cpuinfo:
processor	: 0
vendor_id	: GenuineIntel
cpu family	: 6
model		: 42
model name	: Intel(R) Core(TM) i7-2600 CPU @ 3.40GHz
stepping	: 7
microcode	: 0x14
cpu MHz		: 1600.000
cache size	: 8192 KB
physical id	: 0
siblings	: 8
core id		: 0
cpu cores	: 4
apicid		: 0
initial apicid	: 0
fpu		: yes
fpu_exception	: yes
cpuid level	: 13
wp		: yes
flags		: fpu vme de pse tsc msr pae mce cx8 apic sep mtrr pge mca cmov pat pse36 clflush dts acpi mmx fxsr sse sse2 ss ht tm pbe syscall nx rdtscp lm constant_tsc arch_perfmon pebs bts rep_good nopl xtopology nonstop_tsc aperfmperf pni pclmulqdq dtes64 monitor ds_cpl vmx smx est tm2 ssse3 cx16 xtpr pdcm pcid sse4_1 sse4_2 x2apic popcnt tsc_deadline_timer aes xsave avx lahf_lm ida arat epb xsaveopt pln pts dts tpr_shadow vnmi flexpriority ept vpid
bogomips	: 6784.65
clflush size	: 64
cache_alignment	: 64
address sizes	: 36 bits physical, 48 bits virtual
power management:

processor	: 1
vendor_id	: GenuineIntel
cpu family	: 6
model		: 42
model name	: Intel(R) Core(TM) i7-2600 CPU @ 3.40GHz
stepping	: 7
microcode	: 0x14
cpu MHz		: 1600.000
cache size	: 8192 KB
physical id	: 0
siblings	: 8
core id		: 1
cpu cores	: 4
apicid		: 2
initial apicid	: 2
fpu		: yes
fpu_exception	: yes
cpuid level	: 13
wp		: yes
flags		: fpu vme de pse tsc msr pae mce cx8 apic sep mtrr pge mca cmov pat pse36 clflush dts acpi mmx fxsr sse sse2 ss ht tm pbe syscall nx rdtscp lm constant_tsc arch_perfmon pebs bts rep_good nopl xtopology nonstop_tsc aperfmperf pni pclmulqdq dtes64 monitor ds_cpl vmx smx est tm2 ssse3 cx16 xtpr pdcm pcid sse4_1 sse4_2 x2apic popcnt tsc_deadline_timer aes xsave avx lahf_lm ida arat epb xsaveopt pln pts dts tpr_shadow vnmi flexpriority ept vpid
bogomips	: 6784.26
clflush size	: 64
cache_alignment	: 64
address sizes	: 36 bits physical, 48 bits virtual
power management:

processor	: 2
vendor_id	: GenuineIntel
cpu family	: 6
model		: 42
model name	: Intel(R) Core(TM) i7-2600 CPU @ 3.40GHz
stepping	: 7
microcode	: 0x14
cpu MHz		: 1600.000
cache size	: 8192 KB
physical id	: 0
siblings	: 8
core id		: 2
cpu cores	: 4
apicid		: 4
initial apicid	: 4
fpu		: yes
fpu_exception	: yes
cpuid level	: 13
wp		: yes
flags		: fpu vme de pse tsc msr pae mce cx8 apic sep mtrr pge mca cmov pat pse36 clflush dts acpi mmx fxsr sse sse2 ss ht tm pbe syscall nx rdtscp lm constant_tsc arch_perfmon pebs bts rep_good nopl xtopology nonstop_tsc aperfmperf pni pclmulqdq dtes64 monitor ds_cpl vmx smx est tm2 ssse3 cx16 xtpr pdcm pcid sse4_1 sse4_2 x2apic popcnt tsc_deadline_timer aes xsave avx lahf_lm ida arat epb xsaveopt pln pts dts tpr_shadow vnmi flexpriority ept vpid
bogomips	: 6784.26
clflush size	: 64
cache_alignment	: 64
address sizes	: 36 bits physical, 48 bits virtual
power management:

processor	: 3
vendor_id	: GenuineIntel
cpu family	: 6
model		: 42
model name	: Intel(R) Core(TM) i7-2600 CPU @ 3.40GHz
stepping	: 7
microcode	: 0x14
cpu MHz		: 1600.000
cache size	: 8192 KB
physical id	: 0
siblings	: 8
core id		: 3
cpu cores	: 4
apicid		: 6
initial apicid	: 6
fpu		: yes
fpu_exception	: yes
cpuid level	: 13
wp		: yes
flags		: fpu vme de pse tsc msr pae mce cx8 apic sep mtrr pge mca cmov pat pse36 clflush dts acpi mmx fxsr sse sse2 ss ht tm pbe syscall nx rdtscp lm constant_tsc arch_perfmon pebs bts rep_good nopl xtopology nonstop_tsc aperfmperf pni pclmulqdq dtes64 monitor ds_cpl vmx smx est tm2 ssse3 cx16 xtpr pdcm pcid sse4_1 sse4_2 x2apic popcnt tsc_deadline_timer aes xsave avx lahf_lm ida arat epb xsaveopt pln pts dts tpr_shadow vnmi flexpriority ept vpid
bogomips	: 6784.26
clflush size	: 64
cache_alignment	: 64
address sizes	: 36 bits physical, 48 bits virtual
power management:

processor	: 4
vendor_id	: GenuineIntel
cpu family	: 6
model		: 42
model name	: Intel(R) Core(TM) i7-2600 CPU @ 3.40GHz
stepping	: 7
microcode	: 0x14
cpu MHz		: 1600.000
cache size	: 8192 KB
physical id	: 0
siblings	: 8
core id		: 0
cpu cores	: 4
apicid		: 1
initial apicid	: 1
fpu		: yes
fpu_exception	: yes
cpuid level	: 13
wp		: yes
flags		: fpu vme de pse tsc msr pae mce cx8 apic sep mtrr pge mca cmov pat pse36 clflush dts acpi mmx fxsr sse sse2 ss ht tm pbe syscall nx rdtscp lm constant_tsc arch_perfmon pebs bts rep_good nopl xtopology nonstop_tsc aperfmperf pni pclmulqdq dtes64 monitor ds_cpl vmx smx est tm2 ssse3 cx16 xtpr pdcm pcid sse4_1 sse4_2 x2apic popcnt tsc_deadline_timer aes xsave avx lahf_lm ida arat epb xsaveopt pln pts dts tpr_shadow vnmi flexpriority ept vpid
bogomips	: 6784.26
clflush size	: 64
cache_alignment	: 64
address sizes	: 36 bits physical, 48 bits virtual
power management:

processor	: 5
vendor_id	: GenuineIntel
cpu family	: 6
model		: 42
model name	: Intel(R) Core(TM) i7-2600 CPU @ 3.40GHz
stepping	: 7
microcode	: 0x14
cpu MHz		: 1600.000
cache size	: 8192 KB
physical id	: 0
siblings	: 8
core id		: 1
cpu cores	: 4
apicid		: 3
initial apicid	: 3
fpu		: yes
fpu_exception	: yes
cpuid level	: 13
wp		: yes
flags		: fpu vme de pse tsc msr pae mce cx8 apic sep mtrr pge mca cmov pat pse36 clflush dts acpi mmx fxsr sse sse2 ss ht tm pbe syscall nx rdtscp lm constant_tsc arch_perfmon pebs bts rep_good nopl xtopology nonstop_tsc aperfmperf pni pclmulqdq dtes64 monitor ds_cpl vmx smx est tm2 ssse3 cx16 xtpr pdcm pcid sse4_1 sse4_2 x2apic popcnt tsc_deadline_timer aes xsave avx lahf_lm ida arat epb xsaveopt pln pts dts tpr_shadow vnmi flexpriority ept vpid
bogomips	: 6784.26
clflush size	: 64
cache_alignment	: 64
address sizes	: 36 bits physical, 48 bits virtual
power management:

processor	: 6
vendor_id	: GenuineIntel
cpu family	: 6
model		: 42
model name	: Intel(R) Core(TM) i7-2600 CPU @ 3.40GHz
stepping	: 7
microcode	: 0x14
cpu MHz		: 1600.000
cache size	: 8192 KB
physical id	: 0
siblings	: 8
core id		: 2
cpu cores	: 4
apicid		: 5
initial apicid	: 5
fpu		: yes
fpu_exception	: yes
cpuid level	: 13
wp		: yes
flags		: fpu vme de pse tsc msr pae mce cx8 apic sep mtrr pge mca cmov pat pse36 clflush dts acpi mmx fxsr sse sse2 ss ht tm pbe syscall nx rdtscp lm constant_tsc arch_perfmon pebs bts rep_good nopl xtopology nonstop_tsc aperfmperf pni pclmulqdq dtes64 monitor ds_cpl vmx smx est tm2 ssse3 cx16 xtpr pdcm pcid sse4_1 sse4_2 x2apic popcnt tsc_deadline_timer aes xsave avx lahf_lm ida arat epb xsaveopt pln pts dts tpr_shadow vnmi flexpriority ept vpid
bogomips	: 6784.27
clflush size	: 64
cache_alignment	: 64
address sizes	: 36 bits physical, 48 bits virtual
power management:

processor	: 7
vendor_id	: GenuineIntel
cpu family	: 6
model		: 42
model name	: Intel(R) Core(TM) i7-2600 CPU @ 3.40GHz
stepping	: 7
microcode	: 0x14
cpu MHz		: 1600.000
cache size	: 8192 KB
physical id	: 0
siblings	: 8
core id		: 3
cpu cores	: 4
apicid		: 7
initial apicid	: 7
fpu		: yes
fpu_exception	: yes
cpuid level	: 13
wp		: yes
flags		: fpu vme de pse tsc msr pae mce cx8 apic sep mtrr pge mca cmov pat pse36 clflush dts acpi mmx fxsr sse sse2 ss ht tm pbe syscall nx rdtscp lm constant_tsc arch_perfmon pebs bts rep_good nopl xtopology nonstop_tsc aperfmperf pni pclmulqdq dtes64 monitor ds_cpl vmx smx est tm2 ssse3 cx16 xtpr pdcm pcid sse4_1 sse4_2 x2apic popcnt tsc_deadline_timer aes xsave avx lahf_lm ida arat epb xsaveopt pln pts dts tpr_shadow vnmi flexpriority ept vpid
bogomips	: 6784.26
clflush size	: 64
cache_alignment	: 64
address sizes	: 36 bits physical, 48 bits virtual
power management:



Memory: 4k page, physical 12290140k(9356816k free), swap 8388604k(8388604k free)

vm_info: Java HotSpot(TM) 64-Bit Server VM (20.7-b02) for linux-amd64 JRE (1.6.0_32-b05), built on Apr  5 2012 14:09:59 by "java_re" with gcc 3.2.2 (SuSE Linux)

time: Sat Jun 16 19:21:27 2012
elapsed time: 2 seconds

