#
# A fatal error has been detected by the Java Runtime Environment:
#
#  SIGSEGV (0xb) at pc=0x00007f2788fe759d, pid=5205, tid=139808837670656
#
# JRE version: 6.0_32-b05
# Java VM: Java HotSpot(TM) 64-Bit Server VM (20.7-b02 mixed mode linux-amd64 compressed oops)
# Problematic frame:
# C  [libXnVFeatures_1_5_2.so+0x8b59d]  Segmentation::detectionByPoint(bool, std::vector<Vector2D<int>, std::allocator<Vector2D<int> > > const*)+0x8d
#
# If you would like to submit a bug report, please visit:
#   http://java.sun.com/webapps/bugreport/crash.jsp
# The crash happened outside the Java Virtual Machine in native code.
# See problematic frame for where to report the bug.
#

---------------  T H R E A D  ---------------

Current thread (0x00007f2794012800):  JavaThread "Animation Thread" [_thread_in_native, id=5236, stack(0x00007f27c80b1000,0x00007f27c81b2000)]

siginfo:si_signo=SIGSEGV: si_errno=0, si_code=2 (SEGV_ACCERR), si_addr=0x00007f276e73e062

Registers:
RAX=0x0000000000000079, RBX=0x00007f278531da30, RCX=0x00007f276e72f5b0, RDX=0x00000000000000bb
RSP=0x00007f27c81b0130, RBP=0x00007f277d993e60, RSI=0x0000000000007559, RDI=0x00007f277d993fe0
R8 =0x0000000000000000, R9 =0x0101010101010101, R10=0x00007f277da52a21, R11=0x00007f27f1fcd72c
R12=0x00007f2789589d88, R13=0x00007f27c81b0290, R14=0x00007f277ca03050, R15=0x0000000000000000
RIP=0x00007f2788fe759d, EFLAGS=0x0000000000010206, CSGSFS=0x0000000000000033, ERR=0x0000000000000004
  TRAPNO=0x000000000000000e

Top of Stack: (sp=0x00007f27c81b0130)
0x00007f27c81b0130:   00007f2784a30870 7fffffff00000000
0x00007f27c81b0140:   00007f2784a30870 00007f277d993fe0
0x00007f27c81b0150:   00007f277d9952e0 00007f277d993e60
0x00007f27c81b0160:   00007f277d993fe0 00007f277d98ed80
0x00007f27c81b0170:   00007f27c81b0290 00007f277ca03050
0x00007f27c81b0180:   0000000000000000 00007f2788feebc0
0x00007f27c81b0190:   0000000000235041 0000000000235041
0x00007f27c81b01a0:   0000000000000000 3ff0000000000000
0x00007f27c81b01b0:   00007f278958a5a8 0000000000000001
0x00007f27c81b01c0:   0000000000000040 00007f277ca03010
0x00007f27c81b01d0:   00007f277d98ed80 00007f277d96df88
0x00007f27c81b01e0:   00007f277ca03050 00007f277ca03028
0x00007f27c81b01f0:   00007f27c81b0290 00007f2788fd799b
0x00007f27c81b0200:   00007f277da84190 0000000000000008
0x00007f27c81b0210:   000000000023434e 000000000023434e
0x00007f27c81b0220:   0000000000000000 3ff0000000000000
0x00007f27c81b0230:   0000000000000000 00007f2788fb18bd
0x00007f27c81b0240:   00007f27c81b02b0 00007f277185f01c
0x00007f27c81b0250:   0000000000000001 00007f277185f000
0x00007f27c81b0260:   00007f278530d740 00007f278402e820
0x00007f27c81b0270:   00007f2794012800 00007f2788fad03f
0x00007f27c81b0280:   0000000000000177 00007f278bb17489
0x00007f27c81b0290:   00007f278531da30 00007f278531da38
0x00007f27c81b02a0:   00007f278531da38 00007f2784a2fe91
0x00007f27c81b02b0:   000000bb00000079 00007f278530d740
0x00007f27c81b02c0:   00007f278530d740 00007f278530d740
0x00007f27c81b02d0:   00007f278597fee0 0000000000000051
0x00007f27c81b02e0:   00007f276e697560 00007f2788fad5bf
0x00007f27c81b02f0:   00007f2789571af0 00007f278b58d4ec
0x00007f27c81b0300:   00007f2789573d10 0000000000000000
0x00007f27c81b0310:   0000000000039070 0009600000000001
0x00007f27c81b0320:   ffffffff00000001 00007f27c81b0364 

Instructions: (pc=0x00007f2788fe759d)
0x00007f2788fe757d:   39 5d 08 0f 84 d2 01 00 00 8b 53 04 41 8b 74 24
0x00007f2788fe758d:   3c 49 8b 4c 24 28 8b 03 0f af f2 48 8b 09 01 c6
0x00007f2788fe759d:   66 83 3c 71 00 74 d4 48 63 8d 88 01 00 00 48 8b
0x00007f2788fe75ad:   7c 24 18 48 69 c9 d8 03 00 00 48 8d 74 0f 10 48 

Register to memory mapping:

RAX=0x0000000000000079 is an unknown value
RBX=0x00007f278531da30 is an unknown value
RCX=0x00007f276e72f5b0 is an unknown value
RDX=0x00000000000000bb is an unknown value
RSP=0x00007f27c81b0130 is pointing into the stack for thread: 0x00007f2794012800
RBP=0x00007f277d993e60 is an unknown value
RSI=0x0000000000007559 is an unknown value
RDI=0x00007f277d993fe0 is an unknown value
R8 =0x0000000000000000 is an unknown value
R9 =0x0101010101010101 is an unknown value
R10=0x00007f277da52a21 is an unknown value
R11=0x00007f27f1fcd72c: <offset 0x8b72c> in /lib/x86_64-linux-gnu/libc.so.6 at 0x00007f27f1f42000
R12=0x00007f2789589d88: <offset 0x62dd88> in /usr/lib/libXnVFeatures_1_5_2.so at 0x00007f2788f5c000
R13=0x00007f27c81b0290 is pointing into the stack for thread: 0x00007f2794012800
R14=0x00007f277ca03050 is an unknown value
R15=0x0000000000000000 is an unknown value


Stack: [0x00007f27c80b1000,0x00007f27c81b2000],  sp=0x00007f27c81b0130,  free space=1020k
Native frames: (J=compiled Java code, j=interpreted, Vv=VM code, C=native code)
C  [libXnVFeatures_1_5_2.so+0x8b59d]  Segmentation::detectionByPoint(bool, std::vector<Vector2D<int>, std::allocator<Vector2D<int> > > const*)+0x8d

Java frames: (J=compiled Java code, j=interpreted, Vv=VM code)
j  SimpleOpenNI.SimpleOpenNIJNI.ContextWrapper_updateSwigExplicitContextWrapper__SWIG_0(JLSimpleOpenNI/ContextWrapper;)V+0
j  SimpleOpenNI.ContextWrapper.update()V+26
j  SimpleOpenNI.SimpleOpenNI.update()V+1
j  userTracking.simpleTracking.draw()V+4
j  processing.core.PApplet.handleDraw()V+145
j  processing.core.PApplet.run()V+72
j  java.lang.Thread.run()V+11
v  ~StubRoutines::call_stub

---------------  P R O C E S S  ---------------

Java Threads: ( => current thread )
=>0x00007f2794012800 JavaThread "Animation Thread" [_thread_in_native, id=5236, stack(0x00007f27c80b1000,0x00007f27c81b2000)]
  0x00007f2794007800 JavaThread "AWT-EventQueue-1" [_thread_blocked, id=5235, stack(0x00007f27c81b2000,0x00007f27c82b3000)]
  0x00007f27ec008000 JavaThread "DestroyJavaVM" [_thread_blocked, id=5210, stack(0x00007f27f0f3c000,0x00007f27f103d000)]
  0x00007f27ec35f000 JavaThread "AWT-EventQueue-0" [_thread_blocked, id=5233, stack(0x00007f27c84d2000,0x00007f27c85d3000)]
  0x00007f27ec359800 JavaThread "AWT-Shutdown" [_thread_blocked, id=5232, stack(0x00007f27c85d3000,0x00007f27c86d4000)]
  0x00007f27ec348000 JavaThread "thread applet-userTracking.simpleTracking.class" [_thread_blocked, id=5231, stack(0x00007f27c8804000,0x00007f27c8905000)]
  0x00007f27ec33f000 JavaThread "AWT-XAWT" daemon [_thread_in_native, id=5229, stack(0x00007f27c8905000,0x00007f27c8a06000)]
  0x00007f27ec24c800 JavaThread "Java2D Disposer" daemon [_thread_blocked, id=5228, stack(0x00007f27c9036000,0x00007f27c9137000)]
  0x00007f27ec099800 JavaThread "Low Memory Detector" daemon [_thread_blocked, id=5226, stack(0x00007f27ca675000,0x00007f27ca776000)]
  0x00007f27ec097800 JavaThread "C2 CompilerThread1" daemon [_thread_blocked, id=5225, stack(0x00007f27ca776000,0x00007f27ca877000)]
  0x00007f27ec094800 JavaThread "C2 CompilerThread0" daemon [_thread_blocked, id=5224, stack(0x00007f27ca877000,0x00007f27ca978000)]
  0x00007f27ec092800 JavaThread "Signal Dispatcher" daemon [_thread_blocked, id=5223, stack(0x00007f27ca978000,0x00007f27caa79000)]
  0x00007f27ec076000 JavaThread "Finalizer" daemon [_thread_blocked, id=5221, stack(0x00007f27cb15c000,0x00007f27cb25d000)]
  0x00007f27ec074000 JavaThread "Reference Handler" daemon [_thread_blocked, id=5220, stack(0x00007f27cb25d000,0x00007f27cb35e000)]

Other Threads:
  0x00007f27ec06d800 VMThread [stack: 0x00007f27cb35e000,0x00007f27cb45f000] [id=5219]
  0x00007f27ec0ac800 WatcherThread [stack: 0x00007f27ca574000,0x00007f27ca675000] [id=5227]

VM state:not at safepoint (normal execution)

VM Mutex/Monitor currently owned by a thread: None

Heap
 PSYoungGen      total 56000K, used 47762K [0x00000007c1760000, 0x00000007c55e0000, 0x0000000800000000)
  eden space 48000K, 99% used [0x00000007c1760000,0x00000007c4604a10,0x00000007c4640000)
  from space 8000K, 0% used [0x00000007c4e10000,0x00000007c4e10000,0x00000007c55e0000)
  to   space 8000K, 0% used [0x00000007c4640000,0x00000007c4640000,0x00000007c4e10000)
 PSOldGen        total 128064K, used 0K [0x0000000744600000, 0x000000074c310000, 0x00000007c1760000)
  object space 128064K, 0% used [0x0000000744600000,0x0000000744600000,0x000000074c310000)
 PSPermGen       total 21248K, used 11382K [0x000000073f400000, 0x00000007408c0000, 0x0000000744600000)
  object space 21248K, 53% used [0x000000073f400000,0x000000073ff1d938,0x00000007408c0000)

Code Cache  [0x00007f27e9000000, 0x00007f27e9270000, 0x00007f27ec000000)
 total_blobs=527 nmethods=39 adapters=443 free_code_cache=49680320 largest_free_block=18688

Dynamic libraries:
40000000-40009000 r-xp 00000000 08:14 1192322                            /usr/lib/jvm/bin/java
40108000-4010a000 rwxp 00008000 08:14 1192322                            /usr/lib/jvm/bin/java
412eb000-4130c000 rwxp 00000000 00:00 0                                  [heap]
73f400000-7408c0000 rwxp 00000000 00:00 0 
7408c0000-744600000 rwxp 00000000 00:00 0 
744600000-74c310000 rwxp 00000000 00:00 0 
74c310000-7c1760000 rwxp 00000000 00:00 0 
7c1760000-7c55e0000 rwxp 00000000 00:00 0 
7c55e0000-800000000 rwxp 00000000 00:00 0 
7f276c000000-7f276e822000 rwxp 00000000 00:00 0 
7f276e822000-7f2770000000 ---p 00000000 00:00 0 
7f277185f000-7f2771860000 rwxs 00000000 00:12 18770                      /run/shm/045e.02ae@2.12-SM
7f2771860000-7f277198c000 rwxs 00000000 00:04 1409029                    /SYSV00000000 (deleted)
7f277198c000-7f2778000000 rwxp 00000000 00:00 0 
7f2778000000-7f2778026000 rwxp 00000000 00:00 0 
7f2778026000-7f277c000000 ---p 00000000 00:00 0 
7f277c095000-7f277e066000 rwxp 00000000 00:00 0 
7f277e066000-7f277e76e000 r-xs 00000000 00:12 23629                      /run/shm/5239_045e.02ae@2.12_Depth
7f277e76e000-7f277e89b000 rwxp 00000000 00:00 0 
7f277e89b000-7f277e89c000 ---p 00000000 00:00 0 
7f277e89c000-7f277f49d000 rwxp 00000000 00:00 0 
7f277f49d000-7f277f52f000 r-xp 00000000 08:14 658014                     /usr/lib/libXnDeviceSensorV2.so
7f277f52f000-7f277f72e000 ---p 00092000 08:14 658014                     /usr/lib/libXnDeviceSensorV2.so
7f277f72e000-7f277f73e000 r-xp 00091000 08:14 658014                     /usr/lib/libXnDeviceSensorV2.so
7f277f73e000-7f277f73f000 rwxp 000a1000 08:14 658014                     /usr/lib/libXnDeviceSensorV2.so
7f277f73f000-7f277f766000 r-xp 00000000 08:14 673565                     /usr/lib/libXnDeviceFile.so
7f277f766000-7f277f966000 ---p 00027000 08:14 673565                     /usr/lib/libXnDeviceFile.so
7f277f966000-7f277f968000 r-xp 00027000 08:14 673565                     /usr/lib/libXnDeviceFile.so
7f277f968000-7f277f969000 rwxp 00029000 08:14 673565                     /usr/lib/libXnDeviceFile.so
7f277f969000-7f277f9b1000 r-xp 00000000 08:14 673564                     /usr/lib/libXnDDK.so
7f277f9b1000-7f277fbb1000 ---p 00048000 08:14 673564                     /usr/lib/libXnDDK.so
7f277fbb1000-7f277fbb4000 r-xp 00048000 08:14 673564                     /usr/lib/libXnDDK.so
7f277fbb4000-7f277fbb6000 rwxp 0004b000 08:14 673564                     /usr/lib/libXnDDK.so
7f277fbb6000-7f277fbda000 r-xp 00000000 08:14 673567                     /usr/lib/libXnFormats.so
7f277fbda000-7f277fdda000 ---p 00024000 08:14 673567                     /usr/lib/libXnFormats.so
7f277fdda000-7f277fddb000 r-xp 00024000 08:14 673567                     /usr/lib/libXnFormats.so
7f277fddb000-7f277fddc000 rwxp 00025000 08:14 673567                     /usr/lib/libXnFormats.so
7f277fddc000-7f277fdfc000 rwxp 00000000 00:00 0 
7f277fdfc000-7f277fdff000 r-xp 00000000 08:14 673563                     /usr/lib/libXnCore.so
7f277fdff000-7f277fffe000 ---p 00003000 08:14 673563                     /usr/lib/libXnCore.so
7f277fffe000-7f277ffff000 r-xp 00002000 08:14 673563                     /usr/lib/libXnCore.so
7f277ffff000-7f2780000000 rwxp 00003000 08:14 673563                     /usr/lib/libXnCore.so
7f2780000000-7f2780021000 rwxp 00000000 00:00 0 
7f2780021000-7f2784000000 ---p 00000000 00:00 0 
7f2784000000-7f2788000000 rwxp 00000000 00:00 0 
7f278802e000-7f2788110000 rwxp 00000000 00:00 0 
7f2788110000-7f2788199000 r-xp 00000000 08:14 673566                     /usr/lib/libXnDeviceSensorV2KM.so
7f2788199000-7f2788398000 ---p 00089000 08:14 673566                     /usr/lib/libXnDeviceSensorV2KM.so
7f2788398000-7f27883a8000 r-xp 00088000 08:14 673566                     /usr/lib/libXnDeviceSensorV2KM.so
7f27883a8000-7f27883a9000 rwxp 00098000 08:14 673566                     /usr/lib/libXnDeviceSensorV2KM.so
7f27883a9000-7f278849d000 r-xp 00000000 08:14 673497                     /usr/lib/libXnVHandGenerator_1_5_2.so
7f278849d000-7f278869c000 ---p 000f4000 08:14 673497                     /usr/lib/libXnVHandGenerator_1_5_2.so
7f278869c000-7f27886a1000 r-xp 000f3000 08:14 673497                     /usr/lib/libXnVHandGenerator_1_5_2.so
7f27886a1000-7f27886a2000 rwxp 000f8000 08:14 673497                     /usr/lib/libXnVHandGenerator_1_5_2.so
7f27886a2000-7f27886b0000 rwxp 00000000 00:00 0 
7f27886b0000-7f2788788000 r-xp 00000000 08:14 673494                     /usr/lib/libXnVHandGenerator_1_4_2.so
7f2788788000-7f2788987000 ---p 000d8000 08:14 673494                     /usr/lib/libXnVHandGenerator_1_4_2.so
7f2788987000-7f278898c000 r-xp 000d7000 08:14 673494                     /usr/lib/libXnVHandGenerator_1_4_2.so
7f278898c000-7f278898d000 rwxp 000dc000 08:14 673494                     /usr/lib/libXnVHandGenerator_1_4_2.so
7f278898d000-7f2788990000 rwxp 00000000 00:00 0 
7f2788990000-7f2788a68000 r-xp 00000000 08:14 673491                     /usr/lib/libXnVHandGenerator_1_4_1.so
7f2788a68000-7f2788c67000 ---p 000d8000 08:14 673491                     /usr/lib/libXnVHandGenerator_1_4_1.so
7f2788c67000-7f2788c6c000 r-xp 000d7000 08:14 673491                     /usr/lib/libXnVHandGenerator_1_4_1.so
7f2788c6c000-7f2788c6d000 rwxp 000dc000 08:14 673491                     /usr/lib/libXnVHandGenerator_1_4_1.so
7f2788c6d000-7f2788c70000 rwxp 00000000 00:00 0 
7f2788c70000-7f2788d53000 r-xp 00000000 08:14 673488                     /usr/lib/libXnVHandGenerator_1_3_1.so
7f2788d53000-7f2788f53000 ---p 000e3000 08:14 673488                     /usr/lib/libXnVHandGenerator_1_3_1.so
7f2788f53000-7f2788f58000 r-xp 000e3000 08:14 673488                     /usr/lib/libXnVHandGenerator_1_3_1.so
7f2788f58000-7f2788f59000 rwxp 000e8000 08:14 673488                     /usr/lib/libXnVHandGenerator_1_3_1.so
7f2788f59000-7f2788f5c000 rwxp 00000000 00:00 0 
7f2788f5c000-7f2789371000 r-xp 00000000 08:14 673481                     /usr/lib/libXnVFeatures_1_5_2.so
7f2789371000-7f2789571000 ---p 00415000 08:14 673481                     /usr/lib/libXnVFeatures_1_5_2.so
7f2789571000-7f2789582000 r-xp 00415000 08:14 673481                     /usr/lib/libXnVFeatures_1_5_2.so
7f2789582000-7f2789584000 rwxp 00426000 08:14 673481                     /usr/lib/libXnVFeatures_1_5_2.so
7f2789584000-7f2789599000 rwxp 00000000 00:00 0 
7f2789599000-7f2789790000 r-xp 00000000 08:14 673470                     /usr/lib/libXnVFeatures_1_4_2.so
7f2789790000-7f278998f000 ---p 001f7000 08:14 673470                     /usr/lib/libXnVFeatures_1_4_2.so
7f278998f000-7f2789995000 r-xp 001f6000 08:14 673470                     /usr/lib/libXnVFeatures_1_4_2.so
7f2789995000-7f2789996000 rwxp 001fc000 08:14 673470                     /usr/lib/libXnVFeatures_1_4_2.so
7f2789996000-7f278999c000 rwxp 00000000 00:00 0 
7f278999c000-7f2789b93000 r-xp 00000000 08:14 673465                     /usr/lib/libXnVFeatures_1_4_1.so
7f2789b93000-7f2789d92000 ---p 001f7000 08:14 673465                     /usr/lib/libXnVFeatures_1_4_1.so
7f2789d92000-7f2789d98000 r-xp 001f6000 08:14 673465                     /usr/lib/libXnVFeatures_1_4_1.so
7f2789d98000-7f2789d99000 rwxp 001fc000 08:14 673465                     /usr/lib/libXnVFeatures_1_4_1.so
7f2789d99000-7f2789d9f000 rwxp 00000000 00:00 0 
7f2789d9f000-7f2789fe4000 r-xp 00000000 08:14 673460                     /usr/lib/libXnVFeatures_1_3_1.so
7f2789fe4000-7f278a1e4000 ---p 00245000 08:14 673460                     /usr/lib/libXnVFeatures_1_3_1.so
7f278a1e4000-7f278a1ea000 r-xp 00245000 08:14 673460                     /usr/lib/libXnVFeatures_1_3_1.so
7f278a1ea000-7f278a1eb000 rwxp 0024b000 08:14 673460                     /usr/lib/libXnVFeatures_1_3_1.so
7f278a1eb000-7f278a1f2000 rwxp 00000000 00:00 0 
7f278a1f2000-7f278a210000 r-xp 00000000 08:14 673299                     /usr/lib/libnimRecorder.so
7f278a210000-7f278a40f000 ---p 0001e000 08:14 673299                     /usr/lib/libnimRecorder.so
7f278a40f000-7f278a411000 r-xp 0001d000 08:14 673299                     /usr/lib/libnimRecorder.so
7f278a411000-7f278a412000 rwxp 0001f000 08:14 673299                     /usr/lib/libnimRecorder.so
7f278a412000-7f278a448000 r-xp 00000000 08:14 673297                     /usr/lib/libnimCodecs.so
7f278a448000-7f278a648000 ---p 00036000 08:14 673297                     /usr/lib/libnimCodecs.so
7f278a648000-7f278a64b000 r-xp 00036000 08:14 673297                     /usr/lib/libnimCodecs.so
7f278a64b000-7f278a64c000 rwxp 00039000 08:14 673297                     /usr/lib/libnimCodecs.so
7f278a64c000-7f278a66c000 rwxp 00000000 00:00 0 
7f278a66c000-7f278a6a3000 r-xp 00000000 08:14 673298                     /usr/lib/libnimMockNodes.so
7f278a6a3000-7f278a8a2000 ---p 00037000 08:14 673298                     /usr/lib/libnimMockNodes.so
7f278a8a2000-7f278a8af000 r-xp 00036000 08:14 673298                     /usr/lib/libnimMockNodes.so
7f278a8af000-7f278a8b0000 rwxp 00043000 08:14 673298                     /usr/lib/libnimMockNodes.so
7f278a8b0000-7f278a8b1000 ---p 00000000 00:00 0 
7f278a8b1000-7f278b0b1000 rwxp 00000000 00:00 0 
7f278b0b1000-7f278b0bf000 r-xp 00000000 08:14 788754                     /lib/x86_64-linux-gnu/libusb-1.0.so.0.1.0
7f278b0bf000-7f278b2be000 ---p 0000e000 08:14 788754                     /lib/x86_64-linux-gnu/libusb-1.0.so.0.1.0
7f278b2be000-7f278b2bf000 r-xp 0000d000 08:14 788754                     /lib/x86_64-linux-gnu/libusb-1.0.so.0.1.0
7f278b2bf000-7f278b2c0000 rwxp 0000e000 08:14 788754                     /lib/x86_64-linux-gnu/libusb-1.0.so.0.1.0
7f278b2c0000-7f278b2d5000 r-xp 00000000 08:14 788672                     /lib/x86_64-linux-gnu/libgcc_s.so.1
7f278b2d5000-7f278b4d4000 ---p 00015000 08:14 788672                     /lib/x86_64-linux-gnu/libgcc_s.so.1
7f278b4d4000-7f278b4d5000 r-xp 00014000 08:14 788672                     /lib/x86_64-linux-gnu/libgcc_s.so.1
7f278b4d5000-7f278b4d6000 rwxp 00015000 08:14 788672                     /lib/x86_64-linux-gnu/libgcc_s.so.1
7f278b4d6000-7f278b5b8000 r-xp 00000000 08:14 662623                     /usr/lib/x86_64-linux-gnu/libstdc++.so.6.0.16
7f278b5b8000-7f278b7b7000 ---p 000e2000 08:14 662623                     /usr/lib/x86_64-linux-gnu/libstdc++.so.6.0.16
7f278b7b7000-7f278b7bf000 r-xp 000e1000 08:14 662623                     /usr/lib/x86_64-linux-gnu/libstdc++.so.6.0.16
7f278b7bf000-7f278b7c1000 rwxp 000e9000 08:14 662623                     /usr/lib/x86_64-linux-gnu/libstdc++.so.6.0.16
7f278b7c1000-7f278b7d6000 rwxp 00000000 00:00 0 
7f278b7d6000-7f278b8b9000 r-xp 00000000 08:14 673381                     /usr/lib/libXnVNite_1_5_2.so
7f278b8b9000-7f278bab8000 ---p 000e3000 08:14 673381                     /usr/lib/libXnVNite_1_5_2.so
7f278bab8000-7f278babd000 r-xp 000e2000 08:14 673381                     /usr/lib/libXnVNite_1_5_2.so
7f278babd000-7f278babf000 rwxp 000e7000 08:14 673381                     /usr/lib/libXnVNite_1_5_2.so
7f278babf000-7f278bb3c000 r-xp 00000000 08:14 673301                     /usr/lib/libOpenNI.so
7f278bb3c000-7f278bd3b000 ---p 0007d000 08:14 673301                     /usr/lib/libOpenNI.so
7f278bd3b000-7f278bd3e000 r-xp 0007c000 08:14 673301                     /usr/lib/libOpenNI.so
7f278bd3e000-7f278bd41000 rwxp 0007f000 08:14 673301                     /usr/lib/libOpenNI.so
7f278bd41000-7f278bd42000 rwxp 00000000 00:00 0 
7f278bd42000-7f278bdf8000 r-xp 00000000 08:15 2627742                    /home/jailbirt/workspace/processingKinectExamples/libs/simpleOpenNi/library/library/libSimpleOpenNI64.so
7f278bdf8000-7f278bff8000 ---p 000b6000 08:15 2627742                    /home/jailbirt/workspace/processingKinectExamples/libs/simpleOpenNi/library/library/libSimpleOpenNI64.so
7f278bff8000-7f278bffc000 r-xp 000b6000 08:15 2627742                    /home/jailbirt/workspace/processingKinectExamples/libs/simpleOpenNi/library/library/libSimpleOpenNI64.so
7f278bffc000-7f278bfff000 rwxp 000ba000 08:15 2627742                    /home/jailbirt/workspace/processingKinectExamples/libs/simpleOpenNi/library/library/libSimpleOpenNI64.so
7f278bfff000-7f278c000000 rwxp 00000000 00:00 0 
7f278c000000-7f278c11a000 rwxp 00000000 00:00 0 
7f278c11a000-7f2790000000 ---p 00000000 00:00 0 
7f2790000000-7f27900e5000 rwxp 00000000 00:00 0 
7f27900e5000-7f2794000000 ---p 00000000 00:00 0 
7f2794000000-7f27940c7000 rwxp 00000000 00:00 0 
7f27940c7000-7f2798000000 ---p 00000000 00:00 0 
7f2798000000-7f2798021000 rwxp 00000000 00:00 0 
7f2798021000-7f279c000000 ---p 00000000 00:00 0 
7f279c000000-7f279c021000 rwxp 00000000 00:00 0 
7f279c021000-7f27a0000000 ---p 00000000 00:00 0 
7f27a0000000-7f27a0021000 rwxp 00000000 00:00 0 
7f27a0021000-7f27a4000000 ---p 00000000 00:00 0 
7f27a4000000-7f27a4021000 rwxp 00000000 00:00 0 
7f27a4021000-7f27a8000000 ---p 00000000 00:00 0 
7f27a8000000-7f27a8021000 rwxp 00000000 00:00 0 
7f27a8021000-7f27ac000000 ---p 00000000 00:00 0 
7f27ac000000-7f27ac23f000 rwxp 00000000 00:00 0 
7f27ac23f000-7f27b0000000 ---p 00000000 00:00 0 
7f27b0000000-7f27b031c000 rwxp 00000000 00:00 0 
7f27b031c000-7f27b4000000 ---p 00000000 00:00 0 
7f27b4000000-7f27b4021000 rwxp 00000000 00:00 0 
7f27b4021000-7f27b8000000 ---p 00000000 00:00 0 
7f27b8000000-7f27b8021000 rwxp 00000000 00:00 0 
7f27b8021000-7f27bc000000 ---p 00000000 00:00 0 
7f27bc000000-7f27bc021000 rwxp 00000000 00:00 0 
7f27bc021000-7f27c0000000 ---p 00000000 00:00 0 
7f27c0000000-7f27c0021000 rwxp 00000000 00:00 0 
7f27c0021000-7f27c4000000 ---p 00000000 00:00 0 
7f27c4000000-7f27c4021000 rwxp 00000000 00:00 0 
7f27c4021000-7f27c8000000 ---p 00000000 00:00 0 
7f27c801a000-7f27c80b1000 rwxp 00000000 00:00 0 
7f27c80b1000-7f27c80b4000 ---p 00000000 00:00 0 
7f27c80b4000-7f27c81b2000 rwxp 00000000 00:00 0 
7f27c81b2000-7f27c81b5000 ---p 00000000 00:00 0 
7f27c81b5000-7f27c82b3000 rwxp 00000000 00:00 0 
7f27c82b3000-7f27c82ba000 r-xp 00000000 08:14 1450962                    /usr/lib/jvm/jre/lib/amd64/libnio.so
7f27c82ba000-7f27c83b9000 ---p 00007000 08:14 1450962                    /usr/lib/jvm/jre/lib/amd64/libnio.so
7f27c83b9000-7f27c83bb000 rwxp 00006000 08:14 1450962                    /usr/lib/jvm/jre/lib/amd64/libnio.so
7f27c83bb000-7f27c83ce000 r-xp 00000000 08:14 1450940                    /usr/lib/jvm/jre/lib/amd64/libnet.so
7f27c83ce000-7f27c84cf000 ---p 00013000 08:14 1450940                    /usr/lib/jvm/jre/lib/amd64/libnet.so
7f27c84cf000-7f27c84d2000 rwxp 00014000 08:14 1450940                    /usr/lib/jvm/jre/lib/amd64/libnet.so
7f27c84d2000-7f27c84d5000 ---p 00000000 00:00 0 
7f27c84d5000-7f27c85d3000 rwxp 00000000 00:00 0 
7f27c85d3000-7f27c85d6000 ---p 00000000 00:00 0 
7f27c85d6000-7f27c86d4000 rwxp 00000000 00:00 0 
7f27c86d4000-7f27c86d5000 r-xs 00000000 08:16 1707334                    /var/cache/fontconfig/c05880de57d1f5e948fdfacc138775d9-le64.cache-3
7f27c86d5000-7f27c86de000 r-xs 00000000 08:16 1707329                    /var/cache/fontconfig/945677eb7aeaf62f1d50efc3fb3ec7d8-le64.cache-3
7f27c86de000-7f27c86e0000 r-xs 00000000 08:16 1707330                    /var/cache/fontconfig/99e8ed0e538f840c565b6ed5dad60d56-le64.cache-3
7f27c86e0000-7f27c86e4000 r-xs 00000000 08:16 1707316                    /var/cache/fontconfig/2cd17615ca594fa2959ae173292e504c-le64.cache-3
7f27c86e4000-7f27c86e5000 r-xs 00000000 08:16 1707341                    /var/cache/fontconfig/e7071f4a29fa870f4323321c154eba04-le64.cache-3
7f27c86e5000-7f27c86e6000 r-xs 00000000 08:16 1707314                    /var/cache/fontconfig/0d8c3b2ac0904cb8a57a757ad11a4a08-le64.cache-3
7f27c86e6000-7f27c86ec000 r-xs 00000000 08:16 1707331                    /var/cache/fontconfig/a755afe4a08bf5b97852ceb7400b47bc-le64.cache-3
7f27c86ec000-7f27c86f0000 r-xs 00000000 08:16 1707325                    /var/cache/fontconfig/6d41288fd70b0be22e8c3a91e032eec0-le64.cache-3
7f27c86f0000-7f27c8700000 r-xs 00000000 08:16 1707313                    /var/cache/fontconfig/04aabc0a78ac019cf9454389977116d2-le64.cache-3
7f27c8700000-7f27c8703000 r-xs 00000000 08:16 1707319                    /var/cache/fontconfig/385c0604a188198f04d133e54aba7fe7-le64.cache-3
7f27c8703000-7f27c8704000 r-xs 00000000 08:16 1707336                    /var/cache/fontconfig/4794a0821666d79190d59a36cb4f44b5-le64.cache-3
7f27c8704000-7f27c8707000 r-xs 00000000 08:16 1707328                    /var/cache/fontconfig/8801497958630a81b71ace7c5f9b32a8-le64.cache-3
7f27c8707000-7f27c870c000 r-xs 00000000 08:16 1707317                    /var/cache/fontconfig/3047814df9a2f067bd2d96a2b9c36e5a-le64.cache-3
7f27c870c000-7f27c870d000 r-xs 00000000 08:16 1707322                    /var/cache/fontconfig/56cf4f4769d0f4abc89a4895d7bd3ae1-le64.cache-3
7f27c870d000-7f27c870e000 r-xs 00000000 08:16 1707333                    /var/cache/fontconfig/b9d506c9ac06c20b433354fa67a72993-le64.cache-3
7f27c870e000-7f27c8713000 r-xs 00000000 08:16 1707332                    /var/cache/fontconfig/b47c4e1ecd0709278f4910c18777a504-le64.cache-3
7f27c8713000-7f27c8723000 r-xs 00000000 08:16 1707337                    /var/cache/fontconfig/d52a8644073d54c13679302ca1180695-le64.cache-3
7f27c876d000-7f27c8804000 rwxp 00000000 00:00 0 
7f27c8804000-7f27c8807000 ---p 00000000 00:00 0 
7f27c8807000-7f27c8905000 rwxp 00000000 00:00 0 
7f27c8905000-7f27c8908000 ---p 00000000 00:00 0 
7f27c8908000-7f27c8a06000 rwxp 00000000 00:00 0 
7f27c8a06000-7f27c8a0b000 r-xp 00000000 08:14 662111                     /usr/lib/x86_64-linux-gnu/libXfixes.so.3.1.0
7f27c8a0b000-7f27c8c0a000 ---p 00005000 08:14 662111                     /usr/lib/x86_64-linux-gnu/libXfixes.so.3.1.0
7f27c8c0a000-7f27c8c0b000 r-xp 00004000 08:14 662111                     /usr/lib/x86_64-linux-gnu/libXfixes.so.3.1.0
7f27c8c0b000-7f27c8c0c000 rwxp 00005000 08:14 662111                     /usr/lib/x86_64-linux-gnu/libXfixes.so.3.1.0
7f27c8c0c000-7f27c8c15000 r-xp 00000000 08:14 662129                     /usr/lib/x86_64-linux-gnu/libXrender.so.1.3.0
7f27c8c15000-7f27c8e14000 ---p 00009000 08:14 662129                     /usr/lib/x86_64-linux-gnu/libXrender.so.1.3.0
7f27c8e14000-7f27c8e15000 r-xp 00008000 08:14 662129                     /usr/lib/x86_64-linux-gnu/libXrender.so.1.3.0
7f27c8e15000-7f27c8e16000 rwxp 00009000 08:14 662129                     /usr/lib/x86_64-linux-gnu/libXrender.so.1.3.0
7f27c8e16000-7f27c8e1f000 r-xp 00000000 08:14 662103                     /usr/lib/x86_64-linux-gnu/libXcursor.so.1.0.2
7f27c8e1f000-7f27c901e000 ---p 00009000 08:14 662103                     /usr/lib/x86_64-linux-gnu/libXcursor.so.1.0.2
7f27c901e000-7f27c901f000 r-xp 00008000 08:14 662103                     /usr/lib/x86_64-linux-gnu/libXcursor.so.1.0.2
7f27c901f000-7f27c9020000 rwxp 00009000 08:14 662103                     /usr/lib/x86_64-linux-gnu/libXcursor.so.1.0.2
7f27c9036000-7f27c9039000 ---p 00000000 00:00 0 
7f27c9039000-7f27c9137000 rwxp 00000000 00:00 0 
7f27c9137000-7f27c91b0000 r-xp 00000000 08:14 1454604                    /usr/lib/jvm/jre/lib/amd64/libfontmanager.so
7f27c91b0000-7f27c92af000 ---p 00079000 08:14 1454604                    /usr/lib/jvm/jre/lib/amd64/libfontmanager.so
7f27c92af000-7f27c92c4000 rwxp 00078000 08:14 1454604                    /usr/lib/jvm/jre/lib/amd64/libfontmanager.so
7f27c92c4000-7f27c92d6000 rwxp 00000000 00:00 0 
7f27c92d6000-7f27c92db000 r-xp 00000000 08:14 662107                     /usr/lib/x86_64-linux-gnu/libXdmcp.so.6.0.0
7f27c92db000-7f27c94da000 ---p 00005000 08:14 662107                     /usr/lib/x86_64-linux-gnu/libXdmcp.so.6.0.0
7f27c94da000-7f27c94db000 r-xp 00004000 08:14 662107                     /usr/lib/x86_64-linux-gnu/libXdmcp.so.6.0.0
7f27c94db000-7f27c94dc000 rwxp 00005000 08:14 662107                     /usr/lib/x86_64-linux-gnu/libXdmcp.so.6.0.0
7f27c94dc000-7f27c94de000 r-xp 00000000 08:14 662096                     /usr/lib/x86_64-linux-gnu/libXau.so.6.0.0
7f27c94de000-7f27c96dd000 ---p 00002000 08:14 662096                     /usr/lib/x86_64-linux-gnu/libXau.so.6.0.0
7f27c96dd000-7f27c96de000 r-xp 00001000 08:14 662096                     /usr/lib/x86_64-linux-gnu/libXau.so.6.0.0
7f27c96de000-7f27c96df000 rwxp 00002000 08:14 662096                     /usr/lib/x86_64-linux-gnu/libXau.so.6.0.0
7f27c96df000-7f27c96fc000 r-xp 00000000 08:14 662695                     /usr/lib/x86_64-linux-gnu/libxcb.so.1.1.0
7f27c96fc000-7f27c98fb000 ---p 0001d000 08:14 662695                     /usr/lib/x86_64-linux-gnu/libxcb.so.1.1.0
7f27c98fb000-7f27c98fc000 r-xp 0001c000 08:14 662695                     /usr/lib/x86_64-linux-gnu/libxcb.so.1.1.0
7f27c98fc000-7f27c98fd000 rwxp 0001d000 08:14 662695                     /usr/lib/x86_64-linux-gnu/libxcb.so.1.1.0
7f27c98fd000-7f27c990b000 r-xp 00000000 08:14 662115                     /usr/lib/x86_64-linux-gnu/libXi.so.6.1.0
7f27c990b000-7f27c9b0a000 ---p 0000e000 08:14 662115                     /usr/lib/x86_64-linux-gnu/libXi.so.6.1.0
7f27c9b0a000-7f27c9b0b000 r-xp 0000d000 08:14 662115                     /usr/lib/x86_64-linux-gnu/libXi.so.6.1.0
7f27c9b0b000-7f27c9b0c000 rwxp 0000e000 08:14 662115                     /usr/lib/x86_64-linux-gnu/libXi.so.6.1.0
7f27c9b0c000-7f27c9b11000 r-xp 00000000 08:14 662133                     /usr/lib/x86_64-linux-gnu/libXtst.so.6.1.0
7f27c9b11000-7f27c9d10000 ---p 00005000 08:14 662133                     /usr/lib/x86_64-linux-gnu/libXtst.so.6.1.0
7f27c9d10000-7f27c9d11000 r-xp 00004000 08:14 662133                     /usr/lib/x86_64-linux-gnu/libXtst.so.6.1.0
7f27c9d11000-7f27c9d12000 rwxp 00005000 08:14 662133                     /usr/lib/x86_64-linux-gnu/libXtst.so.6.1.0
7f27c9d12000-7f27c9e41000 r-xp 00000000 08:14 662094                     /usr/lib/x86_64-linux-gnu/libX11.so.6.3.0
7f27c9e41000-7f27ca041000 ---p 0012f000 08:14 662094                     /usr/lib/x86_64-linux-gnu/libX11.so.6.3.0
7f27ca041000-7f27ca042000 r-xp 0012f000 08:14 662094                     /usr/lib/x86_64-linux-gnu/libX11.so.6.3.0
7f27ca042000-7f27ca046000 rwxp 00130000 08:14 662094                     /usr/lib/x86_64-linux-gnu/libX11.so.6.3.0
7f27ca046000-7f27ca056000 r-xp 00000000 08:14 662109                     /usr/lib/x86_64-linux-gnu/libXext.so.6.4.0
7f27ca056000-7f27ca255000 ---p 00010000 08:14 662109                     /usr/lib/x86_64-linux-gnu/libXext.so.6.4.0
7f27ca255000-7f27ca256000 r-xp 0000f000 08:14 662109                     /usr/lib/x86_64-linux-gnu/libXext.so.6.4.0
7f27ca256000-7f27ca257000 rwxp 00010000 08:14 662109                     /usr/lib/x86_64-linux-gnu/libXext.so.6.4.0
7f27ca257000-7f27ca299000 r-xp 00000000 08:14 1571968                    /usr/lib/jvm/jre/lib/amd64/xawt/libmawt.so
7f27ca299000-7f27ca398000 ---p 00042000 08:14 1571968                    /usr/lib/jvm/jre/lib/amd64/xawt/libmawt.so
7f27ca398000-7f27ca3a4000 rwxp 00041000 08:14 1571968                    /usr/lib/jvm/jre/lib/amd64/xawt/libmawt.so
7f27ca3a4000-7f27ca3a5000 rwxp 00000000 00:00 0 
7f27ca3a5000-7f27ca437000 r-xp 00000000 08:14 1454608                    /usr/lib/jvm/jre/lib/amd64/libawt.so
7f27ca437000-7f27ca536000 ---p 00092000 08:14 1454608                    /usr/lib/jvm/jre/lib/amd64/libawt.so
7f27ca536000-7f27ca550000 rwxp 00091000 08:14 1454608                    /usr/lib/jvm/jre/lib/amd64/libawt.so
7f27ca550000-7f27ca574000 rwxp 00000000 00:00 0 
7f27ca574000-7f27ca575000 ---p 00000000 00:00 0 
7f27ca575000-7f27ca675000 rwxp 00000000 00:00 0 
7f27ca675000-7f27ca678000 ---p 00000000 00:00 0 
7f27ca678000-7f27ca776000 rwxp 00000000 00:00 0 
7f27ca776000-7f27ca779000 ---p 00000000 00:00 0 
7f27ca779000-7f27ca877000 rwxp 00000000 00:00 0 
7f27ca877000-7f27ca87a000 ---p 00000000 00:00 0 
7f27ca87a000-7f27ca978000 rwxp 00000000 00:00 0 
7f27ca978000-7f27ca97b000 ---p 00000000 00:00 0 
7f27ca97b000-7f27caa79000 rwxp 00000000 00:00 0 
7f27caa79000-7f27cb15c000 r-xp 00000000 08:14 661138                     /usr/lib/locale/locale-archive
7f27cb15c000-7f27cb15f000 ---p 00000000 00:00 0 
7f27cb15f000-7f27cb25d000 rwxp 00000000 00:00 0 
7f27cb25d000-7f27cb260000 ---p 00000000 00:00 0 
7f27cb260000-7f27cb35e000 rwxp 00000000 00:00 0 
7f27cb35e000-7f27cb35f000 ---p 00000000 00:00 0 
7f27cb35f000-7f27cbd68000 rwxp 00000000 00:00 0 
7f27cbd68000-7f27cbeff000 r-xs 03079000 08:14 1454726                    /usr/lib/jvm/jre/lib/rt.jar
7f27cbeff000-7f27cbf00000 ---p 00000000 00:00 0 
7f27cbf00000-7f27cc000000 rwxp 00000000 00:00 0 
7f27cc000000-7f27cc021000 rwxp 00000000 00:00 0 
7f27cc021000-7f27d0000000 ---p 00000000 00:00 0 
7f27d0000000-7f27d0021000 rwxp 00000000 00:00 0 
7f27d0021000-7f27d4000000 ---p 00000000 00:00 0 
7f27d4000000-7f27d4021000 rwxp 00000000 00:00 0 
7f27d4021000-7f27d8000000 ---p 00000000 00:00 0 
7f27d8000000-7f27d8021000 rwxp 00000000 00:00 0 
7f27d8021000-7f27dc000000 ---p 00000000 00:00 0 
7f27dc000000-7f27dc021000 rwxp 00000000 00:00 0 
7f27dc021000-7f27e0000000 ---p 00000000 00:00 0 
7f27e0000000-7f27e0021000 rwxp 00000000 00:00 0 
7f27e0021000-7f27e4000000 ---p 00000000 00:00 0 
7f27e4000000-7f27e4021000 rwxp 00000000 00:00 0 
7f27e4021000-7f27e8000000 ---p 00000000 00:00 0 
7f27e800a000-7f27e800b000 ---p 00000000 00:00 0 
7f27e800b000-7f27e810b000 rwxp 00000000 00:00 0 
7f27e810b000-7f27e810c000 ---p 00000000 00:00 0 
7f27e810c000-7f27e820c000 rwxp 00000000 00:00 0 
7f27e820c000-7f27e820d000 ---p 00000000 00:00 0 
7f27e820d000-7f27e830d000 rwxp 00000000 00:00 0 
7f27e830d000-7f27e830e000 ---p 00000000 00:00 0 
7f27e830e000-7f27e840e000 rwxp 00000000 00:00 0 
7f27e840e000-7f27e840f000 ---p 00000000 00:00 0 
7f27e840f000-7f27e850f000 rwxp 00000000 00:00 0 
7f27e850f000-7f27e8510000 ---p 00000000 00:00 0 
7f27e8510000-7f27e864f000 rwxp 00000000 00:00 0 
7f27e864f000-7f27e89f9000 rwxp 00000000 00:00 0 
7f27e89f9000-7f27e8a04000 rwxp 00000000 00:00 0 
7f27e8a04000-7f27e8a22000 rwxp 00000000 00:00 0 
7f27e8a22000-7f27e8a61000 rwxp 00000000 00:00 0 
7f27e8a61000-7f27e8e0a000 rwxp 00000000 00:00 0 
7f27e8e0a000-7f27e8e2a000 rwxp 00000000 00:00 0 
7f27e8e2a000-7f27e8fff000 rwxp 00000000 00:00 0 
7f27e8fff000-7f27e9270000 rwxp 00000000 00:00 0 
7f27e9270000-7f27ec3c2000 rwxp 00000000 00:00 0 
7f27ec3c2000-7f27f0000000 ---p 00000000 00:00 0 
7f27f000b000-7f27f0011000 r-xs 00000000 08:16 1708054                    /var/cache/fontconfig/3f7329c5293ffd510edef78f73874cfd-le64.cache-3
7f27f0011000-7f27f001c000 r-xs 00000000 08:16 1707971                    /var/cache/fontconfig/e13b20fdb08344e0e664864cc2ede53d-le64.cache-3
7f27f001c000-7f27f0020000 r-xs 00000000 08:16 1708053                    /var/cache/fontconfig/7ef2298fde41cc6eeb7af42e48b7d293-le64.cache-3
7f27f0020000-7f27f007c000 rwxp 00000000 00:00 0 
7f27f007c000-7f27f007d000 ---p 00000000 00:00 0 
7f27f007d000-7f27f0188000 rwxp 00000000 00:00 0 
7f27f0188000-7f27f01a6000 rwxp 00000000 00:00 0 
7f27f01a6000-7f27f01b4000 r-xp 00000000 08:14 1454610                    /usr/lib/jvm/jre/lib/amd64/libzip.so
7f27f01b4000-7f27f02b6000 ---p 0000e000 08:14 1454610                    /usr/lib/jvm/jre/lib/amd64/libzip.so
7f27f02b6000-7f27f02b9000 rwxp 00010000 08:14 1454610                    /usr/lib/jvm/jre/lib/amd64/libzip.so
7f27f02b9000-7f27f02ba000 rwxp 00000000 00:00 0 
7f27f02ba000-7f27f02c6000 r-xp 00000000 08:14 788702                     /lib/x86_64-linux-gnu/libnss_files-2.15.so
7f27f02c6000-7f27f04c5000 ---p 0000c000 08:14 788702                     /lib/x86_64-linux-gnu/libnss_files-2.15.so
7f27f04c5000-7f27f04c6000 r-xp 0000b000 08:14 788702                     /lib/x86_64-linux-gnu/libnss_files-2.15.so
7f27f04c6000-7f27f04c7000 rwxp 0000c000 08:14 788702                     /lib/x86_64-linux-gnu/libnss_files-2.15.so
7f27f04c7000-7f27f04d1000 r-xp 00000000 08:14 788706                     /lib/x86_64-linux-gnu/libnss_nis-2.15.so
7f27f04d1000-7f27f06d1000 ---p 0000a000 08:14 788706                     /lib/x86_64-linux-gnu/libnss_nis-2.15.so
7f27f06d1000-7f27f06d2000 r-xp 0000a000 08:14 788706                     /lib/x86_64-linux-gnu/libnss_nis-2.15.so
7f27f06d2000-7f27f06d3000 rwxp 0000b000 08:14 788706                     /lib/x86_64-linux-gnu/libnss_nis-2.15.so
7f27f06d3000-7f27f06db000 r-xp 00000000 08:14 788698                     /lib/x86_64-linux-gnu/libnss_compat-2.15.so
7f27f06db000-7f27f08da000 ---p 00008000 08:14 788698                     /lib/x86_64-linux-gnu/libnss_compat-2.15.so
7f27f08da000-7f27f08db000 r-xp 00007000 08:14 788698                     /lib/x86_64-linux-gnu/libnss_compat-2.15.so
7f27f08db000-7f27f08dc000 rwxp 00008000 08:14 788698                     /lib/x86_64-linux-gnu/libnss_compat-2.15.so
7f27f08dc000-7f27f08f3000 r-xp 00000000 08:14 788696                     /lib/x86_64-linux-gnu/libnsl-2.15.so
7f27f08f3000-7f27f0af2000 ---p 00017000 08:14 788696                     /lib/x86_64-linux-gnu/libnsl-2.15.so
7f27f0af2000-7f27f0af3000 r-xp 00016000 08:14 788696                     /lib/x86_64-linux-gnu/libnsl-2.15.so
7f27f0af3000-7f27f0af4000 rwxp 00017000 08:14 788696                     /lib/x86_64-linux-gnu/libnsl-2.15.so
7f27f0af4000-7f27f0af6000 rwxp 00000000 00:00 0 
7f27f0af6000-7f27f0b1f000 r-xp 00000000 08:14 1450954                    /usr/lib/jvm/jre/lib/amd64/libjava.so
7f27f0b1f000-7f27f0c1e000 ---p 00029000 08:14 1450954                    /usr/lib/jvm/jre/lib/amd64/libjava.so
7f27f0c1e000-7f27f0c25000 rwxp 00028000 08:14 1450954                    /usr/lib/jvm/jre/lib/amd64/libjava.so
7f27f0c25000-7f27f0c32000 r-xp 00000000 08:14 1450959                    /usr/lib/jvm/jre/lib/amd64/libverify.so
7f27f0c32000-7f27f0d31000 ---p 0000d000 08:14 1450959                    /usr/lib/jvm/jre/lib/amd64/libverify.so
7f27f0d31000-7f27f0d34000 rwxp 0000c000 08:14 1450959                    /usr/lib/jvm/jre/lib/amd64/libverify.so
7f27f0d34000-7f27f0d3b000 r-xp 00000000 08:14 788737                     /lib/x86_64-linux-gnu/librt-2.15.so
7f27f0d3b000-7f27f0f3a000 ---p 00007000 08:14 788737                     /lib/x86_64-linux-gnu/librt-2.15.so
7f27f0f3a000-7f27f0f3b000 r-xp 00006000 08:14 788737                     /lib/x86_64-linux-gnu/librt-2.15.so
7f27f0f3b000-7f27f0f3c000 rwxp 00007000 08:14 788737                     /lib/x86_64-linux-gnu/librt-2.15.so
7f27f0f3c000-7f27f0f3f000 ---p 00000000 00:00 0 
7f27f0f3f000-7f27f103d000 rwxp 00000000 00:00 0 
7f27f103d000-7f27f1136000 r-xp 00000000 08:14 788683                     /lib/x86_64-linux-gnu/libm-2.15.so
7f27f1136000-7f27f1335000 ---p 000f9000 08:14 788683                     /lib/x86_64-linux-gnu/libm-2.15.so
7f27f1335000-7f27f1336000 r-xp 000f8000 08:14 788683                     /lib/x86_64-linux-gnu/libm-2.15.so
7f27f1336000-7f27f1337000 rwxp 000f9000 08:14 788683                     /lib/x86_64-linux-gnu/libm-2.15.so
7f27f1337000-7f27f1c52000 r-xp 00000000 08:14 2100299                    /usr/lib/jvm/jre/lib/amd64/server/libjvm.so
7f27f1c52000-7f27f1d53000 ---p 0091b000 08:14 2100299                    /usr/lib/jvm/jre/lib/amd64/server/libjvm.so
7f27f1d53000-7f27f1f08000 rwxp 0091c000 08:14 2100299                    /usr/lib/jvm/jre/lib/amd64/server/libjvm.so
7f27f1f08000-7f27f1f42000 rwxp 00000000 00:00 0 
7f27f1f42000-7f27f20f5000 r-xp 00000000 08:14 788651                     /lib/x86_64-linux-gnu/libc-2.15.so
7f27f20f5000-7f27f22f4000 ---p 001b3000 08:14 788651                     /lib/x86_64-linux-gnu/libc-2.15.so
7f27f22f4000-7f27f22f8000 r-xp 001b2000 08:14 788651                     /lib/x86_64-linux-gnu/libc-2.15.so
7f27f22f8000-7f27f22fa000 rwxp 001b6000 08:14 788651                     /lib/x86_64-linux-gnu/libc-2.15.so
7f27f22fa000-7f27f22ff000 rwxp 00000000 00:00 0 
7f27f22ff000-7f27f2301000 r-xp 00000000 08:14 788664                     /lib/x86_64-linux-gnu/libdl-2.15.so
7f27f2301000-7f27f2501000 ---p 00002000 08:14 788664                     /lib/x86_64-linux-gnu/libdl-2.15.so
7f27f2501000-7f27f2502000 r-xp 00002000 08:14 788664                     /lib/x86_64-linux-gnu/libdl-2.15.so
7f27f2502000-7f27f2503000 rwxp 00003000 08:14 788664                     /lib/x86_64-linux-gnu/libdl-2.15.so
7f27f2503000-7f27f251b000 r-xp 00000000 08:14 788731                     /lib/x86_64-linux-gnu/libpthread-2.15.so
7f27f251b000-7f27f271a000 ---p 00018000 08:14 788731                     /lib/x86_64-linux-gnu/libpthread-2.15.so
7f27f271a000-7f27f271b000 r-xp 00017000 08:14 788731                     /lib/x86_64-linux-gnu/libpthread-2.15.so
7f27f271b000-7f27f271c000 rwxp 00018000 08:14 788731                     /lib/x86_64-linux-gnu/libpthread-2.15.so
7f27f271c000-7f27f2720000 rwxp 00000000 00:00 0 
7f27f2720000-7f27f2742000 r-xp 00000000 08:14 788631                     /lib/x86_64-linux-gnu/ld-2.15.so
7f27f2742000-7f27f2743000 rwxp 00000000 00:00 0 
7f27f2743000-7f27f2746000 r-xs 00022000 08:15 2247532                    /home/jailbirt/workspace/processingKinectExamples/libs/simpleOpenNi/SimpleOpenNI.jar
7f27f2746000-7f27f2747000 r-xs 00001000 08:15 3674536                    /home/jailbirt/workspace/processingKinectExamples/libs/net/net.jar
7f27f2747000-7f27f2749000 r-xs 00008000 08:15 3674360                    /home/jailbirt/workspace/processingKinectExamples/libs/peasycam/library/peasycam.jar
7f27f2749000-7f27f274a000 r-xs 00005000 08:15 2495492                    /home/jailbirt/workspace/processingKinectExamples/libs/OBJLoader/library/OBJLoader.jar
7f27f274a000-7f27f274d000 r-xs 00017000 08:15 2490784                    /home/jailbirt/workspace/processingKinectExamples/libs/minim/tritonus_share.jar
7f27f274d000-7f27f274e000 r-xs 00002000 08:15 2490783                    /home/jailbirt/workspace/processingKinectExamples/libs/minim/tritonus_aos.jar
7f27f274e000-7f27f274f000 r-xs 00005000 08:15 2490782                    /home/jailbirt/workspace/processingKinectExamples/libs/minim/mp3spi1.9.4.jar
7f27f274f000-7f27f2751000 r-xs 0000d000 08:15 2490781                    /home/jailbirt/workspace/processingKinectExamples/libs/minim/minim.jar
7f27f2751000-7f27f275c000 r-xs 00108000 08:15 2247356                    /home/jailbirt/workspace/processingKinectExamples/libs/openGL/jogl.jar
7f27f275c000-7f27f2766000 rwxp 00000000 00:00 0 
7f27f2766000-7f27f281c000 rwxp 00000000 00:00 0 
7f27f281c000-7f27f281f000 rwxp 00000000 00:00 0 
7f27f281f000-7f27f2826000 r-xp 00000000 08:14 1967149                    /usr/lib/jvm/jre/lib/amd64/jli/libjli.so
7f27f2826000-7f27f2927000 ---p 00007000 08:14 1967149                    /usr/lib/jvm/jre/lib/amd64/jli/libjli.so
7f27f2927000-7f27f2929000 rwxp 00008000 08:14 1967149                    /usr/lib/jvm/jre/lib/amd64/jli/libjli.so
7f27f2929000-7f27f292a000 rwxp 00000000 00:00 0 
7f27f292a000-7f27f292b000 r-xs 00000000 08:15 2490780                    /home/jailbirt/workspace/processingKinectExamples/libs/minim/minim-spi.jar
7f27f292b000-7f27f292c000 r-xs 0000b000 08:15 2490779                    /home/jailbirt/workspace/processingKinectExamples/libs/minim/jsminim.jar
7f27f292c000-7f27f292f000 r-xs 00017000 08:15 2490772                    /home/jailbirt/workspace/processingKinectExamples/libs/minim/jl1.0.jar
7f27f292f000-7f27f2930000 r-xs 00003000 08:15 2247358                    /home/jailbirt/workspace/processingKinectExamples/libs/openGL/opengl.jar
7f27f2930000-7f27f2931000 r-xs 00004000 08:15 2247355                    /home/jailbirt/workspace/processingKinectExamples/libs/openGL/gluegen-rt.jar
7f27f2931000-7f27f2933000 r-xs 0002b000 08:15 2247352                    /home/jailbirt/workspace/processingKinectExamples/libs/core.jar
7f27f2933000-7f27f2936000 r-xs 0000f000 08:14 1577185                    /usr/lib/jvm/jre/lib/ext/pulse-java.jar
7f27f2936000-7f27f293e000 rwxs 00000000 08:14 392692                     /tmp/hsperfdata_jailbirt/5205
7f27f293e000-7f27f293f000 rwxp 00000000 00:00 0 
7f27f293f000-7f27f2940000 r-xp 00000000 00:00 0 
7f27f2940000-7f27f2942000 rwxp 00000000 00:00 0 
7f27f2942000-7f27f2943000 r-xp 00022000 08:14 788631                     /lib/x86_64-linux-gnu/ld-2.15.so
7f27f2943000-7f27f2945000 rwxp 00023000 08:14 788631                     /lib/x86_64-linux-gnu/ld-2.15.so
7fff46e11000-7fff46e33000 rwxp 00000000 00:00 0                          [stack]
7fff46fff000-7fff47000000 r-xp 00000000 00:00 0                          [vdso]
ffffffffff600000-ffffffffff601000 r-xp 00000000 00:00 0                  [vsyscall]

VM Arguments:
jvm_args: -Djava.library.path=/home/jailbirt/workspace/processingKinectTemplate/bin:/home/jailbirt/workspace/processingKinectTemplate/libs/openGL/linux64:/home/jailbirt/workspace/processingKinectTemplate/libs/openGL/linux64:/home/jailbirt/workspace/processingKinectExamples/libs/simpleOpenNi/library/library -Djava.security.policy=java.policy.applet -Dfile.encoding=UTF-8 
java_command: sun.applet.AppletViewer userTracking.simpleTracking1339895209786.html
Launcher Type: SUN_STANDARD

Environment Variables:
PATH=/usr/lib/lightdm/lightdm:/usr/local/sbin:/usr/local/bin:/usr/sbin:/usr/bin:/sbin:/bin:/usr/games
LD_LIBRARY_PATH=/usr/lib/jvm/jre/lib/amd64/server:/usr/lib/jvm/jre/lib/amd64:/usr/lib/jvm/jre/../lib/amd64
SHELL=/bin/bash
DISPLAY=:0

Signal Handlers:
SIGSEGV: [libjvm.so+0x8602a0], sa_mask[0]=0x7ffbfeff, sa_flags=0x10000004
SIGBUS: [libjvm.so+0x8602a0], sa_mask[0]=0x7ffbfeff, sa_flags=0x10000004
SIGFPE: [libjvm.so+0x70ef10], sa_mask[0]=0x7ffbfeff, sa_flags=0x10000004
SIGPIPE: [libjvm.so+0x70ef10], sa_mask[0]=0x7ffbfeff, sa_flags=0x10000004
SIGXFSZ: [libjvm.so+0x70ef10], sa_mask[0]=0x7ffbfeff, sa_flags=0x10000004
SIGILL: [libjvm.so+0x70ef10], sa_mask[0]=0x7ffbfeff, sa_flags=0x10000004
SIGUSR1: SIG_DFL, sa_mask[0]=0x00000000, sa_flags=0x00000000
SIGUSR2: [libjvm.so+0x711d40], sa_mask[0]=0x00000004, sa_flags=0x10000004
SIGHUP: [libjvm.so+0x711940], sa_mask[0]=0x7ffbfeff, sa_flags=0x10000004
SIGINT: [libjvm.so+0x711940], sa_mask[0]=0x7ffbfeff, sa_flags=0x10000004
SIGTERM: [libjvm.so+0x711940], sa_mask[0]=0x7ffbfeff, sa_flags=0x10000004
SIGQUIT: [libjvm.so+0x711940], sa_mask[0]=0x7ffbfeff, sa_flags=0x10000004


---------------  S Y S T E M  ---------------

OS:wheezy/sid

uname:Linux 3.2.0-25-generic #40-Ubuntu SMP Wed May 23 20:30:51 UTC 2012 x86_64
libc:glibc 2.15 NPTL 2.15 
rlimit: STACK 8192k, CORE 0k, NPROC 95831, NOFILE 4096, AS infinity
load average:0.91 1.07 0.63

/proc/meminfo:
MemTotal:       12290140 kB
MemFree:         9835672 kB
Buffers:           62460 kB
Cached:           802188 kB
SwapCached:            0 kB
Active:          1693268 kB
Inactive:         469764 kB
Active(anon):    1299332 kB
Inactive(anon):     9476 kB
Active(file):     393936 kB
Inactive(file):   460288 kB
Unevictable:          16 kB
Mlocked:              16 kB
SwapTotal:       8388604 kB
SwapFree:        8388604 kB
Dirty:               132 kB
Writeback:             0 kB
AnonPages:       1298548 kB
Mapped:           151312 kB
Shmem:             10436 kB
Slab:              73000 kB
SReclaimable:      39404 kB
SUnreclaim:        33596 kB
KernelStack:        3768 kB
PageTables:        27104 kB
NFS_Unstable:          0 kB
Bounce:                0 kB
WritebackTmp:          0 kB
CommitLimit:    14533672 kB
Committed_AS:    3005628 kB
VmallocTotal:   34359738367 kB
VmallocUsed:      179372 kB
VmallocChunk:   34359542780 kB
HardwareCorrupted:     0 kB
AnonHugePages:         0 kB
HugePages_Total:       0
HugePages_Free:        0
HugePages_Rsvd:        0
HugePages_Surp:        0
Hugepagesize:       2048 kB
DirectMap4k:      139072 kB
DirectMap2M:    12427264 kB


CPU:total 8 (4 cores per cpu, 2 threads per core) family 6 model 42 stepping 7, cmov, cx8, fxsr, mmx, sse, sse2, sse3, ssse3, sse4.1, sse4.2, popcnt, ht

/proc/cpuinfo:
processor	: 0
vendor_id	: GenuineIntel
cpu family	: 6
model		: 42
model name	: Intel(R) Core(TM) i7-2600 CPU @ 3.40GHz
stepping	: 7
microcode	: 0x14
cpu MHz		: 1600.000
cache size	: 8192 KB
physical id	: 0
siblings	: 8
core id		: 0
cpu cores	: 4
apicid		: 0
initial apicid	: 0
fpu		: yes
fpu_exception	: yes
cpuid level	: 13
wp		: yes
flags		: fpu vme de pse tsc msr pae mce cx8 apic sep mtrr pge mca cmov pat pse36 clflush dts acpi mmx fxsr sse sse2 ss ht tm pbe syscall nx rdtscp lm constant_tsc arch_perfmon pebs bts rep_good nopl xtopology nonstop_tsc aperfmperf pni pclmulqdq dtes64 monitor ds_cpl vmx smx est tm2 ssse3 cx16 xtpr pdcm pcid sse4_1 sse4_2 x2apic popcnt tsc_deadline_timer aes xsave avx lahf_lm ida arat epb xsaveopt pln pts dts tpr_shadow vnmi flexpriority ept vpid
bogomips	: 6784.15
clflush size	: 64
cache_alignment	: 64
address sizes	: 36 bits physical, 48 bits virtual
power management:

processor	: 1
vendor_id	: GenuineIntel
cpu family	: 6
model		: 42
model name	: Intel(R) Core(TM) i7-2600 CPU @ 3.40GHz
stepping	: 7
microcode	: 0x14
cpu MHz		: 1600.000
cache size	: 8192 KB
physical id	: 0
siblings	: 8
core id		: 1
cpu cores	: 4
apicid		: 2
initial apicid	: 2
fpu		: yes
fpu_exception	: yes
cpuid level	: 13
wp		: yes
flags		: fpu vme de pse tsc msr pae mce cx8 apic sep mtrr pge mca cmov pat pse36 clflush dts acpi mmx fxsr sse sse2 ss ht tm pbe syscall nx rdtscp lm constant_tsc arch_perfmon pebs bts rep_good nopl xtopology nonstop_tsc aperfmperf pni pclmulqdq dtes64 monitor ds_cpl vmx smx est tm2 ssse3 cx16 xtpr pdcm pcid sse4_1 sse4_2 x2apic popcnt tsc_deadline_timer aes xsave avx lahf_lm ida arat epb xsaveopt pln pts dts tpr_shadow vnmi flexpriority ept vpid
bogomips	: 6784.26
clflush size	: 64
cache_alignment	: 64
address sizes	: 36 bits physical, 48 bits virtual
power management:

processor	: 2
vendor_id	: GenuineIntel
cpu family	: 6
model		: 42
model name	: Intel(R) Core(TM) i7-2600 CPU @ 3.40GHz
stepping	: 7
microcode	: 0x14
cpu MHz		: 1600.000
cache size	: 8192 KB
physical id	: 0
siblings	: 8
core id		: 2
cpu cores	: 4
apicid		: 4
initial apicid	: 4
fpu		: yes
fpu_exception	: yes
cpuid level	: 13
wp		: yes
flags		: fpu vme de pse tsc msr pae mce cx8 apic sep mtrr pge mca cmov pat pse36 clflush dts acpi mmx fxsr sse sse2 ss ht tm pbe syscall nx rdtscp lm constant_tsc arch_perfmon pebs bts rep_good nopl xtopology nonstop_tsc aperfmperf pni pclmulqdq dtes64 monitor ds_cpl vmx smx est tm2 ssse3 cx16 xtpr pdcm pcid sse4_1 sse4_2 x2apic popcnt tsc_deadline_timer aes xsave avx lahf_lm ida arat epb xsaveopt pln pts dts tpr_shadow vnmi flexpriority ept vpid
bogomips	: 6784.26
clflush size	: 64
cache_alignment	: 64
address sizes	: 36 bits physical, 48 bits virtual
power management:

processor	: 3
vendor_id	: GenuineIntel
cpu family	: 6
model		: 42
model name	: Intel(R) Core(TM) i7-2600 CPU @ 3.40GHz
stepping	: 7
microcode	: 0x14
cpu MHz		: 1600.000
cache size	: 8192 KB
physical id	: 0
siblings	: 8
core id		: 3
cpu cores	: 4
apicid		: 6
initial apicid	: 6
fpu		: yes
fpu_exception	: yes
cpuid level	: 13
wp		: yes
flags		: fpu vme de pse tsc msr pae mce cx8 apic sep mtrr pge mca cmov pat pse36 clflush dts acpi mmx fxsr sse sse2 ss ht tm pbe syscall nx rdtscp lm constant_tsc arch_perfmon pebs bts rep_good nopl xtopology nonstop_tsc aperfmperf pni pclmulqdq dtes64 monitor ds_cpl vmx smx est tm2 ssse3 cx16 xtpr pdcm pcid sse4_1 sse4_2 x2apic popcnt tsc_deadline_timer aes xsave avx lahf_lm ida arat epb xsaveopt pln pts dts tpr_shadow vnmi flexpriority ept vpid
bogomips	: 6673.44
clflush size	: 64
cache_alignment	: 64
address sizes	: 36 bits physical, 48 bits virtual
power management:

processor	: 4
vendor_id	: GenuineIntel
cpu family	: 6
model		: 42
model name	: Intel(R) Core(TM) i7-2600 CPU @ 3.40GHz
stepping	: 7
microcode	: 0x14
cpu MHz		: 1600.000
cache size	: 8192 KB
physical id	: 0
siblings	: 8
core id		: 0
cpu cores	: 4
apicid		: 1
initial apicid	: 1
fpu		: yes
fpu_exception	: yes
cpuid level	: 13
wp		: yes
flags		: fpu vme de pse tsc msr pae mce cx8 apic sep mtrr pge mca cmov pat pse36 clflush dts acpi mmx fxsr sse sse2 ss ht tm pbe syscall nx rdtscp lm constant_tsc arch_perfmon pebs bts rep_good nopl xtopology nonstop_tsc aperfmperf pni pclmulqdq dtes64 monitor ds_cpl vmx smx est tm2 ssse3 cx16 xtpr pdcm pcid sse4_1 sse4_2 x2apic popcnt tsc_deadline_timer aes xsave avx lahf_lm ida arat epb xsaveopt pln pts dts tpr_shadow vnmi flexpriority ept vpid
bogomips	: 6784.26
clflush size	: 64
cache_alignment	: 64
address sizes	: 36 bits physical, 48 bits virtual
power management:

processor	: 5
vendor_id	: GenuineIntel
cpu family	: 6
model		: 42
model name	: Intel(R) Core(TM) i7-2600 CPU @ 3.40GHz
stepping	: 7
microcode	: 0x14
cpu MHz		: 1600.000
cache size	: 8192 KB
physical id	: 0
siblings	: 8
core id		: 1
cpu cores	: 4
apicid		: 3
initial apicid	: 3
fpu		: yes
fpu_exception	: yes
cpuid level	: 13
wp		: yes
flags		: fpu vme de pse tsc msr pae mce cx8 apic sep mtrr pge mca cmov pat pse36 clflush dts acpi mmx fxsr sse sse2 ss ht tm pbe syscall nx rdtscp lm constant_tsc arch_perfmon pebs bts rep_good nopl xtopology nonstop_tsc aperfmperf pni pclmulqdq dtes64 monitor ds_cpl vmx smx est tm2 ssse3 cx16 xtpr pdcm pcid sse4_1 sse4_2 x2apic popcnt tsc_deadline_timer aes xsave avx lahf_lm ida arat epb xsaveopt pln pts dts tpr_shadow vnmi flexpriority ept vpid
bogomips	: 6784.27
clflush size	: 64
cache_alignment	: 64
address sizes	: 36 bits physical, 48 bits virtual
power management:

processor	: 6
vendor_id	: GenuineIntel
cpu family	: 6
model		: 42
model name	: Intel(R) Core(TM) i7-2600 CPU @ 3.40GHz
stepping	: 7
microcode	: 0x14
cpu MHz		: 1600.000
cache size	: 8192 KB
physical id	: 0
siblings	: 8
core id		: 2
cpu cores	: 4
apicid		: 5
initial apicid	: 5
fpu		: yes
fpu_exception	: yes
cpuid level	: 13
wp		: yes
flags		: fpu vme de pse tsc msr pae mce cx8 apic sep mtrr pge mca cmov pat pse36 clflush dts acpi mmx fxsr sse sse2 ss ht tm pbe syscall nx rdtscp lm constant_tsc arch_perfmon pebs bts rep_good nopl xtopology nonstop_tsc aperfmperf pni pclmulqdq dtes64 monitor ds_cpl vmx smx est tm2 ssse3 cx16 xtpr pdcm pcid sse4_1 sse4_2 x2apic popcnt tsc_deadline_timer aes xsave avx lahf_lm ida arat epb xsaveopt pln pts dts tpr_shadow vnmi flexpriority ept vpid
bogomips	: 6784.26
clflush size	: 64
cache_alignment	: 64
address sizes	: 36 bits physical, 48 bits virtual
power management:

processor	: 7
vendor_id	: GenuineIntel
cpu family	: 6
model		: 42
model name	: Intel(R) Core(TM) i7-2600 CPU @ 3.40GHz
stepping	: 7
microcode	: 0x14
cpu MHz		: 1600.000
cache size	: 8192 KB
physical id	: 0
siblings	: 8
core id		: 3
cpu cores	: 4
apicid		: 7
initial apicid	: 7
fpu		: yes
fpu_exception	: yes
cpuid level	: 13
wp		: yes
flags		: fpu vme de pse tsc msr pae mce cx8 apic sep mtrr pge mca cmov pat pse36 clflush dts acpi mmx fxsr sse sse2 ss ht tm pbe syscall nx rdtscp lm constant_tsc arch_perfmon pebs bts rep_good nopl xtopology nonstop_tsc aperfmperf pni pclmulqdq dtes64 monitor ds_cpl vmx smx est tm2 ssse3 cx16 xtpr pdcm pcid sse4_1 sse4_2 x2apic popcnt tsc_deadline_timer aes xsave avx lahf_lm ida arat epb xsaveopt pln pts dts tpr_shadow vnmi flexpriority ept vpid
bogomips	: 6784.25
clflush size	: 64
cache_alignment	: 64
address sizes	: 36 bits physical, 48 bits virtual
power management:



Memory: 4k page, physical 12290140k(9835672k free), swap 8388604k(8388604k free)

vm_info: Java HotSpot(TM) 64-Bit Server VM (20.7-b02) for linux-amd64 JRE (1.6.0_32-b05), built on Apr  5 2012 14:09:59 by "java_re" with gcc 3.2.2 (SuSE Linux)

time: Sat Jun 16 22:06:52 2012
elapsed time: 2 seconds

