#
# A fatal error has been detected by the Java Runtime Environment:
#
#  SIGSEGV (0xb) at pc=0x00007f4bb978289d, pid=8841, tid=139963217319680
#
# JRE version: 6.0_32-b05
# Java VM: Java HotSpot(TM) 64-Bit Server VM (20.7-b02 mixed mode linux-amd64 compressed oops)
# Problematic frame:
# C  [libOpenNI.so+0x4289d]  long long+0xd
#
# If you would like to submit a bug report, please visit:
#   http://java.sun.com/webapps/bugreport/crash.jsp
# The crash happened outside the Java Virtual Machine in native code.
# See problematic frame for where to report the bug.
#

---------------  T H R E A D  ---------------

Current thread (0x00007f4bfc25f000):  JavaThread "Animation Thread" [_thread_in_native, id=8893, stack(0x00007f4bb9c99000,0x00007f4bb9d9a000)]

siginfo:si_signo=SIGSEGV: si_errno=0, si_code=1 (SEGV_MAPERR), si_addr=0x0000000000000000

Registers:
RAX=0x0000000000010012, RBX=0x0000000000000000, RCX=0x00007f4ba0000028, RDX=0x00007f4ba00ccd90
RSP=0x00007f4bb9d983f0, RBP=0x0000000000000002, RSI=0x0000000000000002, RDI=0x0000000000000000
R8 =0x0000000000000001, R9 =0x0000000000000000, R10=0x00007f4bb9d981b0, R11=0x00007f4bb9782890
R12=0x000000000001001d, R13=0x0000000000000000, R14=0x0000000000000001, R15=0x00007f4bfc25f000
RIP=0x00007f4bb978289d, EFLAGS=0x0000000000010206, CSGSFS=0x0000000000000033, ERR=0x0000000000000004
  TRAPNO=0x000000000000000e

Top of Stack: (sp=0x00007f4bb9d983f0)
0x00007f4bb9d983f0:   0000000000000000 0000000000000001
0x00007f4bb9d98400:   0000000000000000 00007f4ba00a4bd0
0x00007f4bb9d98410:   00007f4ba00d66d0 00007f4bb9a5f144
0x00007f4bb9d98420:   00007f4bfc1b0e80 00007f4bc800b590
0x00007f4bb9d98430:   00007f4c037a7ab0 00007f4bbc001408
0x00007f4bb9d98440:   00000000092f7452 0000000000000000
0x00007f4bb9d98450:   000000000014b2c9 000000073fdc9780
0x00007f4bb9d98460:   00000000002ba4d0 0000000000000000
0x00007f4bb9d98470:   00007f4bb9d985d0 00007f4bfc25f000
0x00007f4bb9d98480:   00007f4bb99db000 00007f4c0411d774
0x00007f4bb9d98490:   00007f4b00000005 0000000000000000
0x00007f4bb9d984a0:   00007f4bb99e42d0 00007f4bfc25f000
0x00007f4bb9d984b0:   00007f4bb9d98510 000000073fdc9780
0x00007f4bb9d984c0:   0000000000000000 0000000000000000
0x00007f4bb9d984d0:   000000073fdc9780 00007f4c04124235
0x00007f4bb9d984e0:   0000000000000001 00007f4bb9d985c0
0x00007f4bb9d984f0:   0000000000000001 0000000000000002
0x00007f4bb9d98500:   000000073fdc9780 00007f4bb9d98598
0x00007f4bb9d98510:   0000000000000000 000000073fdc9780
0x00007f4bb9d98520:   00007f4bb9d985d0 00007f4bf9010d6e
0x00007f4bb9d98530:   00007f4bb9d98618 00007f4bb9d985b8
0x00007f4bb9d98540:   00007f4bf9004dd0 00007f4c00000000
0x00007f4bb9d98550:   00007f4bfc25f000 00007f4bb9d98558
0x00007f4bb9d98560:   000000073fdc9780 00007f4bb9d985d0
0x00007f4bb9d98570:   000000073fdf3538 0000000000000000
0x00007f4bb9d98580:   000000073fdc9780 0000000000000000
0x00007f4bb9d98590:   00007f4bb9d985b8 00007f4bb9d98618
0x00007f4bb9d985a0:   00007f4bf900585a 000000073fdf34d0
0x00007f4bb9d985b0:   00007f4bf900df40 0000000000000002
0x00007f4bb9d985c0:   00000007c1d4fd28 00007f4ba00d66d0
0x00007f4bb9d985d0:   00000007c1d4fd28 00007f4bb9d985d8
0x00007f4bb9d985e0:   000000073fd845d4 00007f4bb9d98630 

Instructions: (pc=0x00007f4bb978289d)
0x00007f4bb978287d:   00 00 00 31 c0 c3 66 66 66 66 2e 0f 1f 84 00 00
0x00007f4bb978288d:   00 00 00 53 b8 12 00 01 00 48 89 fb 48 83 ec 20
0x00007f4bb978289d:   48 8b 17 8b 4a 10 85 c9 74 49 48 8b 52 08 8b 12
0x00007f4bb97828ad:   81 e2 00 00 00 02 74 3b 8b 47 48 48 c7 44 24 18 

Register to memory mapping:

RAX=0x0000000000010012 is an unknown value
RBX=0x0000000000000000 is an unknown value
RCX=0x00007f4ba0000028 is an unknown value
RDX=0x00007f4ba00ccd90 is an unknown value
RSP=0x00007f4bb9d983f0 is pointing into the stack for thread: 0x00007f4bfc25f000
RBP=0x0000000000000002 is an unknown value
RSI=0x0000000000000002 is an unknown value
RDI=0x0000000000000000 is an unknown value
R8 =0x0000000000000001 is an unknown value
R9 =0x0000000000000000 is an unknown value
R10=0x00007f4bb9d981b0 is pointing into the stack for thread: 0x00007f4bfc25f000
R11=0x00007f4bb9782890: xnSetSkeletonProfile+0 in /usr/lib/libOpenNI.so at 0x00007f4bb9740000
R12=0x000000000001001d is an unknown value
R13=0x0000000000000000 is an unknown value
R14=0x0000000000000001 is an unknown value
R15=0x00007f4bfc25f000 is a thread


Stack: [0x00007f4bb9c99000,0x00007f4bb9d9a000],  sp=0x00007f4bb9d983f0,  free space=1020k
Native frames: (J=compiled Java code, j=interpreted, Vv=VM code, C=native code)
C  [libOpenNI.so+0x4289d]  long long+0xd

Java frames: (J=compiled Java code, j=interpreted, Vv=VM code)
j  SimpleOpenNI.SimpleOpenNIJNI.ContextWrapper_enableUserSwigExplicitContextWrapper(JLSimpleOpenNI/ContextWrapper;I)Z+0
j  SimpleOpenNI.ContextWrapper.enableUser(I)Z+28
j  SimpleOpenNI.SimpleOpenNI.enableUser(ILjava/lang/Object;)Z+17
j  SimpleOpenNI.SimpleOpenNI.enableUser(I)Z+6
j  userTracking.simpleTracking.setup()V+40
j  processing.core.PApplet.handleDraw()V+65
j  processing.core.PApplet.run()V+72
j  java.lang.Thread.run()V+11
v  ~StubRoutines::call_stub

---------------  P R O C E S S  ---------------

Java Threads: ( => current thread )
=>0x00007f4bfc25f000 JavaThread "Animation Thread" [_thread_in_native, id=8893, stack(0x00007f4bb9c99000,0x00007f4bb9d9a000)]
  0x00007f4bb000b800 JavaThread "AWT-EventQueue-0" [_thread_blocked, id=8892, stack(0x00007f4bb9d9a000,0x00007f4bb9e9b000)]
  0x00007f4bfc25e000 JavaThread "AWT-Shutdown" [_thread_blocked, id=8891, stack(0x00007f4bb9e9b000,0x00007f4bb9f9c000)]
  0x00007f4bfc24e000 JavaThread "Image Fetcher 0" daemon [_thread_blocked, id=8890, stack(0x00007f4bb9f9c000,0x00007f4bba09d000)]
  0x00007f4bfc240800 JavaThread "AWT-XAWT" daemon [_thread_in_native, id=8886, stack(0x00007f4bba2a6000,0x00007f4bba3a7000)]
  0x00007f4bfc101000 JavaThread "Java2D Disposer" daemon [_thread_blocked, id=8863, stack(0x00007f4bba9c1000,0x00007f4bbaac2000)]
  0x00007f4bfc099800 JavaThread "Low Memory Detector" daemon [_thread_blocked, id=8861, stack(0x00007f4bf8014000,0x00007f4bf8115000)]
  0x00007f4bfc097800 JavaThread "C2 CompilerThread1" daemon [_thread_blocked, id=8860, stack(0x00007f4bf8115000,0x00007f4bf8216000)]
  0x00007f4bfc094800 JavaThread "C2 CompilerThread0" daemon [_thread_blocked, id=8859, stack(0x00007f4bf8216000,0x00007f4bf8317000)]
  0x00007f4bfc092800 JavaThread "Signal Dispatcher" daemon [_thread_blocked, id=8858, stack(0x00007f4bf8317000,0x00007f4bf8418000)]
  0x00007f4bfc076000 JavaThread "Finalizer" daemon [_thread_blocked, id=8857, stack(0x00007f4bf8afb000,0x00007f4bf8bfc000)]
  0x00007f4bfc074800 JavaThread "Reference Handler" daemon [_thread_blocked, id=8856, stack(0x00007f4bf8bfc000,0x00007f4bf8cfd000)]
  0x00007f4bfc008000 JavaThread "main" [_thread_blocked, id=8846, stack(0x00007f4c0292b000,0x00007f4c02a2c000)]

Other Threads:
  0x00007f4bfc06d800 VMThread [stack: 0x00007f4bf8cfd000,0x00007f4bf8dfe000] [id=8855]
  0x00007f4bfc0a4800 WatcherThread [stack: 0x00007f4bbbeff000,0x00007f4bbc000000] [id=8862]

VM state:not at safepoint (normal execution)

VM Mutex/Monitor currently owned by a thread: None

Heap
 PSYoungGen      total 56000K, used 9120K [0x00000007c1760000, 0x00000007c55e0000, 0x0000000800000000)
  eden space 48000K, 19% used [0x00000007c1760000,0x00000007c2048158,0x00000007c4640000)
  from space 8000K, 0% used [0x00000007c4e10000,0x00000007c4e10000,0x00000007c55e0000)
  to   space 8000K, 0% used [0x00000007c4640000,0x00000007c4640000,0x00000007c4e10000)
 PSOldGen        total 128064K, used 0K [0x0000000744600000, 0x000000074c310000, 0x00000007c1760000)
  object space 128064K, 0% used [0x0000000744600000,0x0000000744600000,0x000000074c310000)
 PSPermGen       total 21248K, used 10230K [0x000000073f400000, 0x00000007408c0000, 0x0000000744600000)
  object space 21248K, 48% used [0x000000073f400000,0x000000073fdfd8a8,0x00000007408c0000)

Code Cache  [0x00007f4bf9000000, 0x00007f4bf9270000, 0x00007f4bfc000000)
 total_blobs=501 nmethods=21 adapters=435 free_code_cache=49728448 largest_free_block=12032

Dynamic libraries:
40000000-40009000 r-xp 00000000 08:14 1192322                            /usr/lib/jvm/bin/java
40108000-4010a000 rwxp 00008000 08:14 1192322                            /usr/lib/jvm/bin/java
4120f000-41230000 rwxp 00000000 00:00 0                                  [heap]
73f400000-7408c0000 rwxp 00000000 00:00 0 
7408c0000-744600000 rwxp 00000000 00:00 0 
744600000-74c310000 rwxp 00000000 00:00 0 
74c310000-7c1760000 rwxp 00000000 00:00 0 
7c1760000-7c55e0000 rwxp 00000000 00:00 0 
7c55e0000-800000000 rwxp 00000000 00:00 0 
7f4b94000000-7f4b94021000 rwxp 00000000 00:00 0 
7f4b94021000-7f4b98000000 ---p 00000000 00:00 0 
7f4b99177000-7f4b99209000 r-xp 00000000 08:14 658014                     /usr/lib/libXnDeviceSensorV2.so
7f4b99209000-7f4b99408000 ---p 00092000 08:14 658014                     /usr/lib/libXnDeviceSensorV2.so
7f4b99408000-7f4b99418000 r-xp 00091000 08:14 658014                     /usr/lib/libXnDeviceSensorV2.so
7f4b99418000-7f4b99419000 rwxp 000a1000 08:14 658014                     /usr/lib/libXnDeviceSensorV2.so
7f4b99419000-7f4b99440000 r-xp 00000000 08:14 673565                     /usr/lib/libXnDeviceFile.so
7f4b99440000-7f4b99640000 ---p 00027000 08:14 673565                     /usr/lib/libXnDeviceFile.so
7f4b99640000-7f4b99642000 r-xp 00027000 08:14 673565                     /usr/lib/libXnDeviceFile.so
7f4b99642000-7f4b99643000 rwxp 00029000 08:14 673565                     /usr/lib/libXnDeviceFile.so
7f4b99643000-7f4b9968b000 r-xp 00000000 08:14 673564                     /usr/lib/libXnDDK.so
7f4b9968b000-7f4b9988b000 ---p 00048000 08:14 673564                     /usr/lib/libXnDDK.so
7f4b9988b000-7f4b9988e000 r-xp 00048000 08:14 673564                     /usr/lib/libXnDDK.so
7f4b9988e000-7f4b99890000 rwxp 0004b000 08:14 673564                     /usr/lib/libXnDDK.so
7f4b99890000-7f4b998b4000 r-xp 00000000 08:14 673567                     /usr/lib/libXnFormats.so
7f4b998b4000-7f4b99ab4000 ---p 00024000 08:14 673567                     /usr/lib/libXnFormats.so
7f4b99ab4000-7f4b99ab5000 r-xp 00024000 08:14 673567                     /usr/lib/libXnFormats.so
7f4b99ab5000-7f4b99ab6000 rwxp 00025000 08:14 673567                     /usr/lib/libXnFormats.so
7f4b99ab6000-7f4b99ad6000 rwxp 00000000 00:00 0 
7f4b99ad6000-7f4b99ad9000 r-xp 00000000 08:14 673563                     /usr/lib/libXnCore.so
7f4b99ad9000-7f4b99cd8000 ---p 00003000 08:14 673563                     /usr/lib/libXnCore.so
7f4b99cd8000-7f4b99cd9000 r-xp 00002000 08:14 673563                     /usr/lib/libXnCore.so
7f4b99cd9000-7f4b99cda000 rwxp 00003000 08:14 673563                     /usr/lib/libXnCore.so
7f4b99cda000-7f4b99d63000 r-xp 00000000 08:14 673566                     /usr/lib/libXnDeviceSensorV2KM.so
7f4b99d63000-7f4b99f62000 ---p 00089000 08:14 673566                     /usr/lib/libXnDeviceSensorV2KM.so
7f4b99f62000-7f4b99f72000 r-xp 00088000 08:14 673566                     /usr/lib/libXnDeviceSensorV2KM.so
7f4b99f72000-7f4b99f73000 rwxp 00098000 08:14 673566                     /usr/lib/libXnDeviceSensorV2KM.so
7f4b99f73000-7f4b9a067000 r-xp 00000000 08:14 673497                     /usr/lib/libXnVHandGenerator_1_5_2.so
7f4b9a067000-7f4b9a266000 ---p 000f4000 08:14 673497                     /usr/lib/libXnVHandGenerator_1_5_2.so
7f4b9a266000-7f4b9a26b000 r-xp 000f3000 08:14 673497                     /usr/lib/libXnVHandGenerator_1_5_2.so
7f4b9a26b000-7f4b9a26c000 rwxp 000f8000 08:14 673497                     /usr/lib/libXnVHandGenerator_1_5_2.so
7f4b9a26c000-7f4b9a27a000 rwxp 00000000 00:00 0 
7f4b9a27a000-7f4b9a352000 r-xp 00000000 08:14 673494                     /usr/lib/libXnVHandGenerator_1_4_2.so
7f4b9a352000-7f4b9a551000 ---p 000d8000 08:14 673494                     /usr/lib/libXnVHandGenerator_1_4_2.so
7f4b9a551000-7f4b9a556000 r-xp 000d7000 08:14 673494                     /usr/lib/libXnVHandGenerator_1_4_2.so
7f4b9a556000-7f4b9a557000 rwxp 000dc000 08:14 673494                     /usr/lib/libXnVHandGenerator_1_4_2.so
7f4b9a557000-7f4b9a55a000 rwxp 00000000 00:00 0 
7f4b9a55a000-7f4b9a632000 r-xp 00000000 08:14 673491                     /usr/lib/libXnVHandGenerator_1_4_1.so
7f4b9a632000-7f4b9a831000 ---p 000d8000 08:14 673491                     /usr/lib/libXnVHandGenerator_1_4_1.so
7f4b9a831000-7f4b9a836000 r-xp 000d7000 08:14 673491                     /usr/lib/libXnVHandGenerator_1_4_1.so
7f4b9a836000-7f4b9a837000 rwxp 000dc000 08:14 673491                     /usr/lib/libXnVHandGenerator_1_4_1.so
7f4b9a837000-7f4b9a83a000 rwxp 00000000 00:00 0 
7f4b9a83a000-7f4b9a91d000 r-xp 00000000 08:14 673488                     /usr/lib/libXnVHandGenerator_1_3_1.so
7f4b9a91d000-7f4b9ab1d000 ---p 000e3000 08:14 673488                     /usr/lib/libXnVHandGenerator_1_3_1.so
7f4b9ab1d000-7f4b9ab22000 r-xp 000e3000 08:14 673488                     /usr/lib/libXnVHandGenerator_1_3_1.so
7f4b9ab22000-7f4b9ab23000 rwxp 000e8000 08:14 673488                     /usr/lib/libXnVHandGenerator_1_3_1.so
7f4b9ab23000-7f4b9ab26000 rwxp 00000000 00:00 0 
7f4b9ab26000-7f4b9af3b000 r-xp 00000000 08:14 673481                     /usr/lib/libXnVFeatures_1_5_2.so
7f4b9af3b000-7f4b9b13b000 ---p 00415000 08:14 673481                     /usr/lib/libXnVFeatures_1_5_2.so
7f4b9b13b000-7f4b9b14c000 r-xp 00415000 08:14 673481                     /usr/lib/libXnVFeatures_1_5_2.so
7f4b9b14c000-7f4b9b14e000 rwxp 00426000 08:14 673481                     /usr/lib/libXnVFeatures_1_5_2.so
7f4b9b14e000-7f4b9b163000 rwxp 00000000 00:00 0 
7f4b9b163000-7f4b9b35a000 r-xp 00000000 08:14 673470                     /usr/lib/libXnVFeatures_1_4_2.so
7f4b9b35a000-7f4b9b559000 ---p 001f7000 08:14 673470                     /usr/lib/libXnVFeatures_1_4_2.so
7f4b9b559000-7f4b9b55f000 r-xp 001f6000 08:14 673470                     /usr/lib/libXnVFeatures_1_4_2.so
7f4b9b55f000-7f4b9b560000 rwxp 001fc000 08:14 673470                     /usr/lib/libXnVFeatures_1_4_2.so
7f4b9b560000-7f4b9b566000 rwxp 00000000 00:00 0 
7f4b9b566000-7f4b9b75d000 r-xp 00000000 08:14 673465                     /usr/lib/libXnVFeatures_1_4_1.so
7f4b9b75d000-7f4b9b95c000 ---p 001f7000 08:14 673465                     /usr/lib/libXnVFeatures_1_4_1.so
7f4b9b95c000-7f4b9b962000 r-xp 001f6000 08:14 673465                     /usr/lib/libXnVFeatures_1_4_1.so
7f4b9b962000-7f4b9b963000 rwxp 001fc000 08:14 673465                     /usr/lib/libXnVFeatures_1_4_1.so
7f4b9b963000-7f4b9b969000 rwxp 00000000 00:00 0 
7f4b9b969000-7f4b9bbae000 r-xp 00000000 08:14 673460                     /usr/lib/libXnVFeatures_1_3_1.so
7f4b9bbae000-7f4b9bdae000 ---p 00245000 08:14 673460                     /usr/lib/libXnVFeatures_1_3_1.so
7f4b9bdae000-7f4b9bdb4000 r-xp 00245000 08:14 673460                     /usr/lib/libXnVFeatures_1_3_1.so
7f4b9bdb4000-7f4b9bdb5000 rwxp 0024b000 08:14 673460                     /usr/lib/libXnVFeatures_1_3_1.so
7f4b9bdb5000-7f4b9bdbc000 rwxp 00000000 00:00 0 
7f4b9bdbc000-7f4b9bdf3000 r-xp 00000000 08:14 673298                     /usr/lib/libnimMockNodes.so
7f4b9bdf3000-7f4b9bff2000 ---p 00037000 08:14 673298                     /usr/lib/libnimMockNodes.so
7f4b9bff2000-7f4b9bfff000 r-xp 00036000 08:14 673298                     /usr/lib/libnimMockNodes.so
7f4b9bfff000-7f4b9c000000 rwxp 00043000 08:14 673298                     /usr/lib/libnimMockNodes.so
7f4b9c000000-7f4b9c119000 rwxp 00000000 00:00 0 
7f4b9c119000-7f4ba0000000 ---p 00000000 00:00 0 
7f4ba0000000-7f4ba0140000 rwxp 00000000 00:00 0 
7f4ba0140000-7f4ba4000000 ---p 00000000 00:00 0 
7f4ba4000000-7f4ba4021000 rwxp 00000000 00:00 0 
7f4ba4021000-7f4ba8000000 ---p 00000000 00:00 0 
7f4ba8000000-7f4ba8021000 rwxp 00000000 00:00 0 
7f4ba8021000-7f4bac000000 ---p 00000000 00:00 0 
7f4bac000000-7f4bac021000 rwxp 00000000 00:00 0 
7f4bac021000-7f4bb0000000 ---p 00000000 00:00 0 
7f4bb0000000-7f4bb0021000 rwxp 00000000 00:00 0 
7f4bb0021000-7f4bb4000000 ---p 00000000 00:00 0 
7f4bb4000000-7f4bb4021000 rwxp 00000000 00:00 0 
7f4bb4021000-7f4bb8000000 ---p 00000000 00:00 0 
7f4bb80b7000-7f4bb80d5000 r-xp 00000000 08:14 673299                     /usr/lib/libnimRecorder.so
7f4bb80d5000-7f4bb82d4000 ---p 0001e000 08:14 673299                     /usr/lib/libnimRecorder.so
7f4bb82d4000-7f4bb82d6000 r-xp 0001d000 08:14 673299                     /usr/lib/libnimRecorder.so
7f4bb82d6000-7f4bb82d7000 rwxp 0001f000 08:14 673299                     /usr/lib/libnimRecorder.so
7f4bb82d7000-7f4bb830d000 r-xp 00000000 08:14 673297                     /usr/lib/libnimCodecs.so
7f4bb830d000-7f4bb850d000 ---p 00036000 08:14 673297                     /usr/lib/libnimCodecs.so
7f4bb850d000-7f4bb8510000 r-xp 00036000 08:14 673297                     /usr/lib/libnimCodecs.so
7f4bb8510000-7f4bb8511000 rwxp 00039000 08:14 673297                     /usr/lib/libnimCodecs.so
7f4bb8511000-7f4bb8531000 rwxp 00000000 00:00 0 
7f4bb8531000-7f4bb8532000 ---p 00000000 00:00 0 
7f4bb8532000-7f4bb8d32000 rwxp 00000000 00:00 0 
7f4bb8d32000-7f4bb8d40000 r-xp 00000000 08:14 788754                     /lib/x86_64-linux-gnu/libusb-1.0.so.0.1.0
7f4bb8d40000-7f4bb8f3f000 ---p 0000e000 08:14 788754                     /lib/x86_64-linux-gnu/libusb-1.0.so.0.1.0
7f4bb8f3f000-7f4bb8f40000 r-xp 0000d000 08:14 788754                     /lib/x86_64-linux-gnu/libusb-1.0.so.0.1.0
7f4bb8f40000-7f4bb8f41000 rwxp 0000e000 08:14 788754                     /lib/x86_64-linux-gnu/libusb-1.0.so.0.1.0
7f4bb8f41000-7f4bb8f56000 r-xp 00000000 08:14 788672                     /lib/x86_64-linux-gnu/libgcc_s.so.1
7f4bb8f56000-7f4bb9155000 ---p 00015000 08:14 788672                     /lib/x86_64-linux-gnu/libgcc_s.so.1
7f4bb9155000-7f4bb9156000 r-xp 00014000 08:14 788672                     /lib/x86_64-linux-gnu/libgcc_s.so.1
7f4bb9156000-7f4bb9157000 rwxp 00015000 08:14 788672                     /lib/x86_64-linux-gnu/libgcc_s.so.1
7f4bb9157000-7f4bb9239000 r-xp 00000000 08:14 662623                     /usr/lib/x86_64-linux-gnu/libstdc++.so.6.0.16
7f4bb9239000-7f4bb9438000 ---p 000e2000 08:14 662623                     /usr/lib/x86_64-linux-gnu/libstdc++.so.6.0.16
7f4bb9438000-7f4bb9440000 r-xp 000e1000 08:14 662623                     /usr/lib/x86_64-linux-gnu/libstdc++.so.6.0.16
7f4bb9440000-7f4bb9442000 rwxp 000e9000 08:14 662623                     /usr/lib/x86_64-linux-gnu/libstdc++.so.6.0.16
7f4bb9442000-7f4bb9457000 rwxp 00000000 00:00 0 
7f4bb9457000-7f4bb953a000 r-xp 00000000 08:14 673381                     /usr/lib/libXnVNite_1_5_2.so
7f4bb953a000-7f4bb9739000 ---p 000e3000 08:14 673381                     /usr/lib/libXnVNite_1_5_2.so
7f4bb9739000-7f4bb973e000 r-xp 000e2000 08:14 673381                     /usr/lib/libXnVNite_1_5_2.so
7f4bb973e000-7f4bb9740000 rwxp 000e7000 08:14 673381                     /usr/lib/libXnVNite_1_5_2.so
7f4bb9740000-7f4bb97bd000 r-xp 00000000 08:14 673301                     /usr/lib/libOpenNI.so
7f4bb97bd000-7f4bb99bc000 ---p 0007d000 08:14 673301                     /usr/lib/libOpenNI.so
7f4bb99bc000-7f4bb99bf000 r-xp 0007c000 08:14 673301                     /usr/lib/libOpenNI.so
7f4bb99bf000-7f4bb99c2000 rwxp 0007f000 08:14 673301                     /usr/lib/libOpenNI.so
7f4bb99c2000-7f4bb99c3000 rwxp 00000000 00:00 0 
7f4bb99db000-7f4bb9a91000 r-xp 00000000 08:15 2627742                    /home/jailbirt/workspace/processingKinectExamples/libs/simpleOpenNi/library/library/libSimpleOpenNI64.so
7f4bb9a91000-7f4bb9c91000 ---p 000b6000 08:15 2627742                    /home/jailbirt/workspace/processingKinectExamples/libs/simpleOpenNi/library/library/libSimpleOpenNI64.so
7f4bb9c91000-7f4bb9c95000 r-xp 000b6000 08:15 2627742                    /home/jailbirt/workspace/processingKinectExamples/libs/simpleOpenNi/library/library/libSimpleOpenNI64.so
7f4bb9c95000-7f4bb9c98000 rwxp 000ba000 08:15 2627742                    /home/jailbirt/workspace/processingKinectExamples/libs/simpleOpenNi/library/library/libSimpleOpenNI64.so
7f4bb9c98000-7f4bb9c99000 rwxp 00000000 00:00 0 
7f4bb9c99000-7f4bb9c9c000 ---p 00000000 00:00 0 
7f4bb9c9c000-7f4bb9d9a000 rwxp 00000000 00:00 0 
7f4bb9d9a000-7f4bb9d9d000 ---p 00000000 00:00 0 
7f4bb9d9d000-7f4bb9e9b000 rwxp 00000000 00:00 0 
7f4bb9e9b000-7f4bb9e9e000 ---p 00000000 00:00 0 
7f4bb9e9e000-7f4bb9f9c000 rwxp 00000000 00:00 0 
7f4bb9f9c000-7f4bb9f9f000 ---p 00000000 00:00 0 
7f4bb9f9f000-7f4bba09d000 rwxp 00000000 00:00 0 
7f4bba09d000-7f4bba0a5000 r-xp 00000000 08:14 662127                     /usr/lib/x86_64-linux-gnu/libXrandr.so.2.2.0
7f4bba0a5000-7f4bba2a4000 ---p 00008000 08:14 662127                     /usr/lib/x86_64-linux-gnu/libXrandr.so.2.2.0
7f4bba2a4000-7f4bba2a5000 r-xp 00007000 08:14 662127                     /usr/lib/x86_64-linux-gnu/libXrandr.so.2.2.0
7f4bba2a5000-7f4bba2a6000 rwxp 00008000 08:14 662127                     /usr/lib/x86_64-linux-gnu/libXrandr.so.2.2.0
7f4bba2a6000-7f4bba2a9000 ---p 00000000 00:00 0 
7f4bba2a9000-7f4bba3a7000 rwxp 00000000 00:00 0 
7f4bba3a7000-7f4bba3ac000 r-xp 00000000 08:14 662111                     /usr/lib/x86_64-linux-gnu/libXfixes.so.3.1.0
7f4bba3ac000-7f4bba5ab000 ---p 00005000 08:14 662111                     /usr/lib/x86_64-linux-gnu/libXfixes.so.3.1.0
7f4bba5ab000-7f4bba5ac000 r-xp 00004000 08:14 662111                     /usr/lib/x86_64-linux-gnu/libXfixes.so.3.1.0
7f4bba5ac000-7f4bba5ad000 rwxp 00005000 08:14 662111                     /usr/lib/x86_64-linux-gnu/libXfixes.so.3.1.0
7f4bba5ad000-7f4bba5b6000 r-xp 00000000 08:14 662129                     /usr/lib/x86_64-linux-gnu/libXrender.so.1.3.0
7f4bba5b6000-7f4bba7b5000 ---p 00009000 08:14 662129                     /usr/lib/x86_64-linux-gnu/libXrender.so.1.3.0
7f4bba7b5000-7f4bba7b6000 r-xp 00008000 08:14 662129                     /usr/lib/x86_64-linux-gnu/libXrender.so.1.3.0
7f4bba7b6000-7f4bba7b7000 rwxp 00009000 08:14 662129                     /usr/lib/x86_64-linux-gnu/libXrender.so.1.3.0
7f4bba7b7000-7f4bba7c0000 r-xp 00000000 08:14 662103                     /usr/lib/x86_64-linux-gnu/libXcursor.so.1.0.2
7f4bba7c0000-7f4bba9bf000 ---p 00009000 08:14 662103                     /usr/lib/x86_64-linux-gnu/libXcursor.so.1.0.2
7f4bba9bf000-7f4bba9c0000 r-xp 00008000 08:14 662103                     /usr/lib/x86_64-linux-gnu/libXcursor.so.1.0.2
7f4bba9c0000-7f4bba9c1000 rwxp 00009000 08:14 662103                     /usr/lib/x86_64-linux-gnu/libXcursor.so.1.0.2
7f4bba9c1000-7f4bba9c4000 ---p 00000000 00:00 0 
7f4bba9c4000-7f4bbaac2000 rwxp 00000000 00:00 0 
7f4bbaac2000-7f4bbab3b000 r-xp 00000000 08:14 1454604                    /usr/lib/jvm/jre/lib/amd64/libfontmanager.so
7f4bbab3b000-7f4bbac3a000 ---p 00079000 08:14 1454604                    /usr/lib/jvm/jre/lib/amd64/libfontmanager.so
7f4bbac3a000-7f4bbac4f000 rwxp 00078000 08:14 1454604                    /usr/lib/jvm/jre/lib/amd64/libfontmanager.so
7f4bbac4f000-7f4bbac61000 rwxp 00000000 00:00 0 
7f4bbac61000-7f4bbac66000 r-xp 00000000 08:14 662107                     /usr/lib/x86_64-linux-gnu/libXdmcp.so.6.0.0
7f4bbac66000-7f4bbae65000 ---p 00005000 08:14 662107                     /usr/lib/x86_64-linux-gnu/libXdmcp.so.6.0.0
7f4bbae65000-7f4bbae66000 r-xp 00004000 08:14 662107                     /usr/lib/x86_64-linux-gnu/libXdmcp.so.6.0.0
7f4bbae66000-7f4bbae67000 rwxp 00005000 08:14 662107                     /usr/lib/x86_64-linux-gnu/libXdmcp.so.6.0.0
7f4bbae67000-7f4bbae69000 r-xp 00000000 08:14 662096                     /usr/lib/x86_64-linux-gnu/libXau.so.6.0.0
7f4bbae69000-7f4bbb068000 ---p 00002000 08:14 662096                     /usr/lib/x86_64-linux-gnu/libXau.so.6.0.0
7f4bbb068000-7f4bbb069000 r-xp 00001000 08:14 662096                     /usr/lib/x86_64-linux-gnu/libXau.so.6.0.0
7f4bbb069000-7f4bbb06a000 rwxp 00002000 08:14 662096                     /usr/lib/x86_64-linux-gnu/libXau.so.6.0.0
7f4bbb06a000-7f4bbb087000 r-xp 00000000 08:14 662695                     /usr/lib/x86_64-linux-gnu/libxcb.so.1.1.0
7f4bbb087000-7f4bbb286000 ---p 0001d000 08:14 662695                     /usr/lib/x86_64-linux-gnu/libxcb.so.1.1.0
7f4bbb286000-7f4bbb287000 r-xp 0001c000 08:14 662695                     /usr/lib/x86_64-linux-gnu/libxcb.so.1.1.0
7f4bbb287000-7f4bbb288000 rwxp 0001d000 08:14 662695                     /usr/lib/x86_64-linux-gnu/libxcb.so.1.1.0
7f4bbb288000-7f4bbb296000 r-xp 00000000 08:14 662115                     /usr/lib/x86_64-linux-gnu/libXi.so.6.1.0
7f4bbb296000-7f4bbb495000 ---p 0000e000 08:14 662115                     /usr/lib/x86_64-linux-gnu/libXi.so.6.1.0
7f4bbb495000-7f4bbb496000 r-xp 0000d000 08:14 662115                     /usr/lib/x86_64-linux-gnu/libXi.so.6.1.0
7f4bbb496000-7f4bbb497000 rwxp 0000e000 08:14 662115                     /usr/lib/x86_64-linux-gnu/libXi.so.6.1.0
7f4bbb497000-7f4bbb49c000 r-xp 00000000 08:14 662133                     /usr/lib/x86_64-linux-gnu/libXtst.so.6.1.0
7f4bbb49c000-7f4bbb69b000 ---p 00005000 08:14 662133                     /usr/lib/x86_64-linux-gnu/libXtst.so.6.1.0
7f4bbb69b000-7f4bbb69c000 r-xp 00004000 08:14 662133                     /usr/lib/x86_64-linux-gnu/libXtst.so.6.1.0
7f4bbb69c000-7f4bbb69d000 rwxp 00005000 08:14 662133                     /usr/lib/x86_64-linux-gnu/libXtst.so.6.1.0
7f4bbb69d000-7f4bbb7cc000 r-xp 00000000 08:14 662094                     /usr/lib/x86_64-linux-gnu/libX11.so.6.3.0
7f4bbb7cc000-7f4bbb9cc000 ---p 0012f000 08:14 662094                     /usr/lib/x86_64-linux-gnu/libX11.so.6.3.0
7f4bbb9cc000-7f4bbb9cd000 r-xp 0012f000 08:14 662094                     /usr/lib/x86_64-linux-gnu/libX11.so.6.3.0
7f4bbb9cd000-7f4bbb9d1000 rwxp 00130000 08:14 662094                     /usr/lib/x86_64-linux-gnu/libX11.so.6.3.0
7f4bbb9d1000-7f4bbb9e1000 r-xp 00000000 08:14 662109                     /usr/lib/x86_64-linux-gnu/libXext.so.6.4.0
7f4bbb9e1000-7f4bbbbe0000 ---p 00010000 08:14 662109                     /usr/lib/x86_64-linux-gnu/libXext.so.6.4.0
7f4bbbbe0000-7f4bbbbe1000 r-xp 0000f000 08:14 662109                     /usr/lib/x86_64-linux-gnu/libXext.so.6.4.0
7f4bbbbe1000-7f4bbbbe2000 rwxp 00010000 08:14 662109                     /usr/lib/x86_64-linux-gnu/libXext.so.6.4.0
7f4bbbbe2000-7f4bbbc24000 r-xp 00000000 08:14 1571968                    /usr/lib/jvm/jre/lib/amd64/xawt/libmawt.so
7f4bbbc24000-7f4bbbd23000 ---p 00042000 08:14 1571968                    /usr/lib/jvm/jre/lib/amd64/xawt/libmawt.so
7f4bbbd23000-7f4bbbd2f000 rwxp 00041000 08:14 1571968                    /usr/lib/jvm/jre/lib/amd64/xawt/libmawt.so
7f4bbbd2f000-7f4bbbd30000 rwxp 00000000 00:00 0 
7f4bbbd30000-7f4bbbdc2000 r-xp 00000000 08:14 1454608                    /usr/lib/jvm/jre/lib/amd64/libawt.so
7f4bbbdc2000-7f4bbbec1000 ---p 00092000 08:14 1454608                    /usr/lib/jvm/jre/lib/amd64/libawt.so
7f4bbbec1000-7f4bbbedb000 rwxp 00091000 08:14 1454608                    /usr/lib/jvm/jre/lib/amd64/libawt.so
7f4bbbedb000-7f4bbbeff000 rwxp 00000000 00:00 0 
7f4bbbeff000-7f4bbbf00000 ---p 00000000 00:00 0 
7f4bbbf00000-7f4bbc000000 rwxp 00000000 00:00 0 
7f4bbc000000-7f4bbc2f0000 rwxp 00000000 00:00 0 
7f4bbc2f0000-7f4bc0000000 ---p 00000000 00:00 0 
7f4bc0000000-7f4bc0021000 rwxp 00000000 00:00 0 
7f4bc0021000-7f4bc4000000 ---p 00000000 00:00 0 
7f4bc4000000-7f4bc4021000 rwxp 00000000 00:00 0 
7f4bc4021000-7f4bc8000000 ---p 00000000 00:00 0 
7f4bc8000000-7f4bc826a000 rwxp 00000000 00:00 0 
7f4bc826a000-7f4bcc000000 ---p 00000000 00:00 0 
7f4bcc000000-7f4bcc021000 rwxp 00000000 00:00 0 
7f4bcc021000-7f4bd0000000 ---p 00000000 00:00 0 
7f4bd0000000-7f4bd0021000 rwxp 00000000 00:00 0 
7f4bd0021000-7f4bd4000000 ---p 00000000 00:00 0 
7f4bd4000000-7f4bd4021000 rwxp 00000000 00:00 0 
7f4bd4021000-7f4bd8000000 ---p 00000000 00:00 0 
7f4bd8000000-7f4bd8021000 rwxp 00000000 00:00 0 
7f4bd8021000-7f4bdc000000 ---p 00000000 00:00 0 
7f4bdc000000-7f4bdc021000 rwxp 00000000 00:00 0 
7f4bdc021000-7f4be0000000 ---p 00000000 00:00 0 
7f4be0000000-7f4be0021000 rwxp 00000000 00:00 0 
7f4be0021000-7f4be4000000 ---p 00000000 00:00 0 
7f4be4000000-7f4be4021000 rwxp 00000000 00:00 0 
7f4be4021000-7f4be8000000 ---p 00000000 00:00 0 
7f4be8000000-7f4be8021000 rwxp 00000000 00:00 0 
7f4be8021000-7f4bec000000 ---p 00000000 00:00 0 
7f4bec000000-7f4bec021000 rwxp 00000000 00:00 0 
7f4bec021000-7f4bf0000000 ---p 00000000 00:00 0 
7f4bf0000000-7f4bf0021000 rwxp 00000000 00:00 0 
7f4bf0021000-7f4bf4000000 ---p 00000000 00:00 0 
7f4bf4000000-7f4bf4021000 rwxp 00000000 00:00 0 
7f4bf4021000-7f4bf8000000 ---p 00000000 00:00 0 
7f4bf8014000-7f4bf8017000 ---p 00000000 00:00 0 
7f4bf8017000-7f4bf8115000 rwxp 00000000 00:00 0 
7f4bf8115000-7f4bf8118000 ---p 00000000 00:00 0 
7f4bf8118000-7f4bf8216000 rwxp 00000000 00:00 0 
7f4bf8216000-7f4bf8219000 ---p 00000000 00:00 0 
7f4bf8219000-7f4bf8317000 rwxp 00000000 00:00 0 
7f4bf8317000-7f4bf831a000 ---p 00000000 00:00 0 
7f4bf831a000-7f4bf8418000 rwxp 00000000 00:00 0 
7f4bf8418000-7f4bf8afb000 r-xp 00000000 08:14 661138                     /usr/lib/locale/locale-archive
7f4bf8afb000-7f4bf8afe000 ---p 00000000 00:00 0 
7f4bf8afe000-7f4bf8bfc000 rwxp 00000000 00:00 0 
7f4bf8bfc000-7f4bf8bff000 ---p 00000000 00:00 0 
7f4bf8bff000-7f4bf8cfd000 rwxp 00000000 00:00 0 
7f4bf8cfd000-7f4bf8cfe000 ---p 00000000 00:00 0 
7f4bf8cfe000-7f4bf9270000 rwxp 00000000 00:00 0 
7f4bf9270000-7f4bfc317000 rwxp 00000000 00:00 0 
7f4bfc317000-7f4c00000000 ---p 00000000 00:00 0 
7f4c0000e000-7f4c0000f000 rwxp 00000000 00:00 0 
7f4c0000f000-7f4c00012000 r-xs 00022000 08:15 2247532                    /home/jailbirt/workspace/processingKinectExamples/libs/simpleOpenNi/SimpleOpenNI.jar
7f4c00012000-7f4c00013000 r-xs 00001000 08:15 3674536                    /home/jailbirt/workspace/processingKinectExamples/libs/net/net.jar
7f4c00013000-7f4c00015000 r-xs 00008000 08:15 3674360                    /home/jailbirt/workspace/processingKinectExamples/libs/peasycam/library/peasycam.jar
7f4c00015000-7f4c00018000 r-xs 00017000 08:15 2490784                    /home/jailbirt/workspace/processingKinectExamples/libs/minim/tritonus_share.jar
7f4c00018000-7f4c00023000 r-xs 00108000 08:15 2247356                    /home/jailbirt/workspace/processingKinectExamples/libs/openGL/jogl.jar
7f4c00023000-7f4c00024000 r-xs 00000000 08:16 1707334                    /var/cache/fontconfig/c05880de57d1f5e948fdfacc138775d9-le64.cache-3
7f4c00024000-7f4c0002d000 r-xs 00000000 08:16 1707329                    /var/cache/fontconfig/945677eb7aeaf62f1d50efc3fb3ec7d8-le64.cache-3
7f4c0002d000-7f4c0002f000 r-xs 00000000 08:16 1707330                    /var/cache/fontconfig/99e8ed0e538f840c565b6ed5dad60d56-le64.cache-3
7f4c0002f000-7f4c00037000 r-xs 00000000 08:16 1707943                    /var/cache/fontconfig/a6d8cf8e4ec09cdbc8633c31745a07dd-le64.cache-3
7f4c00037000-7f4c0003b000 r-xs 00000000 08:16 1707316                    /var/cache/fontconfig/2cd17615ca594fa2959ae173292e504c-le64.cache-3
7f4c0003b000-7f4c0003c000 r-xs 00000000 08:16 1707341                    /var/cache/fontconfig/e7071f4a29fa870f4323321c154eba04-le64.cache-3
7f4c0003c000-7f4c0003d000 r-xs 00000000 08:16 1707314                    /var/cache/fontconfig/0d8c3b2ac0904cb8a57a757ad11a4a08-le64.cache-3
7f4c0003d000-7f4c00043000 r-xs 00000000 08:16 1707331                    /var/cache/fontconfig/a755afe4a08bf5b97852ceb7400b47bc-le64.cache-3
7f4c00043000-7f4c00047000 r-xs 00000000 08:16 1707325                    /var/cache/fontconfig/6d41288fd70b0be22e8c3a91e032eec0-le64.cache-3
7f4c00047000-7f4c00057000 r-xs 00000000 08:16 1707313                    /var/cache/fontconfig/04aabc0a78ac019cf9454389977116d2-le64.cache-3
7f4c00057000-7f4c0005a000 r-xs 00000000 08:16 1707319                    /var/cache/fontconfig/385c0604a188198f04d133e54aba7fe7-le64.cache-3
7f4c0005a000-7f4c0005b000 r-xs 00000000 08:16 1707336                    /var/cache/fontconfig/4794a0821666d79190d59a36cb4f44b5-le64.cache-3
7f4c0005b000-7f4c0005e000 r-xs 00000000 08:16 1707328                    /var/cache/fontconfig/8801497958630a81b71ace7c5f9b32a8-le64.cache-3
7f4c0005e000-7f4c00063000 r-xs 00000000 08:16 1707317                    /var/cache/fontconfig/3047814df9a2f067bd2d96a2b9c36e5a-le64.cache-3
7f4c00063000-7f4c00064000 r-xs 00000000 08:16 1707322                    /var/cache/fontconfig/56cf4f4769d0f4abc89a4895d7bd3ae1-le64.cache-3
7f4c00064000-7f4c00065000 r-xs 00000000 08:16 1707333                    /var/cache/fontconfig/b9d506c9ac06c20b433354fa67a72993-le64.cache-3
7f4c00065000-7f4c0006a000 r-xs 00000000 08:16 1707332                    /var/cache/fontconfig/b47c4e1ecd0709278f4910c18777a504-le64.cache-3
7f4c0006a000-7f4c0007a000 r-xs 00000000 08:16 1707337                    /var/cache/fontconfig/d52a8644073d54c13679302ca1180695-le64.cache-3
7f4c0007a000-7f4c007b5000 rwxp 00000000 00:00 0 
7f4c007b5000-7f4c0094c000 r-xs 03079000 08:14 1454726                    /usr/lib/jvm/jre/lib/rt.jar
7f4c0094c000-7f4c00974000 rwxp 00000000 00:00 0 
7f4c00974000-7f4c00975000 ---p 00000000 00:00 0 
7f4c00975000-7f4c00a75000 rwxp 00000000 00:00 0 
7f4c00a75000-7f4c00a76000 ---p 00000000 00:00 0 
7f4c00a76000-7f4c00b76000 rwxp 00000000 00:00 0 
7f4c00b76000-7f4c00b77000 ---p 00000000 00:00 0 
7f4c00b77000-7f4c00c77000 rwxp 00000000 00:00 0 
7f4c00c77000-7f4c00c78000 ---p 00000000 00:00 0 
7f4c00c78000-7f4c00d78000 rwxp 00000000 00:00 0 
7f4c00d78000-7f4c00d79000 ---p 00000000 00:00 0 
7f4c00d79000-7f4c00e79000 rwxp 00000000 00:00 0 
7f4c00e79000-7f4c00e7a000 ---p 00000000 00:00 0 
7f4c00e7a000-7f4c00f7a000 rwxp 00000000 00:00 0 
7f4c00f7a000-7f4c00f7b000 ---p 00000000 00:00 0 
7f4c00f7b000-7f4c0107b000 rwxp 00000000 00:00 0 
7f4c0107b000-7f4c0107c000 ---p 00000000 00:00 0 
7f4c0107c000-7f4c01187000 rwxp 00000000 00:00 0 
7f4c01187000-7f4c011a5000 rwxp 00000000 00:00 0 
7f4c011a5000-7f4c011e4000 rwxp 00000000 00:00 0 
7f4c011e4000-7f4c0158e000 rwxp 00000000 00:00 0 
7f4c0158e000-7f4c01599000 rwxp 00000000 00:00 0 
7f4c01599000-7f4c015b7000 rwxp 00000000 00:00 0 
7f4c015b7000-7f4c015f6000 rwxp 00000000 00:00 0 
7f4c015f6000-7f4c0199f000 rwxp 00000000 00:00 0 
7f4c0199f000-7f4c019bf000 rwxp 00000000 00:00 0 
7f4c019bf000-7f4c01b94000 rwxp 00000000 00:00 0 
7f4c01b94000-7f4c01b95000 rwxp 00000000 00:00 0 
7f4c01b95000-7f4c01ba3000 r-xp 00000000 08:14 1454610                    /usr/lib/jvm/jre/lib/amd64/libzip.so
7f4c01ba3000-7f4c01ca5000 ---p 0000e000 08:14 1454610                    /usr/lib/jvm/jre/lib/amd64/libzip.so
7f4c01ca5000-7f4c01ca8000 rwxp 00010000 08:14 1454610                    /usr/lib/jvm/jre/lib/amd64/libzip.so
7f4c01ca8000-7f4c01ca9000 rwxp 00000000 00:00 0 
7f4c01ca9000-7f4c01cb5000 r-xp 00000000 08:14 788702                     /lib/x86_64-linux-gnu/libnss_files-2.15.so
7f4c01cb5000-7f4c01eb4000 ---p 0000c000 08:14 788702                     /lib/x86_64-linux-gnu/libnss_files-2.15.so
7f4c01eb4000-7f4c01eb5000 r-xp 0000b000 08:14 788702                     /lib/x86_64-linux-gnu/libnss_files-2.15.so
7f4c01eb5000-7f4c01eb6000 rwxp 0000c000 08:14 788702                     /lib/x86_64-linux-gnu/libnss_files-2.15.so
7f4c01eb6000-7f4c01ec0000 r-xp 00000000 08:14 788706                     /lib/x86_64-linux-gnu/libnss_nis-2.15.so
7f4c01ec0000-7f4c020c0000 ---p 0000a000 08:14 788706                     /lib/x86_64-linux-gnu/libnss_nis-2.15.so
7f4c020c0000-7f4c020c1000 r-xp 0000a000 08:14 788706                     /lib/x86_64-linux-gnu/libnss_nis-2.15.so
7f4c020c1000-7f4c020c2000 rwxp 0000b000 08:14 788706                     /lib/x86_64-linux-gnu/libnss_nis-2.15.so
7f4c020c2000-7f4c020ca000 r-xp 00000000 08:14 788698                     /lib/x86_64-linux-gnu/libnss_compat-2.15.so
7f4c020ca000-7f4c022c9000 ---p 00008000 08:14 788698                     /lib/x86_64-linux-gnu/libnss_compat-2.15.so
7f4c022c9000-7f4c022ca000 r-xp 00007000 08:14 788698                     /lib/x86_64-linux-gnu/libnss_compat-2.15.so
7f4c022ca000-7f4c022cb000 rwxp 00008000 08:14 788698                     /lib/x86_64-linux-gnu/libnss_compat-2.15.so
7f4c022cb000-7f4c022e2000 r-xp 00000000 08:14 788696                     /lib/x86_64-linux-gnu/libnsl-2.15.so
7f4c022e2000-7f4c024e1000 ---p 00017000 08:14 788696                     /lib/x86_64-linux-gnu/libnsl-2.15.so
7f4c024e1000-7f4c024e2000 r-xp 00016000 08:14 788696                     /lib/x86_64-linux-gnu/libnsl-2.15.so
7f4c024e2000-7f4c024e3000 rwxp 00017000 08:14 788696                     /lib/x86_64-linux-gnu/libnsl-2.15.so
7f4c024e3000-7f4c024e5000 rwxp 00000000 00:00 0 
7f4c024e5000-7f4c0250e000 r-xp 00000000 08:14 1450954                    /usr/lib/jvm/jre/lib/amd64/libjava.so
7f4c0250e000-7f4c0260d000 ---p 00029000 08:14 1450954                    /usr/lib/jvm/jre/lib/amd64/libjava.so
7f4c0260d000-7f4c02614000 rwxp 00028000 08:14 1450954                    /usr/lib/jvm/jre/lib/amd64/libjava.so
7f4c02614000-7f4c02621000 r-xp 00000000 08:14 1450959                    /usr/lib/jvm/jre/lib/amd64/libverify.so
7f4c02621000-7f4c02720000 ---p 0000d000 08:14 1450959                    /usr/lib/jvm/jre/lib/amd64/libverify.so
7f4c02720000-7f4c02723000 rwxp 0000c000 08:14 1450959                    /usr/lib/jvm/jre/lib/amd64/libverify.so
7f4c02723000-7f4c0272a000 r-xp 00000000 08:14 788737                     /lib/x86_64-linux-gnu/librt-2.15.so
7f4c0272a000-7f4c02929000 ---p 00007000 08:14 788737                     /lib/x86_64-linux-gnu/librt-2.15.so
7f4c02929000-7f4c0292a000 r-xp 00006000 08:14 788737                     /lib/x86_64-linux-gnu/librt-2.15.so
7f4c0292a000-7f4c0292b000 rwxp 00007000 08:14 788737                     /lib/x86_64-linux-gnu/librt-2.15.so
7f4c0292b000-7f4c0292e000 ---p 00000000 00:00 0 
7f4c0292e000-7f4c02a2c000 rwxp 00000000 00:00 0 
7f4c02a2c000-7f4c02b25000 r-xp 00000000 08:14 788683                     /lib/x86_64-linux-gnu/libm-2.15.so
7f4c02b25000-7f4c02d24000 ---p 000f9000 08:14 788683                     /lib/x86_64-linux-gnu/libm-2.15.so
7f4c02d24000-7f4c02d25000 r-xp 000f8000 08:14 788683                     /lib/x86_64-linux-gnu/libm-2.15.so
7f4c02d25000-7f4c02d26000 rwxp 000f9000 08:14 788683                     /lib/x86_64-linux-gnu/libm-2.15.so
7f4c02d26000-7f4c03641000 r-xp 00000000 08:14 2100299                    /usr/lib/jvm/jre/lib/amd64/server/libjvm.so
7f4c03641000-7f4c03742000 ---p 0091b000 08:14 2100299                    /usr/lib/jvm/jre/lib/amd64/server/libjvm.so
7f4c03742000-7f4c038f7000 rwxp 0091c000 08:14 2100299                    /usr/lib/jvm/jre/lib/amd64/server/libjvm.so
7f4c038f7000-7f4c03931000 rwxp 00000000 00:00 0 
7f4c03931000-7f4c03ae4000 r-xp 00000000 08:14 788651                     /lib/x86_64-linux-gnu/libc-2.15.so
7f4c03ae4000-7f4c03ce3000 ---p 001b3000 08:14 788651                     /lib/x86_64-linux-gnu/libc-2.15.so
7f4c03ce3000-7f4c03ce7000 r-xp 001b2000 08:14 788651                     /lib/x86_64-linux-gnu/libc-2.15.so
7f4c03ce7000-7f4c03ce9000 rwxp 001b6000 08:14 788651                     /lib/x86_64-linux-gnu/libc-2.15.so
7f4c03ce9000-7f4c03cee000 rwxp 00000000 00:00 0 
7f4c03cee000-7f4c03cf0000 r-xp 00000000 08:14 788664                     /lib/x86_64-linux-gnu/libdl-2.15.so
7f4c03cf0000-7f4c03ef0000 ---p 00002000 08:14 788664                     /lib/x86_64-linux-gnu/libdl-2.15.so
7f4c03ef0000-7f4c03ef1000 r-xp 00002000 08:14 788664                     /lib/x86_64-linux-gnu/libdl-2.15.so
7f4c03ef1000-7f4c03ef2000 rwxp 00003000 08:14 788664                     /lib/x86_64-linux-gnu/libdl-2.15.so
7f4c03ef2000-7f4c03f0a000 r-xp 00000000 08:14 788731                     /lib/x86_64-linux-gnu/libpthread-2.15.so
7f4c03f0a000-7f4c04109000 ---p 00018000 08:14 788731                     /lib/x86_64-linux-gnu/libpthread-2.15.so
7f4c04109000-7f4c0410a000 r-xp 00017000 08:14 788731                     /lib/x86_64-linux-gnu/libpthread-2.15.so
7f4c0410a000-7f4c0410b000 rwxp 00018000 08:14 788731                     /lib/x86_64-linux-gnu/libpthread-2.15.so
7f4c0410b000-7f4c0410f000 rwxp 00000000 00:00 0 
7f4c0410f000-7f4c04131000 r-xp 00000000 08:14 788631                     /lib/x86_64-linux-gnu/ld-2.15.so
7f4c04131000-7f4c04132000 r-xs 00005000 08:15 2495492                    /home/jailbirt/workspace/processingKinectExamples/libs/OBJLoader/library/OBJLoader.jar
7f4c04132000-7f4c04133000 r-xs 00002000 08:15 2490783                    /home/jailbirt/workspace/processingKinectExamples/libs/minim/tritonus_aos.jar
7f4c04133000-7f4c04134000 r-xs 00005000 08:15 2490782                    /home/jailbirt/workspace/processingKinectExamples/libs/minim/mp3spi1.9.4.jar
7f4c04134000-7f4c0413a000 r-xs 00000000 08:16 1708054                    /var/cache/fontconfig/3f7329c5293ffd510edef78f73874cfd-le64.cache-3
7f4c0413a000-7f4c04145000 r-xs 00000000 08:16 1707971                    /var/cache/fontconfig/e13b20fdb08344e0e664864cc2ede53d-le64.cache-3
7f4c04145000-7f4c04149000 r-xs 00000000 08:16 1707942                    /var/cache/fontconfig/7ef2298fde41cc6eeb7af42e48b7d293-le64.cache-3
7f4c04149000-7f4c04153000 rwxp 00000000 00:00 0 
7f4c04153000-7f4c04209000 rwxp 00000000 00:00 0 
7f4c04209000-7f4c0420c000 rwxp 00000000 00:00 0 
7f4c0420c000-7f4c04213000 r-xp 00000000 08:14 1967149                    /usr/lib/jvm/jre/lib/amd64/jli/libjli.so
7f4c04213000-7f4c04314000 ---p 00007000 08:14 1967149                    /usr/lib/jvm/jre/lib/amd64/jli/libjli.so
7f4c04314000-7f4c04316000 rwxp 00008000 08:14 1967149                    /usr/lib/jvm/jre/lib/amd64/jli/libjli.so
7f4c04316000-7f4c04317000 rwxp 00000000 00:00 0 
7f4c04317000-7f4c04319000 r-xs 0000d000 08:15 2490781                    /home/jailbirt/workspace/processingKinectExamples/libs/minim/minim.jar
7f4c04319000-7f4c0431a000 r-xs 00000000 08:15 2490780                    /home/jailbirt/workspace/processingKinectExamples/libs/minim/minim-spi.jar
7f4c0431a000-7f4c0431b000 r-xs 0000b000 08:15 2490779                    /home/jailbirt/workspace/processingKinectExamples/libs/minim/jsminim.jar
7f4c0431b000-7f4c0431e000 r-xs 00017000 08:15 2490772                    /home/jailbirt/workspace/processingKinectExamples/libs/minim/jl1.0.jar
7f4c0431e000-7f4c0431f000 r-xs 00003000 08:15 2247358                    /home/jailbirt/workspace/processingKinectExamples/libs/openGL/opengl.jar
7f4c0431f000-7f4c04320000 r-xs 00004000 08:15 2247355                    /home/jailbirt/workspace/processingKinectExamples/libs/openGL/gluegen-rt.jar
7f4c04320000-7f4c04322000 r-xs 0002b000 08:15 2247352                    /home/jailbirt/workspace/processingKinectExamples/libs/core.jar
7f4c04322000-7f4c04325000 r-xs 0000f000 08:14 1577185                    /usr/lib/jvm/jre/lib/ext/pulse-java.jar
7f4c04325000-7f4c0432d000 rwxs 00000000 08:14 524301                     /tmp/hsperfdata_jailbirt/8841
7f4c0432d000-7f4c0432e000 rwxp 00000000 00:00 0 
7f4c0432e000-7f4c0432f000 r-xp 00000000 00:00 0 
7f4c0432f000-7f4c04331000 rwxp 00000000 00:00 0 
7f4c04331000-7f4c04332000 r-xp 00022000 08:14 788631                     /lib/x86_64-linux-gnu/ld-2.15.so
7f4c04332000-7f4c04334000 rwxp 00023000 08:14 788631                     /lib/x86_64-linux-gnu/ld-2.15.so
7fff9b7dc000-7fff9b7fe000 rwxp 00000000 00:00 0                          [stack]
7fff9b7ff000-7fff9b800000 r-xp 00000000 00:00 0                          [vdso]
ffffffffff600000-ffffffffff601000 r-xp 00000000 00:00 0                  [vsyscall]

VM Arguments:
jvm_args: -Djava.library.path=/home/jailbirt/workspace/processingKinectExamples/libs/openGL/linux64:/home/jailbirt/workspace/processingKinectExamples/libs/openGL/linux64:/home/jailbirt/workspace/processingKinectExamples/libs/simpleOpenNi/library/library -Dfile.encoding=UTF-8 
java_command: userTracking.main
Launcher Type: SUN_STANDARD

Environment Variables:
PATH=/usr/lib/lightdm/lightdm:/usr/local/sbin:/usr/local/bin:/usr/sbin:/usr/bin:/sbin:/bin:/usr/games
LD_LIBRARY_PATH=/usr/lib/jvm/jre/lib/amd64/server:/usr/lib/jvm/jre/lib/amd64:/usr/lib/jvm/jre/../lib/amd64
SHELL=/bin/bash
DISPLAY=:0.0

Signal Handlers:
SIGSEGV: [libjvm.so+0x8602a0], sa_mask[0]=0x7ffbfeff, sa_flags=0x10000004
SIGBUS: [libjvm.so+0x8602a0], sa_mask[0]=0x7ffbfeff, sa_flags=0x10000004
SIGFPE: [libjvm.so+0x70ef10], sa_mask[0]=0x7ffbfeff, sa_flags=0x10000004
SIGPIPE: [libjvm.so+0x70ef10], sa_mask[0]=0x7ffbfeff, sa_flags=0x10000004
SIGXFSZ: [libjvm.so+0x70ef10], sa_mask[0]=0x7ffbfeff, sa_flags=0x10000004
SIGILL: [libjvm.so+0x70ef10], sa_mask[0]=0x7ffbfeff, sa_flags=0x10000004
SIGUSR1: SIG_DFL, sa_mask[0]=0x00000000, sa_flags=0x00000000
SIGUSR2: [libjvm.so+0x711d40], sa_mask[0]=0x00000004, sa_flags=0x10000004
SIGHUP: [libjvm.so+0x711940], sa_mask[0]=0x7ffbfeff, sa_flags=0x10000004
SIGINT: [libjvm.so+0x711940], sa_mask[0]=0x7ffbfeff, sa_flags=0x10000004
SIGTERM: [libjvm.so+0x711940], sa_mask[0]=0x7ffbfeff, sa_flags=0x10000004
SIGQUIT: [libjvm.so+0x711940], sa_mask[0]=0x7ffbfeff, sa_flags=0x10000004


---------------  S Y S T E M  ---------------

OS:wheezy/sid

uname:Linux 3.2.0-26-generic #41-Ubuntu SMP Thu Jun 14 17:49:24 UTC 2012 x86_64
libc:glibc 2.15 NPTL 2.15 
rlimit: STACK 8192k, CORE 0k, NPROC 95824, NOFILE 4096, AS infinity
load average:0.77 0.62 0.56

/proc/meminfo:
MemTotal:       12290156 kB
MemFree:         8645720 kB
Buffers:          116096 kB
Cached:          2070120 kB
SwapCached:            0 kB
Active:          1970768 kB
Inactive:        1342860 kB
Active(anon):    1129352 kB
Inactive(anon):     7792 kB
Active(file):     841416 kB
Inactive(file):  1335068 kB
Unevictable:           0 kB
Mlocked:               0 kB
SwapTotal:       8388604 kB
SwapFree:        8388604 kB
Dirty:               188 kB
Writeback:             0 kB
AnonPages:       1127640 kB
Mapped:           171008 kB
Shmem:              9744 kB
Slab:             103748 kB
SReclaimable:      65408 kB
SUnreclaim:        38340 kB
KernelStack:        4200 kB
PageTables:        33400 kB
NFS_Unstable:          0 kB
Bounce:                0 kB
WritebackTmp:          0 kB
CommitLimit:    14533680 kB
Committed_AS:    3261048 kB
VmallocTotal:   34359738367 kB
VmallocUsed:      181436 kB
VmallocChunk:   34359523836 kB
HardwareCorrupted:     0 kB
AnonHugePages:         0 kB
HugePages_Total:       0
HugePages_Free:        0
HugePages_Rsvd:        0
HugePages_Surp:        0
Hugepagesize:       2048 kB
DirectMap4k:      597824 kB
DirectMap2M:    11968512 kB


CPU:total 8 (4 cores per cpu, 2 threads per core) family 6 model 42 stepping 7, cmov, cx8, fxsr, mmx, sse, sse2, sse3, ssse3, sse4.1, sse4.2, popcnt, ht

/proc/cpuinfo:
processor	: 0
vendor_id	: GenuineIntel
cpu family	: 6
model		: 42
model name	: Intel(R) Core(TM) i7-2600 CPU @ 3.40GHz
stepping	: 7
microcode	: 0x14
cpu MHz		: 1600.000
cache size	: 8192 KB
physical id	: 0
siblings	: 8
core id		: 0
cpu cores	: 4
apicid		: 0
initial apicid	: 0
fpu		: yes
fpu_exception	: yes
cpuid level	: 13
wp		: yes
flags		: fpu vme de pse tsc msr pae mce cx8 apic sep mtrr pge mca cmov pat pse36 clflush dts acpi mmx fxsr sse sse2 ss ht tm pbe syscall nx rdtscp lm constant_tsc arch_perfmon pebs bts rep_good nopl xtopology nonstop_tsc aperfmperf pni pclmulqdq dtes64 monitor ds_cpl vmx smx est tm2 ssse3 cx16 xtpr pdcm pcid sse4_1 sse4_2 x2apic popcnt tsc_deadline_timer aes xsave avx lahf_lm ida arat epb xsaveopt pln pts dts tpr_shadow vnmi flexpriority ept vpid
bogomips	: 6784.59
clflush size	: 64
cache_alignment	: 64
address sizes	: 36 bits physical, 48 bits virtual
power management:

processor	: 1
vendor_id	: GenuineIntel
cpu family	: 6
model		: 42
model name	: Intel(R) Core(TM) i7-2600 CPU @ 3.40GHz
stepping	: 7
microcode	: 0x14
cpu MHz		: 1600.000
cache size	: 8192 KB
physical id	: 0
siblings	: 8
core id		: 1
cpu cores	: 4
apicid		: 2
initial apicid	: 2
fpu		: yes
fpu_exception	: yes
cpuid level	: 13
wp		: yes
flags		: fpu vme de pse tsc msr pae mce cx8 apic sep mtrr pge mca cmov pat pse36 clflush dts acpi mmx fxsr sse sse2 ss ht tm pbe syscall nx rdtscp lm constant_tsc arch_perfmon pebs bts rep_good nopl xtopology nonstop_tsc aperfmperf pni pclmulqdq dtes64 monitor ds_cpl vmx smx est tm2 ssse3 cx16 xtpr pdcm pcid sse4_1 sse4_2 x2apic popcnt tsc_deadline_timer aes xsave avx lahf_lm ida arat epb xsaveopt pln pts dts tpr_shadow vnmi flexpriority ept vpid
bogomips	: 6784.26
clflush size	: 64
cache_alignment	: 64
address sizes	: 36 bits physical, 48 bits virtual
power management:

processor	: 2
vendor_id	: GenuineIntel
cpu family	: 6
model		: 42
model name	: Intel(R) Core(TM) i7-2600 CPU @ 3.40GHz
stepping	: 7
microcode	: 0x14
cpu MHz		: 1600.000
cache size	: 8192 KB
physical id	: 0
siblings	: 8
core id		: 2
cpu cores	: 4
apicid		: 4
initial apicid	: 4
fpu		: yes
fpu_exception	: yes
cpuid level	: 13
wp		: yes
flags		: fpu vme de pse tsc msr pae mce cx8 apic sep mtrr pge mca cmov pat pse36 clflush dts acpi mmx fxsr sse sse2 ss ht tm pbe syscall nx rdtscp lm constant_tsc arch_perfmon pebs bts rep_good nopl xtopology nonstop_tsc aperfmperf pni pclmulqdq dtes64 monitor ds_cpl vmx smx est tm2 ssse3 cx16 xtpr pdcm pcid sse4_1 sse4_2 x2apic popcnt tsc_deadline_timer aes xsave avx lahf_lm ida arat epb xsaveopt pln pts dts tpr_shadow vnmi flexpriority ept vpid
bogomips	: 6784.26
clflush size	: 64
cache_alignment	: 64
address sizes	: 36 bits physical, 48 bits virtual
power management:

processor	: 3
vendor_id	: GenuineIntel
cpu family	: 6
model		: 42
model name	: Intel(R) Core(TM) i7-2600 CPU @ 3.40GHz
stepping	: 7
microcode	: 0x14
cpu MHz		: 1600.000
cache size	: 8192 KB
physical id	: 0
siblings	: 8
core id		: 3
cpu cores	: 4
apicid		: 6
initial apicid	: 6
fpu		: yes
fpu_exception	: yes
cpuid level	: 13
wp		: yes
flags		: fpu vme de pse tsc msr pae mce cx8 apic sep mtrr pge mca cmov pat pse36 clflush dts acpi mmx fxsr sse sse2 ss ht tm pbe syscall nx rdtscp lm constant_tsc arch_perfmon pebs bts rep_good nopl xtopology nonstop_tsc aperfmperf pni pclmulqdq dtes64 monitor ds_cpl vmx smx est tm2 ssse3 cx16 xtpr pdcm pcid sse4_1 sse4_2 x2apic popcnt tsc_deadline_timer aes xsave avx lahf_lm ida arat epb xsaveopt pln pts dts tpr_shadow vnmi flexpriority ept vpid
bogomips	: 6784.27
clflush size	: 64
cache_alignment	: 64
address sizes	: 36 bits physical, 48 bits virtual
power management:

processor	: 4
vendor_id	: GenuineIntel
cpu family	: 6
model		: 42
model name	: Intel(R) Core(TM) i7-2600 CPU @ 3.40GHz
stepping	: 7
microcode	: 0x14
cpu MHz		: 1600.000
cache size	: 8192 KB
physical id	: 0
siblings	: 8
core id		: 0
cpu cores	: 4
apicid		: 1
initial apicid	: 1
fpu		: yes
fpu_exception	: yes
cpuid level	: 13
wp		: yes
flags		: fpu vme de pse tsc msr pae mce cx8 apic sep mtrr pge mca cmov pat pse36 clflush dts acpi mmx fxsr sse sse2 ss ht tm pbe syscall nx rdtscp lm constant_tsc arch_perfmon pebs bts rep_good nopl xtopology nonstop_tsc aperfmperf pni pclmulqdq dtes64 monitor ds_cpl vmx smx est tm2 ssse3 cx16 xtpr pdcm pcid sse4_1 sse4_2 x2apic popcnt tsc_deadline_timer aes xsave avx lahf_lm ida arat epb xsaveopt pln pts dts tpr_shadow vnmi flexpriority ept vpid
bogomips	: 6784.26
clflush size	: 64
cache_alignment	: 64
address sizes	: 36 bits physical, 48 bits virtual
power management:

processor	: 5
vendor_id	: GenuineIntel
cpu family	: 6
model		: 42
model name	: Intel(R) Core(TM) i7-2600 CPU @ 3.40GHz
stepping	: 7
microcode	: 0x14
cpu MHz		: 3701.000
cache size	: 8192 KB
physical id	: 0
siblings	: 8
core id		: 1
cpu cores	: 4
apicid		: 3
initial apicid	: 3
fpu		: yes
fpu_exception	: yes
cpuid level	: 13
wp		: yes
flags		: fpu vme de pse tsc msr pae mce cx8 apic sep mtrr pge mca cmov pat pse36 clflush dts acpi mmx fxsr sse sse2 ss ht tm pbe syscall nx rdtscp lm constant_tsc arch_perfmon pebs bts rep_good nopl xtopology nonstop_tsc aperfmperf pni pclmulqdq dtes64 monitor ds_cpl vmx smx est tm2 ssse3 cx16 xtpr pdcm pcid sse4_1 sse4_2 x2apic popcnt tsc_deadline_timer aes xsave avx lahf_lm ida arat epb xsaveopt pln pts dts tpr_shadow vnmi flexpriority ept vpid
bogomips	: 6784.25
clflush size	: 64
cache_alignment	: 64
address sizes	: 36 bits physical, 48 bits virtual
power management:

processor	: 6
vendor_id	: GenuineIntel
cpu family	: 6
model		: 42
model name	: Intel(R) Core(TM) i7-2600 CPU @ 3.40GHz
stepping	: 7
microcode	: 0x14
cpu MHz		: 1600.000
cache size	: 8192 KB
physical id	: 0
siblings	: 8
core id		: 2
cpu cores	: 4
apicid		: 5
initial apicid	: 5
fpu		: yes
fpu_exception	: yes
cpuid level	: 13
wp		: yes
flags		: fpu vme de pse tsc msr pae mce cx8 apic sep mtrr pge mca cmov pat pse36 clflush dts acpi mmx fxsr sse sse2 ss ht tm pbe syscall nx rdtscp lm constant_tsc arch_perfmon pebs bts rep_good nopl xtopology nonstop_tsc aperfmperf pni pclmulqdq dtes64 monitor ds_cpl vmx smx est tm2 ssse3 cx16 xtpr pdcm pcid sse4_1 sse4_2 x2apic popcnt tsc_deadline_timer aes xsave avx lahf_lm ida arat epb xsaveopt pln pts dts tpr_shadow vnmi flexpriority ept vpid
bogomips	: 6784.27
clflush size	: 64
cache_alignment	: 64
address sizes	: 36 bits physical, 48 bits virtual
power management:

processor	: 7
vendor_id	: GenuineIntel
cpu family	: 6
model		: 42
model name	: Intel(R) Core(TM) i7-2600 CPU @ 3.40GHz
stepping	: 7
microcode	: 0x14
cpu MHz		: 1600.000
cache size	: 8192 KB
physical id	: 0
siblings	: 8
core id		: 3
cpu cores	: 4
apicid		: 7
initial apicid	: 7
fpu		: yes
fpu_exception	: yes
cpuid level	: 13
wp		: yes
flags		: fpu vme de pse tsc msr pae mce cx8 apic sep mtrr pge mca cmov pat pse36 clflush dts acpi mmx fxsr sse sse2 ss ht tm pbe syscall nx rdtscp lm constant_tsc arch_perfmon pebs bts rep_good nopl xtopology nonstop_tsc aperfmperf pni pclmulqdq dtes64 monitor ds_cpl vmx smx est tm2 ssse3 cx16 xtpr pdcm pcid sse4_1 sse4_2 x2apic popcnt tsc_deadline_timer aes xsave avx lahf_lm ida arat epb xsaveopt pln pts dts tpr_shadow vnmi flexpriority ept vpid
bogomips	: 6784.26
clflush size	: 64
cache_alignment	: 64
address sizes	: 36 bits physical, 48 bits virtual
power management:



Memory: 4k page, physical 12290156k(8645720k free), swap 8388604k(8388604k free)

vm_info: Java HotSpot(TM) 64-Bit Server VM (20.7-b02) for linux-amd64 JRE (1.6.0_32-b05), built on Apr  5 2012 14:09:59 by "java_re" with gcc 3.2.2 (SuSE Linux)

time: Sun Jul 22 03:36:15 2012
elapsed time: 0 seconds

