#
# A fatal error has been detected by the Java Runtime Environment:
#
#  SIGSEGV (0xb) at pc=0x00007f61580ee59d, pid=7567, tid=140056110069504
#
# JRE version: 6.0_32-b05
# Java VM: Java HotSpot(TM) 64-Bit Server VM (20.7-b02 mixed mode linux-amd64 compressed oops)
# Problematic frame:
# C  [libXnVFeatures_1_5_2.so+0x8b59d]  Segmentation::detectionByPoint(bool, std::vector<Vector2D<int>, std::allocator<Vector2D<int> > > const*)+0x8d
#
# If you would like to submit a bug report, please visit:
#   http://java.sun.com/webapps/bugreport/crash.jsp
# The crash happened outside the Java Virtual Machine in native code.
# See problematic frame for where to report the bug.
#

---------------  T H R E A D  ---------------

Current thread (0x00007f619c273000):  JavaThread "Animation Thread" [_thread_in_native, id=7594, stack(0x00007f615aa07000,0x00007f615ab08000)]

siginfo:si_signo=SIGSEGV: si_errno=0, si_code=2 (SEGV_ACCERR), si_addr=0x00007f612a6167c6

Registers:
RAX=0x00000000000000b3, RBX=0x00007f61453c2fb0, RCX=0x00007f612a607b60, RDX=0x00000000000000bc
RSP=0x00007f615ab06230, RBP=0x00007f6133f0ee60, RSI=0x0000000000007633, RDI=0x00007f6133f0efe0
R8 =0x0000000000000000, R9 =0x0101010101010101, R10=0x00007f6133fcda21, R11=0x00007f61a449572c
R12=0x00007f6158690d88, R13=0x00007f615ab06390, R14=0x00007f6132f7e050, R15=0x0000000000000000
RIP=0x00007f61580ee59d, EFLAGS=0x0000000000010206, CSGSFS=0x0000000000000033, ERR=0x0000000000000004
  TRAPNO=0x000000000000000e

Top of Stack: (sp=0x00007f615ab06230)
0x00007f615ab06230:   00007f6144ad50c0 7fffffff00000000
0x00007f615ab06240:   00007f6144ad50c0 00007f6133f0efe0
0x00007f615ab06250:   00007f6133f102e0 00007f6133f0ee60
0x00007f615ab06260:   00007f6133f0efe0 00007f6133f09d80
0x00007f615ab06270:   00007f615ab06390 00007f6132f7e050
0x00007f615ab06280:   0000000000000000 00007f61580f5bc0
0x00007f615ab06290:   00000000000d4186 00000000000d4186
0x00007f615ab062a0:   0000000000000000 3ff0000000000000
0x00007f615ab062b0:   00007f61586915a8 0000000000000001
0x00007f615ab062c0:   0000000000000040 00007f6132f7e010
0x00007f615ab062d0:   00007f6133f09d80 00007f6133ee8f88
0x00007f615ab062e0:   00007f6132f7e050 00007f6132f7e028
0x00007f615ab062f0:   00007f615ab06390 00007f61580de99b
0x00007f615ab06300:   00007f6133fff190 0000000000000008
0x00007f615ab06310:   00000000000d350f 00000000000d350f
0x00007f615ab06320:   0000000000000000 3ff0000000000000
0x00007f615ab06330:   0000000000000000 00007f61580b88bd
0x00007f615ab06340:   00007f615ab063b0 00007f61a4c0c01c
0x00007f615ab06350:   0000000000000001 00007f61a4c0c000
0x00007f615ab06360:   00007f61453b2cc0 00007f61440c55f0
0x00007f615ab06370:   00007f619c273000 00007f61580b403f
0x00007f615ab06380:   0000000000000178 00007f615a41d489
0x00007f615ab06390:   00007f61453c2fb0 00007f61453c2fb8
0x00007f615ab063a0:   00007f61453c2fb8 00007f6144ad5681
0x00007f615ab063b0:   000000bc000000b3 00007f61453b2cc0
0x00007f615ab063c0:   00007f61453b2cc0 00007f61453b2cc0
0x00007f615ab063d0:   00007f6145a25460 0000000000000051
0x00007f615ab063e0:   00007f612a571b20 00007f61580b45bf
0x00007f615ab063f0:   00007f6158678af0 00007f6159e934ec
0x00007f615ab06400:   00007f615867ad10 0000000000000000
0x00007f615ab06410:   0000000001d5f7c9 0009600000000001
0x00007f615ab06420:   ffffffff00000001 00007f615ab06464 

Instructions: (pc=0x00007f61580ee59d)
0x00007f61580ee57d:   39 5d 08 0f 84 d2 01 00 00 8b 53 04 41 8b 74 24
0x00007f61580ee58d:   3c 49 8b 4c 24 28 8b 03 0f af f2 48 8b 09 01 c6
0x00007f61580ee59d:   66 83 3c 71 00 74 d4 48 63 8d 88 01 00 00 48 8b
0x00007f61580ee5ad:   7c 24 18 48 69 c9 d8 03 00 00 48 8d 74 0f 10 48 

Register to memory mapping:

RAX=0x00000000000000b3 is an unknown value
RBX=0x00007f61453c2fb0 is an unknown value
RCX=0x00007f612a607b60 is an unknown value
RDX=0x00000000000000bc is an unknown value
RSP=0x00007f615ab06230 is pointing into the stack for thread: 0x00007f619c273000
RBP=0x00007f6133f0ee60 is an unknown value
RSI=0x0000000000007633 is an unknown value
RDI=0x00007f6133f0efe0 is an unknown value
R8 =0x0000000000000000 is an unknown value
R9 =0x0101010101010101 is an unknown value
R10=0x00007f6133fcda21 is an unknown value
R11=0x00007f61a449572c: <offset 0x8b72c> in /lib/x86_64-linux-gnu/libc.so.6 at 0x00007f61a440a000
R12=0x00007f6158690d88: <offset 0x62dd88> in /usr/lib/libXnVFeatures_1_5_2.so at 0x00007f6158063000
R13=0x00007f615ab06390 is pointing into the stack for thread: 0x00007f619c273000
R14=0x00007f6132f7e050 is an unknown value
R15=0x0000000000000000 is an unknown value


Stack: [0x00007f615aa07000,0x00007f615ab08000],  sp=0x00007f615ab06230,  free space=1020k
Native frames: (J=compiled Java code, j=interpreted, Vv=VM code, C=native code)
C  [libXnVFeatures_1_5_2.so+0x8b59d]  Segmentation::detectionByPoint(bool, std::vector<Vector2D<int>, std::allocator<Vector2D<int> > > const*)+0x8d

Java frames: (J=compiled Java code, j=interpreted, Vv=VM code)
j  SimpleOpenNI.SimpleOpenNIJNI.ContextWrapper_updateSwigExplicitContextWrapper__SWIG_0(JLSimpleOpenNI/ContextWrapper;)V+0
j  SimpleOpenNI.ContextWrapper.update()V+26
j  SimpleOpenNI.SimpleOpenNI.update()V+1
j  userTracking.simpleTracking.draw()V+4
j  processing.core.PApplet.handleDraw()V+145
j  processing.core.PApplet.run()V+72
j  java.lang.Thread.run()V+11
v  ~StubRoutines::call_stub

---------------  P R O C E S S  ---------------

Java Threads: ( => current thread )
  0x00007f619c008000 JavaThread "DestroyJavaVM" [_thread_blocked, id=7572, stack(0x00007f61a3404000,0x00007f61a3505000)]
  0x00007f6144003800 JavaThread "AWT-EventQueue-0" [_thread_blocked, id=7595, stack(0x00007f615a906000,0x00007f615aa07000)]
=>0x00007f619c273000 JavaThread "Animation Thread" [_thread_in_native, id=7594, stack(0x00007f615aa07000,0x00007f615ab08000)]
  0x00007f619c272000 JavaThread "AWT-Shutdown" [_thread_blocked, id=7593, stack(0x00007f615ab08000,0x00007f615ac09000)]
  0x00007f619c260000 JavaThread "Image Fetcher 0" daemon [_thread_blocked, id=7592, stack(0x00007f615ac09000,0x00007f615ad0a000)]
  0x00007f619c253000 JavaThread "AWT-XAWT" daemon [_thread_in_native, id=7591, stack(0x00007f615ad0a000,0x00007f615ae0b000)]
  0x00007f619c12b000 JavaThread "Java2D Disposer" daemon [_thread_blocked, id=7590, stack(0x00007f61a0048000,0x00007f61a0149000)]
  0x00007f619c099800 JavaThread "Low Memory Detector" daemon [_thread_blocked, id=7588, stack(0x00007f61a024a000,0x00007f61a034b000)]
  0x00007f619c097800 JavaThread "C2 CompilerThread1" daemon [_thread_blocked, id=7587, stack(0x00007f61a034b000,0x00007f61a044c000)]
  0x00007f619c094800 JavaThread "C2 CompilerThread0" daemon [_thread_blocked, id=7586, stack(0x00007f61a044c000,0x00007f61a054d000)]
  0x00007f619c092800 JavaThread "Signal Dispatcher" daemon [_thread_blocked, id=7585, stack(0x00007f61a054d000,0x00007f61a064e000)]
  0x00007f619c076000 JavaThread "Finalizer" daemon [_thread_blocked, id=7583, stack(0x00007f61a064e000,0x00007f61a074f000)]
  0x00007f619c074000 JavaThread "Reference Handler" daemon [_thread_blocked, id=7582, stack(0x00007f61a074f000,0x00007f61a0850000)]

Other Threads:
  0x00007f619c06d800 VMThread [stack: 0x00007f61a0850000,0x00007f61a0951000] [id=7581]
  0x00007f619c0ac000 WatcherThread [stack: 0x00007f61a0149000,0x00007f61a024a000] [id=7589]

VM state:not at safepoint (normal execution)

VM Mutex/Monitor currently owned by a thread: None

Heap
 PSYoungGen      total 56000K, used 44823K [0x00000007c1760000, 0x00000007c55e0000, 0x0000000800000000)
  eden space 48000K, 93% used [0x00000007c1760000,0x00000007c4325f20,0x00000007c4640000)
  from space 8000K, 0% used [0x00000007c4e10000,0x00000007c4e10000,0x00000007c55e0000)
  to   space 8000K, 0% used [0x00000007c4640000,0x00000007c4640000,0x00000007c4e10000)
 PSOldGen        total 128064K, used 0K [0x0000000744600000, 0x000000074c310000, 0x00000007c1760000)
  object space 128064K, 0% used [0x0000000744600000,0x0000000744600000,0x000000074c310000)
 PSPermGen       total 21248K, used 10292K [0x000000073f400000, 0x00000007408c0000, 0x0000000744600000)
  object space 21248K, 48% used [0x000000073f400000,0x000000073fe0d3d8,0x00000007408c0000)

Code Cache  [0x00007f6199000000, 0x00007f6199270000, 0x00007f619c000000)
 total_blobs=512 nmethods=33 adapters=434 free_code_cache=49716608 largest_free_block=13312

Dynamic libraries:
40000000-40009000 r-xp 00000000 08:14 1192322                            /usr/lib/jvm/bin/java
40108000-4010a000 rwxp 00008000 08:14 1192322                            /usr/lib/jvm/bin/java
40956000-40977000 rwxp 00000000 00:00 0                                  [heap]
73f400000-7408c0000 rwxp 00000000 00:00 0 
7408c0000-744600000 rwxp 00000000 00:00 0 
744600000-74c310000 rwxp 00000000 00:00 0 
74c310000-7c1760000 rwxp 00000000 00:00 0 
7c1760000-7c55e0000 rwxp 00000000 00:00 0 
7c55e0000-800000000 rwxp 00000000 00:00 0 
7f6128000000-7f612a6f8000 rwxp 00000000 00:00 0 
7f612a6f8000-7f612c000000 ---p 00000000 00:00 0 
7f612c777000-7f612c8a3000 rwxs 00000000 00:04 6619144                    /SYSV00000000 (deleted)
7f612c8a3000-7f612cd04000 rwxp 00000000 00:00 0 
7f612cd05000-7f6134000000 rwxp 00000000 00:00 0 
7f6134000000-7f6134026000 rwxp 00000000 00:00 0 
7f6134026000-7f6138000000 ---p 00000000 00:00 0 
7f6138000000-7f613812f000 rwxp 00000000 00:00 0 
7f613812f000-7f613c000000 ---p 00000000 00:00 0 
7f613c024000-7f613d21a000 rwxp 00000000 00:00 0 
7f613d21a000-7f613d922000 r-xs 00000000 00:12 37735                      /run/shm/7547_045e.02ae@1.7_Depth
7f613d922000-7f613da4f000 rwxp 00000000 00:00 0 
7f613da4f000-7f613da50000 ---p 00000000 00:00 0 
7f613da50000-7f613e651000 rwxp 00000000 00:00 0 
7f613e651000-7f613e6e3000 r-xp 00000000 08:14 658014                     /usr/lib/libXnDeviceSensorV2.so
7f613e6e3000-7f613e8e2000 ---p 00092000 08:14 658014                     /usr/lib/libXnDeviceSensorV2.so
7f613e8e2000-7f613e8f2000 r-xp 00091000 08:14 658014                     /usr/lib/libXnDeviceSensorV2.so
7f613e8f2000-7f613e8f3000 rwxp 000a1000 08:14 658014                     /usr/lib/libXnDeviceSensorV2.so
7f613e8f3000-7f613e91a000 r-xp 00000000 08:14 673565                     /usr/lib/libXnDeviceFile.so
7f613e91a000-7f613eb1a000 ---p 00027000 08:14 673565                     /usr/lib/libXnDeviceFile.so
7f613eb1a000-7f613eb1c000 r-xp 00027000 08:14 673565                     /usr/lib/libXnDeviceFile.so
7f613eb1c000-7f613eb1d000 rwxp 00029000 08:14 673565                     /usr/lib/libXnDeviceFile.so
7f613eb1d000-7f613eb65000 r-xp 00000000 08:14 673564                     /usr/lib/libXnDDK.so
7f613eb65000-7f613ed65000 ---p 00048000 08:14 673564                     /usr/lib/libXnDDK.so
7f613ed65000-7f613ed68000 r-xp 00048000 08:14 673564                     /usr/lib/libXnDDK.so
7f613ed68000-7f613ed6a000 rwxp 0004b000 08:14 673564                     /usr/lib/libXnDDK.so
7f613ed6a000-7f613ed8e000 r-xp 00000000 08:14 673567                     /usr/lib/libXnFormats.so
7f613ed8e000-7f613ef8e000 ---p 00024000 08:14 673567                     /usr/lib/libXnFormats.so
7f613ef8e000-7f613ef8f000 r-xp 00024000 08:14 673567                     /usr/lib/libXnFormats.so
7f613ef8f000-7f613ef90000 rwxp 00025000 08:14 673567                     /usr/lib/libXnFormats.so
7f613ef90000-7f613efb0000 rwxp 00000000 00:00 0 
7f613efb0000-7f613efb3000 r-xp 00000000 08:14 673563                     /usr/lib/libXnCore.so
7f613efb3000-7f613f1b2000 ---p 00003000 08:14 673563                     /usr/lib/libXnCore.so
7f613f1b2000-7f613f1b3000 r-xp 00002000 08:14 673563                     /usr/lib/libXnCore.so
7f613f1b3000-7f613f1b4000 rwxp 00003000 08:14 673563                     /usr/lib/libXnCore.so
7f613f1b4000-7f613f23d000 r-xp 00000000 08:14 673566                     /usr/lib/libXnDeviceSensorV2KM.so
7f613f23d000-7f613f43c000 ---p 00089000 08:14 673566                     /usr/lib/libXnDeviceSensorV2KM.so
7f613f43c000-7f613f44c000 r-xp 00088000 08:14 673566                     /usr/lib/libXnDeviceSensorV2KM.so
7f613f44c000-7f613f44d000 rwxp 00098000 08:14 673566                     /usr/lib/libXnDeviceSensorV2KM.so
7f613f44d000-7f613f541000 r-xp 00000000 08:14 673497                     /usr/lib/libXnVHandGenerator_1_5_2.so
7f613f541000-7f613f740000 ---p 000f4000 08:14 673497                     /usr/lib/libXnVHandGenerator_1_5_2.so
7f613f740000-7f613f745000 r-xp 000f3000 08:14 673497                     /usr/lib/libXnVHandGenerator_1_5_2.so
7f613f745000-7f613f746000 rwxp 000f8000 08:14 673497                     /usr/lib/libXnVHandGenerator_1_5_2.so
7f613f746000-7f613f754000 rwxp 00000000 00:00 0 
7f613f754000-7f613f82c000 r-xp 00000000 08:14 673494                     /usr/lib/libXnVHandGenerator_1_4_2.so
7f613f82c000-7f613fa2b000 ---p 000d8000 08:14 673494                     /usr/lib/libXnVHandGenerator_1_4_2.so
7f613fa2b000-7f613fa30000 r-xp 000d7000 08:14 673494                     /usr/lib/libXnVHandGenerator_1_4_2.so
7f613fa30000-7f613fa31000 rwxp 000dc000 08:14 673494                     /usr/lib/libXnVHandGenerator_1_4_2.so
7f613fa31000-7f613fa34000 rwxp 00000000 00:00 0 
7f613fa34000-7f613fb0c000 r-xp 00000000 08:14 673491                     /usr/lib/libXnVHandGenerator_1_4_1.so
7f613fb0c000-7f613fd0b000 ---p 000d8000 08:14 673491                     /usr/lib/libXnVHandGenerator_1_4_1.so
7f613fd0b000-7f613fd10000 r-xp 000d7000 08:14 673491                     /usr/lib/libXnVHandGenerator_1_4_1.so
7f613fd10000-7f613fd11000 rwxp 000dc000 08:14 673491                     /usr/lib/libXnVHandGenerator_1_4_1.so
7f613fd11000-7f613fd14000 rwxp 00000000 00:00 0 
7f613fd14000-7f613fdf7000 r-xp 00000000 08:14 673488                     /usr/lib/libXnVHandGenerator_1_3_1.so
7f613fdf7000-7f613fff7000 ---p 000e3000 08:14 673488                     /usr/lib/libXnVHandGenerator_1_3_1.so
7f613fff7000-7f613fffc000 r-xp 000e3000 08:14 673488                     /usr/lib/libXnVHandGenerator_1_3_1.so
7f613fffc000-7f613fffd000 rwxp 000e8000 08:14 673488                     /usr/lib/libXnVHandGenerator_1_3_1.so
7f613fffd000-7f6140000000 rwxp 00000000 00:00 0 
7f6140000000-7f6140021000 rwxp 00000000 00:00 0 
7f6140021000-7f6144000000 ---p 00000000 00:00 0 
7f6144000000-7f6147fff000 rwxp 00000000 00:00 0 
7f6147fff000-7f6148000000 ---p 00000000 00:00 0 
7f6148000000-7f6148021000 rwxp 00000000 00:00 0 
7f6148021000-7f614c000000 ---p 00000000 00:00 0 
7f614c000000-7f614c021000 rwxp 00000000 00:00 0 
7f614c021000-7f6150000000 ---p 00000000 00:00 0 
7f6150000000-7f6150021000 rwxp 00000000 00:00 0 
7f6150021000-7f6154000000 ---p 00000000 00:00 0 
7f6154000000-7f6154021000 rwxp 00000000 00:00 0 
7f6154021000-7f6158000000 ---p 00000000 00:00 0 
7f6158025000-7f6158063000 rwxp 00000000 00:00 0 
7f6158063000-7f6158478000 r-xp 00000000 08:14 673481                     /usr/lib/libXnVFeatures_1_5_2.so
7f6158478000-7f6158678000 ---p 00415000 08:14 673481                     /usr/lib/libXnVFeatures_1_5_2.so
7f6158678000-7f6158689000 r-xp 00415000 08:14 673481                     /usr/lib/libXnVFeatures_1_5_2.so
7f6158689000-7f615868b000 rwxp 00426000 08:14 673481                     /usr/lib/libXnVFeatures_1_5_2.so
7f615868b000-7f61586a0000 rwxp 00000000 00:00 0 
7f61586a0000-7f6158897000 r-xp 00000000 08:14 673470                     /usr/lib/libXnVFeatures_1_4_2.so
7f6158897000-7f6158a96000 ---p 001f7000 08:14 673470                     /usr/lib/libXnVFeatures_1_4_2.so
7f6158a96000-7f6158a9c000 r-xp 001f6000 08:14 673470                     /usr/lib/libXnVFeatures_1_4_2.so
7f6158a9c000-7f6158a9d000 rwxp 001fc000 08:14 673470                     /usr/lib/libXnVFeatures_1_4_2.so
7f6158a9d000-7f6158aa3000 rwxp 00000000 00:00 0 
7f6158aa3000-7f6158c9a000 r-xp 00000000 08:14 673465                     /usr/lib/libXnVFeatures_1_4_1.so
7f6158c9a000-7f6158e99000 ---p 001f7000 08:14 673465                     /usr/lib/libXnVFeatures_1_4_1.so
7f6158e99000-7f6158e9f000 r-xp 001f6000 08:14 673465                     /usr/lib/libXnVFeatures_1_4_1.so
7f6158e9f000-7f6158ea0000 rwxp 001fc000 08:14 673465                     /usr/lib/libXnVFeatures_1_4_1.so
7f6158ea0000-7f6158ea6000 rwxp 00000000 00:00 0 
7f6158ea6000-7f61590eb000 r-xp 00000000 08:14 673460                     /usr/lib/libXnVFeatures_1_3_1.so
7f61590eb000-7f61592eb000 ---p 00245000 08:14 673460                     /usr/lib/libXnVFeatures_1_3_1.so
7f61592eb000-7f61592f1000 r-xp 00245000 08:14 673460                     /usr/lib/libXnVFeatures_1_3_1.so
7f61592f1000-7f61592f2000 rwxp 0024b000 08:14 673460                     /usr/lib/libXnVFeatures_1_3_1.so
7f61592f2000-7f61592f9000 rwxp 00000000 00:00 0 
7f61592f9000-7f6159317000 r-xp 00000000 08:14 673299                     /usr/lib/libnimRecorder.so
7f6159317000-7f6159516000 ---p 0001e000 08:14 673299                     /usr/lib/libnimRecorder.so
7f6159516000-7f6159518000 r-xp 0001d000 08:14 673299                     /usr/lib/libnimRecorder.so
7f6159518000-7f6159519000 rwxp 0001f000 08:14 673299                     /usr/lib/libnimRecorder.so
7f6159519000-7f615954f000 r-xp 00000000 08:14 673297                     /usr/lib/libnimCodecs.so
7f615954f000-7f615974f000 ---p 00036000 08:14 673297                     /usr/lib/libnimCodecs.so
7f615974f000-7f6159752000 r-xp 00036000 08:14 673297                     /usr/lib/libnimCodecs.so
7f6159752000-7f6159753000 rwxp 00039000 08:14 673297                     /usr/lib/libnimCodecs.so
7f6159753000-7f6159773000 rwxp 00000000 00:00 0 
7f6159773000-7f61597aa000 r-xp 00000000 08:14 673298                     /usr/lib/libnimMockNodes.so
7f61597aa000-7f61599a9000 ---p 00037000 08:14 673298                     /usr/lib/libnimMockNodes.so
7f61599a9000-7f61599b6000 r-xp 00036000 08:14 673298                     /usr/lib/libnimMockNodes.so
7f61599b6000-7f61599b7000 rwxp 00043000 08:14 673298                     /usr/lib/libnimMockNodes.so
7f61599b7000-7f61599c5000 r-xp 00000000 08:14 788754                     /lib/x86_64-linux-gnu/libusb-1.0.so.0.1.0
7f61599c5000-7f6159bc4000 ---p 0000e000 08:14 788754                     /lib/x86_64-linux-gnu/libusb-1.0.so.0.1.0
7f6159bc4000-7f6159bc5000 r-xp 0000d000 08:14 788754                     /lib/x86_64-linux-gnu/libusb-1.0.so.0.1.0
7f6159bc5000-7f6159bc6000 rwxp 0000e000 08:14 788754                     /lib/x86_64-linux-gnu/libusb-1.0.so.0.1.0
7f6159bc6000-7f6159bdb000 r-xp 00000000 08:14 788672                     /lib/x86_64-linux-gnu/libgcc_s.so.1
7f6159bdb000-7f6159dda000 ---p 00015000 08:14 788672                     /lib/x86_64-linux-gnu/libgcc_s.so.1
7f6159dda000-7f6159ddb000 r-xp 00014000 08:14 788672                     /lib/x86_64-linux-gnu/libgcc_s.so.1
7f6159ddb000-7f6159ddc000 rwxp 00015000 08:14 788672                     /lib/x86_64-linux-gnu/libgcc_s.so.1
7f6159ddc000-7f6159ebe000 r-xp 00000000 08:14 662623                     /usr/lib/x86_64-linux-gnu/libstdc++.so.6.0.16
7f6159ebe000-7f615a0bd000 ---p 000e2000 08:14 662623                     /usr/lib/x86_64-linux-gnu/libstdc++.so.6.0.16
7f615a0bd000-7f615a0c5000 r-xp 000e1000 08:14 662623                     /usr/lib/x86_64-linux-gnu/libstdc++.so.6.0.16
7f615a0c5000-7f615a0c7000 rwxp 000e9000 08:14 662623                     /usr/lib/x86_64-linux-gnu/libstdc++.so.6.0.16
7f615a0c7000-7f615a0dc000 rwxp 00000000 00:00 0 
7f615a0dc000-7f615a1bf000 r-xp 00000000 08:14 673381                     /usr/lib/libXnVNite_1_5_2.so
7f615a1bf000-7f615a3be000 ---p 000e3000 08:14 673381                     /usr/lib/libXnVNite_1_5_2.so
7f615a3be000-7f615a3c3000 r-xp 000e2000 08:14 673381                     /usr/lib/libXnVNite_1_5_2.so
7f615a3c3000-7f615a3c5000 rwxp 000e7000 08:14 673381                     /usr/lib/libXnVNite_1_5_2.so
7f615a3c5000-7f615a442000 r-xp 00000000 08:14 673301                     /usr/lib/libOpenNI.so
7f615a442000-7f615a641000 ---p 0007d000 08:14 673301                     /usr/lib/libOpenNI.so
7f615a641000-7f615a644000 r-xp 0007c000 08:14 673301                     /usr/lib/libOpenNI.so
7f615a644000-7f615a647000 rwxp 0007f000 08:14 673301                     /usr/lib/libOpenNI.so
7f615a647000-7f615a648000 rwxp 00000000 00:00 0 
7f615a648000-7f615a6fe000 r-xp 00000000 08:15 2627742                    /home/jailbirt/workspace/processingKinectExamples/libs/simpleOpenNi/library/library/libSimpleOpenNI64.so
7f615a6fe000-7f615a8fe000 ---p 000b6000 08:15 2627742                    /home/jailbirt/workspace/processingKinectExamples/libs/simpleOpenNi/library/library/libSimpleOpenNI64.so
7f615a8fe000-7f615a902000 r-xp 000b6000 08:15 2627742                    /home/jailbirt/workspace/processingKinectExamples/libs/simpleOpenNi/library/library/libSimpleOpenNI64.so
7f615a902000-7f615a905000 rwxp 000ba000 08:15 2627742                    /home/jailbirt/workspace/processingKinectExamples/libs/simpleOpenNi/library/library/libSimpleOpenNI64.so
7f615a905000-7f615a906000 rwxp 00000000 00:00 0 
7f615a906000-7f615a909000 ---p 00000000 00:00 0 
7f615a909000-7f615aa07000 rwxp 00000000 00:00 0 
7f615aa07000-7f615aa0a000 ---p 00000000 00:00 0 
7f615aa0a000-7f615ab08000 rwxp 00000000 00:00 0 
7f615ab08000-7f615ab0b000 ---p 00000000 00:00 0 
7f615ab0b000-7f615ac09000 rwxp 00000000 00:00 0 
7f615ac09000-7f615ac0c000 ---p 00000000 00:00 0 
7f615ac0c000-7f615ad0a000 rwxp 00000000 00:00 0 
7f615ad0a000-7f615ad0d000 ---p 00000000 00:00 0 
7f615ad0d000-7f615ae0b000 rwxp 00000000 00:00 0 
7f615ae0b000-7f615ae10000 r-xp 00000000 08:14 662111                     /usr/lib/x86_64-linux-gnu/libXfixes.so.3.1.0
7f615ae10000-7f615b00f000 ---p 00005000 08:14 662111                     /usr/lib/x86_64-linux-gnu/libXfixes.so.3.1.0
7f615b00f000-7f615b010000 r-xp 00004000 08:14 662111                     /usr/lib/x86_64-linux-gnu/libXfixes.so.3.1.0
7f615b010000-7f615b011000 rwxp 00005000 08:14 662111                     /usr/lib/x86_64-linux-gnu/libXfixes.so.3.1.0
7f615b011000-7f615b01a000 r-xp 00000000 08:14 662129                     /usr/lib/x86_64-linux-gnu/libXrender.so.1.3.0
7f615b01a000-7f615b219000 ---p 00009000 08:14 662129                     /usr/lib/x86_64-linux-gnu/libXrender.so.1.3.0
7f615b219000-7f615b21a000 r-xp 00008000 08:14 662129                     /usr/lib/x86_64-linux-gnu/libXrender.so.1.3.0
7f615b21a000-7f615b21b000 rwxp 00009000 08:14 662129                     /usr/lib/x86_64-linux-gnu/libXrender.so.1.3.0
7f615b21b000-7f615b224000 r-xp 00000000 08:14 662103                     /usr/lib/x86_64-linux-gnu/libXcursor.so.1.0.2
7f615b224000-7f615b423000 ---p 00009000 08:14 662103                     /usr/lib/x86_64-linux-gnu/libXcursor.so.1.0.2
7f615b423000-7f615b424000 r-xp 00008000 08:14 662103                     /usr/lib/x86_64-linux-gnu/libXcursor.so.1.0.2
7f615b424000-7f615b425000 rwxp 00009000 08:14 662103                     /usr/lib/x86_64-linux-gnu/libXcursor.so.1.0.2
7f615b425000-7f615b49e000 r-xp 00000000 08:14 1454604                    /usr/lib/jvm/jre/lib/amd64/libfontmanager.so
7f615b49e000-7f615b59d000 ---p 00079000 08:14 1454604                    /usr/lib/jvm/jre/lib/amd64/libfontmanager.so
7f615b59d000-7f615b5b2000 rwxp 00078000 08:14 1454604                    /usr/lib/jvm/jre/lib/amd64/libfontmanager.so
7f615b5b2000-7f615b5c4000 rwxp 00000000 00:00 0 
7f615b5c4000-7f615b5c9000 r-xp 00000000 08:14 662107                     /usr/lib/x86_64-linux-gnu/libXdmcp.so.6.0.0
7f615b5c9000-7f615b7c8000 ---p 00005000 08:14 662107                     /usr/lib/x86_64-linux-gnu/libXdmcp.so.6.0.0
7f615b7c8000-7f615b7c9000 r-xp 00004000 08:14 662107                     /usr/lib/x86_64-linux-gnu/libXdmcp.so.6.0.0
7f615b7c9000-7f615b7ca000 rwxp 00005000 08:14 662107                     /usr/lib/x86_64-linux-gnu/libXdmcp.so.6.0.0
7f615b7ca000-7f615b7cc000 r-xp 00000000 08:14 662096                     /usr/lib/x86_64-linux-gnu/libXau.so.6.0.0
7f615b7cc000-7f615b9cb000 ---p 00002000 08:14 662096                     /usr/lib/x86_64-linux-gnu/libXau.so.6.0.0
7f615b9cb000-7f615b9cc000 r-xp 00001000 08:14 662096                     /usr/lib/x86_64-linux-gnu/libXau.so.6.0.0
7f615b9cc000-7f615b9cd000 rwxp 00002000 08:14 662096                     /usr/lib/x86_64-linux-gnu/libXau.so.6.0.0
7f615b9cd000-7f615b9ea000 r-xp 00000000 08:14 662695                     /usr/lib/x86_64-linux-gnu/libxcb.so.1.1.0
7f615b9ea000-7f615bbe9000 ---p 0001d000 08:14 662695                     /usr/lib/x86_64-linux-gnu/libxcb.so.1.1.0
7f615bbe9000-7f615bbea000 r-xp 0001c000 08:14 662695                     /usr/lib/x86_64-linux-gnu/libxcb.so.1.1.0
7f615bbea000-7f615bbeb000 rwxp 0001d000 08:14 662695                     /usr/lib/x86_64-linux-gnu/libxcb.so.1.1.0
7f615bbeb000-7f615bbf9000 r-xp 00000000 08:14 662115                     /usr/lib/x86_64-linux-gnu/libXi.so.6.1.0
7f615bbf9000-7f615bdf8000 ---p 0000e000 08:14 662115                     /usr/lib/x86_64-linux-gnu/libXi.so.6.1.0
7f615bdf8000-7f615bdf9000 r-xp 0000d000 08:14 662115                     /usr/lib/x86_64-linux-gnu/libXi.so.6.1.0
7f615bdf9000-7f615bdfa000 rwxp 0000e000 08:14 662115                     /usr/lib/x86_64-linux-gnu/libXi.so.6.1.0
7f615bdfa000-7f615bdff000 r-xp 00000000 08:14 662133                     /usr/lib/x86_64-linux-gnu/libXtst.so.6.1.0
7f615bdff000-7f615bffe000 ---p 00005000 08:14 662133                     /usr/lib/x86_64-linux-gnu/libXtst.so.6.1.0
7f615bffe000-7f615bfff000 r-xp 00004000 08:14 662133                     /usr/lib/x86_64-linux-gnu/libXtst.so.6.1.0
7f615bfff000-7f615c000000 rwxp 00005000 08:14 662133                     /usr/lib/x86_64-linux-gnu/libXtst.so.6.1.0
7f615c000000-7f615c30c000 rwxp 00000000 00:00 0 
7f615c30c000-7f6160000000 ---p 00000000 00:00 0 
7f6160000000-7f6160021000 rwxp 00000000 00:00 0 
7f6160021000-7f6164000000 ---p 00000000 00:00 0 
7f6164000000-7f6164021000 rwxp 00000000 00:00 0 
7f6164021000-7f6168000000 ---p 00000000 00:00 0 
7f6168000000-7f6168256000 rwxp 00000000 00:00 0 
7f6168256000-7f616c000000 ---p 00000000 00:00 0 
7f616c000000-7f616c021000 rwxp 00000000 00:00 0 
7f616c021000-7f6170000000 ---p 00000000 00:00 0 
7f6170000000-7f6170021000 rwxp 00000000 00:00 0 
7f6170021000-7f6174000000 ---p 00000000 00:00 0 
7f6174000000-7f6174021000 rwxp 00000000 00:00 0 
7f6174021000-7f6178000000 ---p 00000000 00:00 0 
7f6178000000-7f6178021000 rwxp 00000000 00:00 0 
7f6178021000-7f617c000000 ---p 00000000 00:00 0 
7f617c000000-7f617c021000 rwxp 00000000 00:00 0 
7f617c021000-7f6180000000 ---p 00000000 00:00 0 
7f6180000000-7f6180021000 rwxp 00000000 00:00 0 
7f6180021000-7f6184000000 ---p 00000000 00:00 0 
7f6184000000-7f6184021000 rwxp 00000000 00:00 0 
7f6184021000-7f6188000000 ---p 00000000 00:00 0 
7f6188000000-7f6188021000 rwxp 00000000 00:00 0 
7f6188021000-7f618c000000 ---p 00000000 00:00 0 
7f618c000000-7f618c021000 rwxp 00000000 00:00 0 
7f618c021000-7f6190000000 ---p 00000000 00:00 0 
7f6190000000-7f6190021000 rwxp 00000000 00:00 0 
7f6190021000-7f6194000000 ---p 00000000 00:00 0 
7f6194000000-7f6194021000 rwxp 00000000 00:00 0 
7f6194021000-7f6198000000 ---p 00000000 00:00 0 
7f6198005000-7f619809c000 rwxp 00000000 00:00 0 
7f619809c000-7f619809f000 r-xs 00022000 08:15 2247532                    /home/jailbirt/workspace/processingKinectExamples/libs/simpleOpenNi/SimpleOpenNI.jar
7f619809f000-7f61980a0000 r-xs 00001000 08:15 3674536                    /home/jailbirt/workspace/processingKinectExamples/libs/net/net.jar
7f61980a0000-7f61980a2000 r-xs 00008000 08:15 3674360                    /home/jailbirt/workspace/processingKinectExamples/libs/peasycam/library/peasycam.jar
7f61980a2000-7f61980a3000 r-xs 00005000 08:15 2495492                    /home/jailbirt/workspace/processingKinectExamples/libs/OBJLoader/library/OBJLoader.jar
7f61980a3000-7f61980a6000 r-xs 00017000 08:15 2490784                    /home/jailbirt/workspace/processingKinectExamples/libs/minim/tritonus_share.jar
7f61980a6000-7f61980a7000 r-xs 00002000 08:15 2490783                    /home/jailbirt/workspace/processingKinectExamples/libs/minim/tritonus_aos.jar
7f61980a7000-7f61980a8000 r-xs 00005000 08:15 2490782                    /home/jailbirt/workspace/processingKinectExamples/libs/minim/mp3spi1.9.4.jar
7f61980a8000-7f61980aa000 r-xs 0000d000 08:15 2490781                    /home/jailbirt/workspace/processingKinectExamples/libs/minim/minim.jar
7f61980aa000-7f61980ab000 r-xs 00000000 08:15 2490780                    /home/jailbirt/workspace/processingKinectExamples/libs/minim/minim-spi.jar
7f61980ab000-7f61980ac000 r-xs 0000b000 08:15 2490779                    /home/jailbirt/workspace/processingKinectExamples/libs/minim/jsminim.jar
7f61980ac000-7f61980af000 r-xs 00017000 08:15 2490772                    /home/jailbirt/workspace/processingKinectExamples/libs/minim/jl1.0.jar
7f61980af000-7f61980b0000 r-xs 00003000 08:15 2247358                    /home/jailbirt/workspace/processingKinectExamples/libs/openGL/opengl.jar
7f61980b0000-7f61980bb000 r-xs 00108000 08:15 2247356                    /home/jailbirt/workspace/processingKinectExamples/libs/openGL/jogl.jar
7f61980bb000-7f61981ea000 r-xp 00000000 08:14 662094                     /usr/lib/x86_64-linux-gnu/libX11.so.6.3.0
7f61981ea000-7f61983ea000 ---p 0012f000 08:14 662094                     /usr/lib/x86_64-linux-gnu/libX11.so.6.3.0
7f61983ea000-7f61983eb000 r-xp 0012f000 08:14 662094                     /usr/lib/x86_64-linux-gnu/libX11.so.6.3.0
7f61983eb000-7f61983ef000 rwxp 00130000 08:14 662094                     /usr/lib/x86_64-linux-gnu/libX11.so.6.3.0
7f61983ef000-7f61983ff000 r-xp 00000000 08:14 662109                     /usr/lib/x86_64-linux-gnu/libXext.so.6.4.0
7f61983ff000-7f61985fe000 ---p 00010000 08:14 662109                     /usr/lib/x86_64-linux-gnu/libXext.so.6.4.0
7f61985fe000-7f61985ff000 r-xp 0000f000 08:14 662109                     /usr/lib/x86_64-linux-gnu/libXext.so.6.4.0
7f61985ff000-7f6198600000 rwxp 00010000 08:14 662109                     /usr/lib/x86_64-linux-gnu/libXext.so.6.4.0
7f6198600000-7f6198642000 r-xp 00000000 08:14 1571968                    /usr/lib/jvm/jre/lib/amd64/xawt/libmawt.so
7f6198642000-7f6198741000 ---p 00042000 08:14 1571968                    /usr/lib/jvm/jre/lib/amd64/xawt/libmawt.so
7f6198741000-7f619874d000 rwxp 00041000 08:14 1571968                    /usr/lib/jvm/jre/lib/amd64/xawt/libmawt.so
7f619874d000-7f619874e000 rwxp 00000000 00:00 0 
7f619874e000-7f61987e0000 r-xp 00000000 08:14 1454608                    /usr/lib/jvm/jre/lib/amd64/libawt.so
7f61987e0000-7f61988df000 ---p 00092000 08:14 1454608                    /usr/lib/jvm/jre/lib/amd64/libawt.so
7f61988df000-7f61988f9000 rwxp 00091000 08:14 1454608                    /usr/lib/jvm/jre/lib/amd64/libawt.so
7f61988f9000-7f619891d000 rwxp 00000000 00:00 0 
7f619891d000-7f6199000000 r-xp 00000000 08:14 661138                     /usr/lib/locale/locale-archive
7f6199000000-7f6199270000 rwxp 00000000 00:00 0 
7f6199270000-7f619c32b000 rwxp 00000000 00:00 0 
7f619c32b000-7f61a0000000 ---p 00000000 00:00 0 
7f61a0000000-7f61a0001000 r-xs 00000000 08:16 1707334                    /var/cache/fontconfig/c05880de57d1f5e948fdfacc138775d9-le64.cache-3
7f61a0001000-7f61a000a000 r-xs 00000000 08:16 1707329                    /var/cache/fontconfig/945677eb7aeaf62f1d50efc3fb3ec7d8-le64.cache-3
7f61a000a000-7f61a000c000 r-xs 00000000 08:16 1707330                    /var/cache/fontconfig/99e8ed0e538f840c565b6ed5dad60d56-le64.cache-3
7f61a000c000-7f61a0010000 r-xs 00000000 08:16 1707316                    /var/cache/fontconfig/2cd17615ca594fa2959ae173292e504c-le64.cache-3
7f61a0010000-7f61a0011000 r-xs 00000000 08:16 1707341                    /var/cache/fontconfig/e7071f4a29fa870f4323321c154eba04-le64.cache-3
7f61a0011000-7f61a0012000 r-xs 00000000 08:16 1707314                    /var/cache/fontconfig/0d8c3b2ac0904cb8a57a757ad11a4a08-le64.cache-3
7f61a0012000-7f61a0018000 r-xs 00000000 08:16 1707331                    /var/cache/fontconfig/a755afe4a08bf5b97852ceb7400b47bc-le64.cache-3
7f61a0018000-7f61a001c000 r-xs 00000000 08:16 1707325                    /var/cache/fontconfig/6d41288fd70b0be22e8c3a91e032eec0-le64.cache-3
7f61a001c000-7f61a002c000 r-xs 00000000 08:16 1707313                    /var/cache/fontconfig/04aabc0a78ac019cf9454389977116d2-le64.cache-3
7f61a002c000-7f61a002f000 r-xs 00000000 08:16 1707319                    /var/cache/fontconfig/385c0604a188198f04d133e54aba7fe7-le64.cache-3
7f61a002f000-7f61a0030000 r-xs 00000000 08:16 1707336                    /var/cache/fontconfig/4794a0821666d79190d59a36cb4f44b5-le64.cache-3
7f61a0030000-7f61a0033000 r-xs 00000000 08:16 1707328                    /var/cache/fontconfig/8801497958630a81b71ace7c5f9b32a8-le64.cache-3
7f61a0033000-7f61a0038000 r-xs 00000000 08:16 1707317                    /var/cache/fontconfig/3047814df9a2f067bd2d96a2b9c36e5a-le64.cache-3
7f61a0038000-7f61a0048000 r-xs 00000000 08:16 1707337                    /var/cache/fontconfig/d52a8644073d54c13679302ca1180695-le64.cache-3
7f61a0048000-7f61a004b000 ---p 00000000 00:00 0 
7f61a004b000-7f61a0149000 rwxp 00000000 00:00 0 
7f61a0149000-7f61a014a000 ---p 00000000 00:00 0 
7f61a014a000-7f61a024a000 rwxp 00000000 00:00 0 
7f61a024a000-7f61a024d000 ---p 00000000 00:00 0 
7f61a024d000-7f61a034b000 rwxp 00000000 00:00 0 
7f61a034b000-7f61a034e000 ---p 00000000 00:00 0 
7f61a034e000-7f61a044c000 rwxp 00000000 00:00 0 
7f61a044c000-7f61a044f000 ---p 00000000 00:00 0 
7f61a044f000-7f61a054d000 rwxp 00000000 00:00 0 
7f61a054d000-7f61a0550000 ---p 00000000 00:00 0 
7f61a0550000-7f61a064e000 rwxp 00000000 00:00 0 
7f61a064e000-7f61a0651000 ---p 00000000 00:00 0 
7f61a0651000-7f61a074f000 rwxp 00000000 00:00 0 
7f61a074f000-7f61a0752000 ---p 00000000 00:00 0 
7f61a0752000-7f61a0850000 rwxp 00000000 00:00 0 
7f61a0850000-7f61a0851000 ---p 00000000 00:00 0 
7f61a0851000-7f61a128e000 rwxp 00000000 00:00 0 
7f61a128e000-7f61a1425000 r-xs 03079000 08:14 1454726                    /usr/lib/jvm/jre/lib/rt.jar
7f61a1425000-7f61a144d000 rwxp 00000000 00:00 0 
7f61a144d000-7f61a144e000 ---p 00000000 00:00 0 
7f61a144e000-7f61a154e000 rwxp 00000000 00:00 0 
7f61a154e000-7f61a154f000 ---p 00000000 00:00 0 
7f61a154f000-7f61a164f000 rwxp 00000000 00:00 0 
7f61a164f000-7f61a1650000 ---p 00000000 00:00 0 
7f61a1650000-7f61a1750000 rwxp 00000000 00:00 0 
7f61a1750000-7f61a1751000 ---p 00000000 00:00 0 
7f61a1751000-7f61a1851000 rwxp 00000000 00:00 0 
7f61a1851000-7f61a1852000 ---p 00000000 00:00 0 
7f61a1852000-7f61a1952000 rwxp 00000000 00:00 0 
7f61a1952000-7f61a1953000 ---p 00000000 00:00 0 
7f61a1953000-7f61a1a53000 rwxp 00000000 00:00 0 
7f61a1a53000-7f61a1a54000 ---p 00000000 00:00 0 
7f61a1a54000-7f61a1b54000 rwxp 00000000 00:00 0 
7f61a1b54000-7f61a1b55000 ---p 00000000 00:00 0 
7f61a1b55000-7f61a1c60000 rwxp 00000000 00:00 0 
7f61a1c60000-7f61a1c7e000 rwxp 00000000 00:00 0 
7f61a1c7e000-7f61a1cbd000 rwxp 00000000 00:00 0 
7f61a1cbd000-7f61a2067000 rwxp 00000000 00:00 0 
7f61a2067000-7f61a2072000 rwxp 00000000 00:00 0 
7f61a2072000-7f61a2090000 rwxp 00000000 00:00 0 
7f61a2090000-7f61a20cf000 rwxp 00000000 00:00 0 
7f61a20cf000-7f61a2478000 rwxp 00000000 00:00 0 
7f61a2478000-7f61a2498000 rwxp 00000000 00:00 0 
7f61a2498000-7f61a266d000 rwxp 00000000 00:00 0 
7f61a266d000-7f61a266e000 rwxp 00000000 00:00 0 
7f61a266e000-7f61a267c000 r-xp 00000000 08:14 1454610                    /usr/lib/jvm/jre/lib/amd64/libzip.so
7f61a267c000-7f61a277e000 ---p 0000e000 08:14 1454610                    /usr/lib/jvm/jre/lib/amd64/libzip.so
7f61a277e000-7f61a2781000 rwxp 00010000 08:14 1454610                    /usr/lib/jvm/jre/lib/amd64/libzip.so
7f61a2781000-7f61a2782000 rwxp 00000000 00:00 0 
7f61a2782000-7f61a278e000 r-xp 00000000 08:14 788702                     /lib/x86_64-linux-gnu/libnss_files-2.15.so
7f61a278e000-7f61a298d000 ---p 0000c000 08:14 788702                     /lib/x86_64-linux-gnu/libnss_files-2.15.so
7f61a298d000-7f61a298e000 r-xp 0000b000 08:14 788702                     /lib/x86_64-linux-gnu/libnss_files-2.15.so
7f61a298e000-7f61a298f000 rwxp 0000c000 08:14 788702                     /lib/x86_64-linux-gnu/libnss_files-2.15.so
7f61a298f000-7f61a2999000 r-xp 00000000 08:14 788706                     /lib/x86_64-linux-gnu/libnss_nis-2.15.so
7f61a2999000-7f61a2b99000 ---p 0000a000 08:14 788706                     /lib/x86_64-linux-gnu/libnss_nis-2.15.so
7f61a2b99000-7f61a2b9a000 r-xp 0000a000 08:14 788706                     /lib/x86_64-linux-gnu/libnss_nis-2.15.so
7f61a2b9a000-7f61a2b9b000 rwxp 0000b000 08:14 788706                     /lib/x86_64-linux-gnu/libnss_nis-2.15.so
7f61a2b9b000-7f61a2ba3000 r-xp 00000000 08:14 788698                     /lib/x86_64-linux-gnu/libnss_compat-2.15.so
7f61a2ba3000-7f61a2da2000 ---p 00008000 08:14 788698                     /lib/x86_64-linux-gnu/libnss_compat-2.15.so
7f61a2da2000-7f61a2da3000 r-xp 00007000 08:14 788698                     /lib/x86_64-linux-gnu/libnss_compat-2.15.so
7f61a2da3000-7f61a2da4000 rwxp 00008000 08:14 788698                     /lib/x86_64-linux-gnu/libnss_compat-2.15.so
7f61a2da4000-7f61a2dbb000 r-xp 00000000 08:14 788696                     /lib/x86_64-linux-gnu/libnsl-2.15.so
7f61a2dbb000-7f61a2fba000 ---p 00017000 08:14 788696                     /lib/x86_64-linux-gnu/libnsl-2.15.so
7f61a2fba000-7f61a2fbb000 r-xp 00016000 08:14 788696                     /lib/x86_64-linux-gnu/libnsl-2.15.so
7f61a2fbb000-7f61a2fbc000 rwxp 00017000 08:14 788696                     /lib/x86_64-linux-gnu/libnsl-2.15.so
7f61a2fbc000-7f61a2fbe000 rwxp 00000000 00:00 0 
7f61a2fbe000-7f61a2fe7000 r-xp 00000000 08:14 1450954                    /usr/lib/jvm/jre/lib/amd64/libjava.so
7f61a2fe7000-7f61a30e6000 ---p 00029000 08:14 1450954                    /usr/lib/jvm/jre/lib/amd64/libjava.so
7f61a30e6000-7f61a30ed000 rwxp 00028000 08:14 1450954                    /usr/lib/jvm/jre/lib/amd64/libjava.so
7f61a30ed000-7f61a30fa000 r-xp 00000000 08:14 1450959                    /usr/lib/jvm/jre/lib/amd64/libverify.so
7f61a30fa000-7f61a31f9000 ---p 0000d000 08:14 1450959                    /usr/lib/jvm/jre/lib/amd64/libverify.so
7f61a31f9000-7f61a31fc000 rwxp 0000c000 08:14 1450959                    /usr/lib/jvm/jre/lib/amd64/libverify.so
7f61a31fc000-7f61a3203000 r-xp 00000000 08:14 788737                     /lib/x86_64-linux-gnu/librt-2.15.so
7f61a3203000-7f61a3402000 ---p 00007000 08:14 788737                     /lib/x86_64-linux-gnu/librt-2.15.so
7f61a3402000-7f61a3403000 r-xp 00006000 08:14 788737                     /lib/x86_64-linux-gnu/librt-2.15.so
7f61a3403000-7f61a3404000 rwxp 00007000 08:14 788737                     /lib/x86_64-linux-gnu/librt-2.15.so
7f61a3404000-7f61a3407000 ---p 00000000 00:00 0 
7f61a3407000-7f61a3505000 rwxp 00000000 00:00 0 
7f61a3505000-7f61a35fe000 r-xp 00000000 08:14 788683                     /lib/x86_64-linux-gnu/libm-2.15.so
7f61a35fe000-7f61a37fd000 ---p 000f9000 08:14 788683                     /lib/x86_64-linux-gnu/libm-2.15.so
7f61a37fd000-7f61a37fe000 r-xp 000f8000 08:14 788683                     /lib/x86_64-linux-gnu/libm-2.15.so
7f61a37fe000-7f61a37ff000 rwxp 000f9000 08:14 788683                     /lib/x86_64-linux-gnu/libm-2.15.so
7f61a37ff000-7f61a411a000 r-xp 00000000 08:14 2100299                    /usr/lib/jvm/jre/lib/amd64/server/libjvm.so
7f61a411a000-7f61a421b000 ---p 0091b000 08:14 2100299                    /usr/lib/jvm/jre/lib/amd64/server/libjvm.so
7f61a421b000-7f61a43d0000 rwxp 0091c000 08:14 2100299                    /usr/lib/jvm/jre/lib/amd64/server/libjvm.so
7f61a43d0000-7f61a440a000 rwxp 00000000 00:00 0 
7f61a440a000-7f61a45bd000 r-xp 00000000 08:14 788651                     /lib/x86_64-linux-gnu/libc-2.15.so
7f61a45bd000-7f61a47bc000 ---p 001b3000 08:14 788651                     /lib/x86_64-linux-gnu/libc-2.15.so
7f61a47bc000-7f61a47c0000 r-xp 001b2000 08:14 788651                     /lib/x86_64-linux-gnu/libc-2.15.so
7f61a47c0000-7f61a47c2000 rwxp 001b6000 08:14 788651                     /lib/x86_64-linux-gnu/libc-2.15.so
7f61a47c2000-7f61a47c7000 rwxp 00000000 00:00 0 
7f61a47c7000-7f61a47c9000 r-xp 00000000 08:14 788664                     /lib/x86_64-linux-gnu/libdl-2.15.so
7f61a47c9000-7f61a49c9000 ---p 00002000 08:14 788664                     /lib/x86_64-linux-gnu/libdl-2.15.so
7f61a49c9000-7f61a49ca000 r-xp 00002000 08:14 788664                     /lib/x86_64-linux-gnu/libdl-2.15.so
7f61a49ca000-7f61a49cb000 rwxp 00003000 08:14 788664                     /lib/x86_64-linux-gnu/libdl-2.15.so
7f61a49cb000-7f61a49e3000 r-xp 00000000 08:14 788731                     /lib/x86_64-linux-gnu/libpthread-2.15.so
7f61a49e3000-7f61a4be2000 ---p 00018000 08:14 788731                     /lib/x86_64-linux-gnu/libpthread-2.15.so
7f61a4be2000-7f61a4be3000 r-xp 00017000 08:14 788731                     /lib/x86_64-linux-gnu/libpthread-2.15.so
7f61a4be3000-7f61a4be4000 rwxp 00018000 08:14 788731                     /lib/x86_64-linux-gnu/libpthread-2.15.so
7f61a4be4000-7f61a4be8000 rwxp 00000000 00:00 0 
7f61a4be8000-7f61a4c0a000 r-xp 00000000 08:14 788631                     /lib/x86_64-linux-gnu/ld-2.15.so
7f61a4c0c000-7f61a4c0d000 rwxs 00000000 00:12 18524                      /run/shm/045e.02ae@1.7-SM
7f61a4c0d000-7f61a4c0e000 rwxp 00000000 00:00 0 
7f61a4c0e000-7f61a4c13000 r-xs 00000000 08:16 1707332                    /var/cache/fontconfig/b47c4e1ecd0709278f4910c18777a504-le64.cache-3
7f61a4c13000-7f61a4c19000 r-xs 00000000 08:16 1708054                    /var/cache/fontconfig/3f7329c5293ffd510edef78f73874cfd-le64.cache-3
7f61a4c19000-7f61a4c24000 r-xs 00000000 08:16 1707971                    /var/cache/fontconfig/e13b20fdb08344e0e664864cc2ede53d-le64.cache-3
7f61a4c24000-7f61a4c2e000 rwxp 00000000 00:00 0 
7f61a4c2e000-7f61a4ce4000 rwxp 00000000 00:00 0 
7f61a4ce4000-7f61a4ce7000 rwxp 00000000 00:00 0 
7f61a4ce7000-7f61a4cee000 r-xp 00000000 08:14 1967149                    /usr/lib/jvm/jre/lib/amd64/jli/libjli.so
7f61a4cee000-7f61a4def000 ---p 00007000 08:14 1967149                    /usr/lib/jvm/jre/lib/amd64/jli/libjli.so
7f61a4def000-7f61a4df1000 rwxp 00008000 08:14 1967149                    /usr/lib/jvm/jre/lib/amd64/jli/libjli.so
7f61a4df1000-7f61a4df2000 rwxp 00000000 00:00 0 
7f61a4df2000-7f61a4df3000 r-xs 00004000 08:15 2247355                    /home/jailbirt/workspace/processingKinectExamples/libs/openGL/gluegen-rt.jar
7f61a4df3000-7f61a4df4000 r-xs 00000000 08:16 1707322                    /var/cache/fontconfig/56cf4f4769d0f4abc89a4895d7bd3ae1-le64.cache-3
7f61a4df4000-7f61a4df5000 r-xs 00000000 08:16 1707333                    /var/cache/fontconfig/b9d506c9ac06c20b433354fa67a72993-le64.cache-3
7f61a4df5000-7f61a4df9000 r-xs 00000000 08:16 1708053                    /var/cache/fontconfig/7ef2298fde41cc6eeb7af42e48b7d293-le64.cache-3
7f61a4df9000-7f61a4dfb000 r-xs 0002b000 08:15 2247352                    /home/jailbirt/workspace/processingKinectExamples/libs/core.jar
7f61a4dfb000-7f61a4dfe000 r-xs 0000f000 08:14 1577185                    /usr/lib/jvm/jre/lib/ext/pulse-java.jar
7f61a4dfe000-7f61a4e06000 rwxs 00000000 08:14 392698                     /tmp/hsperfdata_jailbirt/7567
7f61a4e06000-7f61a4e07000 rwxp 00000000 00:00 0 
7f61a4e07000-7f61a4e08000 r-xp 00000000 00:00 0 
7f61a4e08000-7f61a4e0a000 rwxp 00000000 00:00 0 
7f61a4e0a000-7f61a4e0b000 r-xp 00022000 08:14 788631                     /lib/x86_64-linux-gnu/ld-2.15.so
7f61a4e0b000-7f61a4e0d000 rwxp 00023000 08:14 788631                     /lib/x86_64-linux-gnu/ld-2.15.so
7fffb5322000-7fffb5344000 rwxp 00000000 00:00 0                          [stack]
7fffb53ff000-7fffb5400000 r-xp 00000000 00:00 0                          [vdso]
ffffffffff600000-ffffffffff601000 r-xp 00000000 00:00 0                  [vsyscall]

VM Arguments:
jvm_args: -Djava.library.path=/home/jailbirt/workspace/processingKinectTemplate/bin:/home/jailbirt/workspace/processingKinectTemplate/libs/openGL/linux64:/home/jailbirt/workspace/processingKinectTemplate/libs/openGL/linux64:/home/jailbirt/workspace/processingKinectExamples/libs/simpleOpenNi/library/library -Dfile.encoding=UTF-8 
java_command: userTracking.main
Launcher Type: SUN_STANDARD

Environment Variables:
PATH=/usr/lib/lightdm/lightdm:/usr/local/sbin:/usr/local/bin:/usr/sbin:/usr/bin:/sbin:/bin:/usr/games
LD_LIBRARY_PATH=/usr/lib/jvm/jre/lib/amd64/server:/usr/lib/jvm/jre/lib/amd64:/usr/lib/jvm/jre/../lib/amd64
SHELL=/bin/bash
DISPLAY=:0

Signal Handlers:
SIGSEGV: [libjvm.so+0x8602a0], sa_mask[0]=0x7ffbfeff, sa_flags=0x10000004
SIGBUS: [libjvm.so+0x8602a0], sa_mask[0]=0x7ffbfeff, sa_flags=0x10000004
SIGFPE: [libjvm.so+0x70ef10], sa_mask[0]=0x7ffbfeff, sa_flags=0x10000004
SIGPIPE: [libjvm.so+0x70ef10], sa_mask[0]=0x7ffbfeff, sa_flags=0x10000004
SIGXFSZ: [libjvm.so+0x70ef10], sa_mask[0]=0x7ffbfeff, sa_flags=0x10000004
SIGILL: [libjvm.so+0x70ef10], sa_mask[0]=0x7ffbfeff, sa_flags=0x10000004
SIGUSR1: SIG_DFL, sa_mask[0]=0x00000000, sa_flags=0x00000000
SIGUSR2: [libjvm.so+0x711d40], sa_mask[0]=0x00000004, sa_flags=0x10000004
SIGHUP: [libjvm.so+0x711940], sa_mask[0]=0x7ffbfeff, sa_flags=0x10000004
SIGINT: [libjvm.so+0x711940], sa_mask[0]=0x7ffbfeff, sa_flags=0x10000004
SIGTERM: [libjvm.so+0x711940], sa_mask[0]=0x7ffbfeff, sa_flags=0x10000004
SIGQUIT: [libjvm.so+0x711940], sa_mask[0]=0x7ffbfeff, sa_flags=0x10000004


---------------  S Y S T E M  ---------------

OS:wheezy/sid

uname:Linux 3.2.0-25-generic #40-Ubuntu SMP Wed May 23 20:30:51 UTC 2012 x86_64
libc:glibc 2.15 NPTL 2.15 
rlimit: STACK 8192k, CORE 0k, NPROC 95831, NOFILE 4096, AS infinity
load average:0.88 0.66 0.56

/proc/meminfo:
MemTotal:       12290140 kB
MemFree:         8622024 kB
Buffers:           99412 kB
Cached:          1501780 kB
SwapCached:            0 kB
Active:          2672108 kB
Inactive:         650328 kB
Active(anon):    1722264 kB
Inactive(anon):    17356 kB
Active(file):     949844 kB
Inactive(file):   632972 kB
Unevictable:          32 kB
Mlocked:              32 kB
SwapTotal:       8388604 kB
SwapFree:        8388604 kB
Dirty:                92 kB
Writeback:             0 kB
AnonPages:       1721356 kB
Mapped:           233648 kB
Shmem:             18388 kB
Slab:             119872 kB
SReclaimable:      83704 kB
SUnreclaim:        36168 kB
KernelStack:        4072 kB
PageTables:        33508 kB
NFS_Unstable:          0 kB
Bounce:                0 kB
WritebackTmp:          0 kB
CommitLimit:    14533672 kB
Committed_AS:    4119176 kB
VmallocTotal:   34359738367 kB
VmallocUsed:      179372 kB
VmallocChunk:   34359552508 kB
HardwareCorrupted:     0 kB
AnonHugePages:         0 kB
HugePages_Total:       0
HugePages_Free:        0
HugePages_Rsvd:        0
HugePages_Surp:        0
Hugepagesize:       2048 kB
DirectMap4k:      147264 kB
DirectMap2M:    12419072 kB


CPU:total 8 (4 cores per cpu, 2 threads per core) family 6 model 42 stepping 7, cmov, cx8, fxsr, mmx, sse, sse2, sse3, ssse3, sse4.1, sse4.2, popcnt, ht

/proc/cpuinfo:
processor	: 0
vendor_id	: GenuineIntel
cpu family	: 6
model		: 42
model name	: Intel(R) Core(TM) i7-2600 CPU @ 3.40GHz
stepping	: 7
microcode	: 0x14
cpu MHz		: 1600.000
cache size	: 8192 KB
physical id	: 0
siblings	: 8
core id		: 0
cpu cores	: 4
apicid		: 0
initial apicid	: 0
fpu		: yes
fpu_exception	: yes
cpuid level	: 13
wp		: yes
flags		: fpu vme de pse tsc msr pae mce cx8 apic sep mtrr pge mca cmov pat pse36 clflush dts acpi mmx fxsr sse sse2 ss ht tm pbe syscall nx rdtscp lm constant_tsc arch_perfmon pebs bts rep_good nopl xtopology nonstop_tsc aperfmperf pni pclmulqdq dtes64 monitor ds_cpl vmx smx est tm2 ssse3 cx16 xtpr pdcm pcid sse4_1 sse4_2 x2apic popcnt tsc_deadline_timer aes xsave avx lahf_lm ida arat epb xsaveopt pln pts dts tpr_shadow vnmi flexpriority ept vpid
bogomips	: 6784.65
clflush size	: 64
cache_alignment	: 64
address sizes	: 36 bits physical, 48 bits virtual
power management:

processor	: 1
vendor_id	: GenuineIntel
cpu family	: 6
model		: 42
model name	: Intel(R) Core(TM) i7-2600 CPU @ 3.40GHz
stepping	: 7
microcode	: 0x14
cpu MHz		: 1600.000
cache size	: 8192 KB
physical id	: 0
siblings	: 8
core id		: 1
cpu cores	: 4
apicid		: 2
initial apicid	: 2
fpu		: yes
fpu_exception	: yes
cpuid level	: 13
wp		: yes
flags		: fpu vme de pse tsc msr pae mce cx8 apic sep mtrr pge mca cmov pat pse36 clflush dts acpi mmx fxsr sse sse2 ss ht tm pbe syscall nx rdtscp lm constant_tsc arch_perfmon pebs bts rep_good nopl xtopology nonstop_tsc aperfmperf pni pclmulqdq dtes64 monitor ds_cpl vmx smx est tm2 ssse3 cx16 xtpr pdcm pcid sse4_1 sse4_2 x2apic popcnt tsc_deadline_timer aes xsave avx lahf_lm ida arat epb xsaveopt pln pts dts tpr_shadow vnmi flexpriority ept vpid
bogomips	: 6784.26
clflush size	: 64
cache_alignment	: 64
address sizes	: 36 bits physical, 48 bits virtual
power management:

processor	: 2
vendor_id	: GenuineIntel
cpu family	: 6
model		: 42
model name	: Intel(R) Core(TM) i7-2600 CPU @ 3.40GHz
stepping	: 7
microcode	: 0x14
cpu MHz		: 1600.000
cache size	: 8192 KB
physical id	: 0
siblings	: 8
core id		: 2
cpu cores	: 4
apicid		: 4
initial apicid	: 4
fpu		: yes
fpu_exception	: yes
cpuid level	: 13
wp		: yes
flags		: fpu vme de pse tsc msr pae mce cx8 apic sep mtrr pge mca cmov pat pse36 clflush dts acpi mmx fxsr sse sse2 ss ht tm pbe syscall nx rdtscp lm constant_tsc arch_perfmon pebs bts rep_good nopl xtopology nonstop_tsc aperfmperf pni pclmulqdq dtes64 monitor ds_cpl vmx smx est tm2 ssse3 cx16 xtpr pdcm pcid sse4_1 sse4_2 x2apic popcnt tsc_deadline_timer aes xsave avx lahf_lm ida arat epb xsaveopt pln pts dts tpr_shadow vnmi flexpriority ept vpid
bogomips	: 6784.26
clflush size	: 64
cache_alignment	: 64
address sizes	: 36 bits physical, 48 bits virtual
power management:

processor	: 3
vendor_id	: GenuineIntel
cpu family	: 6
model		: 42
model name	: Intel(R) Core(TM) i7-2600 CPU @ 3.40GHz
stepping	: 7
microcode	: 0x14
cpu MHz		: 1600.000
cache size	: 8192 KB
physical id	: 0
siblings	: 8
core id		: 3
cpu cores	: 4
apicid		: 6
initial apicid	: 6
fpu		: yes
fpu_exception	: yes
cpuid level	: 13
wp		: yes
flags		: fpu vme de pse tsc msr pae mce cx8 apic sep mtrr pge mca cmov pat pse36 clflush dts acpi mmx fxsr sse sse2 ss ht tm pbe syscall nx rdtscp lm constant_tsc arch_perfmon pebs bts rep_good nopl xtopology nonstop_tsc aperfmperf pni pclmulqdq dtes64 monitor ds_cpl vmx smx est tm2 ssse3 cx16 xtpr pdcm pcid sse4_1 sse4_2 x2apic popcnt tsc_deadline_timer aes xsave avx lahf_lm ida arat epb xsaveopt pln pts dts tpr_shadow vnmi flexpriority ept vpid
bogomips	: 6784.26
clflush size	: 64
cache_alignment	: 64
address sizes	: 36 bits physical, 48 bits virtual
power management:

processor	: 4
vendor_id	: GenuineIntel
cpu family	: 6
model		: 42
model name	: Intel(R) Core(TM) i7-2600 CPU @ 3.40GHz
stepping	: 7
microcode	: 0x14
cpu MHz		: 1600.000
cache size	: 8192 KB
physical id	: 0
siblings	: 8
core id		: 0
cpu cores	: 4
apicid		: 1
initial apicid	: 1
fpu		: yes
fpu_exception	: yes
cpuid level	: 13
wp		: yes
flags		: fpu vme de pse tsc msr pae mce cx8 apic sep mtrr pge mca cmov pat pse36 clflush dts acpi mmx fxsr sse sse2 ss ht tm pbe syscall nx rdtscp lm constant_tsc arch_perfmon pebs bts rep_good nopl xtopology nonstop_tsc aperfmperf pni pclmulqdq dtes64 monitor ds_cpl vmx smx est tm2 ssse3 cx16 xtpr pdcm pcid sse4_1 sse4_2 x2apic popcnt tsc_deadline_timer aes xsave avx lahf_lm ida arat epb xsaveopt pln pts dts tpr_shadow vnmi flexpriority ept vpid
bogomips	: 6784.26
clflush size	: 64
cache_alignment	: 64
address sizes	: 36 bits physical, 48 bits virtual
power management:

processor	: 5
vendor_id	: GenuineIntel
cpu family	: 6
model		: 42
model name	: Intel(R) Core(TM) i7-2600 CPU @ 3.40GHz
stepping	: 7
microcode	: 0x14
cpu MHz		: 1600.000
cache size	: 8192 KB
physical id	: 0
siblings	: 8
core id		: 1
cpu cores	: 4
apicid		: 3
initial apicid	: 3
fpu		: yes
fpu_exception	: yes
cpuid level	: 13
wp		: yes
flags		: fpu vme de pse tsc msr pae mce cx8 apic sep mtrr pge mca cmov pat pse36 clflush dts acpi mmx fxsr sse sse2 ss ht tm pbe syscall nx rdtscp lm constant_tsc arch_perfmon pebs bts rep_good nopl xtopology nonstop_tsc aperfmperf pni pclmulqdq dtes64 monitor ds_cpl vmx smx est tm2 ssse3 cx16 xtpr pdcm pcid sse4_1 sse4_2 x2apic popcnt tsc_deadline_timer aes xsave avx lahf_lm ida arat epb xsaveopt pln pts dts tpr_shadow vnmi flexpriority ept vpid
bogomips	: 6784.26
clflush size	: 64
cache_alignment	: 64
address sizes	: 36 bits physical, 48 bits virtual
power management:

processor	: 6
vendor_id	: GenuineIntel
cpu family	: 6
model		: 42
model name	: Intel(R) Core(TM) i7-2600 CPU @ 3.40GHz
stepping	: 7
microcode	: 0x14
cpu MHz		: 1600.000
cache size	: 8192 KB
physical id	: 0
siblings	: 8
core id		: 2
cpu cores	: 4
apicid		: 5
initial apicid	: 5
fpu		: yes
fpu_exception	: yes
cpuid level	: 13
wp		: yes
flags		: fpu vme de pse tsc msr pae mce cx8 apic sep mtrr pge mca cmov pat pse36 clflush dts acpi mmx fxsr sse sse2 ss ht tm pbe syscall nx rdtscp lm constant_tsc arch_perfmon pebs bts rep_good nopl xtopology nonstop_tsc aperfmperf pni pclmulqdq dtes64 monitor ds_cpl vmx smx est tm2 ssse3 cx16 xtpr pdcm pcid sse4_1 sse4_2 x2apic popcnt tsc_deadline_timer aes xsave avx lahf_lm ida arat epb xsaveopt pln pts dts tpr_shadow vnmi flexpriority ept vpid
bogomips	: 6784.27
clflush size	: 64
cache_alignment	: 64
address sizes	: 36 bits physical, 48 bits virtual
power management:

processor	: 7
vendor_id	: GenuineIntel
cpu family	: 6
model		: 42
model name	: Intel(R) Core(TM) i7-2600 CPU @ 3.40GHz
stepping	: 7
microcode	: 0x14
cpu MHz		: 1600.000
cache size	: 8192 KB
physical id	: 0
siblings	: 8
core id		: 3
cpu cores	: 4
apicid		: 7
initial apicid	: 7
fpu		: yes
fpu_exception	: yes
cpuid level	: 13
wp		: yes
flags		: fpu vme de pse tsc msr pae mce cx8 apic sep mtrr pge mca cmov pat pse36 clflush dts acpi mmx fxsr sse sse2 ss ht tm pbe syscall nx rdtscp lm constant_tsc arch_perfmon pebs bts rep_good nopl xtopology nonstop_tsc aperfmperf pni pclmulqdq dtes64 monitor ds_cpl vmx smx est tm2 ssse3 cx16 xtpr pdcm pcid sse4_1 sse4_2 x2apic popcnt tsc_deadline_timer aes xsave avx lahf_lm ida arat epb xsaveopt pln pts dts tpr_shadow vnmi flexpriority ept vpid
bogomips	: 6784.26
clflush size	: 64
cache_alignment	: 64
address sizes	: 36 bits physical, 48 bits virtual
power management:



Memory: 4k page, physical 12290140k(8622024k free), swap 8388604k(8388604k free)

vm_info: Java HotSpot(TM) 64-Bit Server VM (20.7-b02) for linux-amd64 JRE (1.6.0_32-b05), built on Apr  5 2012 14:09:59 by "java_re" with gcc 3.2.2 (SuSE Linux)

time: Sat Jun 16 20:26:21 2012
elapsed time: 1 seconds

