#
# A fatal error has been detected by the Java Runtime Environment:
#
#  SIGSEGV (0xb) at pc=0x00007ff2d697b615, pid=7462, tid=140680700311296
#
# JRE version: 6.0_32-b05
# Java VM: Java HotSpot(TM) 64-Bit Server VM (20.7-b02 mixed mode linux-amd64 compressed oops)
# Problematic frame:
# C  [libXnVFeatures_1_5_2.so+0x8b615]  Segmentation::detectionByPoint(bool, std::vector<Vector2D<int>, std::allocator<Vector2D<int> > > const*)+0x105
#
# If you would like to submit a bug report, please visit:
#   http://java.sun.com/webapps/bugreport/crash.jsp
#

---------------  T H R E A D  ---------------

Current thread is native thread

siginfo:si_signo=SIGSEGV: si_errno=0, si_code=1 (SEGV_MAPERR), si_addr=0x00007ff0dd42b970

Registers:
RAX=0x00007ff2dd42b970, RBX=0x00007ff2b8000a00, RCX=0x000000000000000a, RDX=0xffffffff80000000
RSP=0x00007ff2c72b2a30, RBP=0x00007ff2cf353e60, RSI=0x00007ff2b8096a30, RDI=0x0000000080000000
R8 =0x0000000000000000, R9 =0x0000000080000000, R10=0x00007ff2cf412a21, R11=0x00007ff33f08a72c
R12=0x00007ff2d6f1dd88, R13=0x00007ff2c72b2b90, R14=0x00007ff2cf3af060, R15=0x0000000000000000
RIP=0x00007ff2d697b615, EFLAGS=0x0000000000010a12, CSGSFS=0x0000000000000033, ERR=0x0000000000000004
  TRAPNO=0x000000000000000e

Top of Stack: (sp=0x00007ff2c72b2a30)
0x00007ff2c72b2a30:   00007ff2b80a0060 7fffffff00000000
0x00007ff2c72b2a40:   00007ff2b80a0060 00007ff2cf353fe0
0x00007ff2c72b2a50:   00007ff2cf3552e0 00007ff2cf353e60
0x00007ff2c72b2a60:   00007ff2cf353fe0 00007ff2cf34ed80
0x00007ff2c72b2a70:   00007ff2c72b2b90 00007ff2ce3c3050
0x00007ff2c72b2a80:   0000000000000000 00007ff2d6982bc0
0x00007ff2c72b2a90:   000000000005e28b 000000000005e28b
0x00007ff2c72b2aa0:   0000000000000000 3ff0000000000000
0x00007ff2c72b2ab0:   00007ff2d6f1e5a8 0000000000000001
0x00007ff2c72b2ac0:   0000000000000040 00007ff2ce3c3010
0x00007ff2c72b2ad0:   00007ff2cf34ed80 00007ff2cf32df88
0x00007ff2c72b2ae0:   00007ff2ce3c3050 00007ff2ce3c3028
0x00007ff2c72b2af0:   00007ff2c72b2b90 00007ff2d696b99b
0x00007ff2c72b2b00:   00007ff2cf444190 0000000000000008
0x00007ff2c72b2b10:   000000000005db31 000000000005db31
0x00007ff2c72b2b20:   0000000000000000 3ff0000000000000
0x00007ff2c72b2b30:   0000000000000000 00007ff2d69458bd
0x00007ff2c72b2b40:   00007ff2c72b2bb0 00007ff30580601c
0x00007ff2c72b2b50:   0000000000000001 00007ff305806000
0x00007ff2c72b2b60:   00007ff2dd3ab550 00007ff2dc0cc880
0x00007ff2c72b2b70:   7ffffffffffffffe 00007ff2d694103f
0x00007ff2c72b2b80:   000000000000013f 00007ff304dc6489
0x00007ff2c72b2b90:   00007ff2b8000a00 00007ff2b8000a08
0x00007ff2c72b2ba0:   00007ff2b8000a08 00007ff2b80008e1
0x00007ff2c72b2bb0:   0000009f000000fa 00007ff2dd3ab550
0x00007ff2c72b2bc0:   00007ff2dd3ab550 00007ff2dd3ab550
0x00007ff2c72b2bd0:   00007ff2dda1dcf0 0000000000000051
0x00007ff2c72b2be0:   00007ff2c2735390 00007ff2d69415bf
0x00007ff2c72b2bf0:   00007ff2d6f05af0 00007ff30483c4ec
0x00007ff2c72b2c00:   00007ff2d6f07d10 0000000000000000
0x00007ff2c72b2c10:   000000001456d11e 0009600000000001
0x00007ff2c72b2c20:   ffffffff00000001 00007ff2c72b2c64 

Instructions: (pc=0x00007ff2d697b615)
0x00007ff2d697b5f5:   e6 05 49 01 ee 41 8b 46 18 41 2b 46 0c 49 63 56
0x00007ff2d697b605:   1c f3 0f 2a c0 48 8b 85 50 a3 0e 00 48 8b 40 60
0x00007ff2d697b615:   f3 0f 59 04 90 f3 0f 2c c0 3d 1f 03 00 00 0f 8e
0x00007ff2d697b625:   4f ff ff ff 44 89 fe 48 89 ef 89 44 24 08 4c 89 

Register to memory mapping:

RAX=0x00007ff2dd42b970 is an unknown value
RBX=0x00007ff2b8000a00 is an unknown value
RCX=0x000000000000000a is an unknown value
RDX=0xffffffff80000000 is an unknown value
RSP=0x00007ff2c72b2a30 is an unknown value
RBP=0x00007ff2cf353e60 is an unknown value
RSI=0x00007ff2b8096a30 is an unknown value
RDI=0x0000000080000000 is an unknown value
R8 =0x0000000000000000 is an unknown value
R9 =0x0000000080000000 is an unknown value
R10=0x00007ff2cf412a21 is an unknown value
R11=0x00007ff33f08a72c: <offset 0x8b72c> in /lib/x86_64-linux-gnu/libc.so.6 at 0x00007ff33efff000
R12=0x00007ff2d6f1dd88: <offset 0x62dd88> in /usr/lib/libXnVFeatures_1_5_2.so at 0x00007ff2d68f0000
R13=0x00007ff2c72b2b90 is an unknown value
R14=0x00007ff2cf3af060 is an unknown value
R15=0x0000000000000000 is an unknown value


Stack: [0x00007ff2c6ab3000,0x00007ff2c72b4000],  sp=0x00007ff2c72b2a30,  free space=8190k
Native frames: (J=compiled Java code, j=interpreted, Vv=VM code, C=native code)
C  [libXnVFeatures_1_5_2.so+0x8b615]  Segmentation::detectionByPoint(bool, std::vector<Vector2D<int>, std::allocator<Vector2D<int> > > const*)+0x105


---------------  P R O C E S S  ---------------

VM state:not at safepoint (normal execution)

VM Mutex/Monitor currently owned by a thread: None

Heap
 PSYoungGen      total 56000K, used 46044K [0x00000007c1760000, 0x00000007c55e0000, 0x0000000800000000)
  eden space 48000K, 95% used [0x00000007c1760000,0x00000007c4457138,0x00000007c4640000)
  from space 8000K, 0% used [0x00000007c4e10000,0x00000007c4e10000,0x00000007c55e0000)
  to   space 8000K, 0% used [0x00000007c4640000,0x00000007c4640000,0x00000007c4e10000)
 PSOldGen        total 128064K, used 0K [0x0000000744600000, 0x000000074c310000, 0x00000007c1760000)
  object space 128064K, 0% used [0x0000000744600000,0x0000000744600000,0x000000074c310000)
 PSPermGen       total 21248K, used 10682K [0x000000073f400000, 0x00000007408c0000, 0x0000000744600000)
  object space 21248K, 50% used [0x000000073f400000,0x000000073fe6ea70,0x00000007408c0000)

Code Cache  [0x00007ff335000000, 0x00007ff335270000, 0x00007ff338000000)
 total_blobs=523 nmethods=33 adapters=445 free_code_cache=49711488 largest_free_block=12608

Dynamic libraries:
40000000-40009000 r-xp 00000000 08:14 1192322                            /usr/lib/jvm/bin/java
40108000-4010a000 rwxp 00008000 08:14 1192322                            /usr/lib/jvm/bin/java
408a7000-408c8000 rwxp 00000000 00:00 0                                  [heap]
73f400000-7408c0000 rwxp 00000000 00:00 0 
7408c0000-744600000 rwxp 00000000 00:00 0 
744600000-74c310000 rwxp 00000000 00:00 0 
74c310000-7c1760000 rwxp 00000000 00:00 0 
7c1760000-7c55e0000 rwxp 00000000 00:00 0 
7c55e0000-800000000 rwxp 00000000 00:00 0 
7ff2b8000000-7ff2b818e000 rwxp 00000000 00:00 0 
7ff2b818e000-7ff2bc000000 ---p 00000000 00:00 0 
7ff2c0000000-7ff2c2744000 rwxp 00000000 00:00 0 
7ff2c2744000-7ff2c4000000 ---p 00000000 00:00 0 
7ff2c6894000-7ff2c689b000 r-xp 00000000 08:14 1450962                    /usr/lib/jvm/jre/lib/amd64/libnio.so
7ff2c689b000-7ff2c699a000 ---p 00007000 08:14 1450962                    /usr/lib/jvm/jre/lib/amd64/libnio.so
7ff2c699a000-7ff2c699c000 rwxp 00006000 08:14 1450962                    /usr/lib/jvm/jre/lib/amd64/libnio.so
7ff2c699c000-7ff2c69af000 r-xp 00000000 08:14 1450940                    /usr/lib/jvm/jre/lib/amd64/libnet.so
7ff2c69af000-7ff2c6ab0000 ---p 00013000 08:14 1450940                    /usr/lib/jvm/jre/lib/amd64/libnet.so
7ff2c6ab0000-7ff2c6ab3000 rwxp 00014000 08:14 1450940                    /usr/lib/jvm/jre/lib/amd64/libnet.so
7ff2c6ab3000-7ff2c6ab4000 ---p 00000000 00:00 0 
7ff2c6ab4000-7ff2c72b4000 rwxp 00000000 00:00 0 
7ff2c72b4000-7ff2c73e0000 rwxs 00000000 00:04 15728664                   /SYSV00000000 (deleted)
7ff2c73e0000-7ff2c7841000 rwxp 00000000 00:00 0 
7ff2c7842000-7ff2cf8f8000 rwxp 00000000 00:00 0 
7ff2cf8f8000-7ff2d0000000 r-xs 00000000 00:12 692453                     /run/shm/7384_045e.02ae@2.16_Depth
7ff2d0000000-7ff2d0026000 rwxp 00000000 00:00 0 
7ff2d0026000-7ff2d4000000 ---p 00000000 00:00 0 
7ff2d404d000-7ff2d433f000 rwxp 00000000 00:00 0 
7ff2d433f000-7ff2d4340000 ---p 00000000 00:00 0 
7ff2d4340000-7ff2d4f41000 rwxp 00000000 00:00 0 
7ff2d4f41000-7ff2d4fd3000 r-xp 00000000 08:14 658014                     /usr/lib/libXnDeviceSensorV2.so
7ff2d4fd3000-7ff2d51d2000 ---p 00092000 08:14 658014                     /usr/lib/libXnDeviceSensorV2.so
7ff2d51d2000-7ff2d51e2000 r-xp 00091000 08:14 658014                     /usr/lib/libXnDeviceSensorV2.so
7ff2d51e2000-7ff2d51e3000 rwxp 000a1000 08:14 658014                     /usr/lib/libXnDeviceSensorV2.so
7ff2d51e3000-7ff2d520a000 r-xp 00000000 08:14 673565                     /usr/lib/libXnDeviceFile.so
7ff2d520a000-7ff2d540a000 ---p 00027000 08:14 673565                     /usr/lib/libXnDeviceFile.so
7ff2d540a000-7ff2d540c000 r-xp 00027000 08:14 673565                     /usr/lib/libXnDeviceFile.so
7ff2d540c000-7ff2d540d000 rwxp 00029000 08:14 673565                     /usr/lib/libXnDeviceFile.so
7ff2d540d000-7ff2d5455000 r-xp 00000000 08:14 673564                     /usr/lib/libXnDDK.so
7ff2d5455000-7ff2d5655000 ---p 00048000 08:14 673564                     /usr/lib/libXnDDK.so
7ff2d5655000-7ff2d5658000 r-xp 00048000 08:14 673564                     /usr/lib/libXnDDK.so
7ff2d5658000-7ff2d565a000 rwxp 0004b000 08:14 673564                     /usr/lib/libXnDDK.so
7ff2d565a000-7ff2d567e000 r-xp 00000000 08:14 673567                     /usr/lib/libXnFormats.so
7ff2d567e000-7ff2d587e000 ---p 00024000 08:14 673567                     /usr/lib/libXnFormats.so
7ff2d587e000-7ff2d587f000 r-xp 00024000 08:14 673567                     /usr/lib/libXnFormats.so
7ff2d587f000-7ff2d5880000 rwxp 00025000 08:14 673567                     /usr/lib/libXnFormats.so
7ff2d5880000-7ff2d58a0000 rwxp 00000000 00:00 0 
7ff2d58a0000-7ff2d58a3000 r-xp 00000000 08:14 673563                     /usr/lib/libXnCore.so
7ff2d58a3000-7ff2d5aa2000 ---p 00003000 08:14 673563                     /usr/lib/libXnCore.so
7ff2d5aa2000-7ff2d5aa3000 r-xp 00002000 08:14 673563                     /usr/lib/libXnCore.so
7ff2d5aa3000-7ff2d5aa4000 rwxp 00003000 08:14 673563                     /usr/lib/libXnCore.so
7ff2d5aa4000-7ff2d5b2d000 r-xp 00000000 08:14 673566                     /usr/lib/libXnDeviceSensorV2KM.so
7ff2d5b2d000-7ff2d5d2c000 ---p 00089000 08:14 673566                     /usr/lib/libXnDeviceSensorV2KM.so
7ff2d5d2c000-7ff2d5d3c000 r-xp 00088000 08:14 673566                     /usr/lib/libXnDeviceSensorV2KM.so
7ff2d5d3c000-7ff2d5d3d000 rwxp 00098000 08:14 673566                     /usr/lib/libXnDeviceSensorV2KM.so
7ff2d5d3d000-7ff2d5e31000 r-xp 00000000 08:14 673497                     /usr/lib/libXnVHandGenerator_1_5_2.so
7ff2d5e31000-7ff2d6030000 ---p 000f4000 08:14 673497                     /usr/lib/libXnVHandGenerator_1_5_2.so
7ff2d6030000-7ff2d6035000 r-xp 000f3000 08:14 673497                     /usr/lib/libXnVHandGenerator_1_5_2.so
7ff2d6035000-7ff2d6036000 rwxp 000f8000 08:14 673497                     /usr/lib/libXnVHandGenerator_1_5_2.so
7ff2d6036000-7ff2d6044000 rwxp 00000000 00:00 0 
7ff2d6044000-7ff2d611c000 r-xp 00000000 08:14 673494                     /usr/lib/libXnVHandGenerator_1_4_2.so
7ff2d611c000-7ff2d631b000 ---p 000d8000 08:14 673494                     /usr/lib/libXnVHandGenerator_1_4_2.so
7ff2d631b000-7ff2d6320000 r-xp 000d7000 08:14 673494                     /usr/lib/libXnVHandGenerator_1_4_2.so
7ff2d6320000-7ff2d6321000 rwxp 000dc000 08:14 673494                     /usr/lib/libXnVHandGenerator_1_4_2.so
7ff2d6321000-7ff2d6324000 rwxp 00000000 00:00 0 
7ff2d6324000-7ff2d63fc000 r-xp 00000000 08:14 673491                     /usr/lib/libXnVHandGenerator_1_4_1.so
7ff2d63fc000-7ff2d65fb000 ---p 000d8000 08:14 673491                     /usr/lib/libXnVHandGenerator_1_4_1.so
7ff2d65fb000-7ff2d6600000 r-xp 000d7000 08:14 673491                     /usr/lib/libXnVHandGenerator_1_4_1.so
7ff2d6600000-7ff2d6601000 rwxp 000dc000 08:14 673491                     /usr/lib/libXnVHandGenerator_1_4_1.so
7ff2d6601000-7ff2d6604000 rwxp 00000000 00:00 0 
7ff2d6604000-7ff2d66e7000 r-xp 00000000 08:14 673488                     /usr/lib/libXnVHandGenerator_1_3_1.so
7ff2d66e7000-7ff2d68e7000 ---p 000e3000 08:14 673488                     /usr/lib/libXnVHandGenerator_1_3_1.so
7ff2d68e7000-7ff2d68ec000 r-xp 000e3000 08:14 673488                     /usr/lib/libXnVHandGenerator_1_3_1.so
7ff2d68ec000-7ff2d68ed000 rwxp 000e8000 08:14 673488                     /usr/lib/libXnVHandGenerator_1_3_1.so
7ff2d68ed000-7ff2d68f0000 rwxp 00000000 00:00 0 
7ff2d68f0000-7ff2d6d05000 r-xp 00000000 08:14 673481                     /usr/lib/libXnVFeatures_1_5_2.so
7ff2d6d05000-7ff2d6f05000 ---p 00415000 08:14 673481                     /usr/lib/libXnVFeatures_1_5_2.so
7ff2d6f05000-7ff2d6f16000 r-xp 00415000 08:14 673481                     /usr/lib/libXnVFeatures_1_5_2.so
7ff2d6f16000-7ff2d6f18000 rwxp 00426000 08:14 673481                     /usr/lib/libXnVFeatures_1_5_2.so
7ff2d6f18000-7ff2d6f2d000 rwxp 00000000 00:00 0 
7ff2d6f2d000-7ff2d7124000 r-xp 00000000 08:14 673470                     /usr/lib/libXnVFeatures_1_4_2.so
7ff2d7124000-7ff2d7323000 ---p 001f7000 08:14 673470                     /usr/lib/libXnVFeatures_1_4_2.so
7ff2d7323000-7ff2d7329000 r-xp 001f6000 08:14 673470                     /usr/lib/libXnVFeatures_1_4_2.so
7ff2d7329000-7ff2d732a000 rwxp 001fc000 08:14 673470                     /usr/lib/libXnVFeatures_1_4_2.so
7ff2d732a000-7ff2d7330000 rwxp 00000000 00:00 0 
7ff2d7330000-7ff2d7527000 r-xp 00000000 08:14 673465                     /usr/lib/libXnVFeatures_1_4_1.so
7ff2d7527000-7ff2d7726000 ---p 001f7000 08:14 673465                     /usr/lib/libXnVFeatures_1_4_1.so
7ff2d7726000-7ff2d772c000 r-xp 001f6000 08:14 673465                     /usr/lib/libXnVFeatures_1_4_1.so
7ff2d772c000-7ff2d772d000 rwxp 001fc000 08:14 673465                     /usr/lib/libXnVFeatures_1_4_1.so
7ff2d772d000-7ff2d7733000 rwxp 00000000 00:00 0 
7ff2d7733000-7ff2d7978000 r-xp 00000000 08:14 673460                     /usr/lib/libXnVFeatures_1_3_1.so
7ff2d7978000-7ff2d7b78000 ---p 00245000 08:14 673460                     /usr/lib/libXnVFeatures_1_3_1.so
7ff2d7b78000-7ff2d7b7e000 r-xp 00245000 08:14 673460                     /usr/lib/libXnVFeatures_1_3_1.so
7ff2d7b7e000-7ff2d7b7f000 rwxp 0024b000 08:14 673460                     /usr/lib/libXnVFeatures_1_3_1.so
7ff2d7b7f000-7ff2d7b86000 rwxp 00000000 00:00 0 
7ff2d7b86000-7ff2d7ba4000 r-xp 00000000 08:14 673299                     /usr/lib/libnimRecorder.so
7ff2d7ba4000-7ff2d7da3000 ---p 0001e000 08:14 673299                     /usr/lib/libnimRecorder.so
7ff2d7da3000-7ff2d7da5000 r-xp 0001d000 08:14 673299                     /usr/lib/libnimRecorder.so
7ff2d7da5000-7ff2d7da6000 rwxp 0001f000 08:14 673299                     /usr/lib/libnimRecorder.so
7ff2d7da6000-7ff2d7ddc000 r-xp 00000000 08:14 673297                     /usr/lib/libnimCodecs.so
7ff2d7ddc000-7ff2d7fdc000 ---p 00036000 08:14 673297                     /usr/lib/libnimCodecs.so
7ff2d7fdc000-7ff2d7fdf000 r-xp 00036000 08:14 673297                     /usr/lib/libnimCodecs.so
7ff2d7fdf000-7ff2d7fe0000 rwxp 00039000 08:14 673297                     /usr/lib/libnimCodecs.so
7ff2d7fe0000-7ff2d8000000 rwxp 00000000 00:00 0 
7ff2d8000000-7ff2d8119000 rwxp 00000000 00:00 0 
7ff2d8119000-7ff2dc000000 ---p 00000000 00:00 0 
7ff2dc000000-7ff2e0000000 rwxp 00000000 00:00 0 
7ff2e0000000-7ff2e0021000 rwxp 00000000 00:00 0 
7ff2e0021000-7ff2e4000000 ---p 00000000 00:00 0 
7ff2e4000000-7ff2e4021000 rwxp 00000000 00:00 0 
7ff2e4021000-7ff2e8000000 ---p 00000000 00:00 0 
7ff2e8000000-7ff2e8021000 rwxp 00000000 00:00 0 
7ff2e8021000-7ff2ec000000 ---p 00000000 00:00 0 
7ff2ec000000-7ff2ec021000 rwxp 00000000 00:00 0 
7ff2ec021000-7ff2f0000000 ---p 00000000 00:00 0 
7ff2f0000000-7ff2f0021000 rwxp 00000000 00:00 0 
7ff2f0021000-7ff2f4000000 ---p 00000000 00:00 0 
7ff2f4000000-7ff2f4021000 rwxp 00000000 00:00 0 
7ff2f4021000-7ff2f8000000 ---p 00000000 00:00 0 
7ff2f8000000-7ff2f832c000 rwxp 00000000 00:00 0 
7ff2f832c000-7ff2fc000000 ---p 00000000 00:00 0 
7ff2fc000000-7ff2fc267000 rwxp 00000000 00:00 0 
7ff2fc267000-7ff300000000 ---p 00000000 00:00 0 
7ff300000000-7ff300021000 rwxp 00000000 00:00 0 
7ff300021000-7ff304000000 ---p 00000000 00:00 0 
7ff30403a000-7ff30411c000 rwxp 00000000 00:00 0 
7ff30411c000-7ff304153000 r-xp 00000000 08:14 673298                     /usr/lib/libnimMockNodes.so
7ff304153000-7ff304352000 ---p 00037000 08:14 673298                     /usr/lib/libnimMockNodes.so
7ff304352000-7ff30435f000 r-xp 00036000 08:14 673298                     /usr/lib/libnimMockNodes.so
7ff30435f000-7ff304360000 rwxp 00043000 08:14 673298                     /usr/lib/libnimMockNodes.so
7ff304360000-7ff30436e000 r-xp 00000000 08:14 788754                     /lib/x86_64-linux-gnu/libusb-1.0.so.0.1.0
7ff30436e000-7ff30456d000 ---p 0000e000 08:14 788754                     /lib/x86_64-linux-gnu/libusb-1.0.so.0.1.0
7ff30456d000-7ff30456e000 r-xp 0000d000 08:14 788754                     /lib/x86_64-linux-gnu/libusb-1.0.so.0.1.0
7ff30456e000-7ff30456f000 rwxp 0000e000 08:14 788754                     /lib/x86_64-linux-gnu/libusb-1.0.so.0.1.0
7ff30456f000-7ff304584000 r-xp 00000000 08:14 788672                     /lib/x86_64-linux-gnu/libgcc_s.so.1
7ff304584000-7ff304783000 ---p 00015000 08:14 788672                     /lib/x86_64-linux-gnu/libgcc_s.so.1
7ff304783000-7ff304784000 r-xp 00014000 08:14 788672                     /lib/x86_64-linux-gnu/libgcc_s.so.1
7ff304784000-7ff304785000 rwxp 00015000 08:14 788672                     /lib/x86_64-linux-gnu/libgcc_s.so.1
7ff304785000-7ff304867000 r-xp 00000000 08:14 662623                     /usr/lib/x86_64-linux-gnu/libstdc++.so.6.0.16
7ff304867000-7ff304a66000 ---p 000e2000 08:14 662623                     /usr/lib/x86_64-linux-gnu/libstdc++.so.6.0.16
7ff304a66000-7ff304a6e000 r-xp 000e1000 08:14 662623                     /usr/lib/x86_64-linux-gnu/libstdc++.so.6.0.16
7ff304a6e000-7ff304a70000 rwxp 000e9000 08:14 662623                     /usr/lib/x86_64-linux-gnu/libstdc++.so.6.0.16
7ff304a70000-7ff304a85000 rwxp 00000000 00:00 0 
7ff304a85000-7ff304b68000 r-xp 00000000 08:14 673381                     /usr/lib/libXnVNite_1_5_2.so
7ff304b68000-7ff304d67000 ---p 000e3000 08:14 673381                     /usr/lib/libXnVNite_1_5_2.so
7ff304d67000-7ff304d6c000 r-xp 000e2000 08:14 673381                     /usr/lib/libXnVNite_1_5_2.so
7ff304d6c000-7ff304d6e000 rwxp 000e7000 08:14 673381                     /usr/lib/libXnVNite_1_5_2.so
7ff304d6e000-7ff304deb000 r-xp 00000000 08:14 673301                     /usr/lib/libOpenNI.so
7ff304deb000-7ff304fea000 ---p 0007d000 08:14 673301                     /usr/lib/libOpenNI.so
7ff304fea000-7ff304fed000 r-xp 0007c000 08:14 673301                     /usr/lib/libOpenNI.so
7ff304fed000-7ff304ff0000 rwxp 0007f000 08:14 673301                     /usr/lib/libOpenNI.so
7ff304ff0000-7ff304ff1000 rwxp 00000000 00:00 0 
7ff304ff1000-7ff3050a7000 r-xp 00000000 08:15 2627742                    /home/jailbirt/workspace/processingKinectExamples/libs/simpleOpenNi/library/library/libSimpleOpenNI64.so
7ff3050a7000-7ff3052a7000 ---p 000b6000 08:15 2627742                    /home/jailbirt/workspace/processingKinectExamples/libs/simpleOpenNi/library/library/libSimpleOpenNI64.so
7ff3052a7000-7ff3052ab000 r-xp 000b6000 08:15 2627742                    /home/jailbirt/workspace/processingKinectExamples/libs/simpleOpenNi/library/library/libSimpleOpenNI64.so
7ff3052ab000-7ff3052ae000 rwxp 000ba000 08:15 2627742                    /home/jailbirt/workspace/processingKinectExamples/libs/simpleOpenNi/library/library/libSimpleOpenNI64.so
7ff3052ae000-7ff3052af000 rwxp 00000000 00:00 0 
7ff3052af000-7ff3052b2000 ---p 00000000 00:00 0 
7ff3052b2000-7ff3053b0000 rwxp 00000000 00:00 0 
7ff3053b0000-7ff3053b3000 ---p 00000000 00:00 0 
7ff3053b3000-7ff3054b1000 rwxp 00000000 00:00 0 
7ff3054b1000-7ff3054b4000 ---p 00000000 00:00 0 
7ff3054b4000-7ff3055b2000 rwxp 00000000 00:00 0 
7ff3055b2000-7ff3055ba000 r-xp 00000000 08:14 662127                     /usr/lib/x86_64-linux-gnu/libXrandr.so.2.2.0
7ff3055ba000-7ff3057b9000 ---p 00008000 08:14 662127                     /usr/lib/x86_64-linux-gnu/libXrandr.so.2.2.0
7ff3057b9000-7ff3057ba000 r-xp 00007000 08:14 662127                     /usr/lib/x86_64-linux-gnu/libXrandr.so.2.2.0
7ff3057ba000-7ff3057bb000 rwxp 00008000 08:14 662127                     /usr/lib/x86_64-linux-gnu/libXrandr.so.2.2.0
7ff3057bb000-7ff3057c4000 r-xs 00000000 08:16 1707329                    /var/cache/fontconfig/945677eb7aeaf62f1d50efc3fb3ec7d8-le64.cache-3
7ff305806000-7ff305807000 rwxs 00000000 00:12 684930                     /run/shm/045e.02ae@2.16-SM
7ff305807000-7ff30589f000 rwxp 00000000 00:00 0 
7ff30589f000-7ff3058a2000 r-xs 00022000 08:15 2247532                    /home/jailbirt/workspace/processingKinectExamples/libs/simpleOpenNi/SimpleOpenNI.jar
7ff3058a2000-7ff3058a3000 r-xs 00001000 08:15 3674536                    /home/jailbirt/workspace/processingKinectExamples/libs/net/net.jar
7ff3058a3000-7ff3058a6000 ---p 00000000 00:00 0 
7ff3058a6000-7ff3059a4000 rwxp 00000000 00:00 0 
7ff3059a4000-7ff3059a7000 ---p 00000000 00:00 0 
7ff3059a7000-7ff305aa5000 rwxp 00000000 00:00 0 
7ff305aa5000-7ff305aaa000 r-xp 00000000 08:14 662111                     /usr/lib/x86_64-linux-gnu/libXfixes.so.3.1.0
7ff305aaa000-7ff305ca9000 ---p 00005000 08:14 662111                     /usr/lib/x86_64-linux-gnu/libXfixes.so.3.1.0
7ff305ca9000-7ff305caa000 r-xp 00004000 08:14 662111                     /usr/lib/x86_64-linux-gnu/libXfixes.so.3.1.0
7ff305caa000-7ff305cab000 rwxp 00005000 08:14 662111                     /usr/lib/x86_64-linux-gnu/libXfixes.so.3.1.0
7ff305cab000-7ff305cb4000 r-xp 00000000 08:14 662129                     /usr/lib/x86_64-linux-gnu/libXrender.so.1.3.0
7ff305cb4000-7ff305eb3000 ---p 00009000 08:14 662129                     /usr/lib/x86_64-linux-gnu/libXrender.so.1.3.0
7ff305eb3000-7ff305eb4000 r-xp 00008000 08:14 662129                     /usr/lib/x86_64-linux-gnu/libXrender.so.1.3.0
7ff305eb4000-7ff305eb5000 rwxp 00009000 08:14 662129                     /usr/lib/x86_64-linux-gnu/libXrender.so.1.3.0
7ff305eb5000-7ff305ebe000 r-xp 00000000 08:14 662103                     /usr/lib/x86_64-linux-gnu/libXcursor.so.1.0.2
7ff305ebe000-7ff3060bd000 ---p 00009000 08:14 662103                     /usr/lib/x86_64-linux-gnu/libXcursor.so.1.0.2
7ff3060bd000-7ff3060be000 r-xp 00008000 08:14 662103                     /usr/lib/x86_64-linux-gnu/libXcursor.so.1.0.2
7ff3060be000-7ff3060bf000 rwxp 00009000 08:14 662103                     /usr/lib/x86_64-linux-gnu/libXcursor.so.1.0.2
7ff3060bf000-7ff3060c0000 r-xs 00005000 08:15 2495492                    /home/jailbirt/workspace/processingKinectExamples/libs/OBJLoader/library/OBJLoader.jar
7ff3060c0000-7ff3060c3000 r-xs 00017000 08:15 2490784                    /home/jailbirt/workspace/processingKinectExamples/libs/minim/tritonus_share.jar
7ff3060c3000-7ff3060c4000 r-xs 00002000 08:15 2490783                    /home/jailbirt/workspace/processingKinectExamples/libs/minim/tritonus_aos.jar
7ff3060c4000-7ff3060c5000 r-xs 00005000 08:15 2490782                    /home/jailbirt/workspace/processingKinectExamples/libs/minim/mp3spi1.9.4.jar
7ff3060c5000-7ff3060c7000 r-xs 0000d000 08:15 2490781                    /home/jailbirt/workspace/processingKinectExamples/libs/minim/minim.jar
7ff3060c7000-7ff3060c8000 r-xs 00000000 08:15 2490780                    /home/jailbirt/workspace/processingKinectExamples/libs/minim/minim-spi.jar
7ff3060c8000-7ff3060c9000 r-xs 0000b000 08:15 2490779                    /home/jailbirt/workspace/processingKinectExamples/libs/minim/jsminim.jar
7ff3060c9000-7ff3060cc000 r-xs 00017000 08:15 2490772                    /home/jailbirt/workspace/processingKinectExamples/libs/minim/jl1.0.jar
7ff3060cc000-7ff3060d7000 r-xs 00108000 08:15 2247356                    /home/jailbirt/workspace/processingKinectExamples/libs/openGL/jogl.jar
7ff3060d7000-7ff3060da000 ---p 00000000 00:00 0 
7ff3060da000-7ff3061d8000 rwxp 00000000 00:00 0 
7ff3061d8000-7ff306251000 r-xp 00000000 08:14 1454604                    /usr/lib/jvm/jre/lib/amd64/libfontmanager.so
7ff306251000-7ff306350000 ---p 00079000 08:14 1454604                    /usr/lib/jvm/jre/lib/amd64/libfontmanager.so
7ff306350000-7ff306365000 rwxp 00078000 08:14 1454604                    /usr/lib/jvm/jre/lib/amd64/libfontmanager.so
7ff306365000-7ff306377000 rwxp 00000000 00:00 0 
7ff306377000-7ff30637c000 r-xp 00000000 08:14 662107                     /usr/lib/x86_64-linux-gnu/libXdmcp.so.6.0.0
7ff30637c000-7ff30657b000 ---p 00005000 08:14 662107                     /usr/lib/x86_64-linux-gnu/libXdmcp.so.6.0.0
7ff30657b000-7ff30657c000 r-xp 00004000 08:14 662107                     /usr/lib/x86_64-linux-gnu/libXdmcp.so.6.0.0
7ff30657c000-7ff30657d000 rwxp 00005000 08:14 662107                     /usr/lib/x86_64-linux-gnu/libXdmcp.so.6.0.0
7ff30657d000-7ff30657f000 r-xp 00000000 08:14 662096                     /usr/lib/x86_64-linux-gnu/libXau.so.6.0.0
7ff30657f000-7ff30677e000 ---p 00002000 08:14 662096                     /usr/lib/x86_64-linux-gnu/libXau.so.6.0.0
7ff30677e000-7ff30677f000 r-xp 00001000 08:14 662096                     /usr/lib/x86_64-linux-gnu/libXau.so.6.0.0
7ff30677f000-7ff306780000 rwxp 00002000 08:14 662096                     /usr/lib/x86_64-linux-gnu/libXau.so.6.0.0
7ff306780000-7ff30679d000 r-xp 00000000 08:14 662695                     /usr/lib/x86_64-linux-gnu/libxcb.so.1.1.0
7ff30679d000-7ff30699c000 ---p 0001d000 08:14 662695                     /usr/lib/x86_64-linux-gnu/libxcb.so.1.1.0
7ff30699c000-7ff30699d000 r-xp 0001c000 08:14 662695                     /usr/lib/x86_64-linux-gnu/libxcb.so.1.1.0
7ff30699d000-7ff30699e000 rwxp 0001d000 08:14 662695                     /usr/lib/x86_64-linux-gnu/libxcb.so.1.1.0
7ff30699e000-7ff3069ac000 r-xp 00000000 08:14 662115                     /usr/lib/x86_64-linux-gnu/libXi.so.6.1.0
7ff3069ac000-7ff306bab000 ---p 0000e000 08:14 662115                     /usr/lib/x86_64-linux-gnu/libXi.so.6.1.0
7ff306bab000-7ff306bac000 r-xp 0000d000 08:14 662115                     /usr/lib/x86_64-linux-gnu/libXi.so.6.1.0
7ff306bac000-7ff306bad000 rwxp 0000e000 08:14 662115                     /usr/lib/x86_64-linux-gnu/libXi.so.6.1.0
7ff306bad000-7ff306bb2000 r-xp 00000000 08:14 662133                     /usr/lib/x86_64-linux-gnu/libXtst.so.6.1.0
7ff306bb2000-7ff306db1000 ---p 00005000 08:14 662133                     /usr/lib/x86_64-linux-gnu/libXtst.so.6.1.0
7ff306db1000-7ff306db2000 r-xp 00004000 08:14 662133                     /usr/lib/x86_64-linux-gnu/libXtst.so.6.1.0
7ff306db2000-7ff306db3000 rwxp 00005000 08:14 662133                     /usr/lib/x86_64-linux-gnu/libXtst.so.6.1.0
7ff306db3000-7ff306ee2000 r-xp 00000000 08:14 662094                     /usr/lib/x86_64-linux-gnu/libX11.so.6.3.0
7ff306ee2000-7ff3070e2000 ---p 0012f000 08:14 662094                     /usr/lib/x86_64-linux-gnu/libX11.so.6.3.0
7ff3070e2000-7ff3070e3000 r-xp 0012f000 08:14 662094                     /usr/lib/x86_64-linux-gnu/libX11.so.6.3.0
7ff3070e3000-7ff3070e7000 rwxp 00130000 08:14 662094                     /usr/lib/x86_64-linux-gnu/libX11.so.6.3.0
7ff3070e7000-7ff3070f7000 r-xp 00000000 08:14 662109                     /usr/lib/x86_64-linux-gnu/libXext.so.6.4.0
7ff3070f7000-7ff3072f6000 ---p 00010000 08:14 662109                     /usr/lib/x86_64-linux-gnu/libXext.so.6.4.0
7ff3072f6000-7ff3072f7000 r-xp 0000f000 08:14 662109                     /usr/lib/x86_64-linux-gnu/libXext.so.6.4.0
7ff3072f7000-7ff3072f8000 rwxp 00010000 08:14 662109                     /usr/lib/x86_64-linux-gnu/libXext.so.6.4.0
7ff3072f8000-7ff30733a000 r-xp 00000000 08:14 1571968                    /usr/lib/jvm/jre/lib/amd64/xawt/libmawt.so
7ff30733a000-7ff307439000 ---p 00042000 08:14 1571968                    /usr/lib/jvm/jre/lib/amd64/xawt/libmawt.so
7ff307439000-7ff307445000 rwxp 00041000 08:14 1571968                    /usr/lib/jvm/jre/lib/amd64/xawt/libmawt.so
7ff307445000-7ff307446000 rwxp 00000000 00:00 0 
7ff307446000-7ff3074d8000 r-xp 00000000 08:14 1454608                    /usr/lib/jvm/jre/lib/amd64/libawt.so
7ff3074d8000-7ff3075d7000 ---p 00092000 08:14 1454608                    /usr/lib/jvm/jre/lib/amd64/libawt.so
7ff3075d7000-7ff3075f1000 rwxp 00091000 08:14 1454608                    /usr/lib/jvm/jre/lib/amd64/libawt.so
7ff3075f1000-7ff307615000 rwxp 00000000 00:00 0 
7ff307615000-7ff307617000 r-xs 0002b000 08:15 2247352                    /home/jailbirt/workspace/processingKinectExamples/libs/core.jar
7ff307617000-7ff30761a000 r-xs 0000f000 08:14 1577185                    /usr/lib/jvm/jre/lib/ext/pulse-java.jar
7ff30761a000-7ff30761b000 ---p 00000000 00:00 0 
7ff30761b000-7ff30771b000 rwxp 00000000 00:00 0 
7ff30771b000-7ff30771e000 ---p 00000000 00:00 0 
7ff30771e000-7ff30781c000 rwxp 00000000 00:00 0 
7ff30781c000-7ff30781f000 ---p 00000000 00:00 0 
7ff30781f000-7ff30791d000 rwxp 00000000 00:00 0 
7ff30791d000-7ff308000000 r-xp 00000000 08:14 661138                     /usr/lib/locale/locale-archive
7ff308000000-7ff308021000 rwxp 00000000 00:00 0 
7ff308021000-7ff30c000000 ---p 00000000 00:00 0 
7ff30c000000-7ff30c021000 rwxp 00000000 00:00 0 
7ff30c021000-7ff310000000 ---p 00000000 00:00 0 
7ff310000000-7ff310021000 rwxp 00000000 00:00 0 
7ff310021000-7ff314000000 ---p 00000000 00:00 0 
7ff314000000-7ff314021000 rwxp 00000000 00:00 0 
7ff314021000-7ff318000000 ---p 00000000 00:00 0 
7ff318000000-7ff318021000 rwxp 00000000 00:00 0 
7ff318021000-7ff31c000000 ---p 00000000 00:00 0 
7ff31c000000-7ff31c021000 rwxp 00000000 00:00 0 
7ff31c021000-7ff320000000 ---p 00000000 00:00 0 
7ff320000000-7ff320021000 rwxp 00000000 00:00 0 
7ff320021000-7ff324000000 ---p 00000000 00:00 0 
7ff324000000-7ff324021000 rwxp 00000000 00:00 0 
7ff324021000-7ff328000000 ---p 00000000 00:00 0 
7ff328000000-7ff328021000 rwxp 00000000 00:00 0 
7ff328021000-7ff32c000000 ---p 00000000 00:00 0 
7ff32c000000-7ff32c021000 rwxp 00000000 00:00 0 
7ff32c021000-7ff330000000 ---p 00000000 00:00 0 
7ff330000000-7ff330021000 rwxp 00000000 00:00 0 
7ff330021000-7ff334000000 ---p 00000000 00:00 0 
7ff334000000-7ff334002000 r-xs 00008000 08:15 3674360                    /home/jailbirt/workspace/processingKinectExamples/libs/peasycam/library/peasycam.jar
7ff334002000-7ff334003000 r-xs 00003000 08:15 2247358                    /home/jailbirt/workspace/processingKinectExamples/libs/openGL/opengl.jar
7ff334003000-7ff334005000 r-xs 00000000 08:16 1707330                    /var/cache/fontconfig/99e8ed0e538f840c565b6ed5dad60d56-le64.cache-3
7ff334005000-7ff33400d000 r-xs 00000000 08:16 1707943                    /var/cache/fontconfig/a6d8cf8e4ec09cdbc8633c31745a07dd-le64.cache-3
7ff33400d000-7ff334011000 r-xs 00000000 08:16 1707316                    /var/cache/fontconfig/2cd17615ca594fa2959ae173292e504c-le64.cache-3
7ff334011000-7ff334017000 r-xs 00000000 08:16 1707331                    /var/cache/fontconfig/a755afe4a08bf5b97852ceb7400b47bc-le64.cache-3
7ff334017000-7ff334027000 r-xs 00000000 08:16 1707313                    /var/cache/fontconfig/04aabc0a78ac019cf9454389977116d2-le64.cache-3
7ff334027000-7ff33402a000 ---p 00000000 00:00 0 
7ff33402a000-7ff334128000 rwxp 00000000 00:00 0 
7ff334128000-7ff33412b000 ---p 00000000 00:00 0 
7ff33412b000-7ff334229000 rwxp 00000000 00:00 0 
7ff334229000-7ff33422c000 ---p 00000000 00:00 0 
7ff33422c000-7ff33432a000 rwxp 00000000 00:00 0 
7ff33432a000-7ff33432d000 ---p 00000000 00:00 0 
7ff33432d000-7ff33442b000 rwxp 00000000 00:00 0 
7ff33442b000-7ff33442c000 ---p 00000000 00:00 0 
7ff33442c000-7ff334e69000 rwxp 00000000 00:00 0 
7ff334e69000-7ff335000000 r-xs 03079000 08:14 1454726                    /usr/lib/jvm/jre/lib/rt.jar
7ff335000000-7ff335270000 rwxp 00000000 00:00 0 
7ff335270000-7ff3382f7000 rwxp 00000000 00:00 0 
7ff3382f7000-7ff33c000000 ---p 00000000 00:00 0 
7ff33c000000-7ff33c001000 r-xs 00004000 08:15 2247355                    /home/jailbirt/workspace/processingKinectExamples/libs/openGL/gluegen-rt.jar
7ff33c001000-7ff33c005000 r-xs 00000000 08:16 1707325                    /var/cache/fontconfig/6d41288fd70b0be22e8c3a91e032eec0-le64.cache-3
7ff33c005000-7ff33c00a000 r-xs 00000000 08:16 1707332                    /var/cache/fontconfig/b47c4e1ecd0709278f4910c18777a504-le64.cache-3
7ff33c00a000-7ff33c01a000 r-xs 00000000 08:16 1707337                    /var/cache/fontconfig/d52a8644073d54c13679302ca1180695-le64.cache-3
7ff33c01a000-7ff33c042000 rwxp 00000000 00:00 0 
7ff33c042000-7ff33c043000 ---p 00000000 00:00 0 
7ff33c043000-7ff33c143000 rwxp 00000000 00:00 0 
7ff33c143000-7ff33c144000 ---p 00000000 00:00 0 
7ff33c144000-7ff33c244000 rwxp 00000000 00:00 0 
7ff33c244000-7ff33c245000 ---p 00000000 00:00 0 
7ff33c245000-7ff33c345000 rwxp 00000000 00:00 0 
7ff33c345000-7ff33c346000 ---p 00000000 00:00 0 
7ff33c346000-7ff33c446000 rwxp 00000000 00:00 0 
7ff33c446000-7ff33c447000 ---p 00000000 00:00 0 
7ff33c447000-7ff33c547000 rwxp 00000000 00:00 0 
7ff33c547000-7ff33c548000 ---p 00000000 00:00 0 
7ff33c548000-7ff33c648000 rwxp 00000000 00:00 0 
7ff33c648000-7ff33c649000 ---p 00000000 00:00 0 
7ff33c649000-7ff33c749000 rwxp 00000000 00:00 0 
7ff33c749000-7ff33c74a000 ---p 00000000 00:00 0 
7ff33c74a000-7ff33c855000 rwxp 00000000 00:00 0 
7ff33c855000-7ff33c873000 rwxp 00000000 00:00 0 
7ff33c873000-7ff33c8b2000 rwxp 00000000 00:00 0 
7ff33c8b2000-7ff33cc5c000 rwxp 00000000 00:00 0 
7ff33cc5c000-7ff33cc67000 rwxp 00000000 00:00 0 
7ff33cc67000-7ff33cc85000 rwxp 00000000 00:00 0 
7ff33cc85000-7ff33ccc4000 rwxp 00000000 00:00 0 
7ff33ccc4000-7ff33d06d000 rwxp 00000000 00:00 0 
7ff33d06d000-7ff33d08d000 rwxp 00000000 00:00 0 
7ff33d08d000-7ff33d262000 rwxp 00000000 00:00 0 
7ff33d262000-7ff33d263000 rwxp 00000000 00:00 0 
7ff33d263000-7ff33d271000 r-xp 00000000 08:14 1454610                    /usr/lib/jvm/jre/lib/amd64/libzip.so
7ff33d271000-7ff33d373000 ---p 0000e000 08:14 1454610                    /usr/lib/jvm/jre/lib/amd64/libzip.so
7ff33d373000-7ff33d376000 rwxp 00010000 08:14 1454610                    /usr/lib/jvm/jre/lib/amd64/libzip.so
7ff33d376000-7ff33d377000 rwxp 00000000 00:00 0 
7ff33d377000-7ff33d383000 r-xp 00000000 08:14 788702                     /lib/x86_64-linux-gnu/libnss_files-2.15.so
7ff33d383000-7ff33d582000 ---p 0000c000 08:14 788702                     /lib/x86_64-linux-gnu/libnss_files-2.15.so
7ff33d582000-7ff33d583000 r-xp 0000b000 08:14 788702                     /lib/x86_64-linux-gnu/libnss_files-2.15.so
7ff33d583000-7ff33d584000 rwxp 0000c000 08:14 788702                     /lib/x86_64-linux-gnu/libnss_files-2.15.so
7ff33d584000-7ff33d58e000 r-xp 00000000 08:14 788706                     /lib/x86_64-linux-gnu/libnss_nis-2.15.so
7ff33d58e000-7ff33d78e000 ---p 0000a000 08:14 788706                     /lib/x86_64-linux-gnu/libnss_nis-2.15.so
7ff33d78e000-7ff33d78f000 r-xp 0000a000 08:14 788706                     /lib/x86_64-linux-gnu/libnss_nis-2.15.so
7ff33d78f000-7ff33d790000 rwxp 0000b000 08:14 788706                     /lib/x86_64-linux-gnu/libnss_nis-2.15.so
7ff33d790000-7ff33d798000 r-xp 00000000 08:14 788698                     /lib/x86_64-linux-gnu/libnss_compat-2.15.so
7ff33d798000-7ff33d997000 ---p 00008000 08:14 788698                     /lib/x86_64-linux-gnu/libnss_compat-2.15.so
7ff33d997000-7ff33d998000 r-xp 00007000 08:14 788698                     /lib/x86_64-linux-gnu/libnss_compat-2.15.so
7ff33d998000-7ff33d999000 rwxp 00008000 08:14 788698                     /lib/x86_64-linux-gnu/libnss_compat-2.15.so
7ff33d999000-7ff33d9b0000 r-xp 00000000 08:14 788696                     /lib/x86_64-linux-gnu/libnsl-2.15.so
7ff33d9b0000-7ff33dbaf000 ---p 00017000 08:14 788696                     /lib/x86_64-linux-gnu/libnsl-2.15.so
7ff33dbaf000-7ff33dbb0000 r-xp 00016000 08:14 788696                     /lib/x86_64-linux-gnu/libnsl-2.15.so
7ff33dbb0000-7ff33dbb1000 rwxp 00017000 08:14 788696                     /lib/x86_64-linux-gnu/libnsl-2.15.so
7ff33dbb1000-7ff33dbb3000 rwxp 00000000 00:00 0 
7ff33dbb3000-7ff33dbdc000 r-xp 00000000 08:14 1450954                    /usr/lib/jvm/jre/lib/amd64/libjava.so
7ff33dbdc000-7ff33dcdb000 ---p 00029000 08:14 1450954                    /usr/lib/jvm/jre/lib/amd64/libjava.so
7ff33dcdb000-7ff33dce2000 rwxp 00028000 08:14 1450954                    /usr/lib/jvm/jre/lib/amd64/libjava.so
7ff33dce2000-7ff33dcef000 r-xp 00000000 08:14 1450959                    /usr/lib/jvm/jre/lib/amd64/libverify.so
7ff33dcef000-7ff33ddee000 ---p 0000d000 08:14 1450959                    /usr/lib/jvm/jre/lib/amd64/libverify.so
7ff33ddee000-7ff33ddf1000 rwxp 0000c000 08:14 1450959                    /usr/lib/jvm/jre/lib/amd64/libverify.so
7ff33ddf1000-7ff33ddf8000 r-xp 00000000 08:14 788737                     /lib/x86_64-linux-gnu/librt-2.15.so
7ff33ddf8000-7ff33dff7000 ---p 00007000 08:14 788737                     /lib/x86_64-linux-gnu/librt-2.15.so
7ff33dff7000-7ff33dff8000 r-xp 00006000 08:14 788737                     /lib/x86_64-linux-gnu/librt-2.15.so
7ff33dff8000-7ff33dff9000 rwxp 00007000 08:14 788737                     /lib/x86_64-linux-gnu/librt-2.15.so
7ff33dff9000-7ff33dffc000 ---p 00000000 00:00 0 
7ff33dffc000-7ff33e0fa000 rwxp 00000000 00:00 0 
7ff33e0fa000-7ff33e1f3000 r-xp 00000000 08:14 788683                     /lib/x86_64-linux-gnu/libm-2.15.so
7ff33e1f3000-7ff33e3f2000 ---p 000f9000 08:14 788683                     /lib/x86_64-linux-gnu/libm-2.15.so
7ff33e3f2000-7ff33e3f3000 r-xp 000f8000 08:14 788683                     /lib/x86_64-linux-gnu/libm-2.15.so
7ff33e3f3000-7ff33e3f4000 rwxp 000f9000 08:14 788683                     /lib/x86_64-linux-gnu/libm-2.15.so
7ff33e3f4000-7ff33ed0f000 r-xp 00000000 08:14 2100299                    /usr/lib/jvm/jre/lib/amd64/server/libjvm.so
7ff33ed0f000-7ff33ee10000 ---p 0091b000 08:14 2100299                    /usr/lib/jvm/jre/lib/amd64/server/libjvm.so
7ff33ee10000-7ff33efc5000 rwxp 0091c000 08:14 2100299                    /usr/lib/jvm/jre/lib/amd64/server/libjvm.so
7ff33efc5000-7ff33efff000 rwxp 00000000 00:00 0 
7ff33efff000-7ff33f1b2000 r-xp 00000000 08:14 788651                     /lib/x86_64-linux-gnu/libc-2.15.so
7ff33f1b2000-7ff33f3b1000 ---p 001b3000 08:14 788651                     /lib/x86_64-linux-gnu/libc-2.15.so
7ff33f3b1000-7ff33f3b5000 r-xp 001b2000 08:14 788651                     /lib/x86_64-linux-gnu/libc-2.15.so
7ff33f3b5000-7ff33f3b7000 rwxp 001b6000 08:14 788651                     /lib/x86_64-linux-gnu/libc-2.15.so
7ff33f3b7000-7ff33f3bc000 rwxp 00000000 00:00 0 
7ff33f3bc000-7ff33f3be000 r-xp 00000000 08:14 788664                     /lib/x86_64-linux-gnu/libdl-2.15.so
7ff33f3be000-7ff33f5be000 ---p 00002000 08:14 788664                     /lib/x86_64-linux-gnu/libdl-2.15.so
7ff33f5be000-7ff33f5bf000 r-xp 00002000 08:14 788664                     /lib/x86_64-linux-gnu/libdl-2.15.so
7ff33f5bf000-7ff33f5c0000 rwxp 00003000 08:14 788664                     /lib/x86_64-linux-gnu/libdl-2.15.so
7ff33f5c0000-7ff33f5d8000 r-xp 00000000 08:14 788731                     /lib/x86_64-linux-gnu/libpthread-2.15.so
7ff33f5d8000-7ff33f7d7000 ---p 00018000 08:14 788731                     /lib/x86_64-linux-gnu/libpthread-2.15.so
7ff33f7d7000-7ff33f7d8000 r-xp 00017000 08:14 788731                     /lib/x86_64-linux-gnu/libpthread-2.15.so
7ff33f7d8000-7ff33f7d9000 rwxp 00018000 08:14 788731                     /lib/x86_64-linux-gnu/libpthread-2.15.so
7ff33f7d9000-7ff33f7dd000 rwxp 00000000 00:00 0 
7ff33f7dd000-7ff33f7ff000 r-xp 00000000 08:14 788631                     /lib/x86_64-linux-gnu/ld-2.15.so
7ff33f7ff000-7ff33f800000 r-xs 00000000 08:16 1707334                    /var/cache/fontconfig/c05880de57d1f5e948fdfacc138775d9-le64.cache-3
7ff33f800000-7ff33f803000 r-xs 00000000 08:16 1707319                    /var/cache/fontconfig/385c0604a188198f04d133e54aba7fe7-le64.cache-3
7ff33f803000-7ff33f804000 r-xs 00000000 08:16 1707336                    /var/cache/fontconfig/4794a0821666d79190d59a36cb4f44b5-le64.cache-3
7ff33f804000-7ff33f807000 r-xs 00000000 08:16 1707328                    /var/cache/fontconfig/8801497958630a81b71ace7c5f9b32a8-le64.cache-3
7ff33f807000-7ff33f80c000 r-xs 00000000 08:16 1707317                    /var/cache/fontconfig/3047814df9a2f067bd2d96a2b9c36e5a-le64.cache-3
7ff33f80c000-7ff33f817000 r-xs 00000000 08:16 1707971                    /var/cache/fontconfig/e13b20fdb08344e0e664864cc2ede53d-le64.cache-3
7ff33f817000-7ff33f821000 rwxp 00000000 00:00 0 
7ff33f821000-7ff33f8d7000 rwxp 00000000 00:00 0 
7ff33f8d7000-7ff33f8da000 rwxp 00000000 00:00 0 
7ff33f8da000-7ff33f8e1000 r-xp 00000000 08:14 1967149                    /usr/lib/jvm/jre/lib/amd64/jli/libjli.so
7ff33f8e1000-7ff33f9e2000 ---p 00007000 08:14 1967149                    /usr/lib/jvm/jre/lib/amd64/jli/libjli.so
7ff33f9e2000-7ff33f9e4000 rwxp 00008000 08:14 1967149                    /usr/lib/jvm/jre/lib/amd64/jli/libjli.so
7ff33f9e4000-7ff33f9e5000 rwxp 00000000 00:00 0 
7ff33f9e5000-7ff33f9e6000 r-xs 00000000 08:16 1707341                    /var/cache/fontconfig/e7071f4a29fa870f4323321c154eba04-le64.cache-3
7ff33f9e6000-7ff33f9e7000 r-xs 00000000 08:16 1707314                    /var/cache/fontconfig/0d8c3b2ac0904cb8a57a757ad11a4a08-le64.cache-3
7ff33f9e7000-7ff33f9e8000 r-xs 00000000 08:16 1707322                    /var/cache/fontconfig/56cf4f4769d0f4abc89a4895d7bd3ae1-le64.cache-3
7ff33f9e8000-7ff33f9e9000 r-xs 00000000 08:16 1707333                    /var/cache/fontconfig/b9d506c9ac06c20b433354fa67a72993-le64.cache-3
7ff33f9e9000-7ff33f9ef000 r-xs 00000000 08:16 1708054                    /var/cache/fontconfig/3f7329c5293ffd510edef78f73874cfd-le64.cache-3
7ff33f9ef000-7ff33f9f3000 r-xs 00000000 08:16 1707942                    /var/cache/fontconfig/7ef2298fde41cc6eeb7af42e48b7d293-le64.cache-3
7ff33f9f3000-7ff33f9fb000 rwxs 00000000 08:14 524321                     /tmp/hsperfdata_jailbirt/7462
7ff33f9fb000-7ff33f9fc000 rwxp 00000000 00:00 0 
7ff33f9fc000-7ff33f9fd000 r-xp 00000000 00:00 0 
7ff33f9fd000-7ff33f9ff000 rwxp 00000000 00:00 0 
7ff33f9ff000-7ff33fa00000 r-xp 00022000 08:14 788631                     /lib/x86_64-linux-gnu/ld-2.15.so
7ff33fa00000-7ff33fa02000 rwxp 00023000 08:14 788631                     /lib/x86_64-linux-gnu/ld-2.15.so
7fff9684a000-7fff9686c000 rwxp 00000000 00:00 0                          [stack]
7fff969ff000-7fff96a00000 r-xp 00000000 00:00 0                          [vdso]
ffffffffff600000-ffffffffff601000 r-xp 00000000 00:00 0                  [vsyscall]

VM Arguments:
jvm_args: -Djava.library.path=/home/jailbirt/workspace/processingKinectExamples/libs/openGL/linux64:/home/jailbirt/workspace/processingKinectExamples/libs/openGL/linux64:/home/jailbirt/workspace/processingKinectExamples/libs/simpleOpenNi/library/library -Dfile.encoding=UTF-8 
java_command: userTracking.main
Launcher Type: SUN_STANDARD

Environment Variables:
PATH=/usr/lib/lightdm/lightdm:/usr/local/sbin:/usr/local/bin:/usr/sbin:/usr/bin:/sbin:/bin:/usr/games
LD_LIBRARY_PATH=/usr/lib/jvm/jre/lib/amd64/server:/usr/lib/jvm/jre/lib/amd64:/usr/lib/jvm/jre/../lib/amd64
SHELL=/bin/bash
DISPLAY=:0.0

Signal Handlers:
SIGSEGV: [libjvm.so+0x8602a0], sa_mask[0]=0x7ffbfeff, sa_flags=0x10000004
SIGBUS: [libjvm.so+0x8602a0], sa_mask[0]=0x7ffbfeff, sa_flags=0x10000004
SIGFPE: [libjvm.so+0x70ef10], sa_mask[0]=0x7ffbfeff, sa_flags=0x10000004
SIGPIPE: [libjvm.so+0x70ef10], sa_mask[0]=0x7ffbfeff, sa_flags=0x10000004
SIGXFSZ: [libjvm.so+0x70ef10], sa_mask[0]=0x7ffbfeff, sa_flags=0x10000004
SIGILL: [libjvm.so+0x70ef10], sa_mask[0]=0x7ffbfeff, sa_flags=0x10000004
SIGUSR1: SIG_DFL, sa_mask[0]=0x00000000, sa_flags=0x00000000
SIGUSR2: [libjvm.so+0x711d40], sa_mask[0]=0x00000004, sa_flags=0x10000004
SIGHUP: [libjvm.so+0x711940], sa_mask[0]=0x7ffbfeff, sa_flags=0x10000004
SIGINT: [libjvm.so+0x711940], sa_mask[0]=0x7ffbfeff, sa_flags=0x10000004
SIGTERM: [libjvm.so+0x711940], sa_mask[0]=0x7ffbfeff, sa_flags=0x10000004
SIGQUIT: [libjvm.so+0x711940], sa_mask[0]=0x7ffbfeff, sa_flags=0x10000004


---------------  S Y S T E M  ---------------

OS:wheezy/sid

uname:Linux 3.2.0-26-generic #41-Ubuntu SMP Thu Jun 14 17:49:24 UTC 2012 x86_64
libc:glibc 2.15 NPTL 2.15 
rlimit: STACK 8192k, CORE 0k, NPROC 95824, NOFILE 4096, AS infinity
load average:0.73 0.67 0.59

/proc/meminfo:
MemTotal:       12290156 kB
MemFree:         7997988 kB
Buffers:          114140 kB
Cached:          2061804 kB
SwapCached:            0 kB
Active:          2623340 kB
Inactive:        1333904 kB
Active(anon):    1783360 kB
Inactive(anon):    17228 kB
Active(file):     839980 kB
Inactive(file):  1316676 kB
Unevictable:           0 kB
Mlocked:               0 kB
SwapTotal:       8388604 kB
SwapFree:        8388604 kB
Dirty:               116 kB
Writeback:             0 kB
AnonPages:       1781980 kB
Mapped:           184212 kB
Shmem:             19300 kB
Slab:             103460 kB
SReclaimable:      65568 kB
SUnreclaim:        37892 kB
KernelStack:        4424 kB
PageTables:        35452 kB
NFS_Unstable:          0 kB
Bounce:                0 kB
WritebackTmp:          0 kB
CommitLimit:    14533680 kB
Committed_AS:    3939600 kB
VmallocTotal:   34359738367 kB
VmallocUsed:      181436 kB
VmallocChunk:   34359523836 kB
HardwareCorrupted:     0 kB
AnonHugePages:         0 kB
HugePages_Total:       0
HugePages_Free:        0
HugePages_Rsvd:        0
HugePages_Surp:        0
Hugepagesize:       2048 kB
DirectMap4k:      597824 kB
DirectMap2M:    11968512 kB


CPU:total 8 (4 cores per cpu, 2 threads per core) family 6 model 42 stepping 7, cmov, cx8, fxsr, mmx, sse, sse2, sse3, ssse3, sse4.1, sse4.2, popcnt, ht

/proc/cpuinfo:
processor	: 0
vendor_id	: GenuineIntel
cpu family	: 6
model		: 42
model name	: Intel(R) Core(TM) i7-2600 CPU @ 3.40GHz
stepping	: 7
microcode	: 0x14
cpu MHz		: 1600.000
cache size	: 8192 KB
physical id	: 0
siblings	: 8
core id		: 0
cpu cores	: 4
apicid		: 0
initial apicid	: 0
fpu		: yes
fpu_exception	: yes
cpuid level	: 13
wp		: yes
flags		: fpu vme de pse tsc msr pae mce cx8 apic sep mtrr pge mca cmov pat pse36 clflush dts acpi mmx fxsr sse sse2 ss ht tm pbe syscall nx rdtscp lm constant_tsc arch_perfmon pebs bts rep_good nopl xtopology nonstop_tsc aperfmperf pni pclmulqdq dtes64 monitor ds_cpl vmx smx est tm2 ssse3 cx16 xtpr pdcm pcid sse4_1 sse4_2 x2apic popcnt tsc_deadline_timer aes xsave avx lahf_lm ida arat epb xsaveopt pln pts dts tpr_shadow vnmi flexpriority ept vpid
bogomips	: 6784.59
clflush size	: 64
cache_alignment	: 64
address sizes	: 36 bits physical, 48 bits virtual
power management:

processor	: 1
vendor_id	: GenuineIntel
cpu family	: 6
model		: 42
model name	: Intel(R) Core(TM) i7-2600 CPU @ 3.40GHz
stepping	: 7
microcode	: 0x14
cpu MHz		: 1600.000
cache size	: 8192 KB
physical id	: 0
siblings	: 8
core id		: 1
cpu cores	: 4
apicid		: 2
initial apicid	: 2
fpu		: yes
fpu_exception	: yes
cpuid level	: 13
wp		: yes
flags		: fpu vme de pse tsc msr pae mce cx8 apic sep mtrr pge mca cmov pat pse36 clflush dts acpi mmx fxsr sse sse2 ss ht tm pbe syscall nx rdtscp lm constant_tsc arch_perfmon pebs bts rep_good nopl xtopology nonstop_tsc aperfmperf pni pclmulqdq dtes64 monitor ds_cpl vmx smx est tm2 ssse3 cx16 xtpr pdcm pcid sse4_1 sse4_2 x2apic popcnt tsc_deadline_timer aes xsave avx lahf_lm ida arat epb xsaveopt pln pts dts tpr_shadow vnmi flexpriority ept vpid
bogomips	: 6784.26
clflush size	: 64
cache_alignment	: 64
address sizes	: 36 bits physical, 48 bits virtual
power management:

processor	: 2
vendor_id	: GenuineIntel
cpu family	: 6
model		: 42
model name	: Intel(R) Core(TM) i7-2600 CPU @ 3.40GHz
stepping	: 7
microcode	: 0x14
cpu MHz		: 1600.000
cache size	: 8192 KB
physical id	: 0
siblings	: 8
core id		: 2
cpu cores	: 4
apicid		: 4
initial apicid	: 4
fpu		: yes
fpu_exception	: yes
cpuid level	: 13
wp		: yes
flags		: fpu vme de pse tsc msr pae mce cx8 apic sep mtrr pge mca cmov pat pse36 clflush dts acpi mmx fxsr sse sse2 ss ht tm pbe syscall nx rdtscp lm constant_tsc arch_perfmon pebs bts rep_good nopl xtopology nonstop_tsc aperfmperf pni pclmulqdq dtes64 monitor ds_cpl vmx smx est tm2 ssse3 cx16 xtpr pdcm pcid sse4_1 sse4_2 x2apic popcnt tsc_deadline_timer aes xsave avx lahf_lm ida arat epb xsaveopt pln pts dts tpr_shadow vnmi flexpriority ept vpid
bogomips	: 6784.26
clflush size	: 64
cache_alignment	: 64
address sizes	: 36 bits physical, 48 bits virtual
power management:

processor	: 3
vendor_id	: GenuineIntel
cpu family	: 6
model		: 42
model name	: Intel(R) Core(TM) i7-2600 CPU @ 3.40GHz
stepping	: 7
microcode	: 0x14
cpu MHz		: 1600.000
cache size	: 8192 KB
physical id	: 0
siblings	: 8
core id		: 3
cpu cores	: 4
apicid		: 6
initial apicid	: 6
fpu		: yes
fpu_exception	: yes
cpuid level	: 13
wp		: yes
flags		: fpu vme de pse tsc msr pae mce cx8 apic sep mtrr pge mca cmov pat pse36 clflush dts acpi mmx fxsr sse sse2 ss ht tm pbe syscall nx rdtscp lm constant_tsc arch_perfmon pebs bts rep_good nopl xtopology nonstop_tsc aperfmperf pni pclmulqdq dtes64 monitor ds_cpl vmx smx est tm2 ssse3 cx16 xtpr pdcm pcid sse4_1 sse4_2 x2apic popcnt tsc_deadline_timer aes xsave avx lahf_lm ida arat epb xsaveopt pln pts dts tpr_shadow vnmi flexpriority ept vpid
bogomips	: 6784.27
clflush size	: 64
cache_alignment	: 64
address sizes	: 36 bits physical, 48 bits virtual
power management:

processor	: 4
vendor_id	: GenuineIntel
cpu family	: 6
model		: 42
model name	: Intel(R) Core(TM) i7-2600 CPU @ 3.40GHz
stepping	: 7
microcode	: 0x14
cpu MHz		: 2100.000
cache size	: 8192 KB
physical id	: 0
siblings	: 8
core id		: 0
cpu cores	: 4
apicid		: 1
initial apicid	: 1
fpu		: yes
fpu_exception	: yes
cpuid level	: 13
wp		: yes
flags		: fpu vme de pse tsc msr pae mce cx8 apic sep mtrr pge mca cmov pat pse36 clflush dts acpi mmx fxsr sse sse2 ss ht tm pbe syscall nx rdtscp lm constant_tsc arch_perfmon pebs bts rep_good nopl xtopology nonstop_tsc aperfmperf pni pclmulqdq dtes64 monitor ds_cpl vmx smx est tm2 ssse3 cx16 xtpr pdcm pcid sse4_1 sse4_2 x2apic popcnt tsc_deadline_timer aes xsave avx lahf_lm ida arat epb xsaveopt pln pts dts tpr_shadow vnmi flexpriority ept vpid
bogomips	: 6784.26
clflush size	: 64
cache_alignment	: 64
address sizes	: 36 bits physical, 48 bits virtual
power management:

processor	: 5
vendor_id	: GenuineIntel
cpu family	: 6
model		: 42
model name	: Intel(R) Core(TM) i7-2600 CPU @ 3.40GHz
stepping	: 7
microcode	: 0x14
cpu MHz		: 3701.000
cache size	: 8192 KB
physical id	: 0
siblings	: 8
core id		: 1
cpu cores	: 4
apicid		: 3
initial apicid	: 3
fpu		: yes
fpu_exception	: yes
cpuid level	: 13
wp		: yes
flags		: fpu vme de pse tsc msr pae mce cx8 apic sep mtrr pge mca cmov pat pse36 clflush dts acpi mmx fxsr sse sse2 ss ht tm pbe syscall nx rdtscp lm constant_tsc arch_perfmon pebs bts rep_good nopl xtopology nonstop_tsc aperfmperf pni pclmulqdq dtes64 monitor ds_cpl vmx smx est tm2 ssse3 cx16 xtpr pdcm pcid sse4_1 sse4_2 x2apic popcnt tsc_deadline_timer aes xsave avx lahf_lm ida arat epb xsaveopt pln pts dts tpr_shadow vnmi flexpriority ept vpid
bogomips	: 6784.25
clflush size	: 64
cache_alignment	: 64
address sizes	: 36 bits physical, 48 bits virtual
power management:

processor	: 6
vendor_id	: GenuineIntel
cpu family	: 6
model		: 42
model name	: Intel(R) Core(TM) i7-2600 CPU @ 3.40GHz
stepping	: 7
microcode	: 0x14
cpu MHz		: 1600.000
cache size	: 8192 KB
physical id	: 0
siblings	: 8
core id		: 2
cpu cores	: 4
apicid		: 5
initial apicid	: 5
fpu		: yes
fpu_exception	: yes
cpuid level	: 13
wp		: yes
flags		: fpu vme de pse tsc msr pae mce cx8 apic sep mtrr pge mca cmov pat pse36 clflush dts acpi mmx fxsr sse sse2 ss ht tm pbe syscall nx rdtscp lm constant_tsc arch_perfmon pebs bts rep_good nopl xtopology nonstop_tsc aperfmperf pni pclmulqdq dtes64 monitor ds_cpl vmx smx est tm2 ssse3 cx16 xtpr pdcm pcid sse4_1 sse4_2 x2apic popcnt tsc_deadline_timer aes xsave avx lahf_lm ida arat epb xsaveopt pln pts dts tpr_shadow vnmi flexpriority ept vpid
bogomips	: 6784.27
clflush size	: 64
cache_alignment	: 64
address sizes	: 36 bits physical, 48 bits virtual
power management:

processor	: 7
vendor_id	: GenuineIntel
cpu family	: 6
model		: 42
model name	: Intel(R) Core(TM) i7-2600 CPU @ 3.40GHz
stepping	: 7
microcode	: 0x14
cpu MHz		: 1600.000
cache size	: 8192 KB
physical id	: 0
siblings	: 8
core id		: 3
cpu cores	: 4
apicid		: 7
initial apicid	: 7
fpu		: yes
fpu_exception	: yes
cpuid level	: 13
wp		: yes
flags		: fpu vme de pse tsc msr pae mce cx8 apic sep mtrr pge mca cmov pat pse36 clflush dts acpi mmx fxsr sse sse2 ss ht tm pbe syscall nx rdtscp lm constant_tsc arch_perfmon pebs bts rep_good nopl xtopology nonstop_tsc aperfmperf pni pclmulqdq dtes64 monitor ds_cpl vmx smx est tm2 ssse3 cx16 xtpr pdcm pcid sse4_1 sse4_2 x2apic popcnt tsc_deadline_timer aes xsave avx lahf_lm ida arat epb xsaveopt pln pts dts tpr_shadow vnmi flexpriority ept vpid
bogomips	: 6784.26
clflush size	: 64
cache_alignment	: 64
address sizes	: 36 bits physical, 48 bits virtual
power management:



Memory: 4k page, physical 12290156k(7997988k free), swap 8388604k(8388604k free)

vm_info: Java HotSpot(TM) 64-Bit Server VM (20.7-b02) for linux-amd64 JRE (1.6.0_32-b05), built on Apr  5 2012 14:09:59 by "java_re" with gcc 3.2.2 (SuSE Linux)

time: Sun Jul 22 03:22:23 2012
elapsed time: 0 seconds

