#
# A fatal error has been detected by the Java Runtime Environment:
#
#  SIGSEGV (0xb) at pc=0x00007f1d2324859d, pid=20505, tid=139764033103616
#
# JRE version: 6.0_32-b05
# Java VM: Java HotSpot(TM) 64-Bit Server VM (20.7-b02 mixed mode linux-amd64 compressed oops)
# Problematic frame:
# C  [libXnVFeatures_1_5_2.so+0x8b59d]  Segmentation::detectionByPoint(bool, std::vector<Vector2D<int>, std::allocator<Vector2D<int> > > const*)+0x8d
#
# If you would like to submit a bug report, please visit:
#   http://java.sun.com/webapps/bugreport/crash.jsp
# The crash happened outside the Java Virtual Machine in native code.
# See problematic frame for where to report the bug.
#

---------------  T H R E A D  ---------------

Current thread (0x00007f1d8c2c0800):  JavaThread "Animation Thread" [_thread_in_native, id=20534, stack(0x00007f1d597ba000,0x00007f1d598bb000)]

siginfo:si_signo=SIGSEGV: si_errno=0, si_code=2 (SEGV_ACCERR), si_addr=0x00007f1d0e986b4a

Registers:
RAX=0x0000000000000125, RBX=0x00007f1d315319c0, RCX=0x00007f1d0e975d80, RDX=0x00000000000000d6
RSP=0x00007f1d598b91b0, RBP=0x00007f1d1a550e60, RSI=0x00000000000086e5, RDI=0x00007f1d1a550fe0
R8 =0x0000000000000000, R9 =0x0101010101010101, R10=0x00007f1d1a60fa21, R11=0x00007f1d933a672c
R12=0x00007f1d237ead88, R13=0x00007f1d598b9310, R14=0x00007f1d195c0050, R15=0x0000000000000000
RIP=0x00007f1d2324859d, EFLAGS=0x0000000000010202, CSGSFS=0x0000000000000033, ERR=0x0000000000000004
  TRAPNO=0x000000000000000e

Top of Stack: (sp=0x00007f1d598b91b0)
0x00007f1d598b91b0:   00007f1d0e8b7ca0 7fffffff00000000
0x00007f1d598b91c0:   00007f1d0e8b7ca0 00007f1d1a550fe0
0x00007f1d598b91d0:   00007f1d1a5522e0 00007f1d1a550e60
0x00007f1d598b91e0:   00007f1d1a550fe0 00007f1d1a54bd80
0x00007f1d598b91f0:   00007f1d598b9310 00007f1d195c0050
0x00007f1d598b9200:   0000000000000000 00007f1d2324fbc0
0x00007f1d598b9210:   0000000000625cb1 0000000000625cb1
0x00007f1d598b9220:   0000000000000000 3ff0000000000000
0x00007f1d598b9230:   00007f1d237eb5a8 0000000000000001
0x00007f1d598b9240:   0000000000000040 00007f1d195c0010
0x00007f1d598b9250:   00007f1d1a54bd80 00007f1d1a52af88
0x00007f1d598b9260:   00007f1d195c0050 00007f1d195c0028
0x00007f1d598b9270:   00007f1d598b9310 00007f1d2323899b
0x00007f1d598b9280:   00007f1d1a641190 0000000000000008
0x00007f1d598b9290:   0000000000625051 0000000000625051
0x00007f1d598b92a0:   0000000000000000 3ff0000000000000
0x00007f1d598b92b0:   0000000000000000 00007f1d232128bd
0x00007f1d598b92c0:   00007f1d598b9330 00007f1d8802001c
0x00007f1d598b92d0:   0000000000000001 00007f1d88020000
0x00007f1d598b92e0:   00007f1d315216d0 00007f1d30236900
0x00007f1d598b92f0:   00007f1d8c2c0800 00007f1d2320e03f
0x00007f1d598b9300:   00000000000001ad 00007f1d582df489
0x00007f1d598b9310:   00007f1d315319c0 00007f1d315319c8
0x00007f1d598b9320:   00007f1d315319c8 00007f1d3005ef61
0x00007f1d598b9330:   000000d600000125 00007f1d315216d0
0x00007f1d598b9340:   00007f1d315216d0 00007f1d315216d0
0x00007f1d598b9350:   00007f1d31b93e40 0000000000000051
0x00007f1d598b9360:   00007f1d0e8ab4c0 00007f1d2320e5bf
0x00007f1d598b9370:   00007f1d237d2af0 00007f1d297aa4ec
0x00007f1d598b9380:   00007f1d237d4d10 0000000000000000
0x00007f1d598b9390:   00000000003471e8 0009600000000001
0x00007f1d598b93a0:   ffffffff00000001 00007f1d598b93e4 

Instructions: (pc=0x00007f1d2324859d)
0x00007f1d2324857d:   39 5d 08 0f 84 d2 01 00 00 8b 53 04 41 8b 74 24
0x00007f1d2324858d:   3c 49 8b 4c 24 28 8b 03 0f af f2 48 8b 09 01 c6
0x00007f1d2324859d:   66 83 3c 71 00 74 d4 48 63 8d 88 01 00 00 48 8b
0x00007f1d232485ad:   7c 24 18 48 69 c9 d8 03 00 00 48 8d 74 0f 10 48 

Register to memory mapping:

RAX=0x0000000000000125 is an unknown value
RBX=0x00007f1d315319c0 is an unknown value
RCX=0x00007f1d0e975d80 is an unknown value
RDX=0x00000000000000d6 is an unknown value
RSP=0x00007f1d598b91b0 is pointing into the stack for thread: 0x00007f1d8c2c0800
RBP=0x00007f1d1a550e60 is an unknown value
RSI=0x00000000000086e5 is an unknown value
RDI=0x00007f1d1a550fe0 is an unknown value
R8 =0x0000000000000000 is an unknown value
R9 =0x0101010101010101 is an unknown value
R10=0x00007f1d1a60fa21 is an unknown value
R11=0x00007f1d933a672c: <offset 0x8b72c> in /lib/x86_64-linux-gnu/libc.so.6 at 0x00007f1d9331b000
R12=0x00007f1d237ead88: <offset 0x62dd88> in /usr/lib/libXnVFeatures_1_5_2.so at 0x00007f1d231bd000
R13=0x00007f1d598b9310 is pointing into the stack for thread: 0x00007f1d8c2c0800
R14=0x00007f1d195c0050 is an unknown value
R15=0x0000000000000000 is an unknown value


Stack: [0x00007f1d597ba000,0x00007f1d598bb000],  sp=0x00007f1d598b91b0,  free space=1020k
Native frames: (J=compiled Java code, j=interpreted, Vv=VM code, C=native code)
C  [libXnVFeatures_1_5_2.so+0x8b59d]  Segmentation::detectionByPoint(bool, std::vector<Vector2D<int>, std::allocator<Vector2D<int> > > const*)+0x8d

Java frames: (J=compiled Java code, j=interpreted, Vv=VM code)
j  SimpleOpenNI.SimpleOpenNIJNI.ContextWrapper_updateSwigExplicitContextWrapper__SWIG_0(JLSimpleOpenNI/ContextWrapper;)V+0
j  SimpleOpenNI.ContextWrapper.update()V+26
j  SimpleOpenNI.SimpleOpenNI.update()V+1
j  userTracking.handWithObjectTracking.draw()V+11
j  processing.core.PApplet.handleDraw()V+145
j  processing.core.PApplet.run()V+72
j  java.lang.Thread.run()V+11
v  ~StubRoutines::call_stub

---------------  P R O C E S S  ---------------

Java Threads: ( => current thread )
=>0x00007f1d8c2c0800 JavaThread "Animation Thread" [_thread_in_native, id=20534, stack(0x00007f1d597ba000,0x00007f1d598bb000)]
  0x00007f1d4000a800 JavaThread "AWT-EventQueue-0" [_thread_blocked, id=20533, stack(0x00007f1d598bb000,0x00007f1d599bc000)]
  0x00007f1d8c2bd000 JavaThread "AWT-Shutdown" [_thread_blocked, id=20532, stack(0x00007f1d599bc000,0x00007f1d59abd000)]
  0x00007f1d8c2ae000 JavaThread "Image Fetcher 0" daemon [_thread_blocked, id=20531, stack(0x00007f1d59abd000,0x00007f1d59bbe000)]
  0x00007f1d8c223000 JavaThread "AWT-XAWT" daemon [_thread_blocked, id=20530, stack(0x00007f1d59bbe000,0x00007f1d59cbf000)]
  0x00007f1d8c100800 JavaThread "Java2D Disposer" daemon [_thread_blocked, id=20529, stack(0x00007f1d5a2d9000,0x00007f1d5a3da000)]
  0x00007f1d8c099800 JavaThread "Low Memory Detector" daemon [_thread_blocked, id=20525, stack(0x00007f1d880f1000,0x00007f1d881f2000)]
  0x00007f1d8c097800 JavaThread "C2 CompilerThread1" daemon [_thread_blocked, id=20524, stack(0x00007f1d881f2000,0x00007f1d882f3000)]
  0x00007f1d8c094800 JavaThread "C2 CompilerThread0" daemon [_thread_blocked, id=20523, stack(0x00007f1d882f3000,0x00007f1d883f4000)]
  0x00007f1d8c092800 JavaThread "Signal Dispatcher" daemon [_thread_blocked, id=20522, stack(0x00007f1d883f4000,0x00007f1d884f5000)]
  0x00007f1d8c076000 JavaThread "Finalizer" daemon [_thread_blocked, id=20521, stack(0x00007f1d884f5000,0x00007f1d885f6000)]
  0x00007f1d8c074000 JavaThread "Reference Handler" daemon [_thread_blocked, id=20520, stack(0x00007f1d885f6000,0x00007f1d886f7000)]
  0x00007f1d8c008000 JavaThread "main" [_thread_blocked, id=20506, stack(0x00007f1d92315000,0x00007f1d92416000)]

Other Threads:
  0x00007f1d8c06d800 VMThread [stack: 0x00007f1d886f7000,0x00007f1d887f8000] [id=20519]
  0x00007f1d8c0a4800 WatcherThread [stack: 0x00007f1d5b81c000,0x00007f1d5b91d000] [id=20526]

VM state:not at safepoint (normal execution)

VM Mutex/Monitor currently owned by a thread: None

Heap
 PSYoungGen      total 200000K, used 19359K [0x00000007c1760000, 0x00000007ce280000, 0x0000000800000000)
  eden space 192000K, 5% used [0x00000007c1760000,0x00000007c227b2e0,0x00000007cd2e0000)
  from space 8000K, 99% used [0x00000007cdab0000,0x00000007ce27cb68,0x00000007ce280000)
  to   space 8000K, 0% used [0x00000007cd2e0000,0x00000007cd2e0000,0x00000007cdab0000)
 PSOldGen        total 128064K, used 46516K [0x0000000744600000, 0x000000074c310000, 0x00000007c1760000)
  object space 128064K, 36% used [0x0000000744600000,0x000000074736d190,0x000000074c310000)
 PSPermGen       total 21248K, used 14231K [0x000000073f400000, 0x00000007408c0000, 0x0000000744600000)
  object space 21248K, 66% used [0x000000073f400000,0x00000007401e5d50,0x00000007408c0000)

Code Cache  [0x00007f1d89000000, 0x00007f1d89270000, 0x00007f1d8c000000)
 total_blobs=883 nmethods=168 adapters=669 free_code_cache=49229504 largest_free_block=16512

Dynamic libraries:
40000000-40009000 r-xp 00000000 08:14 1192322                            /usr/lib/jvm/bin/java
40108000-4010a000 rwxp 00008000 08:14 1192322                            /usr/lib/jvm/bin/java
408ca000-408eb000 rwxp 00000000 00:00 0                                  [heap]
40ca6000-40ca8000 r-xs 00000000 08:14 396548                             /tmp/gllLdPDU (deleted)
41529000-415a4000 rwxp 00000000 00:00 0 
73f400000-7408c0000 rwxp 00000000 00:00 0 
7408c0000-744600000 rwxp 00000000 00:00 0 
744600000-74c310000 rwxp 00000000 00:00 0 
74c310000-7c1760000 rwxp 00000000 00:00 0 
7c1760000-7ce280000 rwxp 00000000 00:00 0 
7ce280000-800000000 rwxp 00000000 00:00 0 
7f1d0c000000-7f1d0ea66000 rwxp 00000000 00:00 0 
7f1d0ea66000-7f1d10000000 ---p 00000000 00:00 0 
7f1d124ab000-7f1d124d7000 r-xp 00000000 08:14 1450942                    /usr/lib/jvm/jre/lib/amd64/libjpeg.so
7f1d124d7000-7f1d125d7000 ---p 0002c000 08:14 1450942                    /usr/lib/jvm/jre/lib/amd64/libjpeg.so
7f1d125d7000-7f1d125dd000 rwxp 0002c000 08:14 1450942                    /usr/lib/jvm/jre/lib/amd64/libjpeg.so
7f1d125dd000-7f1d12a3e000 rwxp 00000000 00:00 0 
7f1d12a3e000-7f1d12a3f000 r-xs 00001000 08:15 3943883                    /home/jailbirt/workspace/processingKinectExamples/libs/toxicLibs/toxiclibs_p5/library/toxiclibs_p5.jar
7f1d12a3f000-7f1d1a89e000 rwxp 00000000 00:00 0 
7f1d1a89e000-7f1d1bf1e000 r-xs 00000000 00:12 211910                     /run/shm/20537_045e.02ae@2.13_Image
7f1d1bf1e000-7f1d1c000000 rwxp 00000000 00:00 0 
7f1d1c000000-7f1d1c029000 rwxp 00000000 00:00 0 
7f1d1c029000-7f1d20000000 ---p 00000000 00:00 0 
7f1d20006000-7f1d20504000 rwxp 00000000 00:00 0 
7f1d20504000-7f1d20c0c000 r-xs 00000000 00:12 220387                     /run/shm/20537_045e.02ae@2.13_Depth
7f1d20c0c000-7f1d20c0d000 ---p 00000000 00:00 0 
7f1d20c0d000-7f1d2180e000 rwxp 00000000 00:00 0 
7f1d2180e000-7f1d218a0000 r-xp 00000000 08:14 658014                     /usr/lib/libXnDeviceSensorV2.so
7f1d218a0000-7f1d21a9f000 ---p 00092000 08:14 658014                     /usr/lib/libXnDeviceSensorV2.so
7f1d21a9f000-7f1d21aaf000 r-xp 00091000 08:14 658014                     /usr/lib/libXnDeviceSensorV2.so
7f1d21aaf000-7f1d21ab0000 rwxp 000a1000 08:14 658014                     /usr/lib/libXnDeviceSensorV2.so
7f1d21ab0000-7f1d21ad7000 r-xp 00000000 08:14 673565                     /usr/lib/libXnDeviceFile.so
7f1d21ad7000-7f1d21cd7000 ---p 00027000 08:14 673565                     /usr/lib/libXnDeviceFile.so
7f1d21cd7000-7f1d21cd9000 r-xp 00027000 08:14 673565                     /usr/lib/libXnDeviceFile.so
7f1d21cd9000-7f1d21cda000 rwxp 00029000 08:14 673565                     /usr/lib/libXnDeviceFile.so
7f1d21cda000-7f1d21d22000 r-xp 00000000 08:14 673564                     /usr/lib/libXnDDK.so
7f1d21d22000-7f1d21f22000 ---p 00048000 08:14 673564                     /usr/lib/libXnDDK.so
7f1d21f22000-7f1d21f25000 r-xp 00048000 08:14 673564                     /usr/lib/libXnDDK.so
7f1d21f25000-7f1d21f27000 rwxp 0004b000 08:14 673564                     /usr/lib/libXnDDK.so
7f1d21f27000-7f1d21f4b000 r-xp 00000000 08:14 673567                     /usr/lib/libXnFormats.so
7f1d21f4b000-7f1d2214b000 ---p 00024000 08:14 673567                     /usr/lib/libXnFormats.so
7f1d2214b000-7f1d2214c000 r-xp 00024000 08:14 673567                     /usr/lib/libXnFormats.so
7f1d2214c000-7f1d2214d000 rwxp 00025000 08:14 673567                     /usr/lib/libXnFormats.so
7f1d2214d000-7f1d2216d000 rwxp 00000000 00:00 0 
7f1d2216d000-7f1d22170000 r-xp 00000000 08:14 673563                     /usr/lib/libXnCore.so
7f1d22170000-7f1d2236f000 ---p 00003000 08:14 673563                     /usr/lib/libXnCore.so
7f1d2236f000-7f1d22370000 r-xp 00002000 08:14 673563                     /usr/lib/libXnCore.so
7f1d22370000-7f1d22371000 rwxp 00003000 08:14 673563                     /usr/lib/libXnCore.so
7f1d22371000-7f1d223fa000 r-xp 00000000 08:14 673566                     /usr/lib/libXnDeviceSensorV2KM.so
7f1d223fa000-7f1d225f9000 ---p 00089000 08:14 673566                     /usr/lib/libXnDeviceSensorV2KM.so
7f1d225f9000-7f1d22609000 r-xp 00088000 08:14 673566                     /usr/lib/libXnDeviceSensorV2KM.so
7f1d22609000-7f1d2260a000 rwxp 00098000 08:14 673566                     /usr/lib/libXnDeviceSensorV2KM.so
7f1d2260a000-7f1d226fe000 r-xp 00000000 08:14 673497                     /usr/lib/libXnVHandGenerator_1_5_2.so
7f1d226fe000-7f1d228fd000 ---p 000f4000 08:14 673497                     /usr/lib/libXnVHandGenerator_1_5_2.so
7f1d228fd000-7f1d22902000 r-xp 000f3000 08:14 673497                     /usr/lib/libXnVHandGenerator_1_5_2.so
7f1d22902000-7f1d22903000 rwxp 000f8000 08:14 673497                     /usr/lib/libXnVHandGenerator_1_5_2.so
7f1d22903000-7f1d22911000 rwxp 00000000 00:00 0 
7f1d22911000-7f1d229e9000 r-xp 00000000 08:14 673494                     /usr/lib/libXnVHandGenerator_1_4_2.so
7f1d229e9000-7f1d22be8000 ---p 000d8000 08:14 673494                     /usr/lib/libXnVHandGenerator_1_4_2.so
7f1d22be8000-7f1d22bed000 r-xp 000d7000 08:14 673494                     /usr/lib/libXnVHandGenerator_1_4_2.so
7f1d22bed000-7f1d22bee000 rwxp 000dc000 08:14 673494                     /usr/lib/libXnVHandGenerator_1_4_2.so
7f1d22bee000-7f1d22bf1000 rwxp 00000000 00:00 0 
7f1d22bf1000-7f1d22cc9000 r-xp 00000000 08:14 673491                     /usr/lib/libXnVHandGenerator_1_4_1.so
7f1d22cc9000-7f1d22ec8000 ---p 000d8000 08:14 673491                     /usr/lib/libXnVHandGenerator_1_4_1.so
7f1d22ec8000-7f1d22ecd000 r-xp 000d7000 08:14 673491                     /usr/lib/libXnVHandGenerator_1_4_1.so
7f1d22ecd000-7f1d22ece000 rwxp 000dc000 08:14 673491                     /usr/lib/libXnVHandGenerator_1_4_1.so
7f1d22ece000-7f1d22ed1000 rwxp 00000000 00:00 0 
7f1d22ed1000-7f1d22fb4000 r-xp 00000000 08:14 673488                     /usr/lib/libXnVHandGenerator_1_3_1.so
7f1d22fb4000-7f1d231b4000 ---p 000e3000 08:14 673488                     /usr/lib/libXnVHandGenerator_1_3_1.so
7f1d231b4000-7f1d231b9000 r-xp 000e3000 08:14 673488                     /usr/lib/libXnVHandGenerator_1_3_1.so
7f1d231b9000-7f1d231ba000 rwxp 000e8000 08:14 673488                     /usr/lib/libXnVHandGenerator_1_3_1.so
7f1d231ba000-7f1d231bd000 rwxp 00000000 00:00 0 
7f1d231bd000-7f1d235d2000 r-xp 00000000 08:14 673481                     /usr/lib/libXnVFeatures_1_5_2.so
7f1d235d2000-7f1d237d2000 ---p 00415000 08:14 673481                     /usr/lib/libXnVFeatures_1_5_2.so
7f1d237d2000-7f1d237e3000 r-xp 00415000 08:14 673481                     /usr/lib/libXnVFeatures_1_5_2.so
7f1d237e3000-7f1d237e5000 rwxp 00426000 08:14 673481                     /usr/lib/libXnVFeatures_1_5_2.so
7f1d237e5000-7f1d237fa000 rwxp 00000000 00:00 0 
7f1d237fa000-7f1d239f1000 r-xp 00000000 08:14 673470                     /usr/lib/libXnVFeatures_1_4_2.so
7f1d239f1000-7f1d23bf0000 ---p 001f7000 08:14 673470                     /usr/lib/libXnVFeatures_1_4_2.so
7f1d23bf0000-7f1d23bf6000 r-xp 001f6000 08:14 673470                     /usr/lib/libXnVFeatures_1_4_2.so
7f1d23bf6000-7f1d23bf7000 rwxp 001fc000 08:14 673470                     /usr/lib/libXnVFeatures_1_4_2.so
7f1d23bf7000-7f1d23bfd000 rwxp 00000000 00:00 0 
7f1d23bfd000-7f1d23df4000 r-xp 00000000 08:14 673465                     /usr/lib/libXnVFeatures_1_4_1.so
7f1d23df4000-7f1d23ff3000 ---p 001f7000 08:14 673465                     /usr/lib/libXnVFeatures_1_4_1.so
7f1d23ff3000-7f1d23ff9000 r-xp 001f6000 08:14 673465                     /usr/lib/libXnVFeatures_1_4_1.so
7f1d23ff9000-7f1d23ffa000 rwxp 001fc000 08:14 673465                     /usr/lib/libXnVFeatures_1_4_1.so
7f1d23ffa000-7f1d24000000 rwxp 00000000 00:00 0 
7f1d24000000-7f1d24021000 rwxp 00000000 00:00 0 
7f1d24021000-7f1d28000000 ---p 00000000 00:00 0 
7f1d2800e000-7f1d281d2000 rwxp 00000000 00:00 0 
7f1d281d2000-7f1d28417000 r-xp 00000000 08:14 673460                     /usr/lib/libXnVFeatures_1_3_1.so
7f1d28417000-7f1d28617000 ---p 00245000 08:14 673460                     /usr/lib/libXnVFeatures_1_3_1.so
7f1d28617000-7f1d2861d000 r-xp 00245000 08:14 673460                     /usr/lib/libXnVFeatures_1_3_1.so
7f1d2861d000-7f1d2861e000 rwxp 0024b000 08:14 673460                     /usr/lib/libXnVFeatures_1_3_1.so
7f1d2861e000-7f1d28625000 rwxp 00000000 00:00 0 
7f1d28625000-7f1d28643000 r-xp 00000000 08:14 673299                     /usr/lib/libnimRecorder.so
7f1d28643000-7f1d28842000 ---p 0001e000 08:14 673299                     /usr/lib/libnimRecorder.so
7f1d28842000-7f1d28844000 r-xp 0001d000 08:14 673299                     /usr/lib/libnimRecorder.so
7f1d28844000-7f1d28845000 rwxp 0001f000 08:14 673299                     /usr/lib/libnimRecorder.so
7f1d28845000-7f1d2887b000 r-xp 00000000 08:14 673297                     /usr/lib/libnimCodecs.so
7f1d2887b000-7f1d28a7b000 ---p 00036000 08:14 673297                     /usr/lib/libnimCodecs.so
7f1d28a7b000-7f1d28a7e000 r-xp 00036000 08:14 673297                     /usr/lib/libnimCodecs.so
7f1d28a7e000-7f1d28a7f000 rwxp 00039000 08:14 673297                     /usr/lib/libnimCodecs.so
7f1d28a7f000-7f1d28a9f000 rwxp 00000000 00:00 0 
7f1d28a9f000-7f1d28ad6000 r-xp 00000000 08:14 673298                     /usr/lib/libnimMockNodes.so
7f1d28ad6000-7f1d28cd5000 ---p 00037000 08:14 673298                     /usr/lib/libnimMockNodes.so
7f1d28cd5000-7f1d28ce2000 r-xp 00036000 08:14 673298                     /usr/lib/libnimMockNodes.so
7f1d28ce2000-7f1d28ce3000 rwxp 00043000 08:14 673298                     /usr/lib/libnimMockNodes.so
7f1d28ce3000-7f1d28ce4000 ---p 00000000 00:00 0 
7f1d28ce4000-7f1d294e4000 rwxp 00000000 00:00 0 
7f1d294e4000-7f1d294f2000 r-xp 00000000 08:14 788754                     /lib/x86_64-linux-gnu/libusb-1.0.so.0.1.0
7f1d294f2000-7f1d296f1000 ---p 0000e000 08:14 788754                     /lib/x86_64-linux-gnu/libusb-1.0.so.0.1.0
7f1d296f1000-7f1d296f2000 r-xp 0000d000 08:14 788754                     /lib/x86_64-linux-gnu/libusb-1.0.so.0.1.0
7f1d296f2000-7f1d296f3000 rwxp 0000e000 08:14 788754                     /lib/x86_64-linux-gnu/libusb-1.0.so.0.1.0
7f1d296f3000-7f1d297d5000 r-xp 00000000 08:14 662623                     /usr/lib/x86_64-linux-gnu/libstdc++.so.6.0.16
7f1d297d5000-7f1d299d4000 ---p 000e2000 08:14 662623                     /usr/lib/x86_64-linux-gnu/libstdc++.so.6.0.16
7f1d299d4000-7f1d299dc000 r-xp 000e1000 08:14 662623                     /usr/lib/x86_64-linux-gnu/libstdc++.so.6.0.16
7f1d299dc000-7f1d299de000 rwxp 000e9000 08:14 662623                     /usr/lib/x86_64-linux-gnu/libstdc++.so.6.0.16
7f1d299de000-7f1d299f3000 rwxp 00000000 00:00 0 
7f1d299f3000-7f1d29ad6000 r-xp 00000000 08:14 673381                     /usr/lib/libXnVNite_1_5_2.so
7f1d29ad6000-7f1d29cd5000 ---p 000e3000 08:14 673381                     /usr/lib/libXnVNite_1_5_2.so
7f1d29cd5000-7f1d29cda000 r-xp 000e2000 08:14 673381                     /usr/lib/libXnVNite_1_5_2.so
7f1d29cda000-7f1d29cdc000 rwxp 000e7000 08:14 673381                     /usr/lib/libXnVNite_1_5_2.so
7f1d29cdc000-7f1d2b607000 r-xp 00000000 08:14 659821                     /usr/lib/nvidia-current/libnvidia-glcore.so.295.40
7f1d2b607000-7f1d2b806000 ---p 0192b000 08:14 659821                     /usr/lib/nvidia-current/libnvidia-glcore.so.295.40
7f1d2b806000-7f1d2bfe5000 rwxp 0192a000 08:14 659821                     /usr/lib/nvidia-current/libnvidia-glcore.so.295.40
7f1d2bfe5000-7f1d2c000000 rwxp 00000000 00:00 0 
7f1d2c000000-7f1d2c120000 rwxp 00000000 00:00 0 
7f1d2c120000-7f1d30000000 ---p 00000000 00:00 0 
7f1d30000000-7f1d34000000 rwxp 00000000 00:00 0 
7f1d34000000-7f1d34021000 rwxp 00000000 00:00 0 
7f1d34021000-7f1d38000000 ---p 00000000 00:00 0 
7f1d38000000-7f1d38021000 rwxp 00000000 00:00 0 
7f1d38021000-7f1d3c000000 ---p 00000000 00:00 0 
7f1d3c000000-7f1d3c021000 rwxp 00000000 00:00 0 
7f1d3c021000-7f1d40000000 ---p 00000000 00:00 0 
7f1d40000000-7f1d40021000 rwxp 00000000 00:00 0 
7f1d40021000-7f1d44000000 ---p 00000000 00:00 0 
7f1d44000000-7f1d44021000 rwxp 00000000 00:00 0 
7f1d44021000-7f1d48000000 ---p 00000000 00:00 0 
7f1d48000000-7f1d48021000 rwxp 00000000 00:00 0 
7f1d48021000-7f1d4c000000 ---p 00000000 00:00 0 
7f1d4c000000-7f1d4d4ce000 rwxp 00000000 00:00 0 
7f1d4d4ce000-7f1d50000000 ---p 00000000 00:00 0 
7f1d50000000-7f1d50769000 rwxp 00000000 00:00 0 
7f1d50769000-7f1d54000000 ---p 00000000 00:00 0 
7f1d54000000-7f1d54021000 rwxp 00000000 00:00 0 
7f1d54021000-7f1d58000000 ---p 00000000 00:00 0 
7f1d58071000-7f1d58086000 r-xp 00000000 08:14 788672                     /lib/x86_64-linux-gnu/libgcc_s.so.1
7f1d58086000-7f1d58285000 ---p 00015000 08:14 788672                     /lib/x86_64-linux-gnu/libgcc_s.so.1
7f1d58285000-7f1d58286000 r-xp 00014000 08:14 788672                     /lib/x86_64-linux-gnu/libgcc_s.so.1
7f1d58286000-7f1d58287000 rwxp 00015000 08:14 788672                     /lib/x86_64-linux-gnu/libgcc_s.so.1
7f1d58287000-7f1d58304000 r-xp 00000000 08:14 673301                     /usr/lib/libOpenNI.so
7f1d58304000-7f1d58503000 ---p 0007d000 08:14 673301                     /usr/lib/libOpenNI.so
7f1d58503000-7f1d58506000 r-xp 0007c000 08:14 673301                     /usr/lib/libOpenNI.so
7f1d58506000-7f1d58509000 rwxp 0007f000 08:14 673301                     /usr/lib/libOpenNI.so
7f1d58509000-7f1d5850a000 rwxp 00000000 00:00 0 
7f1d5850a000-7f1d585c0000 r-xp 00000000 08:15 2627742                    /home/jailbirt/workspace/processingKinectExamples/libs/simpleOpenNi/library/library/libSimpleOpenNI64.so
7f1d585c0000-7f1d587c0000 ---p 000b6000 08:15 2627742                    /home/jailbirt/workspace/processingKinectExamples/libs/simpleOpenNi/library/library/libSimpleOpenNI64.so
7f1d587c0000-7f1d587c4000 r-xp 000b6000 08:15 2627742                    /home/jailbirt/workspace/processingKinectExamples/libs/simpleOpenNi/library/library/libSimpleOpenNI64.so
7f1d587c4000-7f1d587c7000 rwxp 000ba000 08:15 2627742                    /home/jailbirt/workspace/processingKinectExamples/libs/simpleOpenNi/library/library/libSimpleOpenNI64.so
7f1d587c7000-7f1d587c8000 rwxp 00000000 00:00 0 
7f1d587c8000-7f1d589c8000 rwxs 319aae000 00:05 13034                     /dev/nvidia0
7f1d589c8000-7f1d58ac8000 rwxs 318b16000 00:05 13034                     /dev/nvidia0
7f1d58ac8000-7f1d58b08000 rwxs 3278fe000 00:05 13034                     /dev/nvidia0
7f1d58b08000-7f1d58ba6000 rwxp 00000000 00:00 0 
7f1d58ba6000-7f1d58ba8000 r-xp 00000000 08:15 2247363                    /home/jailbirt/workspace/processingKinectExamples/libs/openGL/linux64/libjogl_awt.so
7f1d58ba8000-7f1d58ca7000 ---p 00002000 08:15 2247363                    /home/jailbirt/workspace/processingKinectExamples/libs/openGL/linux64/libjogl_awt.so
7f1d58ca7000-7f1d58ca8000 rwxp 00001000 08:15 2247363                    /home/jailbirt/workspace/processingKinectExamples/libs/openGL/linux64/libjogl_awt.so
7f1d58ca8000-7f1d58ca9000 r-xp 00000000 08:14 1454620                    /usr/lib/jvm/jre/lib/amd64/libjawt.so
7f1d58ca9000-7f1d58da8000 ---p 00001000 08:14 1454620                    /usr/lib/jvm/jre/lib/amd64/libjawt.so
7f1d58da8000-7f1d58da9000 rwxp 00000000 08:14 1454620                    /usr/lib/jvm/jre/lib/amd64/libjawt.so
7f1d58da9000-7f1d58dad000 r-xp 00000000 08:14 662137                     /usr/lib/x86_64-linux-gnu/libXxf86vm.so.1.0.0
7f1d58dad000-7f1d58fac000 ---p 00004000 08:14 662137                     /usr/lib/x86_64-linux-gnu/libXxf86vm.so.1.0.0
7f1d58fac000-7f1d58fad000 r-xp 00003000 08:14 662137                     /usr/lib/x86_64-linux-gnu/libXxf86vm.so.1.0.0
7f1d58fad000-7f1d58fae000 rwxp 00004000 08:14 662137                     /usr/lib/x86_64-linux-gnu/libXxf86vm.so.1.0.0
7f1d58fae000-7f1d5909d000 r-xp 00000000 08:15 2247362                    /home/jailbirt/workspace/processingKinectExamples/libs/openGL/linux64/libjogl.so
7f1d5909d000-7f1d5919d000 ---p 000ef000 08:15 2247362                    /home/jailbirt/workspace/processingKinectExamples/libs/openGL/linux64/libjogl.so
7f1d5919d000-7f1d5919e000 rwxp 000ef000 08:15 2247362                    /home/jailbirt/workspace/processingKinectExamples/libs/openGL/linux64/libjogl.so
7f1d5919e000-7f1d591a1000 r-xp 00000000 08:14 659806                     /usr/lib/nvidia-current/tls/libnvidia-tls.so.295.40
7f1d591a1000-7f1d593a0000 ---p 00003000 08:14 659806                     /usr/lib/nvidia-current/tls/libnvidia-tls.so.295.40
7f1d593a0000-7f1d593a1000 rwxp 00002000 08:14 659806                     /usr/lib/nvidia-current/tls/libnvidia-tls.so.295.40
7f1d593a1000-7f1d59467000 r-xp 00000000 08:14 659817                     /usr/lib/nvidia-current/libGL.so.295.40
7f1d59467000-7f1d59667000 ---p 000c6000 08:14 659817                     /usr/lib/nvidia-current/libGL.so.295.40
7f1d59667000-7f1d596a3000 rwxp 000c6000 08:14 659817                     /usr/lib/nvidia-current/libGL.so.295.40
7f1d596a3000-7f1d596b9000 rwxp 00000000 00:00 0 
7f1d596b9000-7f1d596ba000 r-xp 00000000 08:15 2247361                    /home/jailbirt/workspace/processingKinectExamples/libs/openGL/linux64/libgluegen-rt.so
7f1d596ba000-7f1d597b9000 ---p 00001000 08:15 2247361                    /home/jailbirt/workspace/processingKinectExamples/libs/openGL/linux64/libgluegen-rt.so
7f1d597b9000-7f1d597ba000 rwxp 00000000 08:15 2247361                    /home/jailbirt/workspace/processingKinectExamples/libs/openGL/linux64/libgluegen-rt.so
7f1d597ba000-7f1d597bd000 ---p 00000000 00:00 0 
7f1d597bd000-7f1d598bb000 rwxp 00000000 00:00 0 
7f1d598bb000-7f1d598be000 ---p 00000000 00:00 0 
7f1d598be000-7f1d599bc000 rwxp 00000000 00:00 0 
7f1d599bc000-7f1d599bf000 ---p 00000000 00:00 0 
7f1d599bf000-7f1d59abd000 rwxp 00000000 00:00 0 
7f1d59abd000-7f1d59ac0000 ---p 00000000 00:00 0 
7f1d59ac0000-7f1d59bbe000 rwxp 00000000 00:00 0 
7f1d59bbe000-7f1d59bc1000 ---p 00000000 00:00 0 
7f1d59bc1000-7f1d59cbf000 rwxp 00000000 00:00 0 
7f1d59cbf000-7f1d59cc4000 r-xp 00000000 08:14 662111                     /usr/lib/x86_64-linux-gnu/libXfixes.so.3.1.0
7f1d59cc4000-7f1d59ec3000 ---p 00005000 08:14 662111                     /usr/lib/x86_64-linux-gnu/libXfixes.so.3.1.0
7f1d59ec3000-7f1d59ec4000 r-xp 00004000 08:14 662111                     /usr/lib/x86_64-linux-gnu/libXfixes.so.3.1.0
7f1d59ec4000-7f1d59ec5000 rwxp 00005000 08:14 662111                     /usr/lib/x86_64-linux-gnu/libXfixes.so.3.1.0
7f1d59ec5000-7f1d59ece000 r-xp 00000000 08:14 662129                     /usr/lib/x86_64-linux-gnu/libXrender.so.1.3.0
7f1d59ece000-7f1d5a0cd000 ---p 00009000 08:14 662129                     /usr/lib/x86_64-linux-gnu/libXrender.so.1.3.0
7f1d5a0cd000-7f1d5a0ce000 r-xp 00008000 08:14 662129                     /usr/lib/x86_64-linux-gnu/libXrender.so.1.3.0
7f1d5a0ce000-7f1d5a0cf000 rwxp 00009000 08:14 662129                     /usr/lib/x86_64-linux-gnu/libXrender.so.1.3.0
7f1d5a0cf000-7f1d5a0d8000 r-xp 00000000 08:14 662103                     /usr/lib/x86_64-linux-gnu/libXcursor.so.1.0.2
7f1d5a0d8000-7f1d5a2d7000 ---p 00009000 08:14 662103                     /usr/lib/x86_64-linux-gnu/libXcursor.so.1.0.2
7f1d5a2d7000-7f1d5a2d8000 r-xp 00008000 08:14 662103                     /usr/lib/x86_64-linux-gnu/libXcursor.so.1.0.2
7f1d5a2d8000-7f1d5a2d9000 rwxp 00009000 08:14 662103                     /usr/lib/x86_64-linux-gnu/libXcursor.so.1.0.2
7f1d5a2d9000-7f1d5a2dc000 ---p 00000000 00:00 0 
7f1d5a2dc000-7f1d5a3da000 rwxp 00000000 00:00 0 
7f1d5a3da000-7f1d5a453000 r-xp 00000000 08:14 1454604                    /usr/lib/jvm/jre/lib/amd64/libfontmanager.so
7f1d5a453000-7f1d5a552000 ---p 00079000 08:14 1454604                    /usr/lib/jvm/jre/lib/amd64/libfontmanager.so
7f1d5a552000-7f1d5a567000 rwxp 00078000 08:14 1454604                    /usr/lib/jvm/jre/lib/amd64/libfontmanager.so
7f1d5a567000-7f1d5a579000 rwxp 00000000 00:00 0 
7f1d5a579000-7f1d5a57e000 r-xp 00000000 08:14 662107                     /usr/lib/x86_64-linux-gnu/libXdmcp.so.6.0.0
7f1d5a57e000-7f1d5a77d000 ---p 00005000 08:14 662107                     /usr/lib/x86_64-linux-gnu/libXdmcp.so.6.0.0
7f1d5a77d000-7f1d5a77e000 r-xp 00004000 08:14 662107                     /usr/lib/x86_64-linux-gnu/libXdmcp.so.6.0.0
7f1d5a77e000-7f1d5a77f000 rwxp 00005000 08:14 662107                     /usr/lib/x86_64-linux-gnu/libXdmcp.so.6.0.0
7f1d5a77f000-7f1d5a781000 r-xp 00000000 08:14 662096                     /usr/lib/x86_64-linux-gnu/libXau.so.6.0.0
7f1d5a781000-7f1d5a980000 ---p 00002000 08:14 662096                     /usr/lib/x86_64-linux-gnu/libXau.so.6.0.0
7f1d5a980000-7f1d5a981000 r-xp 00001000 08:14 662096                     /usr/lib/x86_64-linux-gnu/libXau.so.6.0.0
7f1d5a981000-7f1d5a982000 rwxp 00002000 08:14 662096                     /usr/lib/x86_64-linux-gnu/libXau.so.6.0.0
7f1d5a982000-7f1d5a99f000 r-xp 00000000 08:14 662695                     /usr/lib/x86_64-linux-gnu/libxcb.so.1.1.0
7f1d5a99f000-7f1d5ab9e000 ---p 0001d000 08:14 662695                     /usr/lib/x86_64-linux-gnu/libxcb.so.1.1.0
7f1d5ab9e000-7f1d5ab9f000 r-xp 0001c000 08:14 662695                     /usr/lib/x86_64-linux-gnu/libxcb.so.1.1.0
7f1d5ab9f000-7f1d5aba0000 rwxp 0001d000 08:14 662695                     /usr/lib/x86_64-linux-gnu/libxcb.so.1.1.0
7f1d5aba0000-7f1d5abae000 r-xp 00000000 08:14 662115                     /usr/lib/x86_64-linux-gnu/libXi.so.6.1.0
7f1d5abae000-7f1d5adad000 ---p 0000e000 08:14 662115                     /usr/lib/x86_64-linux-gnu/libXi.so.6.1.0
7f1d5adad000-7f1d5adae000 r-xp 0000d000 08:14 662115                     /usr/lib/x86_64-linux-gnu/libXi.so.6.1.0
7f1d5adae000-7f1d5adaf000 rwxp 0000e000 08:14 662115                     /usr/lib/x86_64-linux-gnu/libXi.so.6.1.0
7f1d5adaf000-7f1d5adb4000 r-xp 00000000 08:14 662133                     /usr/lib/x86_64-linux-gnu/libXtst.so.6.1.0
7f1d5adb4000-7f1d5afb3000 ---p 00005000 08:14 662133                     /usr/lib/x86_64-linux-gnu/libXtst.so.6.1.0
7f1d5afb3000-7f1d5afb4000 r-xp 00004000 08:14 662133                     /usr/lib/x86_64-linux-gnu/libXtst.so.6.1.0
7f1d5afb4000-7f1d5afb5000 rwxp 00005000 08:14 662133                     /usr/lib/x86_64-linux-gnu/libXtst.so.6.1.0
7f1d5afb5000-7f1d5b0e4000 r-xp 00000000 08:14 662094                     /usr/lib/x86_64-linux-gnu/libX11.so.6.3.0
7f1d5b0e4000-7f1d5b2e4000 ---p 0012f000 08:14 662094                     /usr/lib/x86_64-linux-gnu/libX11.so.6.3.0
7f1d5b2e4000-7f1d5b2e5000 r-xp 0012f000 08:14 662094                     /usr/lib/x86_64-linux-gnu/libX11.so.6.3.0
7f1d5b2e5000-7f1d5b2e9000 rwxp 00130000 08:14 662094                     /usr/lib/x86_64-linux-gnu/libX11.so.6.3.0
7f1d5b2e9000-7f1d5b2f9000 r-xp 00000000 08:14 662109                     /usr/lib/x86_64-linux-gnu/libXext.so.6.4.0
7f1d5b2f9000-7f1d5b4f8000 ---p 00010000 08:14 662109                     /usr/lib/x86_64-linux-gnu/libXext.so.6.4.0
7f1d5b4f8000-7f1d5b4f9000 r-xp 0000f000 08:14 662109                     /usr/lib/x86_64-linux-gnu/libXext.so.6.4.0
7f1d5b4f9000-7f1d5b4fa000 rwxp 00010000 08:14 662109                     /usr/lib/x86_64-linux-gnu/libXext.so.6.4.0
7f1d5b4fa000-7f1d5b53c000 r-xp 00000000 08:14 1571968                    /usr/lib/jvm/jre/lib/amd64/xawt/libmawt.so
7f1d5b53c000-7f1d5b63b000 ---p 00042000 08:14 1571968                    /usr/lib/jvm/jre/lib/amd64/xawt/libmawt.so
7f1d5b63b000-7f1d5b647000 rwxp 00041000 08:14 1571968                    /usr/lib/jvm/jre/lib/amd64/xawt/libmawt.so
7f1d5b647000-7f1d5b648000 rwxp 00000000 00:00 0 
7f1d5b648000-7f1d5b6da000 r-xp 00000000 08:14 1454608                    /usr/lib/jvm/jre/lib/amd64/libawt.so
7f1d5b6da000-7f1d5b7d9000 ---p 00092000 08:14 1454608                    /usr/lib/jvm/jre/lib/amd64/libawt.so
7f1d5b7d9000-7f1d5b7f3000 rwxp 00091000 08:14 1454608                    /usr/lib/jvm/jre/lib/amd64/libawt.so
7f1d5b7f3000-7f1d5b817000 rwxp 00000000 00:00 0 
7f1d5b817000-7f1d5b819000 r-xs 0002b000 08:15 2247352                    /home/jailbirt/workspace/processingKinectExamples/libs/core.jar
7f1d5b819000-7f1d5b81c000 r-xs 0000f000 08:14 1577185                    /usr/lib/jvm/jre/lib/ext/pulse-java.jar
7f1d5b81c000-7f1d5b81d000 ---p 00000000 00:00 0 
7f1d5b81d000-7f1d5b91d000 rwxp 00000000 00:00 0 
7f1d5b91d000-7f1d5c000000 r-xp 00000000 08:14 661138                     /usr/lib/locale/locale-archive
7f1d5c000000-7f1d5c021000 rwxp 00000000 00:00 0 
7f1d5c021000-7f1d60000000 ---p 00000000 00:00 0 
7f1d60000000-7f1d60021000 rwxp 00000000 00:00 0 
7f1d60021000-7f1d64000000 ---p 00000000 00:00 0 
7f1d64000000-7f1d64021000 rwxp 00000000 00:00 0 
7f1d64021000-7f1d68000000 ---p 00000000 00:00 0 
7f1d68000000-7f1d68021000 rwxp 00000000 00:00 0 
7f1d68021000-7f1d6c000000 ---p 00000000 00:00 0 
7f1d6c000000-7f1d6c021000 rwxp 00000000 00:00 0 
7f1d6c021000-7f1d70000000 ---p 00000000 00:00 0 
7f1d70000000-7f1d70021000 rwxp 00000000 00:00 0 
7f1d70021000-7f1d74000000 ---p 00000000 00:00 0 
7f1d74000000-7f1d74021000 rwxp 00000000 00:00 0 
7f1d74021000-7f1d78000000 ---p 00000000 00:00 0 
7f1d78000000-7f1d78021000 rwxp 00000000 00:00 0 
7f1d78021000-7f1d7c000000 ---p 00000000 00:00 0 
7f1d7c000000-7f1d7c021000 rwxp 00000000 00:00 0 
7f1d7c021000-7f1d80000000 ---p 00000000 00:00 0 
7f1d80000000-7f1d80021000 rwxp 00000000 00:00 0 
7f1d80021000-7f1d84000000 ---p 00000000 00:00 0 
7f1d84000000-7f1d84021000 rwxp 00000000 00:00 0 
7f1d84021000-7f1d88000000 ---p 00000000 00:00 0 
7f1d88020000-7f1d88021000 rwxs 00000000 00:12 219196                     /run/shm/045e.02ae@2.13-SM
7f1d88021000-7f1d88025000 r-xs 00024000 08:15 3945022                    /home/jailbirt/workspace/processingKinectExamples/libs/toxicLibs/toxiclibscore/library/toxiclibscore.jar
7f1d88025000-7f1d88029000 r-xs 00036000 08:15 2490770                    /home/jailbirt/workspace/processingKinectExamples/libs/controlP5/library/controlP5.jar
7f1d88029000-7f1d8802c000 r-xs 00022000 08:15 2247532                    /home/jailbirt/workspace/processingKinectExamples/libs/simpleOpenNi/SimpleOpenNI.jar
7f1d8802c000-7f1d8802d000 r-xs 00001000 08:15 3674536                    /home/jailbirt/workspace/processingKinectExamples/libs/net/net.jar
7f1d8802d000-7f1d8802f000 r-xs 00008000 08:15 3674360                    /home/jailbirt/workspace/processingKinectExamples/libs/peasycam/library/peasycam.jar
7f1d8802f000-7f1d88031000 rwxp 00000000 00:00 0 
7f1d88031000-7f1d88033000 rwxs 00000000 08:14 396548                     /tmp/gllLdPDU (deleted)
7f1d88033000-7f1d88053000 rwxs 3171b8000 00:05 13034                     /dev/nvidia0
7f1d88053000-7f1d88070000 rwxs 32873d000 00:05 13034                     /dev/nvidia0
7f1d88070000-7f1d880f1000 rwxp 00000000 00:00 0 
7f1d880f1000-7f1d880f4000 ---p 00000000 00:00 0 
7f1d880f4000-7f1d881f2000 rwxp 00000000 00:00 0 
7f1d881f2000-7f1d881f5000 ---p 00000000 00:00 0 
7f1d881f5000-7f1d882f3000 rwxp 00000000 00:00 0 
7f1d882f3000-7f1d882f6000 ---p 00000000 00:00 0 
7f1d882f6000-7f1d883f4000 rwxp 00000000 00:00 0 
7f1d883f4000-7f1d883f7000 ---p 00000000 00:00 0 
7f1d883f7000-7f1d884f5000 rwxp 00000000 00:00 0 
7f1d884f5000-7f1d884f8000 ---p 00000000 00:00 0 
7f1d884f8000-7f1d885f6000 rwxp 00000000 00:00 0 
7f1d885f6000-7f1d885f9000 ---p 00000000 00:00 0 
7f1d885f9000-7f1d886f7000 rwxp 00000000 00:00 0 
7f1d886f7000-7f1d886f8000 ---p 00000000 00:00 0 
7f1d886f8000-7f1d89270000 rwxp 00000000 00:00 0 
7f1d89270000-7f1d8c377000 rwxp 00000000 00:00 0 
7f1d8c377000-7f1d90000000 ---p 00000000 00:00 0 
7f1d90000000-7f1d90001000 rwxp 00000000 00:00 0 
7f1d90001000-7f1d90005000 rwxs 1f48e2000 00:05 13034                     /dev/nvidia0
7f1d90005000-7f1d90006000 rwxs c0008000 00:05 13034                      /dev/nvidia0
7f1d90006000-7f1d90007000 rwxs 327d6c000 00:05 13034                     /dev/nvidia0
7f1d90007000-7f1d9000b000 rwxs 3181dd000 00:05 13034                     /dev/nvidia0
7f1d9000b000-7f1d9000c000 rwxs f4c0a000 00:05 13034                      /dev/nvidia0
7f1d9000c000-7f1d9000d000 rwxs f4642000 00:05 13034                      /dev/nvidia0
7f1d9000d000-7f1d9000e000 rwxs 325632000 00:05 13034                     /dev/nvidia0
7f1d9000e000-7f1d9000f000 rwxs f4641000 00:05 13034                      /dev/nvidia0
7f1d9000f000-7f1d90010000 rwxs 316437000 00:05 13034                     /dev/nvidia0
7f1d90010000-7f1d90011000 rwxs 32a050000 00:05 13034                     /dev/nvidia0
7f1d90011000-7f1d90012000 rwxs f4060000 00:05 13034                      /dev/nvidia0
7f1d90012000-7f1d90013000 r-xs 00005000 08:15 2495492                    /home/jailbirt/workspace/processingKinectExamples/libs/OBJLoader/library/OBJLoader.jar
7f1d90013000-7f1d90016000 r-xs 00017000 08:15 2490784                    /home/jailbirt/workspace/processingKinectExamples/libs/minim/tritonus_share.jar
7f1d90016000-7f1d90017000 r-xs 00002000 08:15 2490783                    /home/jailbirt/workspace/processingKinectExamples/libs/minim/tritonus_aos.jar
7f1d90017000-7f1d90018000 r-xs 00005000 08:15 2490782                    /home/jailbirt/workspace/processingKinectExamples/libs/minim/mp3spi1.9.4.jar
7f1d90018000-7f1d9001a000 r-xs 0000d000 08:15 2490781                    /home/jailbirt/workspace/processingKinectExamples/libs/minim/minim.jar
7f1d9001a000-7f1d9001b000 r-xs 00000000 08:15 2490780                    /home/jailbirt/workspace/processingKinectExamples/libs/minim/minim-spi.jar
7f1d9001b000-7f1d9001c000 r-xs 0000b000 08:15 2490779                    /home/jailbirt/workspace/processingKinectExamples/libs/minim/jsminim.jar
7f1d9001c000-7f1d9001f000 r-xs 00017000 08:15 2490772                    /home/jailbirt/workspace/processingKinectExamples/libs/minim/jl1.0.jar
7f1d9001f000-7f1d90020000 r-xs 00003000 08:15 2247358                    /home/jailbirt/workspace/processingKinectExamples/libs/openGL/opengl.jar
7f1d90020000-7f1d9002b000 r-xs 00108000 08:15 2247356                    /home/jailbirt/workspace/processingKinectExamples/libs/openGL/jogl.jar
7f1d9002b000-7f1d9002c000 r-xs 00004000 08:15 2247355                    /home/jailbirt/workspace/processingKinectExamples/libs/openGL/gluegen-rt.jar
7f1d9002c000-7f1d90035000 r-xs 00000000 08:16 1707329                    /var/cache/fontconfig/945677eb7aeaf62f1d50efc3fb3ec7d8-le64.cache-3
7f1d90035000-7f1d90037000 r-xs 00000000 08:16 1707330                    /var/cache/fontconfig/99e8ed0e538f840c565b6ed5dad60d56-le64.cache-3
7f1d90037000-7f1d9003b000 r-xs 00000000 08:16 1707316                    /var/cache/fontconfig/2cd17615ca594fa2959ae173292e504c-le64.cache-3
7f1d9003b000-7f1d90041000 r-xs 00000000 08:16 1707331                    /var/cache/fontconfig/a755afe4a08bf5b97852ceb7400b47bc-le64.cache-3
7f1d90041000-7f1d90045000 r-xs 00000000 08:16 1707325                    /var/cache/fontconfig/6d41288fd70b0be22e8c3a91e032eec0-le64.cache-3
7f1d90045000-7f1d90055000 r-xs 00000000 08:16 1707313                    /var/cache/fontconfig/04aabc0a78ac019cf9454389977116d2-le64.cache-3
7f1d90055000-7f1d9005a000 r-xs 00000000 08:16 1707332                    /var/cache/fontconfig/b47c4e1ecd0709278f4910c18777a504-le64.cache-3
7f1d9005a000-7f1d9006a000 r-xs 00000000 08:16 1707337                    /var/cache/fontconfig/d52a8644073d54c13679302ca1180695-le64.cache-3
7f1d9006a000-7f1d9019f000 rwxp 00000000 00:00 0 
7f1d9019f000-7f1d90336000 r-xs 03079000 08:14 1454726                    /usr/lib/jvm/jre/lib/rt.jar
7f1d90336000-7f1d9035e000 rwxp 00000000 00:00 0 
7f1d9035e000-7f1d9035f000 ---p 00000000 00:00 0 
7f1d9035f000-7f1d9045f000 rwxp 00000000 00:00 0 
7f1d9045f000-7f1d90460000 ---p 00000000 00:00 0 
7f1d90460000-7f1d90560000 rwxp 00000000 00:00 0 
7f1d90560000-7f1d90561000 ---p 00000000 00:00 0 
7f1d90561000-7f1d90661000 rwxp 00000000 00:00 0 
7f1d90661000-7f1d90662000 ---p 00000000 00:00 0 
7f1d90662000-7f1d90762000 rwxp 00000000 00:00 0 
7f1d90762000-7f1d90763000 ---p 00000000 00:00 0 
7f1d90763000-7f1d90863000 rwxp 00000000 00:00 0 
7f1d90863000-7f1d90864000 ---p 00000000 00:00 0 
7f1d90864000-7f1d90964000 rwxp 00000000 00:00 0 
7f1d90964000-7f1d90965000 ---p 00000000 00:00 0 
7f1d90965000-7f1d90a65000 rwxp 00000000 00:00 0 
7f1d90a65000-7f1d90a66000 ---p 00000000 00:00 0 
7f1d90a66000-7f1d90b71000 rwxp 00000000 00:00 0 
7f1d90b71000-7f1d90b8f000 rwxp 00000000 00:00 0 
7f1d90b8f000-7f1d90bce000 rwxp 00000000 00:00 0 
7f1d90bce000-7f1d90f78000 rwxp 00000000 00:00 0 
7f1d90f78000-7f1d90f83000 rwxp 00000000 00:00 0 
7f1d90f83000-7f1d90fa1000 rwxp 00000000 00:00 0 
7f1d90fa1000-7f1d90fe0000 rwxp 00000000 00:00 0 
7f1d90fe0000-7f1d91389000 rwxp 00000000 00:00 0 
7f1d91389000-7f1d913f0000 rwxp 00000000 00:00 0 
7f1d913f0000-7f1d9157e000 rwxp 00000000 00:00 0 
7f1d9157e000-7f1d9157f000 rwxp 00000000 00:00 0 
7f1d9157f000-7f1d9158d000 r-xp 00000000 08:14 1454610                    /usr/lib/jvm/jre/lib/amd64/libzip.so
7f1d9158d000-7f1d9168f000 ---p 0000e000 08:14 1454610                    /usr/lib/jvm/jre/lib/amd64/libzip.so
7f1d9168f000-7f1d91692000 rwxp 00010000 08:14 1454610                    /usr/lib/jvm/jre/lib/amd64/libzip.so
7f1d91692000-7f1d91693000 rwxp 00000000 00:00 0 
7f1d91693000-7f1d9169f000 r-xp 00000000 08:14 788702                     /lib/x86_64-linux-gnu/libnss_files-2.15.so
7f1d9169f000-7f1d9189e000 ---p 0000c000 08:14 788702                     /lib/x86_64-linux-gnu/libnss_files-2.15.so
7f1d9189e000-7f1d9189f000 r-xp 0000b000 08:14 788702                     /lib/x86_64-linux-gnu/libnss_files-2.15.so
7f1d9189f000-7f1d918a0000 rwxp 0000c000 08:14 788702                     /lib/x86_64-linux-gnu/libnss_files-2.15.so
7f1d918a0000-7f1d918aa000 r-xp 00000000 08:14 788706                     /lib/x86_64-linux-gnu/libnss_nis-2.15.so
7f1d918aa000-7f1d91aaa000 ---p 0000a000 08:14 788706                     /lib/x86_64-linux-gnu/libnss_nis-2.15.so
7f1d91aaa000-7f1d91aab000 r-xp 0000a000 08:14 788706                     /lib/x86_64-linux-gnu/libnss_nis-2.15.so
7f1d91aab000-7f1d91aac000 rwxp 0000b000 08:14 788706                     /lib/x86_64-linux-gnu/libnss_nis-2.15.so
7f1d91aac000-7f1d91ab4000 r-xp 00000000 08:14 788698                     /lib/x86_64-linux-gnu/libnss_compat-2.15.so
7f1d91ab4000-7f1d91cb3000 ---p 00008000 08:14 788698                     /lib/x86_64-linux-gnu/libnss_compat-2.15.so
7f1d91cb3000-7f1d91cb4000 r-xp 00007000 08:14 788698                     /lib/x86_64-linux-gnu/libnss_compat-2.15.so
7f1d91cb4000-7f1d91cb5000 rwxp 00008000 08:14 788698                     /lib/x86_64-linux-gnu/libnss_compat-2.15.so
7f1d91cb5000-7f1d91ccc000 r-xp 00000000 08:14 788696                     /lib/x86_64-linux-gnu/libnsl-2.15.so
7f1d91ccc000-7f1d91ecb000 ---p 00017000 08:14 788696                     /lib/x86_64-linux-gnu/libnsl-2.15.so
7f1d91ecb000-7f1d91ecc000 r-xp 00016000 08:14 788696                     /lib/x86_64-linux-gnu/libnsl-2.15.so
7f1d91ecc000-7f1d91ecd000 rwxp 00017000 08:14 788696                     /lib/x86_64-linux-gnu/libnsl-2.15.so
7f1d91ecd000-7f1d91ecf000 rwxp 00000000 00:00 0 
7f1d91ecf000-7f1d91ef8000 r-xp 00000000 08:14 1450954                    /usr/lib/jvm/jre/lib/amd64/libjava.so
7f1d91ef8000-7f1d91ff7000 ---p 00029000 08:14 1450954                    /usr/lib/jvm/jre/lib/amd64/libjava.so
7f1d91ff7000-7f1d91ffe000 rwxp 00028000 08:14 1450954                    /usr/lib/jvm/jre/lib/amd64/libjava.so
7f1d91ffe000-7f1d9200b000 r-xp 00000000 08:14 1450959                    /usr/lib/jvm/jre/lib/amd64/libverify.so
7f1d9200b000-7f1d9210a000 ---p 0000d000 08:14 1450959                    /usr/lib/jvm/jre/lib/amd64/libverify.so
7f1d9210a000-7f1d9210d000 rwxp 0000c000 08:14 1450959                    /usr/lib/jvm/jre/lib/amd64/libverify.so
7f1d9210d000-7f1d92114000 r-xp 00000000 08:14 788737                     /lib/x86_64-linux-gnu/librt-2.15.so
7f1d92114000-7f1d92313000 ---p 00007000 08:14 788737                     /lib/x86_64-linux-gnu/librt-2.15.so
7f1d92313000-7f1d92314000 r-xp 00006000 08:14 788737                     /lib/x86_64-linux-gnu/librt-2.15.so
7f1d92314000-7f1d92315000 rwxp 00007000 08:14 788737                     /lib/x86_64-linux-gnu/librt-2.15.so
7f1d92315000-7f1d92318000 ---p 00000000 00:00 0 
7f1d92318000-7f1d92416000 rwxp 00000000 00:00 0 
7f1d92416000-7f1d9250f000 r-xp 00000000 08:14 788683                     /lib/x86_64-linux-gnu/libm-2.15.so
7f1d9250f000-7f1d9270e000 ---p 000f9000 08:14 788683                     /lib/x86_64-linux-gnu/libm-2.15.so
7f1d9270e000-7f1d9270f000 r-xp 000f8000 08:14 788683                     /lib/x86_64-linux-gnu/libm-2.15.so
7f1d9270f000-7f1d92710000 rwxp 000f9000 08:14 788683                     /lib/x86_64-linux-gnu/libm-2.15.so
7f1d92710000-7f1d9302b000 r-xp 00000000 08:14 2100299                    /usr/lib/jvm/jre/lib/amd64/server/libjvm.so
7f1d9302b000-7f1d9312c000 ---p 0091b000 08:14 2100299                    /usr/lib/jvm/jre/lib/amd64/server/libjvm.so
7f1d9312c000-7f1d932e1000 rwxp 0091c000 08:14 2100299                    /usr/lib/jvm/jre/lib/amd64/server/libjvm.so
7f1d932e1000-7f1d9331b000 rwxp 00000000 00:00 0 
7f1d9331b000-7f1d934ce000 r-xp 00000000 08:14 788651                     /lib/x86_64-linux-gnu/libc-2.15.so
7f1d934ce000-7f1d936cd000 ---p 001b3000 08:14 788651                     /lib/x86_64-linux-gnu/libc-2.15.so
7f1d936cd000-7f1d936d1000 r-xp 001b2000 08:14 788651                     /lib/x86_64-linux-gnu/libc-2.15.so
7f1d936d1000-7f1d936d3000 rwxp 001b6000 08:14 788651                     /lib/x86_64-linux-gnu/libc-2.15.so
7f1d936d3000-7f1d936d8000 rwxp 00000000 00:00 0 
7f1d936d8000-7f1d936da000 r-xp 00000000 08:14 788664                     /lib/x86_64-linux-gnu/libdl-2.15.so
7f1d936da000-7f1d938da000 ---p 00002000 08:14 788664                     /lib/x86_64-linux-gnu/libdl-2.15.so
7f1d938da000-7f1d938db000 r-xp 00002000 08:14 788664                     /lib/x86_64-linux-gnu/libdl-2.15.so
7f1d938db000-7f1d938dc000 rwxp 00003000 08:14 788664                     /lib/x86_64-linux-gnu/libdl-2.15.so
7f1d938dc000-7f1d938f4000 r-xp 00000000 08:14 788731                     /lib/x86_64-linux-gnu/libpthread-2.15.so
7f1d938f4000-7f1d93af3000 ---p 00018000 08:14 788731                     /lib/x86_64-linux-gnu/libpthread-2.15.so
7f1d93af3000-7f1d93af4000 r-xp 00017000 08:14 788731                     /lib/x86_64-linux-gnu/libpthread-2.15.so
7f1d93af4000-7f1d93af5000 rwxp 00018000 08:14 788731                     /lib/x86_64-linux-gnu/libpthread-2.15.so
7f1d93af5000-7f1d93af9000 rwxp 00000000 00:00 0 
7f1d93af9000-7f1d93b1b000 r-xp 00000000 08:14 788631                     /lib/x86_64-linux-gnu/ld-2.15.so
7f1d93b1b000-7f1d93b1c000 r-xs 00000000 08:16 1707334                    /var/cache/fontconfig/c05880de57d1f5e948fdfacc138775d9-le64.cache-3
7f1d93b1c000-7f1d93b1f000 r-xs 00000000 08:16 1707319                    /var/cache/fontconfig/385c0604a188198f04d133e54aba7fe7-le64.cache-3
7f1d93b1f000-7f1d93b25000 r-xs 00000000 08:16 1708054                    /var/cache/fontconfig/3f7329c5293ffd510edef78f73874cfd-le64.cache-3
7f1d93b25000-7f1d93b30000 r-xs 00000000 08:16 1707971                    /var/cache/fontconfig/e13b20fdb08344e0e664864cc2ede53d-le64.cache-3
7f1d93b30000-7f1d93b34000 r-xs 00000000 08:16 1708053                    /var/cache/fontconfig/7ef2298fde41cc6eeb7af42e48b7d293-le64.cache-3
7f1d93b34000-7f1d93b3e000 rwxp 00000000 00:00 0 
7f1d93b3e000-7f1d93bf4000 rwxp 00000000 00:00 0 
7f1d93bf4000-7f1d93bf7000 rwxp 00000000 00:00 0 
7f1d93bf7000-7f1d93bfe000 r-xp 00000000 08:14 1967149                    /usr/lib/jvm/jre/lib/amd64/jli/libjli.so
7f1d93bfe000-7f1d93cff000 ---p 00007000 08:14 1967149                    /usr/lib/jvm/jre/lib/amd64/jli/libjli.so
7f1d93cff000-7f1d93d01000 rwxp 00008000 08:14 1967149                    /usr/lib/jvm/jre/lib/amd64/jli/libjli.so
7f1d93d01000-7f1d93d02000 rwxp 00000000 00:00 0 
7f1d93d02000-7f1d93d03000 r-xs 00000000 08:16 1707341                    /var/cache/fontconfig/e7071f4a29fa870f4323321c154eba04-le64.cache-3
7f1d93d03000-7f1d93d04000 r-xs 00000000 08:16 1707314                    /var/cache/fontconfig/0d8c3b2ac0904cb8a57a757ad11a4a08-le64.cache-3
7f1d93d04000-7f1d93d05000 r-xs 00000000 08:16 1707336                    /var/cache/fontconfig/4794a0821666d79190d59a36cb4f44b5-le64.cache-3
7f1d93d05000-7f1d93d08000 r-xs 00000000 08:16 1707328                    /var/cache/fontconfig/8801497958630a81b71ace7c5f9b32a8-le64.cache-3
7f1d93d08000-7f1d93d0d000 r-xs 00000000 08:16 1707317                    /var/cache/fontconfig/3047814df9a2f067bd2d96a2b9c36e5a-le64.cache-3
7f1d93d0d000-7f1d93d0e000 r-xs 00000000 08:16 1707322                    /var/cache/fontconfig/56cf4f4769d0f4abc89a4895d7bd3ae1-le64.cache-3
7f1d93d0e000-7f1d93d0f000 r-xs 00000000 08:16 1707333                    /var/cache/fontconfig/b9d506c9ac06c20b433354fa67a72993-le64.cache-3
7f1d93d0f000-7f1d93d17000 rwxs 00000000 08:14 526108                     /tmp/hsperfdata_jailbirt/20505
7f1d93d17000-7f1d93d18000 rwxp 00000000 00:00 0 
7f1d93d18000-7f1d93d19000 r-xp 00000000 00:00 0 
7f1d93d19000-7f1d93d1b000 rwxp 00000000 00:00 0 
7f1d93d1b000-7f1d93d1c000 r-xp 00022000 08:14 788631                     /lib/x86_64-linux-gnu/ld-2.15.so
7f1d93d1c000-7f1d93d1e000 rwxp 00023000 08:14 788631                     /lib/x86_64-linux-gnu/ld-2.15.so
7ffff3908000-7ffff392a000 rwxp 00000000 00:00 0                          [stack]
7ffff39ff000-7ffff3a00000 r-xp 00000000 00:00 0                          [vdso]
ffffffffff600000-ffffffffff601000 r-xp 00000000 00:00 0                  [vsyscall]

VM Arguments:
jvm_args: -Djava.library.path=/home/jailbirt/workspace/processingKinectExamples/libs/openGL/linux64:/home/jailbirt/workspace/processingKinectExamples/libs/simpleOpenNi/library/library -Dfile.encoding=UTF-8 
java_command: userTracking.main
Launcher Type: SUN_STANDARD

Environment Variables:
PATH=/usr/lib/lightdm/lightdm:/usr/local/sbin:/usr/local/bin:/usr/sbin:/usr/bin:/sbin:/bin:/usr/games
LD_LIBRARY_PATH=/usr/lib/jvm/jre/lib/amd64/server:/usr/lib/jvm/jre/lib/amd64:/usr/lib/jvm/jre/../lib/amd64
SHELL=/bin/bash
DISPLAY=:0

Signal Handlers:
SIGSEGV: [libjvm.so+0x8602a0], sa_mask[0]=0x7ffbfeff, sa_flags=0x10000004
SIGBUS: [libjvm.so+0x8602a0], sa_mask[0]=0x7ffbfeff, sa_flags=0x10000004
SIGFPE: [libjvm.so+0x70ef10], sa_mask[0]=0x7ffbfeff, sa_flags=0x10000004
SIGPIPE: [libjvm.so+0x70ef10], sa_mask[0]=0x7ffbfeff, sa_flags=0x10000004
SIGXFSZ: [libjvm.so+0x70ef10], sa_mask[0]=0x7ffbfeff, sa_flags=0x10000004
SIGILL: [libjvm.so+0x70ef10], sa_mask[0]=0x7ffbfeff, sa_flags=0x10000004
SIGUSR1: SIG_DFL, sa_mask[0]=0x00000000, sa_flags=0x00000000
SIGUSR2: [libjvm.so+0x711d40], sa_mask[0]=0x00000004, sa_flags=0x10000004
SIGHUP: [libjvm.so+0x711940], sa_mask[0]=0x7ffbfeff, sa_flags=0x10000004
SIGINT: [libjvm.so+0x711940], sa_mask[0]=0x7ffbfeff, sa_flags=0x10000004
SIGTERM: [libjvm.so+0x711940], sa_mask[0]=0x7ffbfeff, sa_flags=0x10000004
SIGQUIT: [libjvm.so+0x711940], sa_mask[0]=0x7ffbfeff, sa_flags=0x10000004


---------------  S Y S T E M  ---------------

OS:wheezy/sid

uname:Linux 3.2.0-26-generic #41-Ubuntu SMP Thu Jun 14 17:49:24 UTC 2012 x86_64
libc:glibc 2.15 NPTL 2.15 
rlimit: STACK 8192k, CORE 0k, NPROC 95831, NOFILE 4096, AS infinity
load average:0.69 0.69 0.99

/proc/meminfo:
MemTotal:       12290156 kB
MemFree:         6683552 kB
Buffers:          531652 kB
Cached:          2160856 kB
SwapCached:            0 kB
Active:          3936036 kB
Inactive:        1112584 kB
Active(anon):    2358168 kB
Inactive(anon):    12164 kB
Active(file):    1577868 kB
Inactive(file):  1100420 kB
Unevictable:          40 kB
Mlocked:              40 kB
SwapTotal:       8388604 kB
SwapFree:        8388604 kB
Dirty:               336 kB
Writeback:             0 kB
AnonPages:       2356376 kB
Mapped:           209676 kB
Shmem:             14216 kB
Slab:             317292 kB
SReclaimable:     277068 kB
SUnreclaim:        40224 kB
KernelStack:        4336 kB
PageTables:        37932 kB
NFS_Unstable:          0 kB
Bounce:                0 kB
WritebackTmp:          0 kB
CommitLimit:    14533680 kB
Committed_AS:    5160584 kB
VmallocTotal:   34359738367 kB
VmallocUsed:      177548 kB
VmallocChunk:   34359527420 kB
HardwareCorrupted:     0 kB
AnonHugePages:         0 kB
HugePages_Total:       0
HugePages_Free:        0
HugePages_Rsvd:        0
HugePages_Surp:        0
Hugepagesize:       2048 kB
DirectMap4k:      180032 kB
DirectMap2M:    12386304 kB


CPU:total 8 (4 cores per cpu, 2 threads per core) family 6 model 42 stepping 7, cmov, cx8, fxsr, mmx, sse, sse2, sse3, ssse3, sse4.1, sse4.2, popcnt, ht

/proc/cpuinfo:
processor	: 0
vendor_id	: GenuineIntel
cpu family	: 6
model		: 42
model name	: Intel(R) Core(TM) i7-2600 CPU @ 3.40GHz
stepping	: 7
microcode	: 0x14
cpu MHz		: 1600.000
cache size	: 8192 KB
physical id	: 0
siblings	: 8
core id		: 0
cpu cores	: 4
apicid		: 0
initial apicid	: 0
fpu		: yes
fpu_exception	: yes
cpuid level	: 13
wp		: yes
flags		: fpu vme de pse tsc msr pae mce cx8 apic sep mtrr pge mca cmov pat pse36 clflush dts acpi mmx fxsr sse sse2 ss ht tm pbe syscall nx rdtscp lm constant_tsc arch_perfmon pebs bts rep_good nopl xtopology nonstop_tsc aperfmperf pni pclmulqdq dtes64 monitor ds_cpl vmx smx est tm2 ssse3 cx16 xtpr pdcm pcid sse4_1 sse4_2 x2apic popcnt tsc_deadline_timer aes xsave avx lahf_lm ida arat epb xsaveopt pln pts dts tpr_shadow vnmi flexpriority ept vpid
bogomips	: 6785.02
clflush size	: 64
cache_alignment	: 64
address sizes	: 36 bits physical, 48 bits virtual
power management:

processor	: 1
vendor_id	: GenuineIntel
cpu family	: 6
model		: 42
model name	: Intel(R) Core(TM) i7-2600 CPU @ 3.40GHz
stepping	: 7
microcode	: 0x14
cpu MHz		: 1600.000
cache size	: 8192 KB
physical id	: 0
siblings	: 8
core id		: 1
cpu cores	: 4
apicid		: 2
initial apicid	: 2
fpu		: yes
fpu_exception	: yes
cpuid level	: 13
wp		: yes
flags		: fpu vme de pse tsc msr pae mce cx8 apic sep mtrr pge mca cmov pat pse36 clflush dts acpi mmx fxsr sse sse2 ss ht tm pbe syscall nx rdtscp lm constant_tsc arch_perfmon pebs bts rep_good nopl xtopology nonstop_tsc aperfmperf pni pclmulqdq dtes64 monitor ds_cpl vmx smx est tm2 ssse3 cx16 xtpr pdcm pcid sse4_1 sse4_2 x2apic popcnt tsc_deadline_timer aes xsave avx lahf_lm ida arat epb xsaveopt pln pts dts tpr_shadow vnmi flexpriority ept vpid
bogomips	: 6784.26
clflush size	: 64
cache_alignment	: 64
address sizes	: 36 bits physical, 48 bits virtual
power management:

processor	: 2
vendor_id	: GenuineIntel
cpu family	: 6
model		: 42
model name	: Intel(R) Core(TM) i7-2600 CPU @ 3.40GHz
stepping	: 7
microcode	: 0x14
cpu MHz		: 1600.000
cache size	: 8192 KB
physical id	: 0
siblings	: 8
core id		: 2
cpu cores	: 4
apicid		: 4
initial apicid	: 4
fpu		: yes
fpu_exception	: yes
cpuid level	: 13
wp		: yes
flags		: fpu vme de pse tsc msr pae mce cx8 apic sep mtrr pge mca cmov pat pse36 clflush dts acpi mmx fxsr sse sse2 ss ht tm pbe syscall nx rdtscp lm constant_tsc arch_perfmon pebs bts rep_good nopl xtopology nonstop_tsc aperfmperf pni pclmulqdq dtes64 monitor ds_cpl vmx smx est tm2 ssse3 cx16 xtpr pdcm pcid sse4_1 sse4_2 x2apic popcnt tsc_deadline_timer aes xsave avx lahf_lm ida arat epb xsaveopt pln pts dts tpr_shadow vnmi flexpriority ept vpid
bogomips	: 6784.26
clflush size	: 64
cache_alignment	: 64
address sizes	: 36 bits physical, 48 bits virtual
power management:

processor	: 3
vendor_id	: GenuineIntel
cpu family	: 6
model		: 42
model name	: Intel(R) Core(TM) i7-2600 CPU @ 3.40GHz
stepping	: 7
microcode	: 0x14
cpu MHz		: 3701.000
cache size	: 8192 KB
physical id	: 0
siblings	: 8
core id		: 3
cpu cores	: 4
apicid		: 6
initial apicid	: 6
fpu		: yes
fpu_exception	: yes
cpuid level	: 13
wp		: yes
flags		: fpu vme de pse tsc msr pae mce cx8 apic sep mtrr pge mca cmov pat pse36 clflush dts acpi mmx fxsr sse sse2 ss ht tm pbe syscall nx rdtscp lm constant_tsc arch_perfmon pebs bts rep_good nopl xtopology nonstop_tsc aperfmperf pni pclmulqdq dtes64 monitor ds_cpl vmx smx est tm2 ssse3 cx16 xtpr pdcm pcid sse4_1 sse4_2 x2apic popcnt tsc_deadline_timer aes xsave avx lahf_lm ida arat epb xsaveopt pln pts dts tpr_shadow vnmi flexpriority ept vpid
bogomips	: 6784.26
clflush size	: 64
cache_alignment	: 64
address sizes	: 36 bits physical, 48 bits virtual
power management:

processor	: 4
vendor_id	: GenuineIntel
cpu family	: 6
model		: 42
model name	: Intel(R) Core(TM) i7-2600 CPU @ 3.40GHz
stepping	: 7
microcode	: 0x14
cpu MHz		: 1600.000
cache size	: 8192 KB
physical id	: 0
siblings	: 8
core id		: 0
cpu cores	: 4
apicid		: 1
initial apicid	: 1
fpu		: yes
fpu_exception	: yes
cpuid level	: 13
wp		: yes
flags		: fpu vme de pse tsc msr pae mce cx8 apic sep mtrr pge mca cmov pat pse36 clflush dts acpi mmx fxsr sse sse2 ss ht tm pbe syscall nx rdtscp lm constant_tsc arch_perfmon pebs bts rep_good nopl xtopology nonstop_tsc aperfmperf pni pclmulqdq dtes64 monitor ds_cpl vmx smx est tm2 ssse3 cx16 xtpr pdcm pcid sse4_1 sse4_2 x2apic popcnt tsc_deadline_timer aes xsave avx lahf_lm ida arat epb xsaveopt pln pts dts tpr_shadow vnmi flexpriority ept vpid
bogomips	: 6784.26
clflush size	: 64
cache_alignment	: 64
address sizes	: 36 bits physical, 48 bits virtual
power management:

processor	: 5
vendor_id	: GenuineIntel
cpu family	: 6
model		: 42
model name	: Intel(R) Core(TM) i7-2600 CPU @ 3.40GHz
stepping	: 7
microcode	: 0x14
cpu MHz		: 1600.000
cache size	: 8192 KB
physical id	: 0
siblings	: 8
core id		: 1
cpu cores	: 4
apicid		: 3
initial apicid	: 3
fpu		: yes
fpu_exception	: yes
cpuid level	: 13
wp		: yes
flags		: fpu vme de pse tsc msr pae mce cx8 apic sep mtrr pge mca cmov pat pse36 clflush dts acpi mmx fxsr sse sse2 ss ht tm pbe syscall nx rdtscp lm constant_tsc arch_perfmon pebs bts rep_good nopl xtopology nonstop_tsc aperfmperf pni pclmulqdq dtes64 monitor ds_cpl vmx smx est tm2 ssse3 cx16 xtpr pdcm pcid sse4_1 sse4_2 x2apic popcnt tsc_deadline_timer aes xsave avx lahf_lm ida arat epb xsaveopt pln pts dts tpr_shadow vnmi flexpriority ept vpid
bogomips	: 6784.26
clflush size	: 64
cache_alignment	: 64
address sizes	: 36 bits physical, 48 bits virtual
power management:

processor	: 6
vendor_id	: GenuineIntel
cpu family	: 6
model		: 42
model name	: Intel(R) Core(TM) i7-2600 CPU @ 3.40GHz
stepping	: 7
microcode	: 0x14
cpu MHz		: 1600.000
cache size	: 8192 KB
physical id	: 0
siblings	: 8
core id		: 2
cpu cores	: 4
apicid		: 5
initial apicid	: 5
fpu		: yes
fpu_exception	: yes
cpuid level	: 13
wp		: yes
flags		: fpu vme de pse tsc msr pae mce cx8 apic sep mtrr pge mca cmov pat pse36 clflush dts acpi mmx fxsr sse sse2 ss ht tm pbe syscall nx rdtscp lm constant_tsc arch_perfmon pebs bts rep_good nopl xtopology nonstop_tsc aperfmperf pni pclmulqdq dtes64 monitor ds_cpl vmx smx est tm2 ssse3 cx16 xtpr pdcm pcid sse4_1 sse4_2 x2apic popcnt tsc_deadline_timer aes xsave avx lahf_lm ida arat epb xsaveopt pln pts dts tpr_shadow vnmi flexpriority ept vpid
bogomips	: 6784.26
clflush size	: 64
cache_alignment	: 64
address sizes	: 36 bits physical, 48 bits virtual
power management:

processor	: 7
vendor_id	: GenuineIntel
cpu family	: 6
model		: 42
model name	: Intel(R) Core(TM) i7-2600 CPU @ 3.40GHz
stepping	: 7
microcode	: 0x14
cpu MHz		: 1600.000
cache size	: 8192 KB
physical id	: 0
siblings	: 8
core id		: 3
cpu cores	: 4
apicid		: 7
initial apicid	: 7
fpu		: yes
fpu_exception	: yes
cpuid level	: 13
wp		: yes
flags		: fpu vme de pse tsc msr pae mce cx8 apic sep mtrr pge mca cmov pat pse36 clflush dts acpi mmx fxsr sse sse2 ss ht tm pbe syscall nx rdtscp lm constant_tsc arch_perfmon pebs bts rep_good nopl xtopology nonstop_tsc aperfmperf pni pclmulqdq dtes64 monitor ds_cpl vmx smx est tm2 ssse3 cx16 xtpr pdcm pcid sse4_1 sse4_2 x2apic popcnt tsc_deadline_timer aes xsave avx lahf_lm ida arat epb xsaveopt pln pts dts tpr_shadow vnmi flexpriority ept vpid
bogomips	: 6784.27
clflush size	: 64
cache_alignment	: 64
address sizes	: 36 bits physical, 48 bits virtual
power management:



Memory: 4k page, physical 12290156k(6683552k free), swap 8388604k(8388604k free)

vm_info: Java HotSpot(TM) 64-Bit Server VM (20.7-b02) for linux-amd64 JRE (1.6.0_32-b05), built on Apr  5 2012 14:09:59 by "java_re" with gcc 3.2.2 (SuSE Linux)

time: Wed Jul 11 00:51:51 2012
elapsed time: 6 seconds

