#
# A fatal error has been detected by the Java Runtime Environment:
#
#  SIGSEGV (0xb) at pc=0x00007fdf008af89d, pid=5463, tid=140595769829120
#
# JRE version: 6.0_32-b05
# Java VM: Java HotSpot(TM) 64-Bit Server VM (20.7-b02 mixed mode linux-amd64 compressed oops)
# Problematic frame:
# C  [libOpenNI.so+0x4289d]  long long+0xd
#
# If you would like to submit a bug report, please visit:
#   http://java.sun.com/webapps/bugreport/crash.jsp
# The crash happened outside the Java Virtual Machine in native code.
# See problematic frame for where to report the bug.
#

---------------  T H R E A D  ---------------

Current thread (0x00007fdf24236800):  JavaThread "Animation Thread" [_thread_in_native, id=5491, stack(0x00007fdf00dae000,0x00007fdf00eaf000)]

siginfo:si_signo=SIGSEGV: si_errno=0, si_code=1 (SEGV_MAPERR), si_addr=0x0000000000000000

Registers:
RAX=0x0000000000010012, RBX=0x0000000000000000, RCX=0x00007fdec0000028, RDX=0x00007fdec00ccce0
RSP=0x00007fdf00ead4f0, RBP=0x0000000000000002, RSI=0x0000000000000002, RDI=0x0000000000000000
R8 =0x0000000000000001, R9 =0x0000000000000000, R10=0x00007fdf00ead2b0, R11=0x00007fdf008af890
R12=0x000000000001001d, R13=0x0000000000000000, R14=0x0000000000000001, R15=0x00007fdf24236800
RIP=0x00007fdf008af89d, EFLAGS=0x0000000000010206, CSGSFS=0x0000000000000033, ERR=0x0000000000000004
  TRAPNO=0x000000000000000e

Top of Stack: (sp=0x00007fdf00ead4f0)
0x00007fdf00ead4f0:   0000000000000000 0000000000000001
0x00007fdf00ead500:   0000000000000000 00007fdec00a4bd0
0x00007fdf00ead510:   00007fdec00d66d0 00007fdf00b74144
0x00007fdf00ead520:   00007fdf24107db0 00007fdeec003990
0x00007fdf00ead530:   00007fdf2a8dcab0 00007fdeec0c7d08
0x00007fdf00ead540:   00000000092f7452 0000000000000000
0x00007fdf00ead550:   000000000014b2c9 000000073fdca3a0
0x00007fdf00ead560:   00000000002ba4d0 0000000000000000
0x00007fdf00ead570:   00007fdf00ead6d0 00007fdf24236800
0x00007fdf00ead580:   00007fdf00af0000 00007fdf2b252774
0x00007fdf00ead590:   00007fdf00000005 0000000000000000
0x00007fdf00ead5a0:   00007fdf00af92d0 00007fdf24236800
0x00007fdf00ead5b0:   00007fdf00ead610 000000073fdca3a0
0x00007fdf00ead5c0:   0000000000000000 0000000000000000
0x00007fdf00ead5d0:   000000073fdca3a0 00007fdf2b259235
0x00007fdf00ead5e0:   0000000000000001 00007fdf00ead6c0
0x00007fdf00ead5f0:   0000000000000001 0000000000000002
0x00007fdf00ead600:   000000073fdca3a0 00007fdf00ead698
0x00007fdf00ead610:   0000000000000000 000000073fdca3a0
0x00007fdf00ead620:   00007fdf00ead6d0 00007fdf21010d6e
0x00007fdf00ead630:   00007fdf00ead718 00007fdf00ead6b8
0x00007fdf00ead640:   00007fdf21004dd0 00007fdf00000000
0x00007fdf00ead650:   00007fdf24236800 00007fdf00ead658
0x00007fdf00ead660:   000000073fdca3a0 00007fdf00ead6d0
0x00007fdf00ead670:   000000073fdf4158 0000000000000000
0x00007fdf00ead680:   000000073fdca3a0 0000000000000000
0x00007fdf00ead690:   00007fdf00ead6b8 00007fdf00ead718
0x00007fdf00ead6a0:   00007fdf2100585a 000000073fdf40f0
0x00007fdf00ead6b0:   00007fdf2100df40 0000000000000002
0x00007fdf00ead6c0:   00000007c1d4fd98 00007fdec00d66d0
0x00007fdf00ead6d0:   00000007c1d4fd98 00007fdf00ead6d8
0x00007fdf00ead6e0:   000000073fd851f4 00007fdf00ead730 

Instructions: (pc=0x00007fdf008af89d)
0x00007fdf008af87d:   00 00 00 31 c0 c3 66 66 66 66 2e 0f 1f 84 00 00
0x00007fdf008af88d:   00 00 00 53 b8 12 00 01 00 48 89 fb 48 83 ec 20
0x00007fdf008af89d:   48 8b 17 8b 4a 10 85 c9 74 49 48 8b 52 08 8b 12
0x00007fdf008af8ad:   81 e2 00 00 00 02 74 3b 8b 47 48 48 c7 44 24 18 

Register to memory mapping:

RAX=0x0000000000010012 is an unknown value
RBX=0x0000000000000000 is an unknown value
RCX=0x00007fdec0000028 is an unknown value
RDX=0x00007fdec00ccce0 is an unknown value
RSP=0x00007fdf00ead4f0 is pointing into the stack for thread: 0x00007fdf24236800
RBP=0x0000000000000002 is an unknown value
RSI=0x0000000000000002 is an unknown value
RDI=0x0000000000000000 is an unknown value
R8 =0x0000000000000001 is an unknown value
R9 =0x0000000000000000 is an unknown value
R10=0x00007fdf00ead2b0 is pointing into the stack for thread: 0x00007fdf24236800
R11=0x00007fdf008af890: xnSetSkeletonProfile+0 in /usr/lib/libOpenNI.so at 0x00007fdf0086d000
R12=0x000000000001001d is an unknown value
R13=0x0000000000000000 is an unknown value
R14=0x0000000000000001 is an unknown value
R15=0x00007fdf24236800 is a thread


Stack: [0x00007fdf00dae000,0x00007fdf00eaf000],  sp=0x00007fdf00ead4f0,  free space=1021k
Native frames: (J=compiled Java code, j=interpreted, Vv=VM code, C=native code)
C  [libOpenNI.so+0x4289d]  long long+0xd

Java frames: (J=compiled Java code, j=interpreted, Vv=VM code)
j  SimpleOpenNI.SimpleOpenNIJNI.ContextWrapper_enableUserSwigExplicitContextWrapper(JLSimpleOpenNI/ContextWrapper;I)Z+0
j  SimpleOpenNI.ContextWrapper.enableUser(I)Z+28
j  SimpleOpenNI.SimpleOpenNI.enableUser(ILjava/lang/Object;)Z+17
j  SimpleOpenNI.SimpleOpenNI.enableUser(I)Z+6
j  userTracking.simpleTracking.setup()V+40
j  processing.core.PApplet.handleDraw()V+65
j  processing.core.PApplet.run()V+72
j  java.lang.Thread.run()V+11
v  ~StubRoutines::call_stub

---------------  P R O C E S S  ---------------

Java Threads: ( => current thread )
=>0x00007fdf24236800 JavaThread "Animation Thread" [_thread_in_native, id=5491, stack(0x00007fdf00dae000,0x00007fdf00eaf000)]
  0x00007fded000c000 JavaThread "AWT-EventQueue-0" [_thread_blocked, id=5490, stack(0x00007fdf00eaf000,0x00007fdf00fb0000)]
  0x00007fdf24235800 JavaThread "AWT-Shutdown" [_thread_blocked, id=5489, stack(0x00007fdf00fb0000,0x00007fdf010b1000)]
  0x00007fdf24233000 JavaThread "Image Fetcher 0" daemon [_thread_blocked, id=5488, stack(0x00007fdf010b1000,0x00007fdf011b2000)]
  0x00007fdf24218800 JavaThread "AWT-XAWT" daemon [_thread_in_native, id=5486, stack(0x00007fdf013bb000,0x00007fdf014bc000)]
  0x00007fdf241d9800 JavaThread "Java2D Disposer" daemon [_thread_blocked, id=5485, stack(0x00007fdf01ad6000,0x00007fdf01bd7000)]
  0x00007fdf24099800 JavaThread "Low Memory Detector" daemon [_thread_blocked, id=5483, stack(0x00007fdf03115000,0x00007fdf03216000)]
  0x00007fdf24097800 JavaThread "C2 CompilerThread1" daemon [_thread_blocked, id=5482, stack(0x00007fdf03216000,0x00007fdf03317000)]
  0x00007fdf24094800 JavaThread "C2 CompilerThread0" daemon [_thread_blocked, id=5481, stack(0x00007fdf03317000,0x00007fdf03418000)]
  0x00007fdf24092800 JavaThread "Signal Dispatcher" daemon [_thread_blocked, id=5480, stack(0x00007fdf03418000,0x00007fdf03519000)]
  0x00007fdf24076000 JavaThread "Finalizer" daemon [_thread_blocked, id=5479, stack(0x00007fdf03bfc000,0x00007fdf03cfd000)]
  0x00007fdf24074800 JavaThread "Reference Handler" daemon [_thread_blocked, id=5478, stack(0x00007fdf03cfd000,0x00007fdf03dfe000)]
  0x00007fdf24008000 JavaThread "main" [_thread_blocked, id=5468, stack(0x00007fdf29a60000,0x00007fdf29b61000)]

Other Threads:
  0x00007fdf2406d800 VMThread [stack: 0x00007fdf03dfe000,0x00007fdf03eff000] [id=5477]
  0x00007fdf240ac800 WatcherThread [stack: 0x00007fdf03014000,0x00007fdf03115000] [id=5484]

VM state:not at safepoint (normal execution)

VM Mutex/Monitor currently owned by a thread: None

Heap
 PSYoungGen      total 56000K, used 9120K [0x00000007c1760000, 0x00000007c55e0000, 0x0000000800000000)
  eden space 48000K, 19% used [0x00000007c1760000,0x00000007c20481c8,0x00000007c4640000)
  from space 8000K, 0% used [0x00000007c4e10000,0x00000007c4e10000,0x00000007c55e0000)
  to   space 8000K, 0% used [0x00000007c4640000,0x00000007c4640000,0x00000007c4e10000)
 PSOldGen        total 128064K, used 0K [0x0000000744600000, 0x000000074c310000, 0x00000007c1760000)
  object space 128064K, 0% used [0x0000000744600000,0x0000000744600000,0x000000074c310000)
 PSPermGen       total 21248K, used 10233K [0x000000073f400000, 0x00000007408c0000, 0x0000000744600000)
  object space 21248K, 48% used [0x000000073f400000,0x000000073fdfe4c8,0x00000007408c0000)

Code Cache  [0x00007fdf21000000, 0x00007fdf21270000, 0x00007fdf24000000)
 total_blobs=501 nmethods=21 adapters=435 free_code_cache=49728896 largest_free_block=12032

Dynamic libraries:
40000000-40009000 r-xp 00000000 08:14 1192322                            /usr/lib/jvm/bin/java
40108000-4010a000 rwxp 00008000 08:14 1192322                            /usr/lib/jvm/bin/java
409de000-409ff000 rwxp 00000000 00:00 0                                  [heap]
73f400000-7408c0000 rwxp 00000000 00:00 0 
7408c0000-744600000 rwxp 00000000 00:00 0 
744600000-74c310000 rwxp 00000000 00:00 0 
74c310000-7c1760000 rwxp 00000000 00:00 0 
7c1760000-7c55e0000 rwxp 00000000 00:00 0 
7c55e0000-800000000 rwxp 00000000 00:00 0 
7fdebc000000-7fdebc021000 rwxp 00000000 00:00 0 
7fdebc021000-7fdec0000000 ---p 00000000 00:00 0 
7fdec0000000-7fdec0140000 rwxp 00000000 00:00 0 
7fdec0140000-7fdec4000000 ---p 00000000 00:00 0 
7fdec42ed000-7fdec437f000 r-xp 00000000 08:14 658014                     /usr/lib/libXnDeviceSensorV2.so
7fdec437f000-7fdec457e000 ---p 00092000 08:14 658014                     /usr/lib/libXnDeviceSensorV2.so
7fdec457e000-7fdec458e000 r-xp 00091000 08:14 658014                     /usr/lib/libXnDeviceSensorV2.so
7fdec458e000-7fdec458f000 rwxp 000a1000 08:14 658014                     /usr/lib/libXnDeviceSensorV2.so
7fdec458f000-7fdec45b6000 r-xp 00000000 08:14 673565                     /usr/lib/libXnDeviceFile.so
7fdec45b6000-7fdec47b6000 ---p 00027000 08:14 673565                     /usr/lib/libXnDeviceFile.so
7fdec47b6000-7fdec47b8000 r-xp 00027000 08:14 673565                     /usr/lib/libXnDeviceFile.so
7fdec47b8000-7fdec47b9000 rwxp 00029000 08:14 673565                     /usr/lib/libXnDeviceFile.so
7fdec47b9000-7fdec4801000 r-xp 00000000 08:14 673564                     /usr/lib/libXnDDK.so
7fdec4801000-7fdec4a01000 ---p 00048000 08:14 673564                     /usr/lib/libXnDDK.so
7fdec4a01000-7fdec4a04000 r-xp 00048000 08:14 673564                     /usr/lib/libXnDDK.so
7fdec4a04000-7fdec4a06000 rwxp 0004b000 08:14 673564                     /usr/lib/libXnDDK.so
7fdec4a06000-7fdec4a2a000 r-xp 00000000 08:14 673567                     /usr/lib/libXnFormats.so
7fdec4a2a000-7fdec4c2a000 ---p 00024000 08:14 673567                     /usr/lib/libXnFormats.so
7fdec4c2a000-7fdec4c2b000 r-xp 00024000 08:14 673567                     /usr/lib/libXnFormats.so
7fdec4c2b000-7fdec4c2c000 rwxp 00025000 08:14 673567                     /usr/lib/libXnFormats.so
7fdec4c2c000-7fdec4c4c000 rwxp 00000000 00:00 0 
7fdec4c4c000-7fdec4c4f000 r-xp 00000000 08:14 673563                     /usr/lib/libXnCore.so
7fdec4c4f000-7fdec4e4e000 ---p 00003000 08:14 673563                     /usr/lib/libXnCore.so
7fdec4e4e000-7fdec4e4f000 r-xp 00002000 08:14 673563                     /usr/lib/libXnCore.so
7fdec4e4f000-7fdec4e50000 rwxp 00003000 08:14 673563                     /usr/lib/libXnCore.so
7fdec4e50000-7fdec4ed9000 r-xp 00000000 08:14 673566                     /usr/lib/libXnDeviceSensorV2KM.so
7fdec4ed9000-7fdec50d8000 ---p 00089000 08:14 673566                     /usr/lib/libXnDeviceSensorV2KM.so
7fdec50d8000-7fdec50e8000 r-xp 00088000 08:14 673566                     /usr/lib/libXnDeviceSensorV2KM.so
7fdec50e8000-7fdec50e9000 rwxp 00098000 08:14 673566                     /usr/lib/libXnDeviceSensorV2KM.so
7fdec50e9000-7fdec51dd000 r-xp 00000000 08:14 673497                     /usr/lib/libXnVHandGenerator_1_5_2.so
7fdec51dd000-7fdec53dc000 ---p 000f4000 08:14 673497                     /usr/lib/libXnVHandGenerator_1_5_2.so
7fdec53dc000-7fdec53e1000 r-xp 000f3000 08:14 673497                     /usr/lib/libXnVHandGenerator_1_5_2.so
7fdec53e1000-7fdec53e2000 rwxp 000f8000 08:14 673497                     /usr/lib/libXnVHandGenerator_1_5_2.so
7fdec53e2000-7fdec53f0000 rwxp 00000000 00:00 0 
7fdec53f0000-7fdec54c8000 r-xp 00000000 08:14 673494                     /usr/lib/libXnVHandGenerator_1_4_2.so
7fdec54c8000-7fdec56c7000 ---p 000d8000 08:14 673494                     /usr/lib/libXnVHandGenerator_1_4_2.so
7fdec56c7000-7fdec56cc000 r-xp 000d7000 08:14 673494                     /usr/lib/libXnVHandGenerator_1_4_2.so
7fdec56cc000-7fdec56cd000 rwxp 000dc000 08:14 673494                     /usr/lib/libXnVHandGenerator_1_4_2.so
7fdec56cd000-7fdec56d0000 rwxp 00000000 00:00 0 
7fdec56d0000-7fdec57a8000 r-xp 00000000 08:14 673491                     /usr/lib/libXnVHandGenerator_1_4_1.so
7fdec57a8000-7fdec59a7000 ---p 000d8000 08:14 673491                     /usr/lib/libXnVHandGenerator_1_4_1.so
7fdec59a7000-7fdec59ac000 r-xp 000d7000 08:14 673491                     /usr/lib/libXnVHandGenerator_1_4_1.so
7fdec59ac000-7fdec59ad000 rwxp 000dc000 08:14 673491                     /usr/lib/libXnVHandGenerator_1_4_1.so
7fdec59ad000-7fdec59b0000 rwxp 00000000 00:00 0 
7fdec59b0000-7fdec5a93000 r-xp 00000000 08:14 673488                     /usr/lib/libXnVHandGenerator_1_3_1.so
7fdec5a93000-7fdec5c93000 ---p 000e3000 08:14 673488                     /usr/lib/libXnVHandGenerator_1_3_1.so
7fdec5c93000-7fdec5c98000 r-xp 000e3000 08:14 673488                     /usr/lib/libXnVHandGenerator_1_3_1.so
7fdec5c98000-7fdec5c99000 rwxp 000e8000 08:14 673488                     /usr/lib/libXnVHandGenerator_1_3_1.so
7fdec5c99000-7fdec5c9c000 rwxp 00000000 00:00 0 
7fdec5c9c000-7fdec60b1000 r-xp 00000000 08:14 673481                     /usr/lib/libXnVFeatures_1_5_2.so
7fdec60b1000-7fdec62b1000 ---p 00415000 08:14 673481                     /usr/lib/libXnVFeatures_1_5_2.so
7fdec62b1000-7fdec62c2000 r-xp 00415000 08:14 673481                     /usr/lib/libXnVFeatures_1_5_2.so
7fdec62c2000-7fdec62c4000 rwxp 00426000 08:14 673481                     /usr/lib/libXnVFeatures_1_5_2.so
7fdec62c4000-7fdec62d9000 rwxp 00000000 00:00 0 
7fdec62d9000-7fdec64d0000 r-xp 00000000 08:14 673470                     /usr/lib/libXnVFeatures_1_4_2.so
7fdec64d0000-7fdec66cf000 ---p 001f7000 08:14 673470                     /usr/lib/libXnVFeatures_1_4_2.so
7fdec66cf000-7fdec66d5000 r-xp 001f6000 08:14 673470                     /usr/lib/libXnVFeatures_1_4_2.so
7fdec66d5000-7fdec66d6000 rwxp 001fc000 08:14 673470                     /usr/lib/libXnVFeatures_1_4_2.so
7fdec66d6000-7fdec66dc000 rwxp 00000000 00:00 0 
7fdec66dc000-7fdec68d3000 r-xp 00000000 08:14 673465                     /usr/lib/libXnVFeatures_1_4_1.so
7fdec68d3000-7fdec6ad2000 ---p 001f7000 08:14 673465                     /usr/lib/libXnVFeatures_1_4_1.so
7fdec6ad2000-7fdec6ad8000 r-xp 001f6000 08:14 673465                     /usr/lib/libXnVFeatures_1_4_1.so
7fdec6ad8000-7fdec6ad9000 rwxp 001fc000 08:14 673465                     /usr/lib/libXnVFeatures_1_4_1.so
7fdec6ad9000-7fdec6adf000 rwxp 00000000 00:00 0 
7fdec6adf000-7fdec6d24000 r-xp 00000000 08:14 673460                     /usr/lib/libXnVFeatures_1_3_1.so
7fdec6d24000-7fdec6f24000 ---p 00245000 08:14 673460                     /usr/lib/libXnVFeatures_1_3_1.so
7fdec6f24000-7fdec6f2a000 r-xp 00245000 08:14 673460                     /usr/lib/libXnVFeatures_1_3_1.so
7fdec6f2a000-7fdec6f2b000 rwxp 0024b000 08:14 673460                     /usr/lib/libXnVFeatures_1_3_1.so
7fdec6f2b000-7fdec6f32000 rwxp 00000000 00:00 0 
7fdec6f32000-7fdec6f50000 r-xp 00000000 08:14 673299                     /usr/lib/libnimRecorder.so
7fdec6f50000-7fdec714f000 ---p 0001e000 08:14 673299                     /usr/lib/libnimRecorder.so
7fdec714f000-7fdec7151000 r-xp 0001d000 08:14 673299                     /usr/lib/libnimRecorder.so
7fdec7151000-7fdec7152000 rwxp 0001f000 08:14 673299                     /usr/lib/libnimRecorder.so
7fdec7152000-7fdec7188000 r-xp 00000000 08:14 673297                     /usr/lib/libnimCodecs.so
7fdec7188000-7fdec7388000 ---p 00036000 08:14 673297                     /usr/lib/libnimCodecs.so
7fdec7388000-7fdec738b000 r-xp 00036000 08:14 673297                     /usr/lib/libnimCodecs.so
7fdec738b000-7fdec738c000 rwxp 00039000 08:14 673297                     /usr/lib/libnimCodecs.so
7fdec738c000-7fdec73ac000 rwxp 00000000 00:00 0 
7fdec73ac000-7fdec73e3000 r-xp 00000000 08:14 673298                     /usr/lib/libnimMockNodes.so
7fdec73e3000-7fdec75e2000 ---p 00037000 08:14 673298                     /usr/lib/libnimMockNodes.so
7fdec75e2000-7fdec75ef000 r-xp 00036000 08:14 673298                     /usr/lib/libnimMockNodes.so
7fdec75ef000-7fdec75f0000 rwxp 00043000 08:14 673298                     /usr/lib/libnimMockNodes.so
7fdec75f0000-7fdec75f1000 ---p 00000000 00:00 0 
7fdec75f1000-7fdec7df1000 rwxp 00000000 00:00 0 
7fdec7df1000-7fdec7dff000 r-xp 00000000 08:14 788754                     /lib/x86_64-linux-gnu/libusb-1.0.so.0.1.0
7fdec7dff000-7fdec7ffe000 ---p 0000e000 08:14 788754                     /lib/x86_64-linux-gnu/libusb-1.0.so.0.1.0
7fdec7ffe000-7fdec7fff000 r-xp 0000d000 08:14 788754                     /lib/x86_64-linux-gnu/libusb-1.0.so.0.1.0
7fdec7fff000-7fdec8000000 rwxp 0000e000 08:14 788754                     /lib/x86_64-linux-gnu/libusb-1.0.so.0.1.0
7fdec8000000-7fdec8021000 rwxp 00000000 00:00 0 
7fdec8021000-7fdecc000000 ---p 00000000 00:00 0 
7fdecc000000-7fdecc11c000 rwxp 00000000 00:00 0 
7fdecc11c000-7fded0000000 ---p 00000000 00:00 0 
7fded0000000-7fded0021000 rwxp 00000000 00:00 0 
7fded0021000-7fded4000000 ---p 00000000 00:00 0 
7fded4000000-7fded4021000 rwxp 00000000 00:00 0 
7fded4021000-7fded8000000 ---p 00000000 00:00 0 
7fded8000000-7fded8021000 rwxp 00000000 00:00 0 
7fded8021000-7fdedc000000 ---p 00000000 00:00 0 
7fdedc000000-7fdedc021000 rwxp 00000000 00:00 0 
7fdedc021000-7fdee0000000 ---p 00000000 00:00 0 
7fdee0000000-7fdee031e000 rwxp 00000000 00:00 0 
7fdee031e000-7fdee4000000 ---p 00000000 00:00 0 
7fdee4000000-7fdee4021000 rwxp 00000000 00:00 0 
7fdee4021000-7fdee8000000 ---p 00000000 00:00 0 
7fdee8000000-7fdee8021000 rwxp 00000000 00:00 0 
7fdee8021000-7fdeec000000 ---p 00000000 00:00 0 
7fdeec000000-7fdeec23a000 rwxp 00000000 00:00 0 
7fdeec23a000-7fdef0000000 ---p 00000000 00:00 0 
7fdef0000000-7fdef0021000 rwxp 00000000 00:00 0 
7fdef0021000-7fdef4000000 ---p 00000000 00:00 0 
7fdef4000000-7fdef4021000 rwxp 00000000 00:00 0 
7fdef4021000-7fdef8000000 ---p 00000000 00:00 0 
7fdef8000000-7fdef8021000 rwxp 00000000 00:00 0 
7fdef8021000-7fdefc000000 ---p 00000000 00:00 0 
7fdefc000000-7fdefc021000 rwxp 00000000 00:00 0 
7fdefc021000-7fdf00000000 ---p 00000000 00:00 0 
7fdf0006e000-7fdf00083000 r-xp 00000000 08:14 788672                     /lib/x86_64-linux-gnu/libgcc_s.so.1
7fdf00083000-7fdf00282000 ---p 00015000 08:14 788672                     /lib/x86_64-linux-gnu/libgcc_s.so.1
7fdf00282000-7fdf00283000 r-xp 00014000 08:14 788672                     /lib/x86_64-linux-gnu/libgcc_s.so.1
7fdf00283000-7fdf00284000 rwxp 00015000 08:14 788672                     /lib/x86_64-linux-gnu/libgcc_s.so.1
7fdf00284000-7fdf00366000 r-xp 00000000 08:14 662623                     /usr/lib/x86_64-linux-gnu/libstdc++.so.6.0.16
7fdf00366000-7fdf00565000 ---p 000e2000 08:14 662623                     /usr/lib/x86_64-linux-gnu/libstdc++.so.6.0.16
7fdf00565000-7fdf0056d000 r-xp 000e1000 08:14 662623                     /usr/lib/x86_64-linux-gnu/libstdc++.so.6.0.16
7fdf0056d000-7fdf0056f000 rwxp 000e9000 08:14 662623                     /usr/lib/x86_64-linux-gnu/libstdc++.so.6.0.16
7fdf0056f000-7fdf00584000 rwxp 00000000 00:00 0 
7fdf00584000-7fdf00667000 r-xp 00000000 08:14 673381                     /usr/lib/libXnVNite_1_5_2.so
7fdf00667000-7fdf00866000 ---p 000e3000 08:14 673381                     /usr/lib/libXnVNite_1_5_2.so
7fdf00866000-7fdf0086b000 r-xp 000e2000 08:14 673381                     /usr/lib/libXnVNite_1_5_2.so
7fdf0086b000-7fdf0086d000 rwxp 000e7000 08:14 673381                     /usr/lib/libXnVNite_1_5_2.so
7fdf0086d000-7fdf008ea000 r-xp 00000000 08:14 673301                     /usr/lib/libOpenNI.so
7fdf008ea000-7fdf00ae9000 ---p 0007d000 08:14 673301                     /usr/lib/libOpenNI.so
7fdf00ae9000-7fdf00aec000 r-xp 0007c000 08:14 673301                     /usr/lib/libOpenNI.so
7fdf00aec000-7fdf00aef000 rwxp 0007f000 08:14 673301                     /usr/lib/libOpenNI.so
7fdf00aef000-7fdf00af0000 rwxp 00000000 00:00 0 
7fdf00af0000-7fdf00ba6000 r-xp 00000000 08:15 2627742                    /home/jailbirt/workspace/processingKinectExamples/libs/simpleOpenNi/library/library/libSimpleOpenNI64.so
7fdf00ba6000-7fdf00da6000 ---p 000b6000 08:15 2627742                    /home/jailbirt/workspace/processingKinectExamples/libs/simpleOpenNi/library/library/libSimpleOpenNI64.so
7fdf00da6000-7fdf00daa000 r-xp 000b6000 08:15 2627742                    /home/jailbirt/workspace/processingKinectExamples/libs/simpleOpenNi/library/library/libSimpleOpenNI64.so
7fdf00daa000-7fdf00dad000 rwxp 000ba000 08:15 2627742                    /home/jailbirt/workspace/processingKinectExamples/libs/simpleOpenNi/library/library/libSimpleOpenNI64.so
7fdf00dad000-7fdf00dae000 rwxp 00000000 00:00 0 
7fdf00dae000-7fdf00db1000 ---p 00000000 00:00 0 
7fdf00db1000-7fdf00eaf000 rwxp 00000000 00:00 0 
7fdf00eaf000-7fdf00eb2000 ---p 00000000 00:00 0 
7fdf00eb2000-7fdf00fb0000 rwxp 00000000 00:00 0 
7fdf00fb0000-7fdf00fb3000 ---p 00000000 00:00 0 
7fdf00fb3000-7fdf010b1000 rwxp 00000000 00:00 0 
7fdf010b1000-7fdf010b4000 ---p 00000000 00:00 0 
7fdf010b4000-7fdf011b2000 rwxp 00000000 00:00 0 
7fdf011b2000-7fdf011ba000 r-xp 00000000 08:14 662127                     /usr/lib/x86_64-linux-gnu/libXrandr.so.2.2.0
7fdf011ba000-7fdf013b9000 ---p 00008000 08:14 662127                     /usr/lib/x86_64-linux-gnu/libXrandr.so.2.2.0
7fdf013b9000-7fdf013ba000 r-xp 00007000 08:14 662127                     /usr/lib/x86_64-linux-gnu/libXrandr.so.2.2.0
7fdf013ba000-7fdf013bb000 rwxp 00008000 08:14 662127                     /usr/lib/x86_64-linux-gnu/libXrandr.so.2.2.0
7fdf013bb000-7fdf013be000 ---p 00000000 00:00 0 
7fdf013be000-7fdf014bc000 rwxp 00000000 00:00 0 
7fdf014bc000-7fdf014c1000 r-xp 00000000 08:14 662111                     /usr/lib/x86_64-linux-gnu/libXfixes.so.3.1.0
7fdf014c1000-7fdf016c0000 ---p 00005000 08:14 662111                     /usr/lib/x86_64-linux-gnu/libXfixes.so.3.1.0
7fdf016c0000-7fdf016c1000 r-xp 00004000 08:14 662111                     /usr/lib/x86_64-linux-gnu/libXfixes.so.3.1.0
7fdf016c1000-7fdf016c2000 rwxp 00005000 08:14 662111                     /usr/lib/x86_64-linux-gnu/libXfixes.so.3.1.0
7fdf016c2000-7fdf016cb000 r-xp 00000000 08:14 662129                     /usr/lib/x86_64-linux-gnu/libXrender.so.1.3.0
7fdf016cb000-7fdf018ca000 ---p 00009000 08:14 662129                     /usr/lib/x86_64-linux-gnu/libXrender.so.1.3.0
7fdf018ca000-7fdf018cb000 r-xp 00008000 08:14 662129                     /usr/lib/x86_64-linux-gnu/libXrender.so.1.3.0
7fdf018cb000-7fdf018cc000 rwxp 00009000 08:14 662129                     /usr/lib/x86_64-linux-gnu/libXrender.so.1.3.0
7fdf018cc000-7fdf018d5000 r-xp 00000000 08:14 662103                     /usr/lib/x86_64-linux-gnu/libXcursor.so.1.0.2
7fdf018d5000-7fdf01ad4000 ---p 00009000 08:14 662103                     /usr/lib/x86_64-linux-gnu/libXcursor.so.1.0.2
7fdf01ad4000-7fdf01ad5000 r-xp 00008000 08:14 662103                     /usr/lib/x86_64-linux-gnu/libXcursor.so.1.0.2
7fdf01ad5000-7fdf01ad6000 rwxp 00009000 08:14 662103                     /usr/lib/x86_64-linux-gnu/libXcursor.so.1.0.2
7fdf01ad6000-7fdf01ad9000 ---p 00000000 00:00 0 
7fdf01ad9000-7fdf01bd7000 rwxp 00000000 00:00 0 
7fdf01bd7000-7fdf01c50000 r-xp 00000000 08:14 1454604                    /usr/lib/jvm/jre/lib/amd64/libfontmanager.so
7fdf01c50000-7fdf01d4f000 ---p 00079000 08:14 1454604                    /usr/lib/jvm/jre/lib/amd64/libfontmanager.so
7fdf01d4f000-7fdf01d64000 rwxp 00078000 08:14 1454604                    /usr/lib/jvm/jre/lib/amd64/libfontmanager.so
7fdf01d64000-7fdf01d76000 rwxp 00000000 00:00 0 
7fdf01d76000-7fdf01d7b000 r-xp 00000000 08:14 662107                     /usr/lib/x86_64-linux-gnu/libXdmcp.so.6.0.0
7fdf01d7b000-7fdf01f7a000 ---p 00005000 08:14 662107                     /usr/lib/x86_64-linux-gnu/libXdmcp.so.6.0.0
7fdf01f7a000-7fdf01f7b000 r-xp 00004000 08:14 662107                     /usr/lib/x86_64-linux-gnu/libXdmcp.so.6.0.0
7fdf01f7b000-7fdf01f7c000 rwxp 00005000 08:14 662107                     /usr/lib/x86_64-linux-gnu/libXdmcp.so.6.0.0
7fdf01f7c000-7fdf01f7e000 r-xp 00000000 08:14 662096                     /usr/lib/x86_64-linux-gnu/libXau.so.6.0.0
7fdf01f7e000-7fdf0217d000 ---p 00002000 08:14 662096                     /usr/lib/x86_64-linux-gnu/libXau.so.6.0.0
7fdf0217d000-7fdf0217e000 r-xp 00001000 08:14 662096                     /usr/lib/x86_64-linux-gnu/libXau.so.6.0.0
7fdf0217e000-7fdf0217f000 rwxp 00002000 08:14 662096                     /usr/lib/x86_64-linux-gnu/libXau.so.6.0.0
7fdf0217f000-7fdf0219c000 r-xp 00000000 08:14 662695                     /usr/lib/x86_64-linux-gnu/libxcb.so.1.1.0
7fdf0219c000-7fdf0239b000 ---p 0001d000 08:14 662695                     /usr/lib/x86_64-linux-gnu/libxcb.so.1.1.0
7fdf0239b000-7fdf0239c000 r-xp 0001c000 08:14 662695                     /usr/lib/x86_64-linux-gnu/libxcb.so.1.1.0
7fdf0239c000-7fdf0239d000 rwxp 0001d000 08:14 662695                     /usr/lib/x86_64-linux-gnu/libxcb.so.1.1.0
7fdf0239d000-7fdf023ab000 r-xp 00000000 08:14 662115                     /usr/lib/x86_64-linux-gnu/libXi.so.6.1.0
7fdf023ab000-7fdf025aa000 ---p 0000e000 08:14 662115                     /usr/lib/x86_64-linux-gnu/libXi.so.6.1.0
7fdf025aa000-7fdf025ab000 r-xp 0000d000 08:14 662115                     /usr/lib/x86_64-linux-gnu/libXi.so.6.1.0
7fdf025ab000-7fdf025ac000 rwxp 0000e000 08:14 662115                     /usr/lib/x86_64-linux-gnu/libXi.so.6.1.0
7fdf025ac000-7fdf025b1000 r-xp 00000000 08:14 662133                     /usr/lib/x86_64-linux-gnu/libXtst.so.6.1.0
7fdf025b1000-7fdf027b0000 ---p 00005000 08:14 662133                     /usr/lib/x86_64-linux-gnu/libXtst.so.6.1.0
7fdf027b0000-7fdf027b1000 r-xp 00004000 08:14 662133                     /usr/lib/x86_64-linux-gnu/libXtst.so.6.1.0
7fdf027b1000-7fdf027b2000 rwxp 00005000 08:14 662133                     /usr/lib/x86_64-linux-gnu/libXtst.so.6.1.0
7fdf027b2000-7fdf028e1000 r-xp 00000000 08:14 662094                     /usr/lib/x86_64-linux-gnu/libX11.so.6.3.0
7fdf028e1000-7fdf02ae1000 ---p 0012f000 08:14 662094                     /usr/lib/x86_64-linux-gnu/libX11.so.6.3.0
7fdf02ae1000-7fdf02ae2000 r-xp 0012f000 08:14 662094                     /usr/lib/x86_64-linux-gnu/libX11.so.6.3.0
7fdf02ae2000-7fdf02ae6000 rwxp 00130000 08:14 662094                     /usr/lib/x86_64-linux-gnu/libX11.so.6.3.0
7fdf02ae6000-7fdf02af6000 r-xp 00000000 08:14 662109                     /usr/lib/x86_64-linux-gnu/libXext.so.6.4.0
7fdf02af6000-7fdf02cf5000 ---p 00010000 08:14 662109                     /usr/lib/x86_64-linux-gnu/libXext.so.6.4.0
7fdf02cf5000-7fdf02cf6000 r-xp 0000f000 08:14 662109                     /usr/lib/x86_64-linux-gnu/libXext.so.6.4.0
7fdf02cf6000-7fdf02cf7000 rwxp 00010000 08:14 662109                     /usr/lib/x86_64-linux-gnu/libXext.so.6.4.0
7fdf02cf7000-7fdf02d39000 r-xp 00000000 08:14 1571968                    /usr/lib/jvm/jre/lib/amd64/xawt/libmawt.so
7fdf02d39000-7fdf02e38000 ---p 00042000 08:14 1571968                    /usr/lib/jvm/jre/lib/amd64/xawt/libmawt.so
7fdf02e38000-7fdf02e44000 rwxp 00041000 08:14 1571968                    /usr/lib/jvm/jre/lib/amd64/xawt/libmawt.so
7fdf02e44000-7fdf02e45000 rwxp 00000000 00:00 0 
7fdf02e45000-7fdf02ed7000 r-xp 00000000 08:14 1454608                    /usr/lib/jvm/jre/lib/amd64/libawt.so
7fdf02ed7000-7fdf02fd6000 ---p 00092000 08:14 1454608                    /usr/lib/jvm/jre/lib/amd64/libawt.so
7fdf02fd6000-7fdf02ff0000 rwxp 00091000 08:14 1454608                    /usr/lib/jvm/jre/lib/amd64/libawt.so
7fdf02ff0000-7fdf03014000 rwxp 00000000 00:00 0 
7fdf03014000-7fdf03015000 ---p 00000000 00:00 0 
7fdf03015000-7fdf03115000 rwxp 00000000 00:00 0 
7fdf03115000-7fdf03118000 ---p 00000000 00:00 0 
7fdf03118000-7fdf03216000 rwxp 00000000 00:00 0 
7fdf03216000-7fdf03219000 ---p 00000000 00:00 0 
7fdf03219000-7fdf03317000 rwxp 00000000 00:00 0 
7fdf03317000-7fdf0331a000 ---p 00000000 00:00 0 
7fdf0331a000-7fdf03418000 rwxp 00000000 00:00 0 
7fdf03418000-7fdf0341b000 ---p 00000000 00:00 0 
7fdf0341b000-7fdf03519000 rwxp 00000000 00:00 0 
7fdf03519000-7fdf03bfc000 r-xp 00000000 08:14 661138                     /usr/lib/locale/locale-archive
7fdf03bfc000-7fdf03bff000 ---p 00000000 00:00 0 
7fdf03bff000-7fdf03cfd000 rwxp 00000000 00:00 0 
7fdf03cfd000-7fdf03d00000 ---p 00000000 00:00 0 
7fdf03d00000-7fdf03dfe000 rwxp 00000000 00:00 0 
7fdf03dfe000-7fdf03dff000 ---p 00000000 00:00 0 
7fdf03dff000-7fdf04000000 rwxp 00000000 00:00 0 
7fdf04000000-7fdf04021000 rwxp 00000000 00:00 0 
7fdf04021000-7fdf08000000 ---p 00000000 00:00 0 
7fdf08000000-7fdf08021000 rwxp 00000000 00:00 0 
7fdf08021000-7fdf0c000000 ---p 00000000 00:00 0 
7fdf0c000000-7fdf0c021000 rwxp 00000000 00:00 0 
7fdf0c021000-7fdf10000000 ---p 00000000 00:00 0 
7fdf10000000-7fdf10021000 rwxp 00000000 00:00 0 
7fdf10021000-7fdf14000000 ---p 00000000 00:00 0 
7fdf14000000-7fdf14021000 rwxp 00000000 00:00 0 
7fdf14021000-7fdf18000000 ---p 00000000 00:00 0 
7fdf18000000-7fdf18021000 rwxp 00000000 00:00 0 
7fdf18021000-7fdf1c000000 ---p 00000000 00:00 0 
7fdf1c000000-7fdf1c021000 rwxp 00000000 00:00 0 
7fdf1c021000-7fdf20000000 ---p 00000000 00:00 0 
7fdf2003c000-7fdf2003f000 r-xs 00022000 08:15 2247532                    /home/jailbirt/workspace/processingKinectExamples/libs/simpleOpenNi/SimpleOpenNI.jar
7fdf2003f000-7fdf20040000 r-xs 00001000 08:15 3674536                    /home/jailbirt/workspace/processingKinectExamples/libs/net/net.jar
7fdf20040000-7fdf20042000 r-xs 00008000 08:15 3674360                    /home/jailbirt/workspace/processingKinectExamples/libs/peasycam/library/peasycam.jar
7fdf20042000-7fdf20043000 r-xs 00005000 08:15 2495492                    /home/jailbirt/workspace/processingKinectExamples/libs/OBJLoader/library/OBJLoader.jar
7fdf20043000-7fdf20046000 r-xs 00017000 08:15 2490784                    /home/jailbirt/workspace/processingKinectExamples/libs/minim/tritonus_share.jar
7fdf20046000-7fdf20047000 r-xs 00002000 08:15 2490783                    /home/jailbirt/workspace/processingKinectExamples/libs/minim/tritonus_aos.jar
7fdf20047000-7fdf20048000 r-xs 00005000 08:15 2490782                    /home/jailbirt/workspace/processingKinectExamples/libs/minim/mp3spi1.9.4.jar
7fdf20048000-7fdf2004a000 r-xs 0000d000 08:15 2490781                    /home/jailbirt/workspace/processingKinectExamples/libs/minim/minim.jar
7fdf2004a000-7fdf2004b000 r-xs 00000000 08:15 2490780                    /home/jailbirt/workspace/processingKinectExamples/libs/minim/minim-spi.jar
7fdf2004b000-7fdf2004c000 r-xs 0000b000 08:15 2490779                    /home/jailbirt/workspace/processingKinectExamples/libs/minim/jsminim.jar
7fdf2004c000-7fdf2004f000 r-xs 00017000 08:15 2490772                    /home/jailbirt/workspace/processingKinectExamples/libs/minim/jl1.0.jar
7fdf2004f000-7fdf20050000 r-xs 00003000 08:15 2247358                    /home/jailbirt/workspace/processingKinectExamples/libs/openGL/opengl.jar
7fdf20050000-7fdf2005b000 r-xs 00108000 08:15 2247356                    /home/jailbirt/workspace/processingKinectExamples/libs/openGL/jogl.jar
7fdf2005b000-7fdf20863000 rwxp 00000000 00:00 0 
7fdf20863000-7fdf209fa000 r-xs 03079000 08:14 1454726                    /usr/lib/jvm/jre/lib/rt.jar
7fdf209fa000-7fdf209fb000 ---p 00000000 00:00 0 
7fdf209fb000-7fdf20afb000 rwxp 00000000 00:00 0 
7fdf20afb000-7fdf20afc000 ---p 00000000 00:00 0 
7fdf20afc000-7fdf20bfc000 rwxp 00000000 00:00 0 
7fdf20bfc000-7fdf20bfd000 ---p 00000000 00:00 0 
7fdf20bfd000-7fdf20cfd000 rwxp 00000000 00:00 0 
7fdf20cfd000-7fdf20cfe000 ---p 00000000 00:00 0 
7fdf20cfe000-7fdf20dfe000 rwxp 00000000 00:00 0 
7fdf20dfe000-7fdf20dff000 ---p 00000000 00:00 0 
7fdf20dff000-7fdf20eff000 rwxp 00000000 00:00 0 
7fdf20eff000-7fdf20f00000 ---p 00000000 00:00 0 
7fdf20f00000-7fdf21270000 rwxp 00000000 00:00 0 
7fdf21270000-7fdf242ef000 rwxp 00000000 00:00 0 
7fdf242ef000-7fdf28000000 ---p 00000000 00:00 0 
7fdf28006000-7fdf28008000 r-xs 00000000 08:16 1707330                    /var/cache/fontconfig/99e8ed0e538f840c565b6ed5dad60d56-le64.cache-3
7fdf28008000-7fdf28010000 r-xs 00000000 08:16 1707943                    /var/cache/fontconfig/a6d8cf8e4ec09cdbc8633c31745a07dd-le64.cache-3
7fdf28010000-7fdf28014000 r-xs 00000000 08:16 1707316                    /var/cache/fontconfig/2cd17615ca594fa2959ae173292e504c-le64.cache-3
7fdf28014000-7fdf28015000 r-xs 00000000 08:16 1707341                    /var/cache/fontconfig/e7071f4a29fa870f4323321c154eba04-le64.cache-3
7fdf28015000-7fdf28016000 r-xs 00000000 08:16 1707314                    /var/cache/fontconfig/0d8c3b2ac0904cb8a57a757ad11a4a08-le64.cache-3
7fdf28016000-7fdf2801c000 r-xs 00000000 08:16 1707331                    /var/cache/fontconfig/a755afe4a08bf5b97852ceb7400b47bc-le64.cache-3
7fdf2801c000-7fdf28020000 r-xs 00000000 08:16 1707325                    /var/cache/fontconfig/6d41288fd70b0be22e8c3a91e032eec0-le64.cache-3
7fdf28020000-7fdf28030000 r-xs 00000000 08:16 1707313                    /var/cache/fontconfig/04aabc0a78ac019cf9454389977116d2-le64.cache-3
7fdf28030000-7fdf28033000 r-xs 00000000 08:16 1707319                    /var/cache/fontconfig/385c0604a188198f04d133e54aba7fe7-le64.cache-3
7fdf28033000-7fdf28034000 r-xs 00000000 08:16 1707336                    /var/cache/fontconfig/4794a0821666d79190d59a36cb4f44b5-le64.cache-3
7fdf28034000-7fdf28037000 r-xs 00000000 08:16 1707328                    /var/cache/fontconfig/8801497958630a81b71ace7c5f9b32a8-le64.cache-3
7fdf28037000-7fdf2803c000 r-xs 00000000 08:16 1707317                    /var/cache/fontconfig/3047814df9a2f067bd2d96a2b9c36e5a-le64.cache-3
7fdf2803c000-7fdf2803d000 r-xs 00000000 08:16 1707322                    /var/cache/fontconfig/56cf4f4769d0f4abc89a4895d7bd3ae1-le64.cache-3
7fdf2803d000-7fdf2803e000 r-xs 00000000 08:16 1707333                    /var/cache/fontconfig/b9d506c9ac06c20b433354fa67a72993-le64.cache-3
7fdf2803e000-7fdf28043000 r-xs 00000000 08:16 1707332                    /var/cache/fontconfig/b47c4e1ecd0709278f4910c18777a504-le64.cache-3
7fdf28043000-7fdf28053000 r-xs 00000000 08:16 1707337                    /var/cache/fontconfig/d52a8644073d54c13679302ca1180695-le64.cache-3
7fdf28053000-7fdf280af000 rwxp 00000000 00:00 0 
7fdf280af000-7fdf280b0000 ---p 00000000 00:00 0 
7fdf280b0000-7fdf281b0000 rwxp 00000000 00:00 0 
7fdf281b0000-7fdf281b1000 ---p 00000000 00:00 0 
7fdf281b1000-7fdf282bc000 rwxp 00000000 00:00 0 
7fdf282bc000-7fdf282da000 rwxp 00000000 00:00 0 
7fdf282da000-7fdf28319000 rwxp 00000000 00:00 0 
7fdf28319000-7fdf286c3000 rwxp 00000000 00:00 0 
7fdf286c3000-7fdf286ce000 rwxp 00000000 00:00 0 
7fdf286ce000-7fdf286ec000 rwxp 00000000 00:00 0 
7fdf286ec000-7fdf2872b000 rwxp 00000000 00:00 0 
7fdf2872b000-7fdf28ad4000 rwxp 00000000 00:00 0 
7fdf28ad4000-7fdf28af4000 rwxp 00000000 00:00 0 
7fdf28af4000-7fdf28cc9000 rwxp 00000000 00:00 0 
7fdf28cc9000-7fdf28cca000 rwxp 00000000 00:00 0 
7fdf28cca000-7fdf28cd8000 r-xp 00000000 08:14 1454610                    /usr/lib/jvm/jre/lib/amd64/libzip.so
7fdf28cd8000-7fdf28dda000 ---p 0000e000 08:14 1454610                    /usr/lib/jvm/jre/lib/amd64/libzip.so
7fdf28dda000-7fdf28ddd000 rwxp 00010000 08:14 1454610                    /usr/lib/jvm/jre/lib/amd64/libzip.so
7fdf28ddd000-7fdf28dde000 rwxp 00000000 00:00 0 
7fdf28dde000-7fdf28dea000 r-xp 00000000 08:14 788702                     /lib/x86_64-linux-gnu/libnss_files-2.15.so
7fdf28dea000-7fdf28fe9000 ---p 0000c000 08:14 788702                     /lib/x86_64-linux-gnu/libnss_files-2.15.so
7fdf28fe9000-7fdf28fea000 r-xp 0000b000 08:14 788702                     /lib/x86_64-linux-gnu/libnss_files-2.15.so
7fdf28fea000-7fdf28feb000 rwxp 0000c000 08:14 788702                     /lib/x86_64-linux-gnu/libnss_files-2.15.so
7fdf28feb000-7fdf28ff5000 r-xp 00000000 08:14 788706                     /lib/x86_64-linux-gnu/libnss_nis-2.15.so
7fdf28ff5000-7fdf291f5000 ---p 0000a000 08:14 788706                     /lib/x86_64-linux-gnu/libnss_nis-2.15.so
7fdf291f5000-7fdf291f6000 r-xp 0000a000 08:14 788706                     /lib/x86_64-linux-gnu/libnss_nis-2.15.so
7fdf291f6000-7fdf291f7000 rwxp 0000b000 08:14 788706                     /lib/x86_64-linux-gnu/libnss_nis-2.15.so
7fdf291f7000-7fdf291ff000 r-xp 00000000 08:14 788698                     /lib/x86_64-linux-gnu/libnss_compat-2.15.so
7fdf291ff000-7fdf293fe000 ---p 00008000 08:14 788698                     /lib/x86_64-linux-gnu/libnss_compat-2.15.so
7fdf293fe000-7fdf293ff000 r-xp 00007000 08:14 788698                     /lib/x86_64-linux-gnu/libnss_compat-2.15.so
7fdf293ff000-7fdf29400000 rwxp 00008000 08:14 788698                     /lib/x86_64-linux-gnu/libnss_compat-2.15.so
7fdf29400000-7fdf29417000 r-xp 00000000 08:14 788696                     /lib/x86_64-linux-gnu/libnsl-2.15.so
7fdf29417000-7fdf29616000 ---p 00017000 08:14 788696                     /lib/x86_64-linux-gnu/libnsl-2.15.so
7fdf29616000-7fdf29617000 r-xp 00016000 08:14 788696                     /lib/x86_64-linux-gnu/libnsl-2.15.so
7fdf29617000-7fdf29618000 rwxp 00017000 08:14 788696                     /lib/x86_64-linux-gnu/libnsl-2.15.so
7fdf29618000-7fdf2961a000 rwxp 00000000 00:00 0 
7fdf2961a000-7fdf29643000 r-xp 00000000 08:14 1450954                    /usr/lib/jvm/jre/lib/amd64/libjava.so
7fdf29643000-7fdf29742000 ---p 00029000 08:14 1450954                    /usr/lib/jvm/jre/lib/amd64/libjava.so
7fdf29742000-7fdf29749000 rwxp 00028000 08:14 1450954                    /usr/lib/jvm/jre/lib/amd64/libjava.so
7fdf29749000-7fdf29756000 r-xp 00000000 08:14 1450959                    /usr/lib/jvm/jre/lib/amd64/libverify.so
7fdf29756000-7fdf29855000 ---p 0000d000 08:14 1450959                    /usr/lib/jvm/jre/lib/amd64/libverify.so
7fdf29855000-7fdf29858000 rwxp 0000c000 08:14 1450959                    /usr/lib/jvm/jre/lib/amd64/libverify.so
7fdf29858000-7fdf2985f000 r-xp 00000000 08:14 788737                     /lib/x86_64-linux-gnu/librt-2.15.so
7fdf2985f000-7fdf29a5e000 ---p 00007000 08:14 788737                     /lib/x86_64-linux-gnu/librt-2.15.so
7fdf29a5e000-7fdf29a5f000 r-xp 00006000 08:14 788737                     /lib/x86_64-linux-gnu/librt-2.15.so
7fdf29a5f000-7fdf29a60000 rwxp 00007000 08:14 788737                     /lib/x86_64-linux-gnu/librt-2.15.so
7fdf29a60000-7fdf29a63000 ---p 00000000 00:00 0 
7fdf29a63000-7fdf29b61000 rwxp 00000000 00:00 0 
7fdf29b61000-7fdf29c5a000 r-xp 00000000 08:14 788683                     /lib/x86_64-linux-gnu/libm-2.15.so
7fdf29c5a000-7fdf29e59000 ---p 000f9000 08:14 788683                     /lib/x86_64-linux-gnu/libm-2.15.so
7fdf29e59000-7fdf29e5a000 r-xp 000f8000 08:14 788683                     /lib/x86_64-linux-gnu/libm-2.15.so
7fdf29e5a000-7fdf29e5b000 rwxp 000f9000 08:14 788683                     /lib/x86_64-linux-gnu/libm-2.15.so
7fdf29e5b000-7fdf2a776000 r-xp 00000000 08:14 2100299                    /usr/lib/jvm/jre/lib/amd64/server/libjvm.so
7fdf2a776000-7fdf2a877000 ---p 0091b000 08:14 2100299                    /usr/lib/jvm/jre/lib/amd64/server/libjvm.so
7fdf2a877000-7fdf2aa2c000 rwxp 0091c000 08:14 2100299                    /usr/lib/jvm/jre/lib/amd64/server/libjvm.so
7fdf2aa2c000-7fdf2aa66000 rwxp 00000000 00:00 0 
7fdf2aa66000-7fdf2ac19000 r-xp 00000000 08:14 788651                     /lib/x86_64-linux-gnu/libc-2.15.so
7fdf2ac19000-7fdf2ae18000 ---p 001b3000 08:14 788651                     /lib/x86_64-linux-gnu/libc-2.15.so
7fdf2ae18000-7fdf2ae1c000 r-xp 001b2000 08:14 788651                     /lib/x86_64-linux-gnu/libc-2.15.so
7fdf2ae1c000-7fdf2ae1e000 rwxp 001b6000 08:14 788651                     /lib/x86_64-linux-gnu/libc-2.15.so
7fdf2ae1e000-7fdf2ae23000 rwxp 00000000 00:00 0 
7fdf2ae23000-7fdf2ae25000 r-xp 00000000 08:14 788664                     /lib/x86_64-linux-gnu/libdl-2.15.so
7fdf2ae25000-7fdf2b025000 ---p 00002000 08:14 788664                     /lib/x86_64-linux-gnu/libdl-2.15.so
7fdf2b025000-7fdf2b026000 r-xp 00002000 08:14 788664                     /lib/x86_64-linux-gnu/libdl-2.15.so
7fdf2b026000-7fdf2b027000 rwxp 00003000 08:14 788664                     /lib/x86_64-linux-gnu/libdl-2.15.so
7fdf2b027000-7fdf2b03f000 r-xp 00000000 08:14 788731                     /lib/x86_64-linux-gnu/libpthread-2.15.so
7fdf2b03f000-7fdf2b23e000 ---p 00018000 08:14 788731                     /lib/x86_64-linux-gnu/libpthread-2.15.so
7fdf2b23e000-7fdf2b23f000 r-xp 00017000 08:14 788731                     /lib/x86_64-linux-gnu/libpthread-2.15.so
7fdf2b23f000-7fdf2b240000 rwxp 00018000 08:14 788731                     /lib/x86_64-linux-gnu/libpthread-2.15.so
7fdf2b240000-7fdf2b244000 rwxp 00000000 00:00 0 
7fdf2b244000-7fdf2b266000 r-xp 00000000 08:14 788631                     /lib/x86_64-linux-gnu/ld-2.15.so
7fdf2b266000-7fdf2b267000 rwxp 00000000 00:00 0 
7fdf2b267000-7fdf2b268000 r-xs 00004000 08:15 2247355                    /home/jailbirt/workspace/processingKinectExamples/libs/openGL/gluegen-rt.jar
7fdf2b268000-7fdf2b269000 r-xs 00000000 08:16 1707334                    /var/cache/fontconfig/c05880de57d1f5e948fdfacc138775d9-le64.cache-3
7fdf2b269000-7fdf2b26f000 r-xs 00000000 08:16 1708054                    /var/cache/fontconfig/3f7329c5293ffd510edef78f73874cfd-le64.cache-3
7fdf2b26f000-7fdf2b27a000 r-xs 00000000 08:16 1707971                    /var/cache/fontconfig/e13b20fdb08344e0e664864cc2ede53d-le64.cache-3
7fdf2b27a000-7fdf2b27e000 r-xs 00000000 08:16 1707942                    /var/cache/fontconfig/7ef2298fde41cc6eeb7af42e48b7d293-le64.cache-3
7fdf2b27e000-7fdf2b288000 rwxp 00000000 00:00 0 
7fdf2b288000-7fdf2b33e000 rwxp 00000000 00:00 0 
7fdf2b33e000-7fdf2b341000 rwxp 00000000 00:00 0 
7fdf2b341000-7fdf2b348000 r-xp 00000000 08:14 1967149                    /usr/lib/jvm/jre/lib/amd64/jli/libjli.so
7fdf2b348000-7fdf2b449000 ---p 00007000 08:14 1967149                    /usr/lib/jvm/jre/lib/amd64/jli/libjli.so
7fdf2b449000-7fdf2b44b000 rwxp 00008000 08:14 1967149                    /usr/lib/jvm/jre/lib/amd64/jli/libjli.so
7fdf2b44b000-7fdf2b44c000 rwxp 00000000 00:00 0 
7fdf2b44c000-7fdf2b455000 r-xs 00000000 08:16 1707329                    /var/cache/fontconfig/945677eb7aeaf62f1d50efc3fb3ec7d8-le64.cache-3
7fdf2b455000-7fdf2b457000 r-xs 0002b000 08:15 2247352                    /home/jailbirt/workspace/processingKinectExamples/libs/core.jar
7fdf2b457000-7fdf2b45a000 r-xs 0000f000 08:14 1577185                    /usr/lib/jvm/jre/lib/ext/pulse-java.jar
7fdf2b45a000-7fdf2b462000 rwxs 00000000 08:14 526150                     /tmp/hsperfdata_jailbirt/5463
7fdf2b462000-7fdf2b463000 rwxp 00000000 00:00 0 
7fdf2b463000-7fdf2b464000 r-xp 00000000 00:00 0 
7fdf2b464000-7fdf2b466000 rwxp 00000000 00:00 0 
7fdf2b466000-7fdf2b467000 r-xp 00022000 08:14 788631                     /lib/x86_64-linux-gnu/ld-2.15.so
7fdf2b467000-7fdf2b469000 rwxp 00023000 08:14 788631                     /lib/x86_64-linux-gnu/ld-2.15.so
7fff8ec21000-7fff8ec43000 rwxp 00000000 00:00 0                          [stack]
7fff8ecae000-7fff8ecaf000 r-xp 00000000 00:00 0                          [vdso]
ffffffffff600000-ffffffffff601000 r-xp 00000000 00:00 0                  [vsyscall]

VM Arguments:
jvm_args: -Djava.library.path=/home/jailbirt/workspace/processingKinectExamples/libs/openGL/linux64:/home/jailbirt/workspace/processingKinectExamples/libs/openGL/linux64:/home/jailbirt/workspace/processingKinectExamples/libs/simpleOpenNi/library/library -Dfile.encoding=UTF-8 
java_command: userTracking.main
Launcher Type: SUN_STANDARD

Environment Variables:
PATH=/usr/lib/lightdm/lightdm:/usr/local/sbin:/usr/local/bin:/usr/sbin:/usr/bin:/sbin:/bin:/usr/games
LD_LIBRARY_PATH=/usr/lib/jvm/jre/lib/amd64/server:/usr/lib/jvm/jre/lib/amd64:/usr/lib/jvm/jre/../lib/amd64
SHELL=/bin/bash
DISPLAY=:0.0

Signal Handlers:
SIGSEGV: [libjvm.so+0x8602a0], sa_mask[0]=0x7ffbfeff, sa_flags=0x10000004
SIGBUS: [libjvm.so+0x8602a0], sa_mask[0]=0x7ffbfeff, sa_flags=0x10000004
SIGFPE: [libjvm.so+0x70ef10], sa_mask[0]=0x7ffbfeff, sa_flags=0x10000004
SIGPIPE: [libjvm.so+0x70ef10], sa_mask[0]=0x7ffbfeff, sa_flags=0x10000004
SIGXFSZ: [libjvm.so+0x70ef10], sa_mask[0]=0x7ffbfeff, sa_flags=0x10000004
SIGILL: [libjvm.so+0x70ef10], sa_mask[0]=0x7ffbfeff, sa_flags=0x10000004
SIGUSR1: SIG_DFL, sa_mask[0]=0x00000000, sa_flags=0x00000000
SIGUSR2: [libjvm.so+0x711d40], sa_mask[0]=0x00000004, sa_flags=0x10000004
SIGHUP: [libjvm.so+0x711940], sa_mask[0]=0x7ffbfeff, sa_flags=0x10000004
SIGINT: [libjvm.so+0x711940], sa_mask[0]=0x7ffbfeff, sa_flags=0x10000004
SIGTERM: [libjvm.so+0x711940], sa_mask[0]=0x7ffbfeff, sa_flags=0x10000004
SIGQUIT: [libjvm.so+0x711940], sa_mask[0]=0x7ffbfeff, sa_flags=0x10000004


---------------  S Y S T E M  ---------------

OS:wheezy/sid

uname:Linux 3.2.0-26-generic #41-Ubuntu SMP Thu Jun 14 17:49:24 UTC 2012 x86_64
libc:glibc 2.15 NPTL 2.15 
rlimit: STACK 8192k, CORE 0k, NPROC 95824, NOFILE 4096, AS infinity
load average:1.46 2.38 1.55

/proc/meminfo:
MemTotal:       12290156 kB
MemFree:         8949332 kB
Buffers:          100244 kB
Cached:          1937008 kB
SwapCached:            0 kB
Active:          1719132 kB
Inactive:        1300676 kB
Active(anon):     984468 kB
Inactive(anon):     7624 kB
Active(file):     734664 kB
Inactive(file):  1293052 kB
Unevictable:           0 kB
Mlocked:               0 kB
SwapTotal:       8388604 kB
SwapFree:        8388604 kB
Dirty:               240 kB
Writeback:             0 kB
AnonPages:        983280 kB
Mapped:           170040 kB
Shmem:              9548 kB
Slab:              96704 kB
SReclaimable:      59028 kB
SUnreclaim:        37676 kB
KernelStack:        3896 kB
PageTables:        30452 kB
NFS_Unstable:          0 kB
Bounce:                0 kB
WritebackTmp:          0 kB
CommitLimit:    14533680 kB
Committed_AS:    2937868 kB
VmallocTotal:   34359738367 kB
VmallocUsed:      181436 kB
VmallocChunk:   34359523836 kB
HardwareCorrupted:     0 kB
AnonHugePages:         0 kB
HugePages_Total:       0
HugePages_Free:        0
HugePages_Rsvd:        0
HugePages_Surp:        0
Hugepagesize:       2048 kB
DirectMap4k:      591680 kB
DirectMap2M:    11974656 kB


CPU:total 8 (4 cores per cpu, 2 threads per core) family 6 model 42 stepping 7, cmov, cx8, fxsr, mmx, sse, sse2, sse3, ssse3, sse4.1, sse4.2, popcnt, ht

/proc/cpuinfo:
processor	: 0
vendor_id	: GenuineIntel
cpu family	: 6
model		: 42
model name	: Intel(R) Core(TM) i7-2600 CPU @ 3.40GHz
stepping	: 7
microcode	: 0x14
cpu MHz		: 1600.000
cache size	: 8192 KB
physical id	: 0
siblings	: 8
core id		: 0
cpu cores	: 4
apicid		: 0
initial apicid	: 0
fpu		: yes
fpu_exception	: yes
cpuid level	: 13
wp		: yes
flags		: fpu vme de pse tsc msr pae mce cx8 apic sep mtrr pge mca cmov pat pse36 clflush dts acpi mmx fxsr sse sse2 ss ht tm pbe syscall nx rdtscp lm constant_tsc arch_perfmon pebs bts rep_good nopl xtopology nonstop_tsc aperfmperf pni pclmulqdq dtes64 monitor ds_cpl vmx smx est tm2 ssse3 cx16 xtpr pdcm pcid sse4_1 sse4_2 x2apic popcnt tsc_deadline_timer aes xsave avx lahf_lm ida arat epb xsaveopt pln pts dts tpr_shadow vnmi flexpriority ept vpid
bogomips	: 6784.59
clflush size	: 64
cache_alignment	: 64
address sizes	: 36 bits physical, 48 bits virtual
power management:

processor	: 1
vendor_id	: GenuineIntel
cpu family	: 6
model		: 42
model name	: Intel(R) Core(TM) i7-2600 CPU @ 3.40GHz
stepping	: 7
microcode	: 0x14
cpu MHz		: 1600.000
cache size	: 8192 KB
physical id	: 0
siblings	: 8
core id		: 1
cpu cores	: 4
apicid		: 2
initial apicid	: 2
fpu		: yes
fpu_exception	: yes
cpuid level	: 13
wp		: yes
flags		: fpu vme de pse tsc msr pae mce cx8 apic sep mtrr pge mca cmov pat pse36 clflush dts acpi mmx fxsr sse sse2 ss ht tm pbe syscall nx rdtscp lm constant_tsc arch_perfmon pebs bts rep_good nopl xtopology nonstop_tsc aperfmperf pni pclmulqdq dtes64 monitor ds_cpl vmx smx est tm2 ssse3 cx16 xtpr pdcm pcid sse4_1 sse4_2 x2apic popcnt tsc_deadline_timer aes xsave avx lahf_lm ida arat epb xsaveopt pln pts dts tpr_shadow vnmi flexpriority ept vpid
bogomips	: 6784.26
clflush size	: 64
cache_alignment	: 64
address sizes	: 36 bits physical, 48 bits virtual
power management:

processor	: 2
vendor_id	: GenuineIntel
cpu family	: 6
model		: 42
model name	: Intel(R) Core(TM) i7-2600 CPU @ 3.40GHz
stepping	: 7
microcode	: 0x14
cpu MHz		: 1600.000
cache size	: 8192 KB
physical id	: 0
siblings	: 8
core id		: 2
cpu cores	: 4
apicid		: 4
initial apicid	: 4
fpu		: yes
fpu_exception	: yes
cpuid level	: 13
wp		: yes
flags		: fpu vme de pse tsc msr pae mce cx8 apic sep mtrr pge mca cmov pat pse36 clflush dts acpi mmx fxsr sse sse2 ss ht tm pbe syscall nx rdtscp lm constant_tsc arch_perfmon pebs bts rep_good nopl xtopology nonstop_tsc aperfmperf pni pclmulqdq dtes64 monitor ds_cpl vmx smx est tm2 ssse3 cx16 xtpr pdcm pcid sse4_1 sse4_2 x2apic popcnt tsc_deadline_timer aes xsave avx lahf_lm ida arat epb xsaveopt pln pts dts tpr_shadow vnmi flexpriority ept vpid
bogomips	: 6784.26
clflush size	: 64
cache_alignment	: 64
address sizes	: 36 bits physical, 48 bits virtual
power management:

processor	: 3
vendor_id	: GenuineIntel
cpu family	: 6
model		: 42
model name	: Intel(R) Core(TM) i7-2600 CPU @ 3.40GHz
stepping	: 7
microcode	: 0x14
cpu MHz		: 1600.000
cache size	: 8192 KB
physical id	: 0
siblings	: 8
core id		: 3
cpu cores	: 4
apicid		: 6
initial apicid	: 6
fpu		: yes
fpu_exception	: yes
cpuid level	: 13
wp		: yes
flags		: fpu vme de pse tsc msr pae mce cx8 apic sep mtrr pge mca cmov pat pse36 clflush dts acpi mmx fxsr sse sse2 ss ht tm pbe syscall nx rdtscp lm constant_tsc arch_perfmon pebs bts rep_good nopl xtopology nonstop_tsc aperfmperf pni pclmulqdq dtes64 monitor ds_cpl vmx smx est tm2 ssse3 cx16 xtpr pdcm pcid sse4_1 sse4_2 x2apic popcnt tsc_deadline_timer aes xsave avx lahf_lm ida arat epb xsaveopt pln pts dts tpr_shadow vnmi flexpriority ept vpid
bogomips	: 6784.27
clflush size	: 64
cache_alignment	: 64
address sizes	: 36 bits physical, 48 bits virtual
power management:

processor	: 4
vendor_id	: GenuineIntel
cpu family	: 6
model		: 42
model name	: Intel(R) Core(TM) i7-2600 CPU @ 3.40GHz
stepping	: 7
microcode	: 0x14
cpu MHz		: 3701.000
cache size	: 8192 KB
physical id	: 0
siblings	: 8
core id		: 0
cpu cores	: 4
apicid		: 1
initial apicid	: 1
fpu		: yes
fpu_exception	: yes
cpuid level	: 13
wp		: yes
flags		: fpu vme de pse tsc msr pae mce cx8 apic sep mtrr pge mca cmov pat pse36 clflush dts acpi mmx fxsr sse sse2 ss ht tm pbe syscall nx rdtscp lm constant_tsc arch_perfmon pebs bts rep_good nopl xtopology nonstop_tsc aperfmperf pni pclmulqdq dtes64 monitor ds_cpl vmx smx est tm2 ssse3 cx16 xtpr pdcm pcid sse4_1 sse4_2 x2apic popcnt tsc_deadline_timer aes xsave avx lahf_lm ida arat epb xsaveopt pln pts dts tpr_shadow vnmi flexpriority ept vpid
bogomips	: 6784.26
clflush size	: 64
cache_alignment	: 64
address sizes	: 36 bits physical, 48 bits virtual
power management:

processor	: 5
vendor_id	: GenuineIntel
cpu family	: 6
model		: 42
model name	: Intel(R) Core(TM) i7-2600 CPU @ 3.40GHz
stepping	: 7
microcode	: 0x14
cpu MHz		: 1600.000
cache size	: 8192 KB
physical id	: 0
siblings	: 8
core id		: 1
cpu cores	: 4
apicid		: 3
initial apicid	: 3
fpu		: yes
fpu_exception	: yes
cpuid level	: 13
wp		: yes
flags		: fpu vme de pse tsc msr pae mce cx8 apic sep mtrr pge mca cmov pat pse36 clflush dts acpi mmx fxsr sse sse2 ss ht tm pbe syscall nx rdtscp lm constant_tsc arch_perfmon pebs bts rep_good nopl xtopology nonstop_tsc aperfmperf pni pclmulqdq dtes64 monitor ds_cpl vmx smx est tm2 ssse3 cx16 xtpr pdcm pcid sse4_1 sse4_2 x2apic popcnt tsc_deadline_timer aes xsave avx lahf_lm ida arat epb xsaveopt pln pts dts tpr_shadow vnmi flexpriority ept vpid
bogomips	: 6784.25
clflush size	: 64
cache_alignment	: 64
address sizes	: 36 bits physical, 48 bits virtual
power management:

processor	: 6
vendor_id	: GenuineIntel
cpu family	: 6
model		: 42
model name	: Intel(R) Core(TM) i7-2600 CPU @ 3.40GHz
stepping	: 7
microcode	: 0x14
cpu MHz		: 1600.000
cache size	: 8192 KB
physical id	: 0
siblings	: 8
core id		: 2
cpu cores	: 4
apicid		: 5
initial apicid	: 5
fpu		: yes
fpu_exception	: yes
cpuid level	: 13
wp		: yes
flags		: fpu vme de pse tsc msr pae mce cx8 apic sep mtrr pge mca cmov pat pse36 clflush dts acpi mmx fxsr sse sse2 ss ht tm pbe syscall nx rdtscp lm constant_tsc arch_perfmon pebs bts rep_good nopl xtopology nonstop_tsc aperfmperf pni pclmulqdq dtes64 monitor ds_cpl vmx smx est tm2 ssse3 cx16 xtpr pdcm pcid sse4_1 sse4_2 x2apic popcnt tsc_deadline_timer aes xsave avx lahf_lm ida arat epb xsaveopt pln pts dts tpr_shadow vnmi flexpriority ept vpid
bogomips	: 6784.27
clflush size	: 64
cache_alignment	: 64
address sizes	: 36 bits physical, 48 bits virtual
power management:

processor	: 7
vendor_id	: GenuineIntel
cpu family	: 6
model		: 42
model name	: Intel(R) Core(TM) i7-2600 CPU @ 3.40GHz
stepping	: 7
microcode	: 0x14
cpu MHz		: 3701.000
cache size	: 8192 KB
physical id	: 0
siblings	: 8
core id		: 3
cpu cores	: 4
apicid		: 7
initial apicid	: 7
fpu		: yes
fpu_exception	: yes
cpuid level	: 13
wp		: yes
flags		: fpu vme de pse tsc msr pae mce cx8 apic sep mtrr pge mca cmov pat pse36 clflush dts acpi mmx fxsr sse sse2 ss ht tm pbe syscall nx rdtscp lm constant_tsc arch_perfmon pebs bts rep_good nopl xtopology nonstop_tsc aperfmperf pni pclmulqdq dtes64 monitor ds_cpl vmx smx est tm2 ssse3 cx16 xtpr pdcm pcid sse4_1 sse4_2 x2apic popcnt tsc_deadline_timer aes xsave avx lahf_lm ida arat epb xsaveopt pln pts dts tpr_shadow vnmi flexpriority ept vpid
bogomips	: 6784.26
clflush size	: 64
cache_alignment	: 64
address sizes	: 36 bits physical, 48 bits virtual
power management:



Memory: 4k page, physical 12290156k(8949332k free), swap 8388604k(8388604k free)

vm_info: Java HotSpot(TM) 64-Bit Server VM (20.7-b02) for linux-amd64 JRE (1.6.0_32-b05), built on Apr  5 2012 14:09:59 by "java_re" with gcc 3.2.2 (SuSE Linux)

time: Sun Jul 22 01:47:44 2012
elapsed time: 0 seconds

