#
# A fatal error has been detected by the Java Runtime Environment:
#
#  SIGSEGV (0xb) at pc=0x00007f2a6640489d, pid=8422, tid=139820087129856
#
# JRE version: 6.0_32-b05
# Java VM: Java HotSpot(TM) 64-Bit Server VM (20.7-b02 mixed mode linux-amd64 compressed oops)
# Problematic frame:
# C  [libOpenNI.so+0x4289d]  long long+0xd
#
# If you would like to submit a bug report, please visit:
#   http://java.sun.com/webapps/bugreport/crash.jsp
# The crash happened outside the Java Virtual Machine in native code.
# See problematic frame for where to report the bug.
#

---------------  T H R E A D  ---------------

Current thread (0x00007f2aa8240800):  JavaThread "Animation Thread" [_thread_in_native, id=8449, stack(0x00007f2a66903000,0x00007f2a66a04000)]

siginfo:si_signo=SIGSEGV: si_errno=0, si_code=1 (SEGV_MAPERR), si_addr=0x0000000000000000

Registers:
RAX=0x0000000000010012, RBX=0x0000000000000000, RCX=0x00007f2a44000028, RDX=0x00007f2a440ced60
RSP=0x00007f2a66a02470, RBP=0x0000000000000002, RSI=0x0000000000000002, RDI=0x0000000000000000
R8 =0x0000000000000001, R9 =0x0000000000000000, R10=0x00007f2a66a02230, R11=0x00007f2a66404890
R12=0x000000000001001d, R13=0x0000000000000000, R14=0x0000000000000001, R15=0x00007f2aa8240800
RIP=0x00007f2a6640489d, EFLAGS=0x0000000000010202, CSGSFS=0x0000000000000033, ERR=0x0000000000000004
  TRAPNO=0x000000000000000e

Top of Stack: (sp=0x00007f2a66a02470)
0x00007f2a66a02470:   0000000000000000 0000000000000001
0x00007f2a66a02480:   0000000000000000 00007f2a440a6bf0
0x00007f2a66a02490:   00007f2a440d86f0 00007f2a666c9144
0x00007f2a66a024a0:   00007f2aa81a3dc0 00007f2a74003550
0x00007f2a66a024b0:   00007f2ab04f9ab0 00007f2a68157ca8
0x00007f2a66a024c0:   00000000092f7452 0000000000000000
0x00007f2a66a024d0:   000000000014b2c9 000000073fdcd520
0x00007f2a66a024e0:   00000000002ba4d0 0000000000000000
0x00007f2a66a024f0:   00007f2a66a02650 00007f2aa8240800
0x00007f2a66a02500:   00007f2a66645000 00007f2ab0e6f774
0x00007f2a66a02510:   00007f2a00000005 0000000000000000
0x00007f2a66a02520:   00007f2a6664e2d0 00007f2aa8240800
0x00007f2a66a02530:   00007f2a66a02590 000000073fdcd520
0x00007f2a66a02540:   0000000000000000 0000000000000000
0x00007f2a66a02550:   000000073fdcd520 00007f2ab0e76235
0x00007f2a66a02560:   0000000000000001 00007f2a66a02640
0x00007f2a66a02570:   0000000000000001 0000000000000002
0x00007f2a66a02580:   000000073fdcd520 00007f2a66a02618
0x00007f2a66a02590:   0000000000000000 000000073fdcd520
0x00007f2a66a025a0:   00007f2a66a02650 00007f2aa5010d6e
0x00007f2a66a025b0:   00007f2a66a02698 00007f2a66a02638
0x00007f2a66a025c0:   00007f2aa5004dd0 00007f2a00000000
0x00007f2a66a025d0:   00007f2aa8240800 00007f2a66a025d8
0x00007f2a66a025e0:   000000073fdcd520 00007f2a66a02650
0x00007f2a66a025f0:   000000073fdf72d8 0000000000000000
0x00007f2a66a02600:   000000073fdcd520 0000000000000000
0x00007f2a66a02610:   00007f2a66a02638 00007f2a66a02698
0x00007f2a66a02620:   00007f2aa500585a 000000073fdf7270
0x00007f2a66a02630:   00007f2aa500df40 0000000000000002
0x00007f2a66a02640:   00000007c1d4fd18 00007f2a440d86f0
0x00007f2a66a02650:   00000007c1d4fd18 00007f2a66a02658
0x00007f2a66a02660:   000000073fd837fc 00007f2a66a026b0 

Instructions: (pc=0x00007f2a6640489d)
0x00007f2a6640487d:   00 00 00 31 c0 c3 66 66 66 66 2e 0f 1f 84 00 00
0x00007f2a6640488d:   00 00 00 53 b8 12 00 01 00 48 89 fb 48 83 ec 20
0x00007f2a6640489d:   48 8b 17 8b 4a 10 85 c9 74 49 48 8b 52 08 8b 12
0x00007f2a664048ad:   81 e2 00 00 00 02 74 3b 8b 47 48 48 c7 44 24 18 

Register to memory mapping:

RAX=0x0000000000010012 is an unknown value
RBX=0x0000000000000000 is an unknown value
RCX=0x00007f2a44000028 is an unknown value
RDX=0x00007f2a440ced60 is an unknown value
RSP=0x00007f2a66a02470 is pointing into the stack for thread: 0x00007f2aa8240800
RBP=0x0000000000000002 is an unknown value
RSI=0x0000000000000002 is an unknown value
RDI=0x0000000000000000 is an unknown value
R8 =0x0000000000000001 is an unknown value
R9 =0x0000000000000000 is an unknown value
R10=0x00007f2a66a02230 is pointing into the stack for thread: 0x00007f2aa8240800
R11=0x00007f2a66404890: xnSetSkeletonProfile+0 in /usr/lib/libOpenNI.so at 0x00007f2a663c2000
R12=0x000000000001001d is an unknown value
R13=0x0000000000000000 is an unknown value
R14=0x0000000000000001 is an unknown value
R15=0x00007f2aa8240800 is a thread


Stack: [0x00007f2a66903000,0x00007f2a66a04000],  sp=0x00007f2a66a02470,  free space=1021k
Native frames: (J=compiled Java code, j=interpreted, Vv=VM code, C=native code)
C  [libOpenNI.so+0x4289d]  long long+0xd

Java frames: (J=compiled Java code, j=interpreted, Vv=VM code)
j  SimpleOpenNI.SimpleOpenNIJNI.ContextWrapper_enableUserSwigExplicitContextWrapper(JLSimpleOpenNI/ContextWrapper;I)Z+0
j  SimpleOpenNI.ContextWrapper.enableUser(I)Z+28
j  SimpleOpenNI.SimpleOpenNI.enableUser(ILjava/lang/Object;)Z+17
j  SimpleOpenNI.SimpleOpenNI.enableUser(I)Z+6
j  userTracking.simpleTracking.setup()V+40
j  processing.core.PApplet.handleDraw()V+65
j  processing.core.PApplet.run()V+72
j  java.lang.Thread.run()V+11
v  ~StubRoutines::call_stub

---------------  P R O C E S S  ---------------

Java Threads: ( => current thread )
=>0x00007f2aa8240800 JavaThread "Animation Thread" [_thread_in_native, id=8449, stack(0x00007f2a66903000,0x00007f2a66a04000)]
  0x00007f2a5400a000 JavaThread "AWT-EventQueue-0" [_thread_blocked, id=8448, stack(0x00007f2a66a04000,0x00007f2a66b05000)]
  0x00007f2aa823f800 JavaThread "AWT-Shutdown" [_thread_blocked, id=8447, stack(0x00007f2a66b05000,0x00007f2a66c06000)]
  0x00007f2aa822d800 JavaThread "Image Fetcher 0" daemon [_thread_blocked, id=8446, stack(0x00007f2a66c06000,0x00007f2a66d07000)]
  0x00007f2aa821a000 JavaThread "AWT-XAWT" daemon [_thread_in_native, id=8445, stack(0x00007f2a66f10000,0x00007f2a67011000)]
  0x00007f2aa8108800 JavaThread "Java2D Disposer" daemon [_thread_blocked, id=8444, stack(0x00007f2aa4093000,0x00007f2aa4194000)]
  0x00007f2aa8099800 JavaThread "Low Memory Detector" daemon [_thread_blocked, id=8442, stack(0x00007f2aa4cfd000,0x00007f2aa4dfe000)]
  0x00007f2aa8097800 JavaThread "C2 CompilerThread1" daemon [_thread_blocked, id=8441, stack(0x00007f2aa4dfe000,0x00007f2aa4eff000)]
  0x00007f2aa8094800 JavaThread "C2 CompilerThread0" daemon [_thread_blocked, id=8440, stack(0x00007f2aa4eff000,0x00007f2aa5000000)]
  0x00007f2aa8092800 JavaThread "Signal Dispatcher" daemon [_thread_blocked, id=8439, stack(0x00007f2aac0e3000,0x00007f2aac1e4000)]
  0x00007f2aa8076000 JavaThread "Finalizer" daemon [_thread_blocked, id=8438, stack(0x00007f2aac8c7000,0x00007f2aac9c8000)]
  0x00007f2aa8074800 JavaThread "Reference Handler" daemon [_thread_blocked, id=8437, stack(0x00007f2aac9c8000,0x00007f2aacac9000)]
  0x00007f2aa8008000 JavaThread "main" [_thread_blocked, id=8427, stack(0x00007f2aaf67d000,0x00007f2aaf77e000)]

Other Threads:
  0x00007f2aa806d800 VMThread [stack: 0x00007f2aacac9000,0x00007f2aacbca000] [id=8436]
  0x00007f2aa80ac800 WatcherThread [stack: 0x00007f2aa4bfc000,0x00007f2aa4cfd000] [id=8443]

VM state:not at safepoint (normal execution)

VM Mutex/Monitor currently owned by a thread: None

Heap
 PSYoungGen      total 56000K, used 9120K [0x00000007c1760000, 0x00000007c55e0000, 0x0000000800000000)
  eden space 48000K, 19% used [0x00000007c1760000,0x00000007c2048158,0x00000007c4640000)
  from space 8000K, 0% used [0x00000007c4e10000,0x00000007c4e10000,0x00000007c55e0000)
  to   space 8000K, 0% used [0x00000007c4640000,0x00000007c4640000,0x00000007c4e10000)
 PSOldGen        total 128064K, used 0K [0x0000000744600000, 0x000000074c310000, 0x00000007c1760000)
  object space 128064K, 0% used [0x0000000744600000,0x0000000744600000,0x000000074c310000)
 PSPermGen       total 21248K, used 10245K [0x000000073f400000, 0x00000007408c0000, 0x0000000744600000)
  object space 21248K, 48% used [0x000000073f400000,0x000000073fe01648,0x00000007408c0000)

Code Cache  [0x00007f2aa5000000, 0x00007f2aa5270000, 0x00007f2aa8000000)
 total_blobs=501 nmethods=21 adapters=435 free_code_cache=49728960 largest_free_block=12032

Dynamic libraries:
40000000-40009000 r-xp 00000000 08:14 1192322                            /usr/lib/jvm/bin/java
40108000-4010a000 rwxp 00008000 08:14 1192322                            /usr/lib/jvm/bin/java
40188000-401a9000 rwxp 00000000 00:00 0                                  [heap]
73f400000-7408c0000 rwxp 00000000 00:00 0 
7408c0000-744600000 rwxp 00000000 00:00 0 
744600000-74c310000 rwxp 00000000 00:00 0 
74c310000-7c1760000 rwxp 00000000 00:00 0 
7c1760000-7c55e0000 rwxp 00000000 00:00 0 
7c55e0000-800000000 rwxp 00000000 00:00 0 
7f2a41eaa000-7f2a41f3c000 r-xp 00000000 08:14 658014                     /usr/lib/libXnDeviceSensorV2.so
7f2a41f3c000-7f2a4213b000 ---p 00092000 08:14 658014                     /usr/lib/libXnDeviceSensorV2.so
7f2a4213b000-7f2a4214b000 r-xp 00091000 08:14 658014                     /usr/lib/libXnDeviceSensorV2.so
7f2a4214b000-7f2a4214c000 rwxp 000a1000 08:14 658014                     /usr/lib/libXnDeviceSensorV2.so
7f2a4214c000-7f2a42173000 r-xp 00000000 08:14 673565                     /usr/lib/libXnDeviceFile.so
7f2a42173000-7f2a42373000 ---p 00027000 08:14 673565                     /usr/lib/libXnDeviceFile.so
7f2a42373000-7f2a42375000 r-xp 00027000 08:14 673565                     /usr/lib/libXnDeviceFile.so
7f2a42375000-7f2a42376000 rwxp 00029000 08:14 673565                     /usr/lib/libXnDeviceFile.so
7f2a42376000-7f2a423be000 r-xp 00000000 08:14 673564                     /usr/lib/libXnDDK.so
7f2a423be000-7f2a425be000 ---p 00048000 08:14 673564                     /usr/lib/libXnDDK.so
7f2a425be000-7f2a425c1000 r-xp 00048000 08:14 673564                     /usr/lib/libXnDDK.so
7f2a425c1000-7f2a425c3000 rwxp 0004b000 08:14 673564                     /usr/lib/libXnDDK.so
7f2a425c3000-7f2a425e7000 r-xp 00000000 08:14 673567                     /usr/lib/libXnFormats.so
7f2a425e7000-7f2a427e7000 ---p 00024000 08:14 673567                     /usr/lib/libXnFormats.so
7f2a427e7000-7f2a427e8000 r-xp 00024000 08:14 673567                     /usr/lib/libXnFormats.so
7f2a427e8000-7f2a427e9000 rwxp 00025000 08:14 673567                     /usr/lib/libXnFormats.so
7f2a427e9000-7f2a42809000 rwxp 00000000 00:00 0 
7f2a42809000-7f2a4280c000 r-xp 00000000 08:14 673563                     /usr/lib/libXnCore.so
7f2a4280c000-7f2a42a0b000 ---p 00003000 08:14 673563                     /usr/lib/libXnCore.so
7f2a42a0b000-7f2a42a0c000 r-xp 00002000 08:14 673563                     /usr/lib/libXnCore.so
7f2a42a0c000-7f2a42a0d000 rwxp 00003000 08:14 673563                     /usr/lib/libXnCore.so
7f2a42a0d000-7f2a42b01000 r-xp 00000000 08:14 673497                     /usr/lib/libXnVHandGenerator_1_5_2.so
7f2a42b01000-7f2a42d00000 ---p 000f4000 08:14 673497                     /usr/lib/libXnVHandGenerator_1_5_2.so
7f2a42d00000-7f2a42d05000 r-xp 000f3000 08:14 673497                     /usr/lib/libXnVHandGenerator_1_5_2.so
7f2a42d05000-7f2a42d06000 rwxp 000f8000 08:14 673497                     /usr/lib/libXnVHandGenerator_1_5_2.so
7f2a42d06000-7f2a42d14000 rwxp 00000000 00:00 0 
7f2a42d14000-7f2a42dec000 r-xp 00000000 08:14 673494                     /usr/lib/libXnVHandGenerator_1_4_2.so
7f2a42dec000-7f2a42feb000 ---p 000d8000 08:14 673494                     /usr/lib/libXnVHandGenerator_1_4_2.so
7f2a42feb000-7f2a42ff0000 r-xp 000d7000 08:14 673494                     /usr/lib/libXnVHandGenerator_1_4_2.so
7f2a42ff0000-7f2a42ff1000 rwxp 000dc000 08:14 673494                     /usr/lib/libXnVHandGenerator_1_4_2.so
7f2a42ff1000-7f2a42ff4000 rwxp 00000000 00:00 0 
7f2a42ff4000-7f2a430cc000 r-xp 00000000 08:14 673491                     /usr/lib/libXnVHandGenerator_1_4_1.so
7f2a430cc000-7f2a432cb000 ---p 000d8000 08:14 673491                     /usr/lib/libXnVHandGenerator_1_4_1.so
7f2a432cb000-7f2a432d0000 r-xp 000d7000 08:14 673491                     /usr/lib/libXnVHandGenerator_1_4_1.so
7f2a432d0000-7f2a432d1000 rwxp 000dc000 08:14 673491                     /usr/lib/libXnVHandGenerator_1_4_1.so
7f2a432d1000-7f2a432d4000 rwxp 00000000 00:00 0 
7f2a432d4000-7f2a433b7000 r-xp 00000000 08:14 673488                     /usr/lib/libXnVHandGenerator_1_3_1.so
7f2a433b7000-7f2a435b7000 ---p 000e3000 08:14 673488                     /usr/lib/libXnVHandGenerator_1_3_1.so
7f2a435b7000-7f2a435bc000 r-xp 000e3000 08:14 673488                     /usr/lib/libXnVHandGenerator_1_3_1.so
7f2a435bc000-7f2a435bd000 rwxp 000e8000 08:14 673488                     /usr/lib/libXnVHandGenerator_1_3_1.so
7f2a435bd000-7f2a435c0000 rwxp 00000000 00:00 0 
7f2a435c0000-7f2a439d5000 r-xp 00000000 08:14 673481                     /usr/lib/libXnVFeatures_1_5_2.so
7f2a439d5000-7f2a43bd5000 ---p 00415000 08:14 673481                     /usr/lib/libXnVFeatures_1_5_2.so
7f2a43bd5000-7f2a43be6000 r-xp 00415000 08:14 673481                     /usr/lib/libXnVFeatures_1_5_2.so
7f2a43be6000-7f2a43be8000 rwxp 00426000 08:14 673481                     /usr/lib/libXnVFeatures_1_5_2.so
7f2a43be8000-7f2a43bfd000 rwxp 00000000 00:00 0 
7f2a43bfd000-7f2a43df4000 r-xp 00000000 08:14 673470                     /usr/lib/libXnVFeatures_1_4_2.so
7f2a43df4000-7f2a43ff3000 ---p 001f7000 08:14 673470                     /usr/lib/libXnVFeatures_1_4_2.so
7f2a43ff3000-7f2a43ff9000 r-xp 001f6000 08:14 673470                     /usr/lib/libXnVFeatures_1_4_2.so
7f2a43ff9000-7f2a43ffa000 rwxp 001fc000 08:14 673470                     /usr/lib/libXnVFeatures_1_4_2.so
7f2a43ffa000-7f2a44000000 rwxp 00000000 00:00 0 
7f2a44000000-7f2a44142000 rwxp 00000000 00:00 0 
7f2a44142000-7f2a48000000 ---p 00000000 00:00 0 
7f2a48000000-7f2a48021000 rwxp 00000000 00:00 0 
7f2a48021000-7f2a4c000000 ---p 00000000 00:00 0 
7f2a4c000000-7f2a4c021000 rwxp 00000000 00:00 0 
7f2a4c021000-7f2a50000000 ---p 00000000 00:00 0 
7f2a50000000-7f2a50119000 rwxp 00000000 00:00 0 
7f2a50119000-7f2a54000000 ---p 00000000 00:00 0 
7f2a54000000-7f2a54021000 rwxp 00000000 00:00 0 
7f2a54021000-7f2a58000000 ---p 00000000 00:00 0 
7f2a58000000-7f2a58021000 rwxp 00000000 00:00 0 
7f2a58021000-7f2a5c000000 ---p 00000000 00:00 0 
7f2a5c000000-7f2a5c021000 rwxp 00000000 00:00 0 
7f2a5c021000-7f2a60000000 ---p 00000000 00:00 0 
7f2a60000000-7f2a60021000 rwxp 00000000 00:00 0 
7f2a60021000-7f2a64000000 ---p 00000000 00:00 0 
7f2a64006000-7f2a6408f000 r-xp 00000000 08:14 673566                     /usr/lib/libXnDeviceSensorV2KM.so
7f2a6408f000-7f2a6428e000 ---p 00089000 08:14 673566                     /usr/lib/libXnDeviceSensorV2KM.so
7f2a6428e000-7f2a6429e000 r-xp 00088000 08:14 673566                     /usr/lib/libXnDeviceSensorV2KM.so
7f2a6429e000-7f2a6429f000 rwxp 00098000 08:14 673566                     /usr/lib/libXnDeviceSensorV2KM.so
7f2a6429f000-7f2a64496000 r-xp 00000000 08:14 673465                     /usr/lib/libXnVFeatures_1_4_1.so
7f2a64496000-7f2a64695000 ---p 001f7000 08:14 673465                     /usr/lib/libXnVFeatures_1_4_1.so
7f2a64695000-7f2a6469b000 r-xp 001f6000 08:14 673465                     /usr/lib/libXnVFeatures_1_4_1.so
7f2a6469b000-7f2a6469c000 rwxp 001fc000 08:14 673465                     /usr/lib/libXnVFeatures_1_4_1.so
7f2a6469c000-7f2a646a2000 rwxp 00000000 00:00 0 
7f2a646a2000-7f2a648e7000 r-xp 00000000 08:14 673460                     /usr/lib/libXnVFeatures_1_3_1.so
7f2a648e7000-7f2a64ae7000 ---p 00245000 08:14 673460                     /usr/lib/libXnVFeatures_1_3_1.so
7f2a64ae7000-7f2a64aed000 r-xp 00245000 08:14 673460                     /usr/lib/libXnVFeatures_1_3_1.so
7f2a64aed000-7f2a64aee000 rwxp 0024b000 08:14 673460                     /usr/lib/libXnVFeatures_1_3_1.so
7f2a64aee000-7f2a64af5000 rwxp 00000000 00:00 0 
7f2a64af5000-7f2a64b13000 r-xp 00000000 08:14 673299                     /usr/lib/libnimRecorder.so
7f2a64b13000-7f2a64d12000 ---p 0001e000 08:14 673299                     /usr/lib/libnimRecorder.so
7f2a64d12000-7f2a64d14000 r-xp 0001d000 08:14 673299                     /usr/lib/libnimRecorder.so
7f2a64d14000-7f2a64d15000 rwxp 0001f000 08:14 673299                     /usr/lib/libnimRecorder.so
7f2a64d15000-7f2a64d4b000 r-xp 00000000 08:14 673297                     /usr/lib/libnimCodecs.so
7f2a64d4b000-7f2a64f4b000 ---p 00036000 08:14 673297                     /usr/lib/libnimCodecs.so
7f2a64f4b000-7f2a64f4e000 r-xp 00036000 08:14 673297                     /usr/lib/libnimCodecs.so
7f2a64f4e000-7f2a64f4f000 rwxp 00039000 08:14 673297                     /usr/lib/libnimCodecs.so
7f2a64f4f000-7f2a64f6f000 rwxp 00000000 00:00 0 
7f2a64f6f000-7f2a64fa6000 r-xp 00000000 08:14 673298                     /usr/lib/libnimMockNodes.so
7f2a64fa6000-7f2a651a5000 ---p 00037000 08:14 673298                     /usr/lib/libnimMockNodes.so
7f2a651a5000-7f2a651b2000 r-xp 00036000 08:14 673298                     /usr/lib/libnimMockNodes.so
7f2a651b2000-7f2a651b3000 rwxp 00043000 08:14 673298                     /usr/lib/libnimMockNodes.so
7f2a651b3000-7f2a651b4000 ---p 00000000 00:00 0 
7f2a651b4000-7f2a659b4000 rwxp 00000000 00:00 0 
7f2a659b4000-7f2a659c2000 r-xp 00000000 08:14 788754                     /lib/x86_64-linux-gnu/libusb-1.0.so.0.1.0
7f2a659c2000-7f2a65bc1000 ---p 0000e000 08:14 788754                     /lib/x86_64-linux-gnu/libusb-1.0.so.0.1.0
7f2a65bc1000-7f2a65bc2000 r-xp 0000d000 08:14 788754                     /lib/x86_64-linux-gnu/libusb-1.0.so.0.1.0
7f2a65bc2000-7f2a65bc3000 rwxp 0000e000 08:14 788754                     /lib/x86_64-linux-gnu/libusb-1.0.so.0.1.0
7f2a65bc3000-7f2a65bd8000 r-xp 00000000 08:14 788672                     /lib/x86_64-linux-gnu/libgcc_s.so.1
7f2a65bd8000-7f2a65dd7000 ---p 00015000 08:14 788672                     /lib/x86_64-linux-gnu/libgcc_s.so.1
7f2a65dd7000-7f2a65dd8000 r-xp 00014000 08:14 788672                     /lib/x86_64-linux-gnu/libgcc_s.so.1
7f2a65dd8000-7f2a65dd9000 rwxp 00015000 08:14 788672                     /lib/x86_64-linux-gnu/libgcc_s.so.1
7f2a65dd9000-7f2a65ebb000 r-xp 00000000 08:14 662623                     /usr/lib/x86_64-linux-gnu/libstdc++.so.6.0.16
7f2a65ebb000-7f2a660ba000 ---p 000e2000 08:14 662623                     /usr/lib/x86_64-linux-gnu/libstdc++.so.6.0.16
7f2a660ba000-7f2a660c2000 r-xp 000e1000 08:14 662623                     /usr/lib/x86_64-linux-gnu/libstdc++.so.6.0.16
7f2a660c2000-7f2a660c4000 rwxp 000e9000 08:14 662623                     /usr/lib/x86_64-linux-gnu/libstdc++.so.6.0.16
7f2a660c4000-7f2a660d9000 rwxp 00000000 00:00 0 
7f2a660d9000-7f2a661bc000 r-xp 00000000 08:14 673381                     /usr/lib/libXnVNite_1_5_2.so
7f2a661bc000-7f2a663bb000 ---p 000e3000 08:14 673381                     /usr/lib/libXnVNite_1_5_2.so
7f2a663bb000-7f2a663c0000 r-xp 000e2000 08:14 673381                     /usr/lib/libXnVNite_1_5_2.so
7f2a663c0000-7f2a663c2000 rwxp 000e7000 08:14 673381                     /usr/lib/libXnVNite_1_5_2.so
7f2a663c2000-7f2a6643f000 r-xp 00000000 08:14 673301                     /usr/lib/libOpenNI.so
7f2a6643f000-7f2a6663e000 ---p 0007d000 08:14 673301                     /usr/lib/libOpenNI.so
7f2a6663e000-7f2a66641000 r-xp 0007c000 08:14 673301                     /usr/lib/libOpenNI.so
7f2a66641000-7f2a66644000 rwxp 0007f000 08:14 673301                     /usr/lib/libOpenNI.so
7f2a66644000-7f2a66645000 rwxp 00000000 00:00 0 
7f2a66645000-7f2a666fb000 r-xp 00000000 08:15 2627742                    /home/jailbirt/workspace/processingKinectExamples/libs/simpleOpenNi/library/library/libSimpleOpenNI64.so
7f2a666fb000-7f2a668fb000 ---p 000b6000 08:15 2627742                    /home/jailbirt/workspace/processingKinectExamples/libs/simpleOpenNi/library/library/libSimpleOpenNI64.so
7f2a668fb000-7f2a668ff000 r-xp 000b6000 08:15 2627742                    /home/jailbirt/workspace/processingKinectExamples/libs/simpleOpenNi/library/library/libSimpleOpenNI64.so
7f2a668ff000-7f2a66902000 rwxp 000ba000 08:15 2627742                    /home/jailbirt/workspace/processingKinectExamples/libs/simpleOpenNi/library/library/libSimpleOpenNI64.so
7f2a66902000-7f2a66903000 rwxp 00000000 00:00 0 
7f2a66903000-7f2a66906000 ---p 00000000 00:00 0 
7f2a66906000-7f2a66a04000 rwxp 00000000 00:00 0 
7f2a66a04000-7f2a66a07000 ---p 00000000 00:00 0 
7f2a66a07000-7f2a66b05000 rwxp 00000000 00:00 0 
7f2a66b05000-7f2a66b08000 ---p 00000000 00:00 0 
7f2a66b08000-7f2a66c06000 rwxp 00000000 00:00 0 
7f2a66c06000-7f2a66c09000 ---p 00000000 00:00 0 
7f2a66c09000-7f2a66d07000 rwxp 00000000 00:00 0 
7f2a66d07000-7f2a66d0f000 r-xp 00000000 08:14 662127                     /usr/lib/x86_64-linux-gnu/libXrandr.so.2.2.0
7f2a66d0f000-7f2a66f0e000 ---p 00008000 08:14 662127                     /usr/lib/x86_64-linux-gnu/libXrandr.so.2.2.0
7f2a66f0e000-7f2a66f0f000 r-xp 00007000 08:14 662127                     /usr/lib/x86_64-linux-gnu/libXrandr.so.2.2.0
7f2a66f0f000-7f2a66f10000 rwxp 00008000 08:14 662127                     /usr/lib/x86_64-linux-gnu/libXrandr.so.2.2.0
7f2a66f10000-7f2a66f13000 ---p 00000000 00:00 0 
7f2a66f13000-7f2a67011000 rwxp 00000000 00:00 0 
7f2a67011000-7f2a67016000 r-xp 00000000 08:14 662111                     /usr/lib/x86_64-linux-gnu/libXfixes.so.3.1.0
7f2a67016000-7f2a67215000 ---p 00005000 08:14 662111                     /usr/lib/x86_64-linux-gnu/libXfixes.so.3.1.0
7f2a67215000-7f2a67216000 r-xp 00004000 08:14 662111                     /usr/lib/x86_64-linux-gnu/libXfixes.so.3.1.0
7f2a67216000-7f2a67217000 rwxp 00005000 08:14 662111                     /usr/lib/x86_64-linux-gnu/libXfixes.so.3.1.0
7f2a67217000-7f2a67220000 r-xp 00000000 08:14 662129                     /usr/lib/x86_64-linux-gnu/libXrender.so.1.3.0
7f2a67220000-7f2a6741f000 ---p 00009000 08:14 662129                     /usr/lib/x86_64-linux-gnu/libXrender.so.1.3.0
7f2a6741f000-7f2a67420000 r-xp 00008000 08:14 662129                     /usr/lib/x86_64-linux-gnu/libXrender.so.1.3.0
7f2a67420000-7f2a67421000 rwxp 00009000 08:14 662129                     /usr/lib/x86_64-linux-gnu/libXrender.so.1.3.0
7f2a67421000-7f2a6742a000 r-xp 00000000 08:14 662103                     /usr/lib/x86_64-linux-gnu/libXcursor.so.1.0.2
7f2a6742a000-7f2a67629000 ---p 00009000 08:14 662103                     /usr/lib/x86_64-linux-gnu/libXcursor.so.1.0.2
7f2a67629000-7f2a6762a000 r-xp 00008000 08:14 662103                     /usr/lib/x86_64-linux-gnu/libXcursor.so.1.0.2
7f2a6762a000-7f2a6762b000 rwxp 00009000 08:14 662103                     /usr/lib/x86_64-linux-gnu/libXcursor.so.1.0.2
7f2a6762b000-7f2a676a4000 r-xp 00000000 08:14 1454604                    /usr/lib/jvm/jre/lib/amd64/libfontmanager.so
7f2a676a4000-7f2a677a3000 ---p 00079000 08:14 1454604                    /usr/lib/jvm/jre/lib/amd64/libfontmanager.so
7f2a677a3000-7f2a677b8000 rwxp 00078000 08:14 1454604                    /usr/lib/jvm/jre/lib/amd64/libfontmanager.so
7f2a677b8000-7f2a677ca000 rwxp 00000000 00:00 0 
7f2a677ca000-7f2a677cf000 r-xp 00000000 08:14 662107                     /usr/lib/x86_64-linux-gnu/libXdmcp.so.6.0.0
7f2a677cf000-7f2a679ce000 ---p 00005000 08:14 662107                     /usr/lib/x86_64-linux-gnu/libXdmcp.so.6.0.0
7f2a679ce000-7f2a679cf000 r-xp 00004000 08:14 662107                     /usr/lib/x86_64-linux-gnu/libXdmcp.so.6.0.0
7f2a679cf000-7f2a679d0000 rwxp 00005000 08:14 662107                     /usr/lib/x86_64-linux-gnu/libXdmcp.so.6.0.0
7f2a679d0000-7f2a679d2000 r-xp 00000000 08:14 662096                     /usr/lib/x86_64-linux-gnu/libXau.so.6.0.0
7f2a679d2000-7f2a67bd1000 ---p 00002000 08:14 662096                     /usr/lib/x86_64-linux-gnu/libXau.so.6.0.0
7f2a67bd1000-7f2a67bd2000 r-xp 00001000 08:14 662096                     /usr/lib/x86_64-linux-gnu/libXau.so.6.0.0
7f2a67bd2000-7f2a67bd3000 rwxp 00002000 08:14 662096                     /usr/lib/x86_64-linux-gnu/libXau.so.6.0.0
7f2a67bd3000-7f2a67bf0000 r-xp 00000000 08:14 662695                     /usr/lib/x86_64-linux-gnu/libxcb.so.1.1.0
7f2a67bf0000-7f2a67def000 ---p 0001d000 08:14 662695                     /usr/lib/x86_64-linux-gnu/libxcb.so.1.1.0
7f2a67def000-7f2a67df0000 r-xp 0001c000 08:14 662695                     /usr/lib/x86_64-linux-gnu/libxcb.so.1.1.0
7f2a67df0000-7f2a67df1000 rwxp 0001d000 08:14 662695                     /usr/lib/x86_64-linux-gnu/libxcb.so.1.1.0
7f2a67df1000-7f2a67dff000 r-xp 00000000 08:14 662115                     /usr/lib/x86_64-linux-gnu/libXi.so.6.1.0
7f2a67dff000-7f2a67ffe000 ---p 0000e000 08:14 662115                     /usr/lib/x86_64-linux-gnu/libXi.so.6.1.0
7f2a67ffe000-7f2a67fff000 r-xp 0000d000 08:14 662115                     /usr/lib/x86_64-linux-gnu/libXi.so.6.1.0
7f2a67fff000-7f2a68000000 rwxp 0000e000 08:14 662115                     /usr/lib/x86_64-linux-gnu/libXi.so.6.1.0
7f2a68000000-7f2a6826f000 rwxp 00000000 00:00 0 
7f2a6826f000-7f2a6c000000 ---p 00000000 00:00 0 
7f2a6c000000-7f2a6c021000 rwxp 00000000 00:00 0 
7f2a6c021000-7f2a70000000 ---p 00000000 00:00 0 
7f2a70000000-7f2a70021000 rwxp 00000000 00:00 0 
7f2a70021000-7f2a74000000 ---p 00000000 00:00 0 
7f2a74000000-7f2a74323000 rwxp 00000000 00:00 0 
7f2a74323000-7f2a78000000 ---p 00000000 00:00 0 
7f2a78000000-7f2a78021000 rwxp 00000000 00:00 0 
7f2a78021000-7f2a7c000000 ---p 00000000 00:00 0 
7f2a7c000000-7f2a7c021000 rwxp 00000000 00:00 0 
7f2a7c021000-7f2a80000000 ---p 00000000 00:00 0 
7f2a80000000-7f2a80021000 rwxp 00000000 00:00 0 
7f2a80021000-7f2a84000000 ---p 00000000 00:00 0 
7f2a84000000-7f2a84021000 rwxp 00000000 00:00 0 
7f2a84021000-7f2a88000000 ---p 00000000 00:00 0 
7f2a88000000-7f2a88021000 rwxp 00000000 00:00 0 
7f2a88021000-7f2a8c000000 ---p 00000000 00:00 0 
7f2a8c000000-7f2a8c021000 rwxp 00000000 00:00 0 
7f2a8c021000-7f2a90000000 ---p 00000000 00:00 0 
7f2a90000000-7f2a90021000 rwxp 00000000 00:00 0 
7f2a90021000-7f2a94000000 ---p 00000000 00:00 0 
7f2a94000000-7f2a94021000 rwxp 00000000 00:00 0 
7f2a94021000-7f2a98000000 ---p 00000000 00:00 0 
7f2a98000000-7f2a98021000 rwxp 00000000 00:00 0 
7f2a98021000-7f2a9c000000 ---p 00000000 00:00 0 
7f2a9c000000-7f2a9c021000 rwxp 00000000 00:00 0 
7f2a9c021000-7f2aa0000000 ---p 00000000 00:00 0 
7f2aa0000000-7f2aa0021000 rwxp 00000000 00:00 0 
7f2aa0021000-7f2aa4000000 ---p 00000000 00:00 0 
7f2aa4093000-7f2aa4096000 ---p 00000000 00:00 0 
7f2aa4096000-7f2aa4194000 rwxp 00000000 00:00 0 
7f2aa4194000-7f2aa4199000 r-xp 00000000 08:14 662133                     /usr/lib/x86_64-linux-gnu/libXtst.so.6.1.0
7f2aa4199000-7f2aa4398000 ---p 00005000 08:14 662133                     /usr/lib/x86_64-linux-gnu/libXtst.so.6.1.0
7f2aa4398000-7f2aa4399000 r-xp 00004000 08:14 662133                     /usr/lib/x86_64-linux-gnu/libXtst.so.6.1.0
7f2aa4399000-7f2aa439a000 rwxp 00005000 08:14 662133                     /usr/lib/x86_64-linux-gnu/libXtst.so.6.1.0
7f2aa439a000-7f2aa44c9000 r-xp 00000000 08:14 662094                     /usr/lib/x86_64-linux-gnu/libX11.so.6.3.0
7f2aa44c9000-7f2aa46c9000 ---p 0012f000 08:14 662094                     /usr/lib/x86_64-linux-gnu/libX11.so.6.3.0
7f2aa46c9000-7f2aa46ca000 r-xp 0012f000 08:14 662094                     /usr/lib/x86_64-linux-gnu/libX11.so.6.3.0
7f2aa46ca000-7f2aa46ce000 rwxp 00130000 08:14 662094                     /usr/lib/x86_64-linux-gnu/libX11.so.6.3.0
7f2aa46ce000-7f2aa46de000 r-xp 00000000 08:14 662109                     /usr/lib/x86_64-linux-gnu/libXext.so.6.4.0
7f2aa46de000-7f2aa48dd000 ---p 00010000 08:14 662109                     /usr/lib/x86_64-linux-gnu/libXext.so.6.4.0
7f2aa48dd000-7f2aa48de000 r-xp 0000f000 08:14 662109                     /usr/lib/x86_64-linux-gnu/libXext.so.6.4.0
7f2aa48de000-7f2aa48df000 rwxp 00010000 08:14 662109                     /usr/lib/x86_64-linux-gnu/libXext.so.6.4.0
7f2aa48df000-7f2aa4921000 r-xp 00000000 08:14 1571968                    /usr/lib/jvm/jre/lib/amd64/xawt/libmawt.so
7f2aa4921000-7f2aa4a20000 ---p 00042000 08:14 1571968                    /usr/lib/jvm/jre/lib/amd64/xawt/libmawt.so
7f2aa4a20000-7f2aa4a2c000 rwxp 00041000 08:14 1571968                    /usr/lib/jvm/jre/lib/amd64/xawt/libmawt.so
7f2aa4a2c000-7f2aa4a2d000 rwxp 00000000 00:00 0 
7f2aa4a2d000-7f2aa4abf000 r-xp 00000000 08:14 1454608                    /usr/lib/jvm/jre/lib/amd64/libawt.so
7f2aa4abf000-7f2aa4bbe000 ---p 00092000 08:14 1454608                    /usr/lib/jvm/jre/lib/amd64/libawt.so
7f2aa4bbe000-7f2aa4bd8000 rwxp 00091000 08:14 1454608                    /usr/lib/jvm/jre/lib/amd64/libawt.so
7f2aa4bd8000-7f2aa4bfc000 rwxp 00000000 00:00 0 
7f2aa4bfc000-7f2aa4bfd000 ---p 00000000 00:00 0 
7f2aa4bfd000-7f2aa4cfd000 rwxp 00000000 00:00 0 
7f2aa4cfd000-7f2aa4d00000 ---p 00000000 00:00 0 
7f2aa4d00000-7f2aa4dfe000 rwxp 00000000 00:00 0 
7f2aa4dfe000-7f2aa4e01000 ---p 00000000 00:00 0 
7f2aa4e01000-7f2aa4eff000 rwxp 00000000 00:00 0 
7f2aa4eff000-7f2aa4f02000 ---p 00000000 00:00 0 
7f2aa4f02000-7f2aa5270000 rwxp 00000000 00:00 0 
7f2aa5270000-7f2aa82f9000 rwxp 00000000 00:00 0 
7f2aa82f9000-7f2aac000000 ---p 00000000 00:00 0 
7f2aac077000-7f2aac078000 rwxp 00000000 00:00 0 
7f2aac078000-7f2aac07b000 r-xs 00022000 08:15 2247532                    /home/jailbirt/workspace/processingKinectExamples/libs/simpleOpenNi/SimpleOpenNI.jar
7f2aac07b000-7f2aac07c000 r-xs 00001000 08:15 3674536                    /home/jailbirt/workspace/processingKinectExamples/libs/net/net.jar
7f2aac07c000-7f2aac07e000 r-xs 00008000 08:15 3674360                    /home/jailbirt/workspace/processingKinectExamples/libs/peasycam/library/peasycam.jar
7f2aac07e000-7f2aac07f000 r-xs 00005000 08:15 2495492                    /home/jailbirt/workspace/processingKinectExamples/libs/OBJLoader/library/OBJLoader.jar
7f2aac07f000-7f2aac082000 r-xs 00017000 08:15 2490784                    /home/jailbirt/workspace/processingKinectExamples/libs/minim/tritonus_share.jar
7f2aac082000-7f2aac083000 r-xs 00002000 08:15 2490783                    /home/jailbirt/workspace/processingKinectExamples/libs/minim/tritonus_aos.jar
7f2aac083000-7f2aac084000 r-xs 00005000 08:15 2490782                    /home/jailbirt/workspace/processingKinectExamples/libs/minim/mp3spi1.9.4.jar
7f2aac084000-7f2aac086000 r-xs 0000d000 08:15 2490781                    /home/jailbirt/workspace/processingKinectExamples/libs/minim/minim.jar
7f2aac086000-7f2aac087000 r-xs 00000000 08:15 2490780                    /home/jailbirt/workspace/processingKinectExamples/libs/minim/minim-spi.jar
7f2aac087000-7f2aac088000 r-xs 0000b000 08:15 2490779                    /home/jailbirt/workspace/processingKinectExamples/libs/minim/jsminim.jar
7f2aac088000-7f2aac08b000 r-xs 00017000 08:15 2490772                    /home/jailbirt/workspace/processingKinectExamples/libs/minim/jl1.0.jar
7f2aac08b000-7f2aac08c000 r-xs 00003000 08:15 2247358                    /home/jailbirt/workspace/processingKinectExamples/libs/openGL/opengl.jar
7f2aac08c000-7f2aac097000 r-xs 00108000 08:15 2247356                    /home/jailbirt/workspace/processingKinectExamples/libs/openGL/jogl.jar
7f2aac097000-7f2aac098000 r-xs 00004000 08:15 2247355                    /home/jailbirt/workspace/processingKinectExamples/libs/openGL/gluegen-rt.jar
7f2aac098000-7f2aac099000 r-xs 00000000 08:16 1707334                    /var/cache/fontconfig/c05880de57d1f5e948fdfacc138775d9-le64.cache-3
7f2aac099000-7f2aac0a2000 r-xs 00000000 08:16 1707329                    /var/cache/fontconfig/945677eb7aeaf62f1d50efc3fb3ec7d8-le64.cache-3
7f2aac0a2000-7f2aac0a4000 r-xs 00000000 08:16 1707330                    /var/cache/fontconfig/99e8ed0e538f840c565b6ed5dad60d56-le64.cache-3
7f2aac0a4000-7f2aac0ac000 r-xs 00000000 08:16 1707943                    /var/cache/fontconfig/a6d8cf8e4ec09cdbc8633c31745a07dd-le64.cache-3
7f2aac0ac000-7f2aac0b0000 r-xs 00000000 08:16 1707316                    /var/cache/fontconfig/2cd17615ca594fa2959ae173292e504c-le64.cache-3
7f2aac0b0000-7f2aac0b1000 r-xs 00000000 08:16 1707341                    /var/cache/fontconfig/e7071f4a29fa870f4323321c154eba04-le64.cache-3
7f2aac0b1000-7f2aac0b2000 r-xs 00000000 08:16 1707314                    /var/cache/fontconfig/0d8c3b2ac0904cb8a57a757ad11a4a08-le64.cache-3
7f2aac0b2000-7f2aac0b8000 r-xs 00000000 08:16 1707331                    /var/cache/fontconfig/a755afe4a08bf5b97852ceb7400b47bc-le64.cache-3
7f2aac0b8000-7f2aac0bc000 r-xs 00000000 08:16 1707325                    /var/cache/fontconfig/6d41288fd70b0be22e8c3a91e032eec0-le64.cache-3
7f2aac0bc000-7f2aac0cc000 r-xs 00000000 08:16 1707313                    /var/cache/fontconfig/04aabc0a78ac019cf9454389977116d2-le64.cache-3
7f2aac0cc000-7f2aac0cf000 r-xs 00000000 08:16 1707319                    /var/cache/fontconfig/385c0604a188198f04d133e54aba7fe7-le64.cache-3
7f2aac0cf000-7f2aac0d0000 r-xs 00000000 08:16 1707336                    /var/cache/fontconfig/4794a0821666d79190d59a36cb4f44b5-le64.cache-3
7f2aac0d0000-7f2aac0d3000 r-xs 00000000 08:16 1707328                    /var/cache/fontconfig/8801497958630a81b71ace7c5f9b32a8-le64.cache-3
7f2aac0d3000-7f2aac0e3000 r-xs 00000000 08:16 1707337                    /var/cache/fontconfig/d52a8644073d54c13679302ca1180695-le64.cache-3
7f2aac0e3000-7f2aac0e6000 ---p 00000000 00:00 0 
7f2aac0e6000-7f2aac1e4000 rwxp 00000000 00:00 0 
7f2aac1e4000-7f2aac8c7000 r-xp 00000000 08:14 661138                     /usr/lib/locale/locale-archive
7f2aac8c7000-7f2aac8ca000 ---p 00000000 00:00 0 
7f2aac8ca000-7f2aac9c8000 rwxp 00000000 00:00 0 
7f2aac9c8000-7f2aac9cb000 ---p 00000000 00:00 0 
7f2aac9cb000-7f2aacac9000 rwxp 00000000 00:00 0 
7f2aacac9000-7f2aacaca000 ---p 00000000 00:00 0 
7f2aacaca000-7f2aad507000 rwxp 00000000 00:00 0 
7f2aad507000-7f2aad69e000 r-xs 03079000 08:14 1454726                    /usr/lib/jvm/jre/lib/rt.jar
7f2aad69e000-7f2aad6c6000 rwxp 00000000 00:00 0 
7f2aad6c6000-7f2aad6c7000 ---p 00000000 00:00 0 
7f2aad6c7000-7f2aad7c7000 rwxp 00000000 00:00 0 
7f2aad7c7000-7f2aad7c8000 ---p 00000000 00:00 0 
7f2aad7c8000-7f2aad8c8000 rwxp 00000000 00:00 0 
7f2aad8c8000-7f2aad8c9000 ---p 00000000 00:00 0 
7f2aad8c9000-7f2aad9c9000 rwxp 00000000 00:00 0 
7f2aad9c9000-7f2aad9ca000 ---p 00000000 00:00 0 
7f2aad9ca000-7f2aadaca000 rwxp 00000000 00:00 0 
7f2aadaca000-7f2aadacb000 ---p 00000000 00:00 0 
7f2aadacb000-7f2aadbcb000 rwxp 00000000 00:00 0 
7f2aadbcb000-7f2aadbcc000 ---p 00000000 00:00 0 
7f2aadbcc000-7f2aadccc000 rwxp 00000000 00:00 0 
7f2aadccc000-7f2aadccd000 ---p 00000000 00:00 0 
7f2aadccd000-7f2aaddcd000 rwxp 00000000 00:00 0 
7f2aaddcd000-7f2aaddce000 ---p 00000000 00:00 0 
7f2aaddce000-7f2aaded9000 rwxp 00000000 00:00 0 
7f2aaded9000-7f2aadef7000 rwxp 00000000 00:00 0 
7f2aadef7000-7f2aadf36000 rwxp 00000000 00:00 0 
7f2aadf36000-7f2aae2e0000 rwxp 00000000 00:00 0 
7f2aae2e0000-7f2aae2eb000 rwxp 00000000 00:00 0 
7f2aae2eb000-7f2aae309000 rwxp 00000000 00:00 0 
7f2aae309000-7f2aae348000 rwxp 00000000 00:00 0 
7f2aae348000-7f2aae6f1000 rwxp 00000000 00:00 0 
7f2aae6f1000-7f2aae711000 rwxp 00000000 00:00 0 
7f2aae711000-7f2aae8e6000 rwxp 00000000 00:00 0 
7f2aae8e6000-7f2aae8e7000 rwxp 00000000 00:00 0 
7f2aae8e7000-7f2aae8f5000 r-xp 00000000 08:14 1454610                    /usr/lib/jvm/jre/lib/amd64/libzip.so
7f2aae8f5000-7f2aae9f7000 ---p 0000e000 08:14 1454610                    /usr/lib/jvm/jre/lib/amd64/libzip.so
7f2aae9f7000-7f2aae9fa000 rwxp 00010000 08:14 1454610                    /usr/lib/jvm/jre/lib/amd64/libzip.so
7f2aae9fa000-7f2aae9fb000 rwxp 00000000 00:00 0 
7f2aae9fb000-7f2aaea07000 r-xp 00000000 08:14 788702                     /lib/x86_64-linux-gnu/libnss_files-2.15.so
7f2aaea07000-7f2aaec06000 ---p 0000c000 08:14 788702                     /lib/x86_64-linux-gnu/libnss_files-2.15.so
7f2aaec06000-7f2aaec07000 r-xp 0000b000 08:14 788702                     /lib/x86_64-linux-gnu/libnss_files-2.15.so
7f2aaec07000-7f2aaec08000 rwxp 0000c000 08:14 788702                     /lib/x86_64-linux-gnu/libnss_files-2.15.so
7f2aaec08000-7f2aaec12000 r-xp 00000000 08:14 788706                     /lib/x86_64-linux-gnu/libnss_nis-2.15.so
7f2aaec12000-7f2aaee12000 ---p 0000a000 08:14 788706                     /lib/x86_64-linux-gnu/libnss_nis-2.15.so
7f2aaee12000-7f2aaee13000 r-xp 0000a000 08:14 788706                     /lib/x86_64-linux-gnu/libnss_nis-2.15.so
7f2aaee13000-7f2aaee14000 rwxp 0000b000 08:14 788706                     /lib/x86_64-linux-gnu/libnss_nis-2.15.so
7f2aaee14000-7f2aaee1c000 r-xp 00000000 08:14 788698                     /lib/x86_64-linux-gnu/libnss_compat-2.15.so
7f2aaee1c000-7f2aaf01b000 ---p 00008000 08:14 788698                     /lib/x86_64-linux-gnu/libnss_compat-2.15.so
7f2aaf01b000-7f2aaf01c000 r-xp 00007000 08:14 788698                     /lib/x86_64-linux-gnu/libnss_compat-2.15.so
7f2aaf01c000-7f2aaf01d000 rwxp 00008000 08:14 788698                     /lib/x86_64-linux-gnu/libnss_compat-2.15.so
7f2aaf01d000-7f2aaf034000 r-xp 00000000 08:14 788696                     /lib/x86_64-linux-gnu/libnsl-2.15.so
7f2aaf034000-7f2aaf233000 ---p 00017000 08:14 788696                     /lib/x86_64-linux-gnu/libnsl-2.15.so
7f2aaf233000-7f2aaf234000 r-xp 00016000 08:14 788696                     /lib/x86_64-linux-gnu/libnsl-2.15.so
7f2aaf234000-7f2aaf235000 rwxp 00017000 08:14 788696                     /lib/x86_64-linux-gnu/libnsl-2.15.so
7f2aaf235000-7f2aaf237000 rwxp 00000000 00:00 0 
7f2aaf237000-7f2aaf260000 r-xp 00000000 08:14 1450954                    /usr/lib/jvm/jre/lib/amd64/libjava.so
7f2aaf260000-7f2aaf35f000 ---p 00029000 08:14 1450954                    /usr/lib/jvm/jre/lib/amd64/libjava.so
7f2aaf35f000-7f2aaf366000 rwxp 00028000 08:14 1450954                    /usr/lib/jvm/jre/lib/amd64/libjava.so
7f2aaf366000-7f2aaf373000 r-xp 00000000 08:14 1450959                    /usr/lib/jvm/jre/lib/amd64/libverify.so
7f2aaf373000-7f2aaf472000 ---p 0000d000 08:14 1450959                    /usr/lib/jvm/jre/lib/amd64/libverify.so
7f2aaf472000-7f2aaf475000 rwxp 0000c000 08:14 1450959                    /usr/lib/jvm/jre/lib/amd64/libverify.so
7f2aaf475000-7f2aaf47c000 r-xp 00000000 08:14 788737                     /lib/x86_64-linux-gnu/librt-2.15.so
7f2aaf47c000-7f2aaf67b000 ---p 00007000 08:14 788737                     /lib/x86_64-linux-gnu/librt-2.15.so
7f2aaf67b000-7f2aaf67c000 r-xp 00006000 08:14 788737                     /lib/x86_64-linux-gnu/librt-2.15.so
7f2aaf67c000-7f2aaf67d000 rwxp 00007000 08:14 788737                     /lib/x86_64-linux-gnu/librt-2.15.so
7f2aaf67d000-7f2aaf680000 ---p 00000000 00:00 0 
7f2aaf680000-7f2aaf77e000 rwxp 00000000 00:00 0 
7f2aaf77e000-7f2aaf877000 r-xp 00000000 08:14 788683                     /lib/x86_64-linux-gnu/libm-2.15.so
7f2aaf877000-7f2aafa76000 ---p 000f9000 08:14 788683                     /lib/x86_64-linux-gnu/libm-2.15.so
7f2aafa76000-7f2aafa77000 r-xp 000f8000 08:14 788683                     /lib/x86_64-linux-gnu/libm-2.15.so
7f2aafa77000-7f2aafa78000 rwxp 000f9000 08:14 788683                     /lib/x86_64-linux-gnu/libm-2.15.so
7f2aafa78000-7f2ab0393000 r-xp 00000000 08:14 2100299                    /usr/lib/jvm/jre/lib/amd64/server/libjvm.so
7f2ab0393000-7f2ab0494000 ---p 0091b000 08:14 2100299                    /usr/lib/jvm/jre/lib/amd64/server/libjvm.so
7f2ab0494000-7f2ab0649000 rwxp 0091c000 08:14 2100299                    /usr/lib/jvm/jre/lib/amd64/server/libjvm.so
7f2ab0649000-7f2ab0683000 rwxp 00000000 00:00 0 
7f2ab0683000-7f2ab0836000 r-xp 00000000 08:14 788651                     /lib/x86_64-linux-gnu/libc-2.15.so
7f2ab0836000-7f2ab0a35000 ---p 001b3000 08:14 788651                     /lib/x86_64-linux-gnu/libc-2.15.so
7f2ab0a35000-7f2ab0a39000 r-xp 001b2000 08:14 788651                     /lib/x86_64-linux-gnu/libc-2.15.so
7f2ab0a39000-7f2ab0a3b000 rwxp 001b6000 08:14 788651                     /lib/x86_64-linux-gnu/libc-2.15.so
7f2ab0a3b000-7f2ab0a40000 rwxp 00000000 00:00 0 
7f2ab0a40000-7f2ab0a42000 r-xp 00000000 08:14 788664                     /lib/x86_64-linux-gnu/libdl-2.15.so
7f2ab0a42000-7f2ab0c42000 ---p 00002000 08:14 788664                     /lib/x86_64-linux-gnu/libdl-2.15.so
7f2ab0c42000-7f2ab0c43000 r-xp 00002000 08:14 788664                     /lib/x86_64-linux-gnu/libdl-2.15.so
7f2ab0c43000-7f2ab0c44000 rwxp 00003000 08:14 788664                     /lib/x86_64-linux-gnu/libdl-2.15.so
7f2ab0c44000-7f2ab0c5c000 r-xp 00000000 08:14 788731                     /lib/x86_64-linux-gnu/libpthread-2.15.so
7f2ab0c5c000-7f2ab0e5b000 ---p 00018000 08:14 788731                     /lib/x86_64-linux-gnu/libpthread-2.15.so
7f2ab0e5b000-7f2ab0e5c000 r-xp 00017000 08:14 788731                     /lib/x86_64-linux-gnu/libpthread-2.15.so
7f2ab0e5c000-7f2ab0e5d000 rwxp 00018000 08:14 788731                     /lib/x86_64-linux-gnu/libpthread-2.15.so
7f2ab0e5d000-7f2ab0e61000 rwxp 00000000 00:00 0 
7f2ab0e61000-7f2ab0e83000 r-xp 00000000 08:14 788631                     /lib/x86_64-linux-gnu/ld-2.15.so
7f2ab0e83000-7f2ab0e88000 r-xs 00000000 08:16 1707317                    /var/cache/fontconfig/3047814df9a2f067bd2d96a2b9c36e5a-le64.cache-3
7f2ab0e88000-7f2ab0e89000 r-xs 00000000 08:16 1707322                    /var/cache/fontconfig/56cf4f4769d0f4abc89a4895d7bd3ae1-le64.cache-3
7f2ab0e89000-7f2ab0e8a000 r-xs 00000000 08:16 1707333                    /var/cache/fontconfig/b9d506c9ac06c20b433354fa67a72993-le64.cache-3
7f2ab0e8a000-7f2ab0e90000 r-xs 00000000 08:16 1708054                    /var/cache/fontconfig/3f7329c5293ffd510edef78f73874cfd-le64.cache-3
7f2ab0e90000-7f2ab0e9b000 r-xs 00000000 08:16 1707971                    /var/cache/fontconfig/e13b20fdb08344e0e664864cc2ede53d-le64.cache-3
7f2ab0e9b000-7f2ab0ea5000 rwxp 00000000 00:00 0 
7f2ab0ea5000-7f2ab0f5b000 rwxp 00000000 00:00 0 
7f2ab0f5b000-7f2ab0f5e000 rwxp 00000000 00:00 0 
7f2ab0f5e000-7f2ab0f65000 r-xp 00000000 08:14 1967149                    /usr/lib/jvm/jre/lib/amd64/jli/libjli.so
7f2ab0f65000-7f2ab1066000 ---p 00007000 08:14 1967149                    /usr/lib/jvm/jre/lib/amd64/jli/libjli.so
7f2ab1066000-7f2ab1068000 rwxp 00008000 08:14 1967149                    /usr/lib/jvm/jre/lib/amd64/jli/libjli.so
7f2ab1068000-7f2ab1069000 rwxp 00000000 00:00 0 
7f2ab1069000-7f2ab106e000 r-xs 00000000 08:16 1707332                    /var/cache/fontconfig/b47c4e1ecd0709278f4910c18777a504-le64.cache-3
7f2ab106e000-7f2ab1072000 r-xs 00000000 08:16 1707942                    /var/cache/fontconfig/7ef2298fde41cc6eeb7af42e48b7d293-le64.cache-3
7f2ab1072000-7f2ab1074000 r-xs 0002b000 08:15 2247352                    /home/jailbirt/workspace/processingKinectExamples/libs/core.jar
7f2ab1074000-7f2ab1077000 r-xs 0000f000 08:14 1577185                    /usr/lib/jvm/jre/lib/ext/pulse-java.jar
7f2ab1077000-7f2ab107f000 rwxs 00000000 08:14 524301                     /tmp/hsperfdata_jailbirt/8422
7f2ab107f000-7f2ab1080000 rwxp 00000000 00:00 0 
7f2ab1080000-7f2ab1081000 r-xp 00000000 00:00 0 
7f2ab1081000-7f2ab1083000 rwxp 00000000 00:00 0 
7f2ab1083000-7f2ab1084000 r-xp 00022000 08:14 788631                     /lib/x86_64-linux-gnu/ld-2.15.so
7f2ab1084000-7f2ab1086000 rwxp 00023000 08:14 788631                     /lib/x86_64-linux-gnu/ld-2.15.so
7fffce53e000-7fffce560000 rwxp 00000000 00:00 0                          [stack]
7fffce5ff000-7fffce600000 r-xp 00000000 00:00 0                          [vdso]
ffffffffff600000-ffffffffff601000 r-xp 00000000 00:00 0                  [vsyscall]

VM Arguments:
jvm_args: -Djava.library.path=/home/jailbirt/workspace/processingKinectExamples/libs/openGL/linux64:/home/jailbirt/workspace/processingKinectExamples/libs/openGL/linux64:/home/jailbirt/workspace/processingKinectExamples/libs/simpleOpenNi/library/library -Dfile.encoding=UTF-8 
java_command: userTracking.main
Launcher Type: SUN_STANDARD

Environment Variables:
PATH=/usr/lib/lightdm/lightdm:/usr/local/sbin:/usr/local/bin:/usr/sbin:/usr/bin:/sbin:/bin:/usr/games
LD_LIBRARY_PATH=/usr/lib/jvm/jre/lib/amd64/server:/usr/lib/jvm/jre/lib/amd64:/usr/lib/jvm/jre/../lib/amd64
SHELL=/bin/bash
DISPLAY=:0.0

Signal Handlers:
SIGSEGV: [libjvm.so+0x8602a0], sa_mask[0]=0x7ffbfeff, sa_flags=0x10000004
SIGBUS: [libjvm.so+0x8602a0], sa_mask[0]=0x7ffbfeff, sa_flags=0x10000004
SIGFPE: [libjvm.so+0x70ef10], sa_mask[0]=0x7ffbfeff, sa_flags=0x10000004
SIGPIPE: [libjvm.so+0x70ef10], sa_mask[0]=0x7ffbfeff, sa_flags=0x10000004
SIGXFSZ: [libjvm.so+0x70ef10], sa_mask[0]=0x7ffbfeff, sa_flags=0x10000004
SIGILL: [libjvm.so+0x70ef10], sa_mask[0]=0x7ffbfeff, sa_flags=0x10000004
SIGUSR1: SIG_DFL, sa_mask[0]=0x00000000, sa_flags=0x00000000
SIGUSR2: [libjvm.so+0x711d40], sa_mask[0]=0x00000004, sa_flags=0x10000004
SIGHUP: [libjvm.so+0x711940], sa_mask[0]=0x7ffbfeff, sa_flags=0x10000004
SIGINT: [libjvm.so+0x711940], sa_mask[0]=0x7ffbfeff, sa_flags=0x10000004
SIGTERM: [libjvm.so+0x711940], sa_mask[0]=0x7ffbfeff, sa_flags=0x10000004
SIGQUIT: [libjvm.so+0x711940], sa_mask[0]=0x7ffbfeff, sa_flags=0x10000004


---------------  S Y S T E M  ---------------

OS:wheezy/sid

uname:Linux 3.2.0-26-generic #41-Ubuntu SMP Thu Jun 14 17:49:24 UTC 2012 x86_64
libc:glibc 2.15 NPTL 2.15 
rlimit: STACK 8192k, CORE 0k, NPROC 95824, NOFILE 4096, AS infinity
load average:0.59 0.57 0.54

/proc/meminfo:
MemTotal:       12290156 kB
MemFree:         8649040 kB
Buffers:          115920 kB
Cached:          2069684 kB
SwapCached:            0 kB
Active:          1968544 kB
Inactive:        1342300 kB
Active(anon):    1127172 kB
Inactive(anon):     7792 kB
Active(file):     841372 kB
Inactive(file):  1334508 kB
Unevictable:           0 kB
Mlocked:               0 kB
SwapTotal:       8388604 kB
SwapFree:        8388604 kB
Dirty:               228 kB
Writeback:             0 kB
AnonPages:       1125740 kB
Mapped:           170784 kB
Shmem:              9736 kB
Slab:             103760 kB
SReclaimable:      65392 kB
SUnreclaim:        38368 kB
KernelStack:        3936 kB
PageTables:        32844 kB
NFS_Unstable:          0 kB
Bounce:                0 kB
WritebackTmp:          0 kB
CommitLimit:    14533680 kB
Committed_AS:    3259448 kB
VmallocTotal:   34359738367 kB
VmallocUsed:      181436 kB
VmallocChunk:   34359523836 kB
HardwareCorrupted:     0 kB
AnonHugePages:         0 kB
HugePages_Total:       0
HugePages_Free:        0
HugePages_Rsvd:        0
HugePages_Surp:        0
Hugepagesize:       2048 kB
DirectMap4k:      597824 kB
DirectMap2M:    11968512 kB


CPU:total 8 (4 cores per cpu, 2 threads per core) family 6 model 42 stepping 7, cmov, cx8, fxsr, mmx, sse, sse2, sse3, ssse3, sse4.1, sse4.2, popcnt, ht

/proc/cpuinfo:
processor	: 0
vendor_id	: GenuineIntel
cpu family	: 6
model		: 42
model name	: Intel(R) Core(TM) i7-2600 CPU @ 3.40GHz
stepping	: 7
microcode	: 0x14
cpu MHz		: 1600.000
cache size	: 8192 KB
physical id	: 0
siblings	: 8
core id		: 0
cpu cores	: 4
apicid		: 0
initial apicid	: 0
fpu		: yes
fpu_exception	: yes
cpuid level	: 13
wp		: yes
flags		: fpu vme de pse tsc msr pae mce cx8 apic sep mtrr pge mca cmov pat pse36 clflush dts acpi mmx fxsr sse sse2 ss ht tm pbe syscall nx rdtscp lm constant_tsc arch_perfmon pebs bts rep_good nopl xtopology nonstop_tsc aperfmperf pni pclmulqdq dtes64 monitor ds_cpl vmx smx est tm2 ssse3 cx16 xtpr pdcm pcid sse4_1 sse4_2 x2apic popcnt tsc_deadline_timer aes xsave avx lahf_lm ida arat epb xsaveopt pln pts dts tpr_shadow vnmi flexpriority ept vpid
bogomips	: 6784.59
clflush size	: 64
cache_alignment	: 64
address sizes	: 36 bits physical, 48 bits virtual
power management:

processor	: 1
vendor_id	: GenuineIntel
cpu family	: 6
model		: 42
model name	: Intel(R) Core(TM) i7-2600 CPU @ 3.40GHz
stepping	: 7
microcode	: 0x14
cpu MHz		: 1600.000
cache size	: 8192 KB
physical id	: 0
siblings	: 8
core id		: 1
cpu cores	: 4
apicid		: 2
initial apicid	: 2
fpu		: yes
fpu_exception	: yes
cpuid level	: 13
wp		: yes
flags		: fpu vme de pse tsc msr pae mce cx8 apic sep mtrr pge mca cmov pat pse36 clflush dts acpi mmx fxsr sse sse2 ss ht tm pbe syscall nx rdtscp lm constant_tsc arch_perfmon pebs bts rep_good nopl xtopology nonstop_tsc aperfmperf pni pclmulqdq dtes64 monitor ds_cpl vmx smx est tm2 ssse3 cx16 xtpr pdcm pcid sse4_1 sse4_2 x2apic popcnt tsc_deadline_timer aes xsave avx lahf_lm ida arat epb xsaveopt pln pts dts tpr_shadow vnmi flexpriority ept vpid
bogomips	: 6784.26
clflush size	: 64
cache_alignment	: 64
address sizes	: 36 bits physical, 48 bits virtual
power management:

processor	: 2
vendor_id	: GenuineIntel
cpu family	: 6
model		: 42
model name	: Intel(R) Core(TM) i7-2600 CPU @ 3.40GHz
stepping	: 7
microcode	: 0x14
cpu MHz		: 2600.000
cache size	: 8192 KB
physical id	: 0
siblings	: 8
core id		: 2
cpu cores	: 4
apicid		: 4
initial apicid	: 4
fpu		: yes
fpu_exception	: yes
cpuid level	: 13
wp		: yes
flags		: fpu vme de pse tsc msr pae mce cx8 apic sep mtrr pge mca cmov pat pse36 clflush dts acpi mmx fxsr sse sse2 ss ht tm pbe syscall nx rdtscp lm constant_tsc arch_perfmon pebs bts rep_good nopl xtopology nonstop_tsc aperfmperf pni pclmulqdq dtes64 monitor ds_cpl vmx smx est tm2 ssse3 cx16 xtpr pdcm pcid sse4_1 sse4_2 x2apic popcnt tsc_deadline_timer aes xsave avx lahf_lm ida arat epb xsaveopt pln pts dts tpr_shadow vnmi flexpriority ept vpid
bogomips	: 6784.26
clflush size	: 64
cache_alignment	: 64
address sizes	: 36 bits physical, 48 bits virtual
power management:

processor	: 3
vendor_id	: GenuineIntel
cpu family	: 6
model		: 42
model name	: Intel(R) Core(TM) i7-2600 CPU @ 3.40GHz
stepping	: 7
microcode	: 0x14
cpu MHz		: 1600.000
cache size	: 8192 KB
physical id	: 0
siblings	: 8
core id		: 3
cpu cores	: 4
apicid		: 6
initial apicid	: 6
fpu		: yes
fpu_exception	: yes
cpuid level	: 13
wp		: yes
flags		: fpu vme de pse tsc msr pae mce cx8 apic sep mtrr pge mca cmov pat pse36 clflush dts acpi mmx fxsr sse sse2 ss ht tm pbe syscall nx rdtscp lm constant_tsc arch_perfmon pebs bts rep_good nopl xtopology nonstop_tsc aperfmperf pni pclmulqdq dtes64 monitor ds_cpl vmx smx est tm2 ssse3 cx16 xtpr pdcm pcid sse4_1 sse4_2 x2apic popcnt tsc_deadline_timer aes xsave avx lahf_lm ida arat epb xsaveopt pln pts dts tpr_shadow vnmi flexpriority ept vpid
bogomips	: 6784.27
clflush size	: 64
cache_alignment	: 64
address sizes	: 36 bits physical, 48 bits virtual
power management:

processor	: 4
vendor_id	: GenuineIntel
cpu family	: 6
model		: 42
model name	: Intel(R) Core(TM) i7-2600 CPU @ 3.40GHz
stepping	: 7
microcode	: 0x14
cpu MHz		: 1600.000
cache size	: 8192 KB
physical id	: 0
siblings	: 8
core id		: 0
cpu cores	: 4
apicid		: 1
initial apicid	: 1
fpu		: yes
fpu_exception	: yes
cpuid level	: 13
wp		: yes
flags		: fpu vme de pse tsc msr pae mce cx8 apic sep mtrr pge mca cmov pat pse36 clflush dts acpi mmx fxsr sse sse2 ss ht tm pbe syscall nx rdtscp lm constant_tsc arch_perfmon pebs bts rep_good nopl xtopology nonstop_tsc aperfmperf pni pclmulqdq dtes64 monitor ds_cpl vmx smx est tm2 ssse3 cx16 xtpr pdcm pcid sse4_1 sse4_2 x2apic popcnt tsc_deadline_timer aes xsave avx lahf_lm ida arat epb xsaveopt pln pts dts tpr_shadow vnmi flexpriority ept vpid
bogomips	: 6784.26
clflush size	: 64
cache_alignment	: 64
address sizes	: 36 bits physical, 48 bits virtual
power management:

processor	: 5
vendor_id	: GenuineIntel
cpu family	: 6
model		: 42
model name	: Intel(R) Core(TM) i7-2600 CPU @ 3.40GHz
stepping	: 7
microcode	: 0x14
cpu MHz		: 1600.000
cache size	: 8192 KB
physical id	: 0
siblings	: 8
core id		: 1
cpu cores	: 4
apicid		: 3
initial apicid	: 3
fpu		: yes
fpu_exception	: yes
cpuid level	: 13
wp		: yes
flags		: fpu vme de pse tsc msr pae mce cx8 apic sep mtrr pge mca cmov pat pse36 clflush dts acpi mmx fxsr sse sse2 ss ht tm pbe syscall nx rdtscp lm constant_tsc arch_perfmon pebs bts rep_good nopl xtopology nonstop_tsc aperfmperf pni pclmulqdq dtes64 monitor ds_cpl vmx smx est tm2 ssse3 cx16 xtpr pdcm pcid sse4_1 sse4_2 x2apic popcnt tsc_deadline_timer aes xsave avx lahf_lm ida arat epb xsaveopt pln pts dts tpr_shadow vnmi flexpriority ept vpid
bogomips	: 6784.25
clflush size	: 64
cache_alignment	: 64
address sizes	: 36 bits physical, 48 bits virtual
power management:

processor	: 6
vendor_id	: GenuineIntel
cpu family	: 6
model		: 42
model name	: Intel(R) Core(TM) i7-2600 CPU @ 3.40GHz
stepping	: 7
microcode	: 0x14
cpu MHz		: 3701.000
cache size	: 8192 KB
physical id	: 0
siblings	: 8
core id		: 2
cpu cores	: 4
apicid		: 5
initial apicid	: 5
fpu		: yes
fpu_exception	: yes
cpuid level	: 13
wp		: yes
flags		: fpu vme de pse tsc msr pae mce cx8 apic sep mtrr pge mca cmov pat pse36 clflush dts acpi mmx fxsr sse sse2 ss ht tm pbe syscall nx rdtscp lm constant_tsc arch_perfmon pebs bts rep_good nopl xtopology nonstop_tsc aperfmperf pni pclmulqdq dtes64 monitor ds_cpl vmx smx est tm2 ssse3 cx16 xtpr pdcm pcid sse4_1 sse4_2 x2apic popcnt tsc_deadline_timer aes xsave avx lahf_lm ida arat epb xsaveopt pln pts dts tpr_shadow vnmi flexpriority ept vpid
bogomips	: 6784.27
clflush size	: 64
cache_alignment	: 64
address sizes	: 36 bits physical, 48 bits virtual
power management:

processor	: 7
vendor_id	: GenuineIntel
cpu family	: 6
model		: 42
model name	: Intel(R) Core(TM) i7-2600 CPU @ 3.40GHz
stepping	: 7
microcode	: 0x14
cpu MHz		: 3701.000
cache size	: 8192 KB
physical id	: 0
siblings	: 8
core id		: 3
cpu cores	: 4
apicid		: 7
initial apicid	: 7
fpu		: yes
fpu_exception	: yes
cpuid level	: 13
wp		: yes
flags		: fpu vme de pse tsc msr pae mce cx8 apic sep mtrr pge mca cmov pat pse36 clflush dts acpi mmx fxsr sse sse2 ss ht tm pbe syscall nx rdtscp lm constant_tsc arch_perfmon pebs bts rep_good nopl xtopology nonstop_tsc aperfmperf pni pclmulqdq dtes64 monitor ds_cpl vmx smx est tm2 ssse3 cx16 xtpr pdcm pcid sse4_1 sse4_2 x2apic popcnt tsc_deadline_timer aes xsave avx lahf_lm ida arat epb xsaveopt pln pts dts tpr_shadow vnmi flexpriority ept vpid
bogomips	: 6784.26
clflush size	: 64
cache_alignment	: 64
address sizes	: 36 bits physical, 48 bits virtual
power management:



Memory: 4k page, physical 12290156k(8649040k free), swap 8388604k(8388604k free)

vm_info: Java HotSpot(TM) 64-Bit Server VM (20.7-b02) for linux-amd64 JRE (1.6.0_32-b05), built on Apr  5 2012 14:09:59 by "java_re" with gcc 3.2.2 (SuSE Linux)

time: Sun Jul 22 03:34:59 2012
elapsed time: 0 seconds

