#
# A fatal error has been detected by the Java Runtime Environment:
#
#  SIGSEGV (0xb) at pc=0x00007fa7c764b59d, pid=5269, tid=140358185600768
#
# JRE version: 6.0_32-b05
# Java VM: Java HotSpot(TM) 64-Bit Server VM (20.7-b02 mixed mode linux-amd64 compressed oops)
# Problematic frame:
# C  [libXnVFeatures_1_5_2.so+0x8b59d]  Segmentation::detectionByPoint(bool, std::vector<Vector2D<int>, std::allocator<Vector2D<int> > > const*)+0x8d
#
# If you would like to submit a bug report, please visit:
#   http://java.sun.com/webapps/bugreport/crash.jsp
#

---------------  T H R E A D  ---------------

Current thread is native thread

siginfo:si_signo=SIGSEGV: si_errno=0, si_code=2 (SEGV_ACCERR), si_addr=0x00007fa7a80a4be0

Registers:
RAX=0x00000000000000f8, RBX=0x00007fa7a8000a00, RCX=0x00007fa7a8096a30, RDX=0x00000000000000b3
RSP=0x00007fa7afcb3a30, RBP=0x00007fa7bbf0ee60, RSI=0x00000000000070d8, RDI=0x00007fa7bbf0efe0
R8 =0x0000000000000000, R9 =0x0101010101010101, R10=0x00007fa7bbfcda21, R11=0x00007fa82bd8072c
R12=0x00007fa7c7bedd88, R13=0x00007fa7afcb3b90, R14=0x00007fa7baf7e050, R15=0x0000000000000000
RIP=0x00007fa7c764b59d, EFLAGS=0x0000000000010206, CSGSFS=0x0000000000000033, ERR=0x0000000000000004
  TRAPNO=0x000000000000000e

Top of Stack: (sp=0x00007fa7afcb3a30)
0x00007fa7afcb3a30:   00007fa7a80a0060 7fffffff00000000
0x00007fa7afcb3a40:   00007fa7a80a0060 00007fa7bbf0efe0
0x00007fa7afcb3a50:   00007fa7bbf102e0 00007fa7bbf0ee60
0x00007fa7afcb3a60:   00007fa7bbf0efe0 00007fa7bbf09d80
0x00007fa7afcb3a70:   00007fa7afcb3b90 00007fa7baf7e050
0x00007fa7afcb3a80:   0000000000000000 00007fa7c7652bc0
0x00007fa7afcb3a90:   00000000000d3c51 00000000000d3c51
0x00007fa7afcb3aa0:   0000000000000000 3ff0000000000000
0x00007fa7afcb3ab0:   00007fa7c7bee5a8 0000000000000001
0x00007fa7afcb3ac0:   0000000000000040 00007fa7baf7e010
0x00007fa7afcb3ad0:   00007fa7bbf09d80 00007fa7bbee8f88
0x00007fa7afcb3ae0:   00007fa7baf7e050 00007fa7baf7e028
0x00007fa7afcb3af0:   00007fa7afcb3b90 00007fa7c763b99b
0x00007fa7afcb3b00:   00007fa7bbfff190 0000000000000008
0x00007fa7afcb3b10:   00000000000d2e7b 00000000000d2e7b
0x00007fa7afcb3b20:   0000000000000000 3ff0000000000000
0x00007fa7afcb3b30:   0000000000000000 00007fa7c76158bd
0x00007fa7afcb3b40:   00007fa7afcb3bb0 00007fa82001401c
0x00007fa7afcb3b50:   0000000000000001 00007fa820014000
0x00007fa7afcb3b60:   00007fa7c13ab420 00007fa7c00cc870
0x00007fa7afcb3b70:   7ffffffffffffffe 00007fa7c761103f
0x00007fa7afcb3b80:   0000000000000166 00007fa7e1b69489
0x00007fa7afcb3b90:   00007fa7a8000a00 00007fa7a8000a08
0x00007fa7afcb3ba0:   00007fa7a8000a08 00007fa7a80008e1
0x00007fa7afcb3bb0:   000000b3000000f8 00007fa7c13ab420
0x00007fa7afcb3bc0:   00007fa7c13ab420 00007fa7c13ab420
0x00007fa7afcb3bd0:   00007fa7c1a1db90 0000000000000051
0x00007fa7afcb3be0:   00007fa7b2735230 00007fa7c76115bf
0x00007fa7afcb3bf0:   00007fa7c7bd5af0 00007fa7e15df4ec
0x00007fa7afcb3c00:   00007fa7c7bd7d10 0000000000000000
0x00007fa7afcb3c10:   0000000000039070 0009600000000001
0x00007fa7afcb3c20:   ffffffff00000001 00007fa7afcb3c64 

Instructions: (pc=0x00007fa7c764b59d)
0x00007fa7c764b57d:   39 5d 08 0f 84 d2 01 00 00 8b 53 04 41 8b 74 24
0x00007fa7c764b58d:   3c 49 8b 4c 24 28 8b 03 0f af f2 48 8b 09 01 c6
0x00007fa7c764b59d:   66 83 3c 71 00 74 d4 48 63 8d 88 01 00 00 48 8b
0x00007fa7c764b5ad:   7c 24 18 48 69 c9 d8 03 00 00 48 8d 74 0f 10 48 

Register to memory mapping:

RAX=0x00000000000000f8 is an unknown value
RBX=0x00007fa7a8000a00 is an unknown value
RCX=0x00007fa7a8096a30 is an unknown value
RDX=0x00000000000000b3 is an unknown value
RSP=0x00007fa7afcb3a30 is an unknown value
RBP=0x00007fa7bbf0ee60 is an unknown value
RSI=0x00000000000070d8 is an unknown value
RDI=0x00007fa7bbf0efe0 is an unknown value
R8 =0x0000000000000000 is an unknown value
R9 =0x0101010101010101 is an unknown value
R10=0x00007fa7bbfcda21 is an unknown value
R11=0x00007fa82bd8072c: <offset 0x8b72c> in /lib/x86_64-linux-gnu/libc.so.6 at 0x00007fa82bcf5000
R12=0x00007fa7c7bedd88: <offset 0x62dd88> in /usr/lib/libXnVFeatures_1_5_2.so at 0x00007fa7c75c0000
R13=0x00007fa7afcb3b90 is an unknown value
R14=0x00007fa7baf7e050 is an unknown value
R15=0x0000000000000000 is an unknown value


Stack: [0x00007fa7af4b4000,0x00007fa7afcb5000],  sp=0x00007fa7afcb3a30,  free space=8190k
Native frames: (J=compiled Java code, j=interpreted, Vv=VM code, C=native code)
C  [libXnVFeatures_1_5_2.so+0x8b59d]  Segmentation::detectionByPoint(bool, std::vector<Vector2D<int>, std::allocator<Vector2D<int> > > const*)+0x8d


---------------  P R O C E S S  ---------------

VM state:not at safepoint (normal execution)

VM Mutex/Monitor currently owned by a thread: None

Heap
 PSYoungGen      total 56000K, used 46005K [0x00000007c1760000, 0x00000007c55e0000, 0x0000000800000000)
  eden space 48000K, 95% used [0x00000007c1760000,0x00000007c444d6a0,0x00000007c4640000)
  from space 8000K, 0% used [0x00000007c4e10000,0x00000007c4e10000,0x00000007c55e0000)
  to   space 8000K, 0% used [0x00000007c4640000,0x00000007c4640000,0x00000007c4e10000)
 PSOldGen        total 128064K, used 0K [0x0000000744600000, 0x000000074c310000, 0x00000007c1760000)
  object space 128064K, 0% used [0x0000000744600000,0x0000000744600000,0x000000074c310000)
 PSPermGen       total 21248K, used 10671K [0x000000073f400000, 0x00000007408c0000, 0x0000000744600000)
  object space 21248K, 50% used [0x000000073f400000,0x000000073fe6bda0,0x00000007408c0000)

Code Cache  [0x00007fa821000000, 0x00007fa821270000, 0x00007fa824000000)
 total_blobs=523 nmethods=33 adapters=445 free_code_cache=49710656 largest_free_block=12736

Dynamic libraries:
40000000-40009000 r-xp 00000000 08:14 1192322                            /usr/lib/jvm/bin/java
40108000-4010a000 rwxp 00008000 08:14 1192322                            /usr/lib/jvm/bin/java
413e0000-41401000 rwxp 00000000 00:00 0                                  [heap]
73f400000-7408c0000 rwxp 00000000 00:00 0 
7408c0000-744600000 rwxp 00000000 00:00 0 
744600000-74c310000 rwxp 00000000 00:00 0 
74c310000-7c1760000 rwxp 00000000 00:00 0 
7c1760000-7c55e0000 rwxp 00000000 00:00 0 
7c55e0000-800000000 rwxp 00000000 00:00 0 
7fa7a8000000-7fa7a818a000 rwxp 00000000 00:00 0 
7fa7a818a000-7fa7ac000000 ---p 00000000 00:00 0 
7fa7af4b4000-7fa7af4b5000 ---p 00000000 00:00 0 
7fa7af4b5000-7fa7afcb5000 rwxp 00000000 00:00 0 
7fa7afcb5000-7fa7afcbc000 r-xp 00000000 08:14 1450962                    /usr/lib/jvm/jre/lib/amd64/libnio.so
7fa7afcbc000-7fa7afdbb000 ---p 00007000 08:14 1450962                    /usr/lib/jvm/jre/lib/amd64/libnio.so
7fa7afdbb000-7fa7afdbd000 rwxp 00006000 08:14 1450962                    /usr/lib/jvm/jre/lib/amd64/libnio.so
7fa7afdbd000-7fa7afdd0000 r-xp 00000000 08:14 1450940                    /usr/lib/jvm/jre/lib/amd64/libnet.so
7fa7afdd0000-7fa7afed1000 ---p 00013000 08:14 1450940                    /usr/lib/jvm/jre/lib/amd64/libnet.so
7fa7afed1000-7fa7afed4000 rwxp 00014000 08:14 1450940                    /usr/lib/jvm/jre/lib/amd64/libnet.so
7fa7afed4000-7fa7b0000000 rwxs 00000000 00:04 11862039                   /SYSV00000000 (deleted)
7fa7b0000000-7fa7b2749000 rwxp 00000000 00:00 0 
7fa7b2749000-7fa7b4000000 ---p 00000000 00:00 0 
7fa7b40c9000-7fa7b452a000 rwxp 00000000 00:00 0 
7fa7b452b000-7fa7bc000000 rwxp 00000000 00:00 0 
7fa7bc000000-7fa7bc026000 rwxp 00000000 00:00 0 
7fa7bc026000-7fa7c0000000 ---p 00000000 00:00 0 
7fa7c0000000-7fa7c4000000 rwxp 00000000 00:00 0 
7fa7c407f000-7fa7c4907000 rwxp 00000000 00:00 0 
7fa7c4907000-7fa7c500f000 r-xs 00000000 00:12 609136                     /run/shm/5260_045e.02ae@2.8_Depth
7fa7c500f000-7fa7c5010000 ---p 00000000 00:00 0 
7fa7c5010000-7fa7c5c11000 rwxp 00000000 00:00 0 
7fa7c5c11000-7fa7c5ca3000 r-xp 00000000 08:14 658014                     /usr/lib/libXnDeviceSensorV2.so
7fa7c5ca3000-7fa7c5ea2000 ---p 00092000 08:14 658014                     /usr/lib/libXnDeviceSensorV2.so
7fa7c5ea2000-7fa7c5eb2000 r-xp 00091000 08:14 658014                     /usr/lib/libXnDeviceSensorV2.so
7fa7c5eb2000-7fa7c5eb3000 rwxp 000a1000 08:14 658014                     /usr/lib/libXnDeviceSensorV2.so
7fa7c5eb3000-7fa7c5eda000 r-xp 00000000 08:14 673565                     /usr/lib/libXnDeviceFile.so
7fa7c5eda000-7fa7c60da000 ---p 00027000 08:14 673565                     /usr/lib/libXnDeviceFile.so
7fa7c60da000-7fa7c60dc000 r-xp 00027000 08:14 673565                     /usr/lib/libXnDeviceFile.so
7fa7c60dc000-7fa7c60dd000 rwxp 00029000 08:14 673565                     /usr/lib/libXnDeviceFile.so
7fa7c60dd000-7fa7c6125000 r-xp 00000000 08:14 673564                     /usr/lib/libXnDDK.so
7fa7c6125000-7fa7c6325000 ---p 00048000 08:14 673564                     /usr/lib/libXnDDK.so
7fa7c6325000-7fa7c6328000 r-xp 00048000 08:14 673564                     /usr/lib/libXnDDK.so
7fa7c6328000-7fa7c632a000 rwxp 0004b000 08:14 673564                     /usr/lib/libXnDDK.so
7fa7c632a000-7fa7c634e000 r-xp 00000000 08:14 673567                     /usr/lib/libXnFormats.so
7fa7c634e000-7fa7c654e000 ---p 00024000 08:14 673567                     /usr/lib/libXnFormats.so
7fa7c654e000-7fa7c654f000 r-xp 00024000 08:14 673567                     /usr/lib/libXnFormats.so
7fa7c654f000-7fa7c6550000 rwxp 00025000 08:14 673567                     /usr/lib/libXnFormats.so
7fa7c6550000-7fa7c6570000 rwxp 00000000 00:00 0 
7fa7c6570000-7fa7c6573000 r-xp 00000000 08:14 673563                     /usr/lib/libXnCore.so
7fa7c6573000-7fa7c6772000 ---p 00003000 08:14 673563                     /usr/lib/libXnCore.so
7fa7c6772000-7fa7c6773000 r-xp 00002000 08:14 673563                     /usr/lib/libXnCore.so
7fa7c6773000-7fa7c6774000 rwxp 00003000 08:14 673563                     /usr/lib/libXnCore.so
7fa7c6774000-7fa7c67fd000 r-xp 00000000 08:14 673566                     /usr/lib/libXnDeviceSensorV2KM.so
7fa7c67fd000-7fa7c69fc000 ---p 00089000 08:14 673566                     /usr/lib/libXnDeviceSensorV2KM.so
7fa7c69fc000-7fa7c6a0c000 r-xp 00088000 08:14 673566                     /usr/lib/libXnDeviceSensorV2KM.so
7fa7c6a0c000-7fa7c6a0d000 rwxp 00098000 08:14 673566                     /usr/lib/libXnDeviceSensorV2KM.so
7fa7c6a0d000-7fa7c6b01000 r-xp 00000000 08:14 673497                     /usr/lib/libXnVHandGenerator_1_5_2.so
7fa7c6b01000-7fa7c6d00000 ---p 000f4000 08:14 673497                     /usr/lib/libXnVHandGenerator_1_5_2.so
7fa7c6d00000-7fa7c6d05000 r-xp 000f3000 08:14 673497                     /usr/lib/libXnVHandGenerator_1_5_2.so
7fa7c6d05000-7fa7c6d06000 rwxp 000f8000 08:14 673497                     /usr/lib/libXnVHandGenerator_1_5_2.so
7fa7c6d06000-7fa7c6d14000 rwxp 00000000 00:00 0 
7fa7c6d14000-7fa7c6dec000 r-xp 00000000 08:14 673494                     /usr/lib/libXnVHandGenerator_1_4_2.so
7fa7c6dec000-7fa7c6feb000 ---p 000d8000 08:14 673494                     /usr/lib/libXnVHandGenerator_1_4_2.so
7fa7c6feb000-7fa7c6ff0000 r-xp 000d7000 08:14 673494                     /usr/lib/libXnVHandGenerator_1_4_2.so
7fa7c6ff0000-7fa7c6ff1000 rwxp 000dc000 08:14 673494                     /usr/lib/libXnVHandGenerator_1_4_2.so
7fa7c6ff1000-7fa7c6ff4000 rwxp 00000000 00:00 0 
7fa7c6ff4000-7fa7c70cc000 r-xp 00000000 08:14 673491                     /usr/lib/libXnVHandGenerator_1_4_1.so
7fa7c70cc000-7fa7c72cb000 ---p 000d8000 08:14 673491                     /usr/lib/libXnVHandGenerator_1_4_1.so
7fa7c72cb000-7fa7c72d0000 r-xp 000d7000 08:14 673491                     /usr/lib/libXnVHandGenerator_1_4_1.so
7fa7c72d0000-7fa7c72d1000 rwxp 000dc000 08:14 673491                     /usr/lib/libXnVHandGenerator_1_4_1.so
7fa7c72d1000-7fa7c72d4000 rwxp 00000000 00:00 0 
7fa7c72d4000-7fa7c73b7000 r-xp 00000000 08:14 673488                     /usr/lib/libXnVHandGenerator_1_3_1.so
7fa7c73b7000-7fa7c75b7000 ---p 000e3000 08:14 673488                     /usr/lib/libXnVHandGenerator_1_3_1.so
7fa7c75b7000-7fa7c75bc000 r-xp 000e3000 08:14 673488                     /usr/lib/libXnVHandGenerator_1_3_1.so
7fa7c75bc000-7fa7c75bd000 rwxp 000e8000 08:14 673488                     /usr/lib/libXnVHandGenerator_1_3_1.so
7fa7c75bd000-7fa7c75c0000 rwxp 00000000 00:00 0 
7fa7c75c0000-7fa7c79d5000 r-xp 00000000 08:14 673481                     /usr/lib/libXnVFeatures_1_5_2.so
7fa7c79d5000-7fa7c7bd5000 ---p 00415000 08:14 673481                     /usr/lib/libXnVFeatures_1_5_2.so
7fa7c7bd5000-7fa7c7be6000 r-xp 00415000 08:14 673481                     /usr/lib/libXnVFeatures_1_5_2.so
7fa7c7be6000-7fa7c7be8000 rwxp 00426000 08:14 673481                     /usr/lib/libXnVFeatures_1_5_2.so
7fa7c7be8000-7fa7c7bfd000 rwxp 00000000 00:00 0 
7fa7c7bfd000-7fa7c7df4000 r-xp 00000000 08:14 673470                     /usr/lib/libXnVFeatures_1_4_2.so
7fa7c7df4000-7fa7c7ff3000 ---p 001f7000 08:14 673470                     /usr/lib/libXnVFeatures_1_4_2.so
7fa7c7ff3000-7fa7c7ff9000 r-xp 001f6000 08:14 673470                     /usr/lib/libXnVFeatures_1_4_2.so
7fa7c7ff9000-7fa7c7ffa000 rwxp 001fc000 08:14 673470                     /usr/lib/libXnVFeatures_1_4_2.so
7fa7c7ffa000-7fa7c8000000 rwxp 00000000 00:00 0 
7fa7c8000000-7fa7c8021000 rwxp 00000000 00:00 0 
7fa7c8021000-7fa7cc000000 ---p 00000000 00:00 0 
7fa7cc000000-7fa7cc119000 rwxp 00000000 00:00 0 
7fa7cc119000-7fa7d0000000 ---p 00000000 00:00 0 
7fa7d0000000-7fa7d0021000 rwxp 00000000 00:00 0 
7fa7d0021000-7fa7d4000000 ---p 00000000 00:00 0 
7fa7d4000000-7fa7d4021000 rwxp 00000000 00:00 0 
7fa7d4021000-7fa7d8000000 ---p 00000000 00:00 0 
7fa7d8000000-7fa7d8021000 rwxp 00000000 00:00 0 
7fa7d8021000-7fa7dc000000 ---p 00000000 00:00 0 
7fa7dc000000-7fa7dc021000 rwxp 00000000 00:00 0 
7fa7dc021000-7fa7e0000000 ---p 00000000 00:00 0 
7fa7e002b000-7fa7e01ef000 rwxp 00000000 00:00 0 
7fa7e01ef000-7fa7e03e6000 r-xp 00000000 08:14 673465                     /usr/lib/libXnVFeatures_1_4_1.so
7fa7e03e6000-7fa7e05e5000 ---p 001f7000 08:14 673465                     /usr/lib/libXnVFeatures_1_4_1.so
7fa7e05e5000-7fa7e05eb000 r-xp 001f6000 08:14 673465                     /usr/lib/libXnVFeatures_1_4_1.so
7fa7e05eb000-7fa7e05ec000 rwxp 001fc000 08:14 673465                     /usr/lib/libXnVFeatures_1_4_1.so
7fa7e05ec000-7fa7e05f2000 rwxp 00000000 00:00 0 
7fa7e05f2000-7fa7e0837000 r-xp 00000000 08:14 673460                     /usr/lib/libXnVFeatures_1_3_1.so
7fa7e0837000-7fa7e0a37000 ---p 00245000 08:14 673460                     /usr/lib/libXnVFeatures_1_3_1.so
7fa7e0a37000-7fa7e0a3d000 r-xp 00245000 08:14 673460                     /usr/lib/libXnVFeatures_1_3_1.so
7fa7e0a3d000-7fa7e0a3e000 rwxp 0024b000 08:14 673460                     /usr/lib/libXnVFeatures_1_3_1.so
7fa7e0a3e000-7fa7e0a45000 rwxp 00000000 00:00 0 
7fa7e0a45000-7fa7e0a63000 r-xp 00000000 08:14 673299                     /usr/lib/libnimRecorder.so
7fa7e0a63000-7fa7e0c62000 ---p 0001e000 08:14 673299                     /usr/lib/libnimRecorder.so
7fa7e0c62000-7fa7e0c64000 r-xp 0001d000 08:14 673299                     /usr/lib/libnimRecorder.so
7fa7e0c64000-7fa7e0c65000 rwxp 0001f000 08:14 673299                     /usr/lib/libnimRecorder.so
7fa7e0c65000-7fa7e0c9b000 r-xp 00000000 08:14 673297                     /usr/lib/libnimCodecs.so
7fa7e0c9b000-7fa7e0e9b000 ---p 00036000 08:14 673297                     /usr/lib/libnimCodecs.so
7fa7e0e9b000-7fa7e0e9e000 r-xp 00036000 08:14 673297                     /usr/lib/libnimCodecs.so
7fa7e0e9e000-7fa7e0e9f000 rwxp 00039000 08:14 673297                     /usr/lib/libnimCodecs.so
7fa7e0e9f000-7fa7e0ebf000 rwxp 00000000 00:00 0 
7fa7e0ebf000-7fa7e0ef6000 r-xp 00000000 08:14 673298                     /usr/lib/libnimMockNodes.so
7fa7e0ef6000-7fa7e10f5000 ---p 00037000 08:14 673298                     /usr/lib/libnimMockNodes.so
7fa7e10f5000-7fa7e1102000 r-xp 00036000 08:14 673298                     /usr/lib/libnimMockNodes.so
7fa7e1102000-7fa7e1103000 rwxp 00043000 08:14 673298                     /usr/lib/libnimMockNodes.so
7fa7e1103000-7fa7e1111000 r-xp 00000000 08:14 788754                     /lib/x86_64-linux-gnu/libusb-1.0.so.0.1.0
7fa7e1111000-7fa7e1310000 ---p 0000e000 08:14 788754                     /lib/x86_64-linux-gnu/libusb-1.0.so.0.1.0
7fa7e1310000-7fa7e1311000 r-xp 0000d000 08:14 788754                     /lib/x86_64-linux-gnu/libusb-1.0.so.0.1.0
7fa7e1311000-7fa7e1312000 rwxp 0000e000 08:14 788754                     /lib/x86_64-linux-gnu/libusb-1.0.so.0.1.0
7fa7e1312000-7fa7e1327000 r-xp 00000000 08:14 788672                     /lib/x86_64-linux-gnu/libgcc_s.so.1
7fa7e1327000-7fa7e1526000 ---p 00015000 08:14 788672                     /lib/x86_64-linux-gnu/libgcc_s.so.1
7fa7e1526000-7fa7e1527000 r-xp 00014000 08:14 788672                     /lib/x86_64-linux-gnu/libgcc_s.so.1
7fa7e1527000-7fa7e1528000 rwxp 00015000 08:14 788672                     /lib/x86_64-linux-gnu/libgcc_s.so.1
7fa7e1528000-7fa7e160a000 r-xp 00000000 08:14 662623                     /usr/lib/x86_64-linux-gnu/libstdc++.so.6.0.16
7fa7e160a000-7fa7e1809000 ---p 000e2000 08:14 662623                     /usr/lib/x86_64-linux-gnu/libstdc++.so.6.0.16
7fa7e1809000-7fa7e1811000 r-xp 000e1000 08:14 662623                     /usr/lib/x86_64-linux-gnu/libstdc++.so.6.0.16
7fa7e1811000-7fa7e1813000 rwxp 000e9000 08:14 662623                     /usr/lib/x86_64-linux-gnu/libstdc++.so.6.0.16
7fa7e1813000-7fa7e1828000 rwxp 00000000 00:00 0 
7fa7e1828000-7fa7e190b000 r-xp 00000000 08:14 673381                     /usr/lib/libXnVNite_1_5_2.so
7fa7e190b000-7fa7e1b0a000 ---p 000e3000 08:14 673381                     /usr/lib/libXnVNite_1_5_2.so
7fa7e1b0a000-7fa7e1b0f000 r-xp 000e2000 08:14 673381                     /usr/lib/libXnVNite_1_5_2.so
7fa7e1b0f000-7fa7e1b11000 rwxp 000e7000 08:14 673381                     /usr/lib/libXnVNite_1_5_2.so
7fa7e1b11000-7fa7e1b8e000 r-xp 00000000 08:14 673301                     /usr/lib/libOpenNI.so
7fa7e1b8e000-7fa7e1d8d000 ---p 0007d000 08:14 673301                     /usr/lib/libOpenNI.so
7fa7e1d8d000-7fa7e1d90000 r-xp 0007c000 08:14 673301                     /usr/lib/libOpenNI.so
7fa7e1d90000-7fa7e1d93000 rwxp 0007f000 08:14 673301                     /usr/lib/libOpenNI.so
7fa7e1d93000-7fa7e1d94000 rwxp 00000000 00:00 0 
7fa7e1dac000-7fa7e1e62000 r-xp 00000000 08:15 2627742                    /home/jailbirt/workspace/processingKinectExamples/libs/simpleOpenNi/library/library/libSimpleOpenNI64.so
7fa7e1e62000-7fa7e2062000 ---p 000b6000 08:15 2627742                    /home/jailbirt/workspace/processingKinectExamples/libs/simpleOpenNi/library/library/libSimpleOpenNI64.so
7fa7e2062000-7fa7e2066000 r-xp 000b6000 08:15 2627742                    /home/jailbirt/workspace/processingKinectExamples/libs/simpleOpenNi/library/library/libSimpleOpenNI64.so
7fa7e2066000-7fa7e2069000 rwxp 000ba000 08:15 2627742                    /home/jailbirt/workspace/processingKinectExamples/libs/simpleOpenNi/library/library/libSimpleOpenNI64.so
7fa7e2069000-7fa7e206a000 rwxp 00000000 00:00 0 
7fa7e206a000-7fa7e206d000 ---p 00000000 00:00 0 
7fa7e206d000-7fa7e216b000 rwxp 00000000 00:00 0 
7fa7e216b000-7fa7e216e000 ---p 00000000 00:00 0 
7fa7e216e000-7fa7e226c000 rwxp 00000000 00:00 0 
7fa7e226c000-7fa7e226f000 ---p 00000000 00:00 0 
7fa7e226f000-7fa7e236d000 rwxp 00000000 00:00 0 
7fa7e236d000-7fa7e2370000 ---p 00000000 00:00 0 
7fa7e2370000-7fa7e246e000 rwxp 00000000 00:00 0 
7fa7e246e000-7fa7e2476000 r-xp 00000000 08:14 662127                     /usr/lib/x86_64-linux-gnu/libXrandr.so.2.2.0
7fa7e2476000-7fa7e2675000 ---p 00008000 08:14 662127                     /usr/lib/x86_64-linux-gnu/libXrandr.so.2.2.0
7fa7e2675000-7fa7e2676000 r-xp 00007000 08:14 662127                     /usr/lib/x86_64-linux-gnu/libXrandr.so.2.2.0
7fa7e2676000-7fa7e2677000 rwxp 00008000 08:14 662127                     /usr/lib/x86_64-linux-gnu/libXrandr.so.2.2.0
7fa7e2677000-7fa7e267a000 ---p 00000000 00:00 0 
7fa7e267a000-7fa7e2778000 rwxp 00000000 00:00 0 
7fa7e2778000-7fa7e277d000 r-xp 00000000 08:14 662111                     /usr/lib/x86_64-linux-gnu/libXfixes.so.3.1.0
7fa7e277d000-7fa7e297c000 ---p 00005000 08:14 662111                     /usr/lib/x86_64-linux-gnu/libXfixes.so.3.1.0
7fa7e297c000-7fa7e297d000 r-xp 00004000 08:14 662111                     /usr/lib/x86_64-linux-gnu/libXfixes.so.3.1.0
7fa7e297d000-7fa7e297e000 rwxp 00005000 08:14 662111                     /usr/lib/x86_64-linux-gnu/libXfixes.so.3.1.0
7fa7e297e000-7fa7e2987000 r-xp 00000000 08:14 662129                     /usr/lib/x86_64-linux-gnu/libXrender.so.1.3.0
7fa7e2987000-7fa7e2b86000 ---p 00009000 08:14 662129                     /usr/lib/x86_64-linux-gnu/libXrender.so.1.3.0
7fa7e2b86000-7fa7e2b87000 r-xp 00008000 08:14 662129                     /usr/lib/x86_64-linux-gnu/libXrender.so.1.3.0
7fa7e2b87000-7fa7e2b88000 rwxp 00009000 08:14 662129                     /usr/lib/x86_64-linux-gnu/libXrender.so.1.3.0
7fa7e2b88000-7fa7e2b91000 r-xp 00000000 08:14 662103                     /usr/lib/x86_64-linux-gnu/libXcursor.so.1.0.2
7fa7e2b91000-7fa7e2d90000 ---p 00009000 08:14 662103                     /usr/lib/x86_64-linux-gnu/libXcursor.so.1.0.2
7fa7e2d90000-7fa7e2d91000 r-xp 00008000 08:14 662103                     /usr/lib/x86_64-linux-gnu/libXcursor.so.1.0.2
7fa7e2d91000-7fa7e2d92000 rwxp 00009000 08:14 662103                     /usr/lib/x86_64-linux-gnu/libXcursor.so.1.0.2
7fa7e2d92000-7fa7e2e0b000 r-xp 00000000 08:14 1454604                    /usr/lib/jvm/jre/lib/amd64/libfontmanager.so
7fa7e2e0b000-7fa7e2f0a000 ---p 00079000 08:14 1454604                    /usr/lib/jvm/jre/lib/amd64/libfontmanager.so
7fa7e2f0a000-7fa7e2f1f000 rwxp 00078000 08:14 1454604                    /usr/lib/jvm/jre/lib/amd64/libfontmanager.so
7fa7e2f1f000-7fa7e2f31000 rwxp 00000000 00:00 0 
7fa7e2f31000-7fa7e2f36000 r-xp 00000000 08:14 662107                     /usr/lib/x86_64-linux-gnu/libXdmcp.so.6.0.0
7fa7e2f36000-7fa7e3135000 ---p 00005000 08:14 662107                     /usr/lib/x86_64-linux-gnu/libXdmcp.so.6.0.0
7fa7e3135000-7fa7e3136000 r-xp 00004000 08:14 662107                     /usr/lib/x86_64-linux-gnu/libXdmcp.so.6.0.0
7fa7e3136000-7fa7e3137000 rwxp 00005000 08:14 662107                     /usr/lib/x86_64-linux-gnu/libXdmcp.so.6.0.0
7fa7e3137000-7fa7e3139000 r-xp 00000000 08:14 662096                     /usr/lib/x86_64-linux-gnu/libXau.so.6.0.0
7fa7e3139000-7fa7e3338000 ---p 00002000 08:14 662096                     /usr/lib/x86_64-linux-gnu/libXau.so.6.0.0
7fa7e3338000-7fa7e3339000 r-xp 00001000 08:14 662096                     /usr/lib/x86_64-linux-gnu/libXau.so.6.0.0
7fa7e3339000-7fa7e333a000 rwxp 00002000 08:14 662096                     /usr/lib/x86_64-linux-gnu/libXau.so.6.0.0
7fa7e333a000-7fa7e3357000 r-xp 00000000 08:14 662695                     /usr/lib/x86_64-linux-gnu/libxcb.so.1.1.0
7fa7e3357000-7fa7e3556000 ---p 0001d000 08:14 662695                     /usr/lib/x86_64-linux-gnu/libxcb.so.1.1.0
7fa7e3556000-7fa7e3557000 r-xp 0001c000 08:14 662695                     /usr/lib/x86_64-linux-gnu/libxcb.so.1.1.0
7fa7e3557000-7fa7e3558000 rwxp 0001d000 08:14 662695                     /usr/lib/x86_64-linux-gnu/libxcb.so.1.1.0
7fa7e3558000-7fa7e3566000 r-xp 00000000 08:14 662115                     /usr/lib/x86_64-linux-gnu/libXi.so.6.1.0
7fa7e3566000-7fa7e3765000 ---p 0000e000 08:14 662115                     /usr/lib/x86_64-linux-gnu/libXi.so.6.1.0
7fa7e3765000-7fa7e3766000 r-xp 0000d000 08:14 662115                     /usr/lib/x86_64-linux-gnu/libXi.so.6.1.0
7fa7e3766000-7fa7e3767000 rwxp 0000e000 08:14 662115                     /usr/lib/x86_64-linux-gnu/libXi.so.6.1.0
7fa7e3767000-7fa7e376c000 r-xp 00000000 08:14 662133                     /usr/lib/x86_64-linux-gnu/libXtst.so.6.1.0
7fa7e376c000-7fa7e396b000 ---p 00005000 08:14 662133                     /usr/lib/x86_64-linux-gnu/libXtst.so.6.1.0
7fa7e396b000-7fa7e396c000 r-xp 00004000 08:14 662133                     /usr/lib/x86_64-linux-gnu/libXtst.so.6.1.0
7fa7e396c000-7fa7e396d000 rwxp 00005000 08:14 662133                     /usr/lib/x86_64-linux-gnu/libXtst.so.6.1.0
7fa7e396d000-7fa7e3a9c000 r-xp 00000000 08:14 662094                     /usr/lib/x86_64-linux-gnu/libX11.so.6.3.0
7fa7e3a9c000-7fa7e3c9c000 ---p 0012f000 08:14 662094                     /usr/lib/x86_64-linux-gnu/libX11.so.6.3.0
7fa7e3c9c000-7fa7e3c9d000 r-xp 0012f000 08:14 662094                     /usr/lib/x86_64-linux-gnu/libX11.so.6.3.0
7fa7e3c9d000-7fa7e3ca1000 rwxp 00130000 08:14 662094                     /usr/lib/x86_64-linux-gnu/libX11.so.6.3.0
7fa7e3ca1000-7fa7e3cb1000 r-xp 00000000 08:14 662109                     /usr/lib/x86_64-linux-gnu/libXext.so.6.4.0
7fa7e3cb1000-7fa7e3eb0000 ---p 00010000 08:14 662109                     /usr/lib/x86_64-linux-gnu/libXext.so.6.4.0
7fa7e3eb0000-7fa7e3eb1000 r-xp 0000f000 08:14 662109                     /usr/lib/x86_64-linux-gnu/libXext.so.6.4.0
7fa7e3eb1000-7fa7e3eb2000 rwxp 00010000 08:14 662109                     /usr/lib/x86_64-linux-gnu/libXext.so.6.4.0
7fa7e3eb2000-7fa7e3ef4000 r-xp 00000000 08:14 1571968                    /usr/lib/jvm/jre/lib/amd64/xawt/libmawt.so
7fa7e3ef4000-7fa7e3ff3000 ---p 00042000 08:14 1571968                    /usr/lib/jvm/jre/lib/amd64/xawt/libmawt.so
7fa7e3ff3000-7fa7e3fff000 rwxp 00041000 08:14 1571968                    /usr/lib/jvm/jre/lib/amd64/xawt/libmawt.so
7fa7e3fff000-7fa7e4000000 rwxp 00000000 00:00 0 
7fa7e4000000-7fa7e4307000 rwxp 00000000 00:00 0 
7fa7e4307000-7fa7e8000000 ---p 00000000 00:00 0 
7fa7e8000000-7fa7e8021000 rwxp 00000000 00:00 0 
7fa7e8021000-7fa7ec000000 ---p 00000000 00:00 0 
7fa7ec000000-7fa7ec021000 rwxp 00000000 00:00 0 
7fa7ec021000-7fa7f0000000 ---p 00000000 00:00 0 
7fa7f0000000-7fa7f022d000 rwxp 00000000 00:00 0 
7fa7f022d000-7fa7f4000000 ---p 00000000 00:00 0 
7fa7f4000000-7fa7f4021000 rwxp 00000000 00:00 0 
7fa7f4021000-7fa7f8000000 ---p 00000000 00:00 0 
7fa7f8000000-7fa7f8021000 rwxp 00000000 00:00 0 
7fa7f8021000-7fa7fc000000 ---p 00000000 00:00 0 
7fa7fc000000-7fa7fc021000 rwxp 00000000 00:00 0 
7fa7fc021000-7fa800000000 ---p 00000000 00:00 0 
7fa800000000-7fa800021000 rwxp 00000000 00:00 0 
7fa800021000-7fa804000000 ---p 00000000 00:00 0 
7fa804000000-7fa804021000 rwxp 00000000 00:00 0 
7fa804021000-7fa808000000 ---p 00000000 00:00 0 
7fa808000000-7fa808021000 rwxp 00000000 00:00 0 
7fa808021000-7fa80c000000 ---p 00000000 00:00 0 
7fa80c000000-7fa80c021000 rwxp 00000000 00:00 0 
7fa80c021000-7fa810000000 ---p 00000000 00:00 0 
7fa810000000-7fa810021000 rwxp 00000000 00:00 0 
7fa810021000-7fa814000000 ---p 00000000 00:00 0 
7fa814000000-7fa814021000 rwxp 00000000 00:00 0 
7fa814021000-7fa818000000 ---p 00000000 00:00 0 
7fa818000000-7fa818021000 rwxp 00000000 00:00 0 
7fa818021000-7fa81c000000 ---p 00000000 00:00 0 
7fa81c000000-7fa81c021000 rwxp 00000000 00:00 0 
7fa81c021000-7fa820000000 ---p 00000000 00:00 0 
7fa820014000-7fa820015000 rwxs 00000000 00:12 597678                     /run/shm/045e.02ae@2.8-SM
7fa820015000-7fa820016000 rwxp 00000000 00:00 0 
7fa820016000-7fa820019000 r-xs 00022000 08:15 2247532                    /home/jailbirt/workspace/processingKinectExamples/libs/simpleOpenNi/SimpleOpenNI.jar
7fa820019000-7fa82001a000 r-xs 00001000 08:15 3674536                    /home/jailbirt/workspace/processingKinectExamples/libs/net/net.jar
7fa82001a000-7fa82001c000 r-xs 00008000 08:15 3674360                    /home/jailbirt/workspace/processingKinectExamples/libs/peasycam/library/peasycam.jar
7fa82001c000-7fa82001d000 r-xs 00005000 08:15 2495492                    /home/jailbirt/workspace/processingKinectExamples/libs/OBJLoader/library/OBJLoader.jar
7fa82001d000-7fa820020000 r-xs 00017000 08:15 2490784                    /home/jailbirt/workspace/processingKinectExamples/libs/minim/tritonus_share.jar
7fa820020000-7fa820021000 r-xs 00002000 08:15 2490783                    /home/jailbirt/workspace/processingKinectExamples/libs/minim/tritonus_aos.jar
7fa820021000-7fa820022000 r-xs 00005000 08:15 2490782                    /home/jailbirt/workspace/processingKinectExamples/libs/minim/mp3spi1.9.4.jar
7fa820022000-7fa820024000 r-xs 0000d000 08:15 2490781                    /home/jailbirt/workspace/processingKinectExamples/libs/minim/minim.jar
7fa820024000-7fa820025000 r-xs 00000000 08:15 2490780                    /home/jailbirt/workspace/processingKinectExamples/libs/minim/minim-spi.jar
7fa820025000-7fa820026000 r-xs 0000b000 08:15 2490779                    /home/jailbirt/workspace/processingKinectExamples/libs/minim/jsminim.jar
7fa820026000-7fa820029000 r-xs 00017000 08:15 2490772                    /home/jailbirt/workspace/processingKinectExamples/libs/minim/jl1.0.jar
7fa820029000-7fa82002a000 r-xs 00003000 08:15 2247358                    /home/jailbirt/workspace/processingKinectExamples/libs/openGL/opengl.jar
7fa82002a000-7fa820035000 r-xs 00108000 08:15 2247356                    /home/jailbirt/workspace/processingKinectExamples/libs/openGL/jogl.jar
7fa820035000-7fa820036000 r-xs 00004000 08:15 2247355                    /home/jailbirt/workspace/processingKinectExamples/libs/openGL/gluegen-rt.jar
7fa820036000-7fa82003f000 r-xs 00000000 08:16 1707329                    /var/cache/fontconfig/945677eb7aeaf62f1d50efc3fb3ec7d8-le64.cache-3
7fa82003f000-7fa820047000 r-xs 00000000 08:16 1707943                    /var/cache/fontconfig/a6d8cf8e4ec09cdbc8633c31745a07dd-le64.cache-3
7fa820047000-7fa82004a000 ---p 00000000 00:00 0 
7fa82004a000-7fa820148000 rwxp 00000000 00:00 0 
7fa820148000-7fa8201da000 r-xp 00000000 08:14 1454608                    /usr/lib/jvm/jre/lib/amd64/libawt.so
7fa8201da000-7fa8202d9000 ---p 00092000 08:14 1454608                    /usr/lib/jvm/jre/lib/amd64/libawt.so
7fa8202d9000-7fa8202f3000 rwxp 00091000 08:14 1454608                    /usr/lib/jvm/jre/lib/amd64/libawt.so
7fa8202f3000-7fa820317000 rwxp 00000000 00:00 0 
7fa820317000-7fa820318000 ---p 00000000 00:00 0 
7fa820318000-7fa820418000 rwxp 00000000 00:00 0 
7fa820418000-7fa82041b000 ---p 00000000 00:00 0 
7fa82041b000-7fa820519000 rwxp 00000000 00:00 0 
7fa820519000-7fa82051c000 ---p 00000000 00:00 0 
7fa82051c000-7fa82061a000 rwxp 00000000 00:00 0 
7fa82061a000-7fa82061d000 ---p 00000000 00:00 0 
7fa82061d000-7fa82071b000 rwxp 00000000 00:00 0 
7fa82071b000-7fa82071e000 ---p 00000000 00:00 0 
7fa82071e000-7fa82081c000 rwxp 00000000 00:00 0 
7fa82081c000-7fa820eff000 r-xp 00000000 08:14 661138                     /usr/lib/locale/locale-archive
7fa820eff000-7fa820f02000 ---p 00000000 00:00 0 
7fa820f02000-7fa821270000 rwxp 00000000 00:00 0 
7fa821270000-7fa824316000 rwxp 00000000 00:00 0 
7fa824316000-7fa828000000 ---p 00000000 00:00 0 
7fa828000000-7fa828001000 r-xs 00000000 08:16 1707334                    /var/cache/fontconfig/c05880de57d1f5e948fdfacc138775d9-le64.cache-3
7fa828001000-7fa828003000 r-xs 00000000 08:16 1707330                    /var/cache/fontconfig/99e8ed0e538f840c565b6ed5dad60d56-le64.cache-3
7fa828003000-7fa828007000 r-xs 00000000 08:16 1707316                    /var/cache/fontconfig/2cd17615ca594fa2959ae173292e504c-le64.cache-3
7fa828007000-7fa828008000 r-xs 00000000 08:16 1707341                    /var/cache/fontconfig/e7071f4a29fa870f4323321c154eba04-le64.cache-3
7fa828008000-7fa828009000 r-xs 00000000 08:16 1707314                    /var/cache/fontconfig/0d8c3b2ac0904cb8a57a757ad11a4a08-le64.cache-3
7fa828009000-7fa82800f000 r-xs 00000000 08:16 1707331                    /var/cache/fontconfig/a755afe4a08bf5b97852ceb7400b47bc-le64.cache-3
7fa82800f000-7fa828013000 r-xs 00000000 08:16 1707325                    /var/cache/fontconfig/6d41288fd70b0be22e8c3a91e032eec0-le64.cache-3
7fa828013000-7fa828023000 r-xs 00000000 08:16 1707313                    /var/cache/fontconfig/04aabc0a78ac019cf9454389977116d2-le64.cache-3
7fa828023000-7fa828026000 r-xs 00000000 08:16 1707319                    /var/cache/fontconfig/385c0604a188198f04d133e54aba7fe7-le64.cache-3
7fa828026000-7fa828027000 r-xs 00000000 08:16 1707336                    /var/cache/fontconfig/4794a0821666d79190d59a36cb4f44b5-le64.cache-3
7fa828027000-7fa82802a000 r-xs 00000000 08:16 1707328                    /var/cache/fontconfig/8801497958630a81b71ace7c5f9b32a8-le64.cache-3
7fa82802a000-7fa82803a000 r-xs 00000000 08:16 1707337                    /var/cache/fontconfig/d52a8644073d54c13679302ca1180695-le64.cache-3
7fa82803a000-7fa82803d000 ---p 00000000 00:00 0 
7fa82803d000-7fa82813b000 rwxp 00000000 00:00 0 
7fa82813b000-7fa82813c000 ---p 00000000 00:00 0 
7fa82813c000-7fa828b79000 rwxp 00000000 00:00 0 
7fa828b79000-7fa828d10000 r-xs 03079000 08:14 1454726                    /usr/lib/jvm/jre/lib/rt.jar
7fa828d10000-7fa828d38000 rwxp 00000000 00:00 0 
7fa828d38000-7fa828d39000 ---p 00000000 00:00 0 
7fa828d39000-7fa828e39000 rwxp 00000000 00:00 0 
7fa828e39000-7fa828e3a000 ---p 00000000 00:00 0 
7fa828e3a000-7fa828f3a000 rwxp 00000000 00:00 0 
7fa828f3a000-7fa828f3b000 ---p 00000000 00:00 0 
7fa828f3b000-7fa82903b000 rwxp 00000000 00:00 0 
7fa82903b000-7fa82903c000 ---p 00000000 00:00 0 
7fa82903c000-7fa82913c000 rwxp 00000000 00:00 0 
7fa82913c000-7fa82913d000 ---p 00000000 00:00 0 
7fa82913d000-7fa82923d000 rwxp 00000000 00:00 0 
7fa82923d000-7fa82923e000 ---p 00000000 00:00 0 
7fa82923e000-7fa82933e000 rwxp 00000000 00:00 0 
7fa82933e000-7fa82933f000 ---p 00000000 00:00 0 
7fa82933f000-7fa82943f000 rwxp 00000000 00:00 0 
7fa82943f000-7fa829440000 ---p 00000000 00:00 0 
7fa829440000-7fa82954b000 rwxp 00000000 00:00 0 
7fa82954b000-7fa829569000 rwxp 00000000 00:00 0 
7fa829569000-7fa8295a8000 rwxp 00000000 00:00 0 
7fa8295a8000-7fa829952000 rwxp 00000000 00:00 0 
7fa829952000-7fa82995d000 rwxp 00000000 00:00 0 
7fa82995d000-7fa82997b000 rwxp 00000000 00:00 0 
7fa82997b000-7fa8299ba000 rwxp 00000000 00:00 0 
7fa8299ba000-7fa829d63000 rwxp 00000000 00:00 0 
7fa829d63000-7fa829d83000 rwxp 00000000 00:00 0 
7fa829d83000-7fa829f58000 rwxp 00000000 00:00 0 
7fa829f58000-7fa829f59000 rwxp 00000000 00:00 0 
7fa829f59000-7fa829f67000 r-xp 00000000 08:14 1454610                    /usr/lib/jvm/jre/lib/amd64/libzip.so
7fa829f67000-7fa82a069000 ---p 0000e000 08:14 1454610                    /usr/lib/jvm/jre/lib/amd64/libzip.so
7fa82a069000-7fa82a06c000 rwxp 00010000 08:14 1454610                    /usr/lib/jvm/jre/lib/amd64/libzip.so
7fa82a06c000-7fa82a06d000 rwxp 00000000 00:00 0 
7fa82a06d000-7fa82a079000 r-xp 00000000 08:14 788702                     /lib/x86_64-linux-gnu/libnss_files-2.15.so
7fa82a079000-7fa82a278000 ---p 0000c000 08:14 788702                     /lib/x86_64-linux-gnu/libnss_files-2.15.so
7fa82a278000-7fa82a279000 r-xp 0000b000 08:14 788702                     /lib/x86_64-linux-gnu/libnss_files-2.15.so
7fa82a279000-7fa82a27a000 rwxp 0000c000 08:14 788702                     /lib/x86_64-linux-gnu/libnss_files-2.15.so
7fa82a27a000-7fa82a284000 r-xp 00000000 08:14 788706                     /lib/x86_64-linux-gnu/libnss_nis-2.15.so
7fa82a284000-7fa82a484000 ---p 0000a000 08:14 788706                     /lib/x86_64-linux-gnu/libnss_nis-2.15.so
7fa82a484000-7fa82a485000 r-xp 0000a000 08:14 788706                     /lib/x86_64-linux-gnu/libnss_nis-2.15.so
7fa82a485000-7fa82a486000 rwxp 0000b000 08:14 788706                     /lib/x86_64-linux-gnu/libnss_nis-2.15.so
7fa82a486000-7fa82a48e000 r-xp 00000000 08:14 788698                     /lib/x86_64-linux-gnu/libnss_compat-2.15.so
7fa82a48e000-7fa82a68d000 ---p 00008000 08:14 788698                     /lib/x86_64-linux-gnu/libnss_compat-2.15.so
7fa82a68d000-7fa82a68e000 r-xp 00007000 08:14 788698                     /lib/x86_64-linux-gnu/libnss_compat-2.15.so
7fa82a68e000-7fa82a68f000 rwxp 00008000 08:14 788698                     /lib/x86_64-linux-gnu/libnss_compat-2.15.so
7fa82a68f000-7fa82a6a6000 r-xp 00000000 08:14 788696                     /lib/x86_64-linux-gnu/libnsl-2.15.so
7fa82a6a6000-7fa82a8a5000 ---p 00017000 08:14 788696                     /lib/x86_64-linux-gnu/libnsl-2.15.so
7fa82a8a5000-7fa82a8a6000 r-xp 00016000 08:14 788696                     /lib/x86_64-linux-gnu/libnsl-2.15.so
7fa82a8a6000-7fa82a8a7000 rwxp 00017000 08:14 788696                     /lib/x86_64-linux-gnu/libnsl-2.15.so
7fa82a8a7000-7fa82a8a9000 rwxp 00000000 00:00 0 
7fa82a8a9000-7fa82a8d2000 r-xp 00000000 08:14 1450954                    /usr/lib/jvm/jre/lib/amd64/libjava.so
7fa82a8d2000-7fa82a9d1000 ---p 00029000 08:14 1450954                    /usr/lib/jvm/jre/lib/amd64/libjava.so
7fa82a9d1000-7fa82a9d8000 rwxp 00028000 08:14 1450954                    /usr/lib/jvm/jre/lib/amd64/libjava.so
7fa82a9d8000-7fa82a9e5000 r-xp 00000000 08:14 1450959                    /usr/lib/jvm/jre/lib/amd64/libverify.so
7fa82a9e5000-7fa82aae4000 ---p 0000d000 08:14 1450959                    /usr/lib/jvm/jre/lib/amd64/libverify.so
7fa82aae4000-7fa82aae7000 rwxp 0000c000 08:14 1450959                    /usr/lib/jvm/jre/lib/amd64/libverify.so
7fa82aae7000-7fa82aaee000 r-xp 00000000 08:14 788737                     /lib/x86_64-linux-gnu/librt-2.15.so
7fa82aaee000-7fa82aced000 ---p 00007000 08:14 788737                     /lib/x86_64-linux-gnu/librt-2.15.so
7fa82aced000-7fa82acee000 r-xp 00006000 08:14 788737                     /lib/x86_64-linux-gnu/librt-2.15.so
7fa82acee000-7fa82acef000 rwxp 00007000 08:14 788737                     /lib/x86_64-linux-gnu/librt-2.15.so
7fa82acef000-7fa82acf2000 ---p 00000000 00:00 0 
7fa82acf2000-7fa82adf0000 rwxp 00000000 00:00 0 
7fa82adf0000-7fa82aee9000 r-xp 00000000 08:14 788683                     /lib/x86_64-linux-gnu/libm-2.15.so
7fa82aee9000-7fa82b0e8000 ---p 000f9000 08:14 788683                     /lib/x86_64-linux-gnu/libm-2.15.so
7fa82b0e8000-7fa82b0e9000 r-xp 000f8000 08:14 788683                     /lib/x86_64-linux-gnu/libm-2.15.so
7fa82b0e9000-7fa82b0ea000 rwxp 000f9000 08:14 788683                     /lib/x86_64-linux-gnu/libm-2.15.so
7fa82b0ea000-7fa82ba05000 r-xp 00000000 08:14 2100299                    /usr/lib/jvm/jre/lib/amd64/server/libjvm.so
7fa82ba05000-7fa82bb06000 ---p 0091b000 08:14 2100299                    /usr/lib/jvm/jre/lib/amd64/server/libjvm.so
7fa82bb06000-7fa82bcbb000 rwxp 0091c000 08:14 2100299                    /usr/lib/jvm/jre/lib/amd64/server/libjvm.so
7fa82bcbb000-7fa82bcf5000 rwxp 00000000 00:00 0 
7fa82bcf5000-7fa82bea8000 r-xp 00000000 08:14 788651                     /lib/x86_64-linux-gnu/libc-2.15.so
7fa82bea8000-7fa82c0a7000 ---p 001b3000 08:14 788651                     /lib/x86_64-linux-gnu/libc-2.15.so
7fa82c0a7000-7fa82c0ab000 r-xp 001b2000 08:14 788651                     /lib/x86_64-linux-gnu/libc-2.15.so
7fa82c0ab000-7fa82c0ad000 rwxp 001b6000 08:14 788651                     /lib/x86_64-linux-gnu/libc-2.15.so
7fa82c0ad000-7fa82c0b2000 rwxp 00000000 00:00 0 
7fa82c0b2000-7fa82c0b4000 r-xp 00000000 08:14 788664                     /lib/x86_64-linux-gnu/libdl-2.15.so
7fa82c0b4000-7fa82c2b4000 ---p 00002000 08:14 788664                     /lib/x86_64-linux-gnu/libdl-2.15.so
7fa82c2b4000-7fa82c2b5000 r-xp 00002000 08:14 788664                     /lib/x86_64-linux-gnu/libdl-2.15.so
7fa82c2b5000-7fa82c2b6000 rwxp 00003000 08:14 788664                     /lib/x86_64-linux-gnu/libdl-2.15.so
7fa82c2b6000-7fa82c2ce000 r-xp 00000000 08:14 788731                     /lib/x86_64-linux-gnu/libpthread-2.15.so
7fa82c2ce000-7fa82c4cd000 ---p 00018000 08:14 788731                     /lib/x86_64-linux-gnu/libpthread-2.15.so
7fa82c4cd000-7fa82c4ce000 r-xp 00017000 08:14 788731                     /lib/x86_64-linux-gnu/libpthread-2.15.so
7fa82c4ce000-7fa82c4cf000 rwxp 00018000 08:14 788731                     /lib/x86_64-linux-gnu/libpthread-2.15.so
7fa82c4cf000-7fa82c4d3000 rwxp 00000000 00:00 0 
7fa82c4d3000-7fa82c4f5000 r-xp 00000000 08:14 788631                     /lib/x86_64-linux-gnu/ld-2.15.so
7fa82c4f5000-7fa82c4fa000 r-xs 00000000 08:16 1707317                    /var/cache/fontconfig/3047814df9a2f067bd2d96a2b9c36e5a-le64.cache-3
7fa82c4fa000-7fa82c4fb000 r-xs 00000000 08:16 1707322                    /var/cache/fontconfig/56cf4f4769d0f4abc89a4895d7bd3ae1-le64.cache-3
7fa82c4fb000-7fa82c4fc000 r-xs 00000000 08:16 1707333                    /var/cache/fontconfig/b9d506c9ac06c20b433354fa67a72993-le64.cache-3
7fa82c4fc000-7fa82c502000 r-xs 00000000 08:16 1708054                    /var/cache/fontconfig/3f7329c5293ffd510edef78f73874cfd-le64.cache-3
7fa82c502000-7fa82c50d000 r-xs 00000000 08:16 1707971                    /var/cache/fontconfig/e13b20fdb08344e0e664864cc2ede53d-le64.cache-3
7fa82c50d000-7fa82c517000 rwxp 00000000 00:00 0 
7fa82c517000-7fa82c5cd000 rwxp 00000000 00:00 0 
7fa82c5cd000-7fa82c5d0000 rwxp 00000000 00:00 0 
7fa82c5d0000-7fa82c5d7000 r-xp 00000000 08:14 1967149                    /usr/lib/jvm/jre/lib/amd64/jli/libjli.so
7fa82c5d7000-7fa82c6d8000 ---p 00007000 08:14 1967149                    /usr/lib/jvm/jre/lib/amd64/jli/libjli.so
7fa82c6d8000-7fa82c6da000 rwxp 00008000 08:14 1967149                    /usr/lib/jvm/jre/lib/amd64/jli/libjli.so
7fa82c6da000-7fa82c6db000 rwxp 00000000 00:00 0 
7fa82c6db000-7fa82c6e0000 r-xs 00000000 08:16 1707332                    /var/cache/fontconfig/b47c4e1ecd0709278f4910c18777a504-le64.cache-3
7fa82c6e0000-7fa82c6e4000 r-xs 00000000 08:16 1707942                    /var/cache/fontconfig/7ef2298fde41cc6eeb7af42e48b7d293-le64.cache-3
7fa82c6e4000-7fa82c6e6000 r-xs 0002b000 08:15 2247352                    /home/jailbirt/workspace/processingKinectExamples/libs/core.jar
7fa82c6e6000-7fa82c6e9000 r-xs 0000f000 08:14 1577185                    /usr/lib/jvm/jre/lib/ext/pulse-java.jar
7fa82c6e9000-7fa82c6f1000 rwxs 00000000 08:14 526150                     /tmp/hsperfdata_jailbirt/5269
7fa82c6f1000-7fa82c6f2000 rwxp 00000000 00:00 0 
7fa82c6f2000-7fa82c6f3000 r-xp 00000000 00:00 0 
7fa82c6f3000-7fa82c6f5000 rwxp 00000000 00:00 0 
7fa82c6f5000-7fa82c6f6000 r-xp 00022000 08:14 788631                     /lib/x86_64-linux-gnu/ld-2.15.so
7fa82c6f6000-7fa82c6f8000 rwxp 00023000 08:14 788631                     /lib/x86_64-linux-gnu/ld-2.15.so
7fff22abc000-7fff22ade000 rwxp 00000000 00:00 0                          [stack]
7fff22bff000-7fff22c00000 r-xp 00000000 00:00 0                          [vdso]
ffffffffff600000-ffffffffff601000 r-xp 00000000 00:00 0                  [vsyscall]

VM Arguments:
jvm_args: -Djava.library.path=/home/jailbirt/workspace/processingKinectExamples/libs/openGL/linux64:/home/jailbirt/workspace/processingKinectExamples/libs/openGL/linux64:/home/jailbirt/workspace/processingKinectExamples/libs/simpleOpenNi/library/library -Dfile.encoding=UTF-8 
java_command: userTracking.main
Launcher Type: SUN_STANDARD

Environment Variables:
PATH=/usr/lib/lightdm/lightdm:/usr/local/sbin:/usr/local/bin:/usr/sbin:/usr/bin:/sbin:/bin:/usr/games
LD_LIBRARY_PATH=/usr/lib/jvm/jre/lib/amd64/server:/usr/lib/jvm/jre/lib/amd64:/usr/lib/jvm/jre/../lib/amd64
SHELL=/bin/bash
DISPLAY=:0.0

Signal Handlers:
SIGSEGV: [libjvm.so+0x8602a0], sa_mask[0]=0x7ffbfeff, sa_flags=0x10000004
SIGBUS: [libjvm.so+0x8602a0], sa_mask[0]=0x7ffbfeff, sa_flags=0x10000004
SIGFPE: [libjvm.so+0x70ef10], sa_mask[0]=0x7ffbfeff, sa_flags=0x10000004
SIGPIPE: [libjvm.so+0x70ef10], sa_mask[0]=0x7ffbfeff, sa_flags=0x10000004
SIGXFSZ: [libjvm.so+0x70ef10], sa_mask[0]=0x7ffbfeff, sa_flags=0x10000004
SIGILL: [libjvm.so+0x70ef10], sa_mask[0]=0x7ffbfeff, sa_flags=0x10000004
SIGUSR1: SIG_DFL, sa_mask[0]=0x00000000, sa_flags=0x00000000
SIGUSR2: [libjvm.so+0x711d40], sa_mask[0]=0x00000004, sa_flags=0x10000004
SIGHUP: [libjvm.so+0x711940], sa_mask[0]=0x7ffbfeff, sa_flags=0x10000004
SIGINT: [libjvm.so+0x711940], sa_mask[0]=0x7ffbfeff, sa_flags=0x10000004
SIGTERM: [libjvm.so+0x711940], sa_mask[0]=0x7ffbfeff, sa_flags=0x10000004
SIGQUIT: [libjvm.so+0x711940], sa_mask[0]=0x7ffbfeff, sa_flags=0x10000004


---------------  S Y S T E M  ---------------

OS:wheezy/sid

uname:Linux 3.2.0-26-generic #41-Ubuntu SMP Thu Jun 14 17:49:24 UTC 2012 x86_64
libc:glibc 2.15 NPTL 2.15 
rlimit: STACK 8192k, CORE 0k, NPROC 95824, NOFILE 4096, AS infinity
load average:0.96 0.88 0.82

/proc/meminfo:
MemTotal:       12290156 kB
MemFree:         8821164 kB
Buffers:           99936 kB
Cached:          1797152 kB
SwapCached:            0 kB
Active:          1986856 kB
Inactive:        1163336 kB
Active(anon):    1254988 kB
Inactive(anon):    15588 kB
Active(file):     731868 kB
Inactive(file):  1147748 kB
Unevictable:           0 kB
Mlocked:               0 kB
SwapTotal:       8388604 kB
SwapFree:        8388604 kB
Dirty:               260 kB
Writeback:             0 kB
AnonPages:       1253548 kB
Mapped:           180380 kB
Shmem:             17608 kB
Slab:              92600 kB
SReclaimable:      55448 kB
SUnreclaim:        37152 kB
KernelStack:        4032 kB
PageTables:        31456 kB
NFS_Unstable:          0 kB
Bounce:                0 kB
WritebackTmp:          0 kB
CommitLimit:    14533680 kB
Committed_AS:    3160956 kB
VmallocTotal:   34359738367 kB
VmallocUsed:      181436 kB
VmallocChunk:   34359523836 kB
HardwareCorrupted:     0 kB
AnonHugePages:         0 kB
HugePages_Total:       0
HugePages_Free:        0
HugePages_Rsvd:        0
HugePages_Surp:        0
Hugepagesize:       2048 kB
DirectMap4k:      591680 kB
DirectMap2M:    11974656 kB


CPU:total 8 (4 cores per cpu, 2 threads per core) family 6 model 42 stepping 7, cmov, cx8, fxsr, mmx, sse, sse2, sse3, ssse3, sse4.1, sse4.2, popcnt, ht

/proc/cpuinfo:
processor	: 0
vendor_id	: GenuineIntel
cpu family	: 6
model		: 42
model name	: Intel(R) Core(TM) i7-2600 CPU @ 3.40GHz
stepping	: 7
microcode	: 0x14
cpu MHz		: 1600.000
cache size	: 8192 KB
physical id	: 0
siblings	: 8
core id		: 0
cpu cores	: 4
apicid		: 0
initial apicid	: 0
fpu		: yes
fpu_exception	: yes
cpuid level	: 13
wp		: yes
flags		: fpu vme de pse tsc msr pae mce cx8 apic sep mtrr pge mca cmov pat pse36 clflush dts acpi mmx fxsr sse sse2 ss ht tm pbe syscall nx rdtscp lm constant_tsc arch_perfmon pebs bts rep_good nopl xtopology nonstop_tsc aperfmperf pni pclmulqdq dtes64 monitor ds_cpl vmx smx est tm2 ssse3 cx16 xtpr pdcm pcid sse4_1 sse4_2 x2apic popcnt tsc_deadline_timer aes xsave avx lahf_lm ida arat epb xsaveopt pln pts dts tpr_shadow vnmi flexpriority ept vpid
bogomips	: 6784.59
clflush size	: 64
cache_alignment	: 64
address sizes	: 36 bits physical, 48 bits virtual
power management:

processor	: 1
vendor_id	: GenuineIntel
cpu family	: 6
model		: 42
model name	: Intel(R) Core(TM) i7-2600 CPU @ 3.40GHz
stepping	: 7
microcode	: 0x14
cpu MHz		: 1600.000
cache size	: 8192 KB
physical id	: 0
siblings	: 8
core id		: 1
cpu cores	: 4
apicid		: 2
initial apicid	: 2
fpu		: yes
fpu_exception	: yes
cpuid level	: 13
wp		: yes
flags		: fpu vme de pse tsc msr pae mce cx8 apic sep mtrr pge mca cmov pat pse36 clflush dts acpi mmx fxsr sse sse2 ss ht tm pbe syscall nx rdtscp lm constant_tsc arch_perfmon pebs bts rep_good nopl xtopology nonstop_tsc aperfmperf pni pclmulqdq dtes64 monitor ds_cpl vmx smx est tm2 ssse3 cx16 xtpr pdcm pcid sse4_1 sse4_2 x2apic popcnt tsc_deadline_timer aes xsave avx lahf_lm ida arat epb xsaveopt pln pts dts tpr_shadow vnmi flexpriority ept vpid
bogomips	: 6784.26
clflush size	: 64
cache_alignment	: 64
address sizes	: 36 bits physical, 48 bits virtual
power management:

processor	: 2
vendor_id	: GenuineIntel
cpu family	: 6
model		: 42
model name	: Intel(R) Core(TM) i7-2600 CPU @ 3.40GHz
stepping	: 7
microcode	: 0x14
cpu MHz		: 1600.000
cache size	: 8192 KB
physical id	: 0
siblings	: 8
core id		: 2
cpu cores	: 4
apicid		: 4
initial apicid	: 4
fpu		: yes
fpu_exception	: yes
cpuid level	: 13
wp		: yes
flags		: fpu vme de pse tsc msr pae mce cx8 apic sep mtrr pge mca cmov pat pse36 clflush dts acpi mmx fxsr sse sse2 ss ht tm pbe syscall nx rdtscp lm constant_tsc arch_perfmon pebs bts rep_good nopl xtopology nonstop_tsc aperfmperf pni pclmulqdq dtes64 monitor ds_cpl vmx smx est tm2 ssse3 cx16 xtpr pdcm pcid sse4_1 sse4_2 x2apic popcnt tsc_deadline_timer aes xsave avx lahf_lm ida arat epb xsaveopt pln pts dts tpr_shadow vnmi flexpriority ept vpid
bogomips	: 6784.26
clflush size	: 64
cache_alignment	: 64
address sizes	: 36 bits physical, 48 bits virtual
power management:

processor	: 3
vendor_id	: GenuineIntel
cpu family	: 6
model		: 42
model name	: Intel(R) Core(TM) i7-2600 CPU @ 3.40GHz
stepping	: 7
microcode	: 0x14
cpu MHz		: 1600.000
cache size	: 8192 KB
physical id	: 0
siblings	: 8
core id		: 3
cpu cores	: 4
apicid		: 6
initial apicid	: 6
fpu		: yes
fpu_exception	: yes
cpuid level	: 13
wp		: yes
flags		: fpu vme de pse tsc msr pae mce cx8 apic sep mtrr pge mca cmov pat pse36 clflush dts acpi mmx fxsr sse sse2 ss ht tm pbe syscall nx rdtscp lm constant_tsc arch_perfmon pebs bts rep_good nopl xtopology nonstop_tsc aperfmperf pni pclmulqdq dtes64 monitor ds_cpl vmx smx est tm2 ssse3 cx16 xtpr pdcm pcid sse4_1 sse4_2 x2apic popcnt tsc_deadline_timer aes xsave avx lahf_lm ida arat epb xsaveopt pln pts dts tpr_shadow vnmi flexpriority ept vpid
bogomips	: 6784.27
clflush size	: 64
cache_alignment	: 64
address sizes	: 36 bits physical, 48 bits virtual
power management:

processor	: 4
vendor_id	: GenuineIntel
cpu family	: 6
model		: 42
model name	: Intel(R) Core(TM) i7-2600 CPU @ 3.40GHz
stepping	: 7
microcode	: 0x14
cpu MHz		: 1600.000
cache size	: 8192 KB
physical id	: 0
siblings	: 8
core id		: 0
cpu cores	: 4
apicid		: 1
initial apicid	: 1
fpu		: yes
fpu_exception	: yes
cpuid level	: 13
wp		: yes
flags		: fpu vme de pse tsc msr pae mce cx8 apic sep mtrr pge mca cmov pat pse36 clflush dts acpi mmx fxsr sse sse2 ss ht tm pbe syscall nx rdtscp lm constant_tsc arch_perfmon pebs bts rep_good nopl xtopology nonstop_tsc aperfmperf pni pclmulqdq dtes64 monitor ds_cpl vmx smx est tm2 ssse3 cx16 xtpr pdcm pcid sse4_1 sse4_2 x2apic popcnt tsc_deadline_timer aes xsave avx lahf_lm ida arat epb xsaveopt pln pts dts tpr_shadow vnmi flexpriority ept vpid
bogomips	: 6784.26
clflush size	: 64
cache_alignment	: 64
address sizes	: 36 bits physical, 48 bits virtual
power management:

processor	: 5
vendor_id	: GenuineIntel
cpu family	: 6
model		: 42
model name	: Intel(R) Core(TM) i7-2600 CPU @ 3.40GHz
stepping	: 7
microcode	: 0x14
cpu MHz		: 3701.000
cache size	: 8192 KB
physical id	: 0
siblings	: 8
core id		: 1
cpu cores	: 4
apicid		: 3
initial apicid	: 3
fpu		: yes
fpu_exception	: yes
cpuid level	: 13
wp		: yes
flags		: fpu vme de pse tsc msr pae mce cx8 apic sep mtrr pge mca cmov pat pse36 clflush dts acpi mmx fxsr sse sse2 ss ht tm pbe syscall nx rdtscp lm constant_tsc arch_perfmon pebs bts rep_good nopl xtopology nonstop_tsc aperfmperf pni pclmulqdq dtes64 monitor ds_cpl vmx smx est tm2 ssse3 cx16 xtpr pdcm pcid sse4_1 sse4_2 x2apic popcnt tsc_deadline_timer aes xsave avx lahf_lm ida arat epb xsaveopt pln pts dts tpr_shadow vnmi flexpriority ept vpid
bogomips	: 6784.25
clflush size	: 64
cache_alignment	: 64
address sizes	: 36 bits physical, 48 bits virtual
power management:

processor	: 6
vendor_id	: GenuineIntel
cpu family	: 6
model		: 42
model name	: Intel(R) Core(TM) i7-2600 CPU @ 3.40GHz
stepping	: 7
microcode	: 0x14
cpu MHz		: 1600.000
cache size	: 8192 KB
physical id	: 0
siblings	: 8
core id		: 2
cpu cores	: 4
apicid		: 5
initial apicid	: 5
fpu		: yes
fpu_exception	: yes
cpuid level	: 13
wp		: yes
flags		: fpu vme de pse tsc msr pae mce cx8 apic sep mtrr pge mca cmov pat pse36 clflush dts acpi mmx fxsr sse sse2 ss ht tm pbe syscall nx rdtscp lm constant_tsc arch_perfmon pebs bts rep_good nopl xtopology nonstop_tsc aperfmperf pni pclmulqdq dtes64 monitor ds_cpl vmx smx est tm2 ssse3 cx16 xtpr pdcm pcid sse4_1 sse4_2 x2apic popcnt tsc_deadline_timer aes xsave avx lahf_lm ida arat epb xsaveopt pln pts dts tpr_shadow vnmi flexpriority ept vpid
bogomips	: 6784.27
clflush size	: 64
cache_alignment	: 64
address sizes	: 36 bits physical, 48 bits virtual
power management:

processor	: 7
vendor_id	: GenuineIntel
cpu family	: 6
model		: 42
model name	: Intel(R) Core(TM) i7-2600 CPU @ 3.40GHz
stepping	: 7
microcode	: 0x14
cpu MHz		: 1600.000
cache size	: 8192 KB
physical id	: 0
siblings	: 8
core id		: 3
cpu cores	: 4
apicid		: 7
initial apicid	: 7
fpu		: yes
fpu_exception	: yes
cpuid level	: 13
wp		: yes
flags		: fpu vme de pse tsc msr pae mce cx8 apic sep mtrr pge mca cmov pat pse36 clflush dts acpi mmx fxsr sse sse2 ss ht tm pbe syscall nx rdtscp lm constant_tsc arch_perfmon pebs bts rep_good nopl xtopology nonstop_tsc aperfmperf pni pclmulqdq dtes64 monitor ds_cpl vmx smx est tm2 ssse3 cx16 xtpr pdcm pcid sse4_1 sse4_2 x2apic popcnt tsc_deadline_timer aes xsave avx lahf_lm ida arat epb xsaveopt pln pts dts tpr_shadow vnmi flexpriority ept vpid
bogomips	: 6784.26
clflush size	: 64
cache_alignment	: 64
address sizes	: 36 bits physical, 48 bits virtual
power management:



Memory: 4k page, physical 12290156k(8821452k free), swap 8388604k(8388604k free)

vm_info: Java HotSpot(TM) 64-Bit Server VM (20.7-b02) for linux-amd64 JRE (1.6.0_32-b05), built on Apr  5 2012 14:09:59 by "java_re" with gcc 3.2.2 (SuSE Linux)

time: Sun Jul 22 01:44:35 2012
elapsed time: 1 seconds

