#
# A fatal error has been detected by the Java Runtime Environment:
#
#  SIGSEGV (0xb) at pc=0x00007fd3ea737615, pid=5717, tid=140547887179520
#
# JRE version: 6.0_32-b05
# Java VM: Java HotSpot(TM) 64-Bit Server VM (20.7-b02 mixed mode linux-amd64 compressed oops)
# Problematic frame:
# C  [libXnVFeatures_1_5_2.so+0x8b615]  Segmentation::detectionByPoint(bool, std::vector<Vector2D<int>, std::allocator<Vector2D<int> > > const*)+0x105
#
# If you would like to submit a bug report, please visit:
#   http://java.sun.com/webapps/bugreport/crash.jsp
#

---------------  T H R E A D  ---------------

Current thread is native thread

siginfo:si_signo=SIGSEGV: si_errno=0, si_code=1 (SEGV_MAPERR), si_addr=0x00007fd1ed429ae0

Registers:
RAX=0x00007fd3ed429ae0, RBX=0x00007fd3cc000a20, RCX=0x000000000000000a, RDX=0xffffffff80000000
RSP=0x00007fd3dae39a30, RBP=0x00007fd3e30f8e60, RSI=0x00007fd3cc096a50, RDI=0x0000000080000000
R8 =0x0000000000000000, R9 =0x0000000080000000, R10=0x00007fd3e31b7a21, R11=0x00007fd45764972c
R12=0x00007fd3eacd9d88, R13=0x00007fd3dae39b90, R14=0x00007fd3e3154060, R15=0x0000000000000000
RIP=0x00007fd3ea737615, EFLAGS=0x0000000000010a12, CSGSFS=0x0000000000000033, ERR=0x0000000000000004
  TRAPNO=0x000000000000000e

Top of Stack: (sp=0x00007fd3dae39a30)
0x00007fd3dae39a30:   00007fd3cc0a0060 7fffffff00000000
0x00007fd3dae39a40:   00007fd3cc0a0060 00007fd3e30f8fe0
0x00007fd3dae39a50:   00007fd3e30fa2e0 00007fd3e30f8e60
0x00007fd3dae39a60:   00007fd3e30f8fe0 00007fd3e30f3d80
0x00007fd3dae39a70:   00007fd3dae39b90 00007fd3e2168050
0x00007fd3dae39a80:   0000000000000000 00007fd3ea73ebc0
0x00007fd3dae39a90:   00000000002335dd 00000000002335dd
0x00007fd3dae39aa0:   0000000000000000 3ff0000000000000
0x00007fd3dae39ab0:   00007fd3eacda5a8 0000000000000001
0x00007fd3dae39ac0:   0000000000000040 00007fd3e2168010
0x00007fd3dae39ad0:   00007fd3e30f3d80 00007fd3e30d2f88
0x00007fd3dae39ae0:   00007fd3e2168050 00007fd3e2168028
0x00007fd3dae39af0:   00007fd3dae39b90 00007fd3ea72799b
0x00007fd3dae39b00:   00007fd3e31e9190 00007fd3dae39b90
0x00007fd3dae39b10:   00000000002327e5 00000000002327e5
0x00007fd3dae39b20:   0000000000000000 3ff0000000000000
0x00007fd3dae39b30:   7ffffffffffffffe 00007fd3ea701962
0x00007fd3dae39b40:   00007fd3dae39bb0 00007fd41ddea028
0x00007fd3dae39b50:   0000000000000002 00007fd41ddea000
0x00007fd3dae39b60:   00007fd3ed3a96c0 00007fd3ec0c8920
0x00007fd3dae39b70:   7ffffffffffffffe 00007fd3ea6fd03f
0x00007fd3dae39b80:   0000000000000112 00007fd41d388489
0x00007fd3dae39b90:   00007fd3cc000a20 00007fd3cc000a30
0x00007fd3dae39ba0:   00007fd3cc000a30 00007fd3cc0008e1
0x00007fd3dae39bb0:   00000089000000b4 00007fd3ed3a96c0
0x00007fd3dae39bc0:   00007fd3ed3a96c0 00007fd3ed3a96c0
0x00007fd3dae39bd0:   00007fd3eda1be30 0000000000000051
0x00007fd3dae39be0:   00007fd3d67344f0 00007fd3ea6fd5bf
0x00007fd3dae39bf0:   00007fd3eacc1af0 00007fd41cdfe4ec
0x00007fd3dae39c00:   00007fd3eacc3d10 0000000000000000
0x00007fd3dae39c10:   0000000000039070 0009600000000001
0x00007fd3dae39c20:   ffffffff00000001 00007fd3dae39c64 

Instructions: (pc=0x00007fd3ea737615)
0x00007fd3ea7375f5:   e6 05 49 01 ee 41 8b 46 18 41 2b 46 0c 49 63 56
0x00007fd3ea737605:   1c f3 0f 2a c0 48 8b 85 50 a3 0e 00 48 8b 40 60
0x00007fd3ea737615:   f3 0f 59 04 90 f3 0f 2c c0 3d 1f 03 00 00 0f 8e
0x00007fd3ea737625:   4f ff ff ff 44 89 fe 48 89 ef 89 44 24 08 4c 89 

Register to memory mapping:

RAX=0x00007fd3ed429ae0 is an unknown value
RBX=0x00007fd3cc000a20 is an unknown value
RCX=0x000000000000000a is an unknown value
RDX=0xffffffff80000000 is an unknown value
RSP=0x00007fd3dae39a30 is an unknown value
RBP=0x00007fd3e30f8e60 is an unknown value
RSI=0x00007fd3cc096a50 is an unknown value
RDI=0x0000000080000000 is an unknown value
R8 =0x0000000000000000 is an unknown value
R9 =0x0000000080000000 is an unknown value
R10=0x00007fd3e31b7a21 is an unknown value
R11=0x00007fd45764972c: <offset 0x8b72c> in /lib/x86_64-linux-gnu/libc.so.6 at 0x00007fd4575be000
R12=0x00007fd3eacd9d88: <offset 0x62dd88> in /usr/lib/libXnVFeatures_1_5_2.so at 0x00007fd3ea6ac000
R13=0x00007fd3dae39b90 is an unknown value
R14=0x00007fd3e3154060 is an unknown value
R15=0x0000000000000000 is an unknown value


Stack: [0x00007fd3da63a000,0x00007fd3dae3b000],  sp=0x00007fd3dae39a30,  free space=8190k
Native frames: (J=compiled Java code, j=interpreted, Vv=VM code, C=native code)
C  [libXnVFeatures_1_5_2.so+0x8b615]  Segmentation::detectionByPoint(bool, std::vector<Vector2D<int>, std::allocator<Vector2D<int> > > const*)+0x105


---------------  P R O C E S S  ---------------

VM state:not at safepoint (normal execution)

VM Mutex/Monitor currently owned by a thread: None

Heap
 PSYoungGen      total 56000K, used 44806K [0x00000007c1760000, 0x00000007c55e0000, 0x0000000800000000)
  eden space 48000K, 93% used [0x00000007c1760000,0x00000007c4321af8,0x00000007c4640000)
  from space 8000K, 0% used [0x00000007c4e10000,0x00000007c4e10000,0x00000007c55e0000)
  to   space 8000K, 0% used [0x00000007c4640000,0x00000007c4640000,0x00000007c4e10000)
 PSOldGen        total 128064K, used 0K [0x0000000744600000, 0x000000074c310000, 0x00000007c1760000)
  object space 128064K, 0% used [0x0000000744600000,0x0000000744600000,0x000000074c310000)
 PSPermGen       total 21248K, used 10665K [0x000000073f400000, 0x00000007408c0000, 0x0000000744600000)
  object space 21248K, 50% used [0x000000073f400000,0x000000073fe6a430,0x00000007408c0000)

Code Cache  [0x00007fd44d000000, 0x00007fd44d270000, 0x00007fd450000000)
 total_blobs=523 nmethods=33 adapters=445 free_code_cache=49711296 largest_free_block=12608

Dynamic libraries:
40000000-40009000 r-xp 00000000 08:14 1192322                            /usr/lib/jvm/bin/java
40108000-4010a000 rwxp 00008000 08:14 1192322                            /usr/lib/jvm/bin/java
413eb000-4140c000 rwxp 00000000 00:00 0                                  [heap]
73f400000-7408c0000 rwxp 00000000 00:00 0 
7408c0000-744600000 rwxp 00000000 00:00 0 
744600000-74c310000 rwxp 00000000 00:00 0 
74c310000-7c1760000 rwxp 00000000 00:00 0 
7c1760000-7c55e0000 rwxp 00000000 00:00 0 
7c55e0000-800000000 rwxp 00000000 00:00 0 
7fd3cc000000-7fd3cc18e000 rwxp 00000000 00:00 0 
7fd3cc18e000-7fd3d0000000 ---p 00000000 00:00 0 
7fd3d4000000-7fd3d6735000 rwxp 00000000 00:00 0 
7fd3d6735000-7fd3d8000000 ---p 00000000 00:00 0 
7fd3da63a000-7fd3da63b000 ---p 00000000 00:00 0 
7fd3da63b000-7fd3dae3b000 rwxp 00000000 00:00 0 
7fd3dae3b000-7fd3dae42000 r-xp 00000000 08:14 1450962                    /usr/lib/jvm/jre/lib/amd64/libnio.so
7fd3dae42000-7fd3daf41000 ---p 00007000 08:14 1450962                    /usr/lib/jvm/jre/lib/amd64/libnio.so
7fd3daf41000-7fd3daf43000 rwxp 00006000 08:14 1450962                    /usr/lib/jvm/jre/lib/amd64/libnio.so
7fd3daf43000-7fd3daf56000 r-xp 00000000 08:14 1450940                    /usr/lib/jvm/jre/lib/amd64/libnet.so
7fd3daf56000-7fd3db057000 ---p 00013000 08:14 1450940                    /usr/lib/jvm/jre/lib/amd64/libnet.so
7fd3db057000-7fd3db05a000 rwxp 00014000 08:14 1450940                    /usr/lib/jvm/jre/lib/amd64/libnet.so
7fd3db05a000-7fd3db186000 rwxs 00000000 00:04 12156951                   /SYSV00000000 (deleted)
7fd3db186000-7fd3e37cb000 rwxp 00000000 00:00 0 
7fd3e37cb000-7fd3e3ed3000 r-xs 00000000 00:12 625124                     /run/shm/5750_045e.02ae@2.10_Depth
7fd3e3ed3000-7fd3e4000000 rwxp 00000000 00:00 0 
7fd3e4000000-7fd3e4026000 rwxp 00000000 00:00 0 
7fd3e4026000-7fd3e8000000 ---p 00000000 00:00 0 
7fd3e8064000-7fd3e80fb000 rwxp 00000000 00:00 0 
7fd3e80fb000-7fd3e80fc000 ---p 00000000 00:00 0 
7fd3e80fc000-7fd3e8cfd000 rwxp 00000000 00:00 0 
7fd3e8cfd000-7fd3e8d8f000 r-xp 00000000 08:14 658014                     /usr/lib/libXnDeviceSensorV2.so
7fd3e8d8f000-7fd3e8f8e000 ---p 00092000 08:14 658014                     /usr/lib/libXnDeviceSensorV2.so
7fd3e8f8e000-7fd3e8f9e000 r-xp 00091000 08:14 658014                     /usr/lib/libXnDeviceSensorV2.so
7fd3e8f9e000-7fd3e8f9f000 rwxp 000a1000 08:14 658014                     /usr/lib/libXnDeviceSensorV2.so
7fd3e8f9f000-7fd3e8fc6000 r-xp 00000000 08:14 673565                     /usr/lib/libXnDeviceFile.so
7fd3e8fc6000-7fd3e91c6000 ---p 00027000 08:14 673565                     /usr/lib/libXnDeviceFile.so
7fd3e91c6000-7fd3e91c8000 r-xp 00027000 08:14 673565                     /usr/lib/libXnDeviceFile.so
7fd3e91c8000-7fd3e91c9000 rwxp 00029000 08:14 673565                     /usr/lib/libXnDeviceFile.so
7fd3e91c9000-7fd3e9211000 r-xp 00000000 08:14 673564                     /usr/lib/libXnDDK.so
7fd3e9211000-7fd3e9411000 ---p 00048000 08:14 673564                     /usr/lib/libXnDDK.so
7fd3e9411000-7fd3e9414000 r-xp 00048000 08:14 673564                     /usr/lib/libXnDDK.so
7fd3e9414000-7fd3e9416000 rwxp 0004b000 08:14 673564                     /usr/lib/libXnDDK.so
7fd3e9416000-7fd3e943a000 r-xp 00000000 08:14 673567                     /usr/lib/libXnFormats.so
7fd3e943a000-7fd3e963a000 ---p 00024000 08:14 673567                     /usr/lib/libXnFormats.so
7fd3e963a000-7fd3e963b000 r-xp 00024000 08:14 673567                     /usr/lib/libXnFormats.so
7fd3e963b000-7fd3e963c000 rwxp 00025000 08:14 673567                     /usr/lib/libXnFormats.so
7fd3e963c000-7fd3e965c000 rwxp 00000000 00:00 0 
7fd3e965c000-7fd3e965f000 r-xp 00000000 08:14 673563                     /usr/lib/libXnCore.so
7fd3e965f000-7fd3e985e000 ---p 00003000 08:14 673563                     /usr/lib/libXnCore.so
7fd3e985e000-7fd3e985f000 r-xp 00002000 08:14 673563                     /usr/lib/libXnCore.so
7fd3e985f000-7fd3e9860000 rwxp 00003000 08:14 673563                     /usr/lib/libXnCore.so
7fd3e9860000-7fd3e98e9000 r-xp 00000000 08:14 673566                     /usr/lib/libXnDeviceSensorV2KM.so
7fd3e98e9000-7fd3e9ae8000 ---p 00089000 08:14 673566                     /usr/lib/libXnDeviceSensorV2KM.so
7fd3e9ae8000-7fd3e9af8000 r-xp 00088000 08:14 673566                     /usr/lib/libXnDeviceSensorV2KM.so
7fd3e9af8000-7fd3e9af9000 rwxp 00098000 08:14 673566                     /usr/lib/libXnDeviceSensorV2KM.so
7fd3e9af9000-7fd3e9bed000 r-xp 00000000 08:14 673497                     /usr/lib/libXnVHandGenerator_1_5_2.so
7fd3e9bed000-7fd3e9dec000 ---p 000f4000 08:14 673497                     /usr/lib/libXnVHandGenerator_1_5_2.so
7fd3e9dec000-7fd3e9df1000 r-xp 000f3000 08:14 673497                     /usr/lib/libXnVHandGenerator_1_5_2.so
7fd3e9df1000-7fd3e9df2000 rwxp 000f8000 08:14 673497                     /usr/lib/libXnVHandGenerator_1_5_2.so
7fd3e9df2000-7fd3e9e00000 rwxp 00000000 00:00 0 
7fd3e9e00000-7fd3e9ed8000 r-xp 00000000 08:14 673494                     /usr/lib/libXnVHandGenerator_1_4_2.so
7fd3e9ed8000-7fd3ea0d7000 ---p 000d8000 08:14 673494                     /usr/lib/libXnVHandGenerator_1_4_2.so
7fd3ea0d7000-7fd3ea0dc000 r-xp 000d7000 08:14 673494                     /usr/lib/libXnVHandGenerator_1_4_2.so
7fd3ea0dc000-7fd3ea0dd000 rwxp 000dc000 08:14 673494                     /usr/lib/libXnVHandGenerator_1_4_2.so
7fd3ea0dd000-7fd3ea0e0000 rwxp 00000000 00:00 0 
7fd3ea0e0000-7fd3ea1b8000 r-xp 00000000 08:14 673491                     /usr/lib/libXnVHandGenerator_1_4_1.so
7fd3ea1b8000-7fd3ea3b7000 ---p 000d8000 08:14 673491                     /usr/lib/libXnVHandGenerator_1_4_1.so
7fd3ea3b7000-7fd3ea3bc000 r-xp 000d7000 08:14 673491                     /usr/lib/libXnVHandGenerator_1_4_1.so
7fd3ea3bc000-7fd3ea3bd000 rwxp 000dc000 08:14 673491                     /usr/lib/libXnVHandGenerator_1_4_1.so
7fd3ea3bd000-7fd3ea3c0000 rwxp 00000000 00:00 0 
7fd3ea3c0000-7fd3ea4a3000 r-xp 00000000 08:14 673488                     /usr/lib/libXnVHandGenerator_1_3_1.so
7fd3ea4a3000-7fd3ea6a3000 ---p 000e3000 08:14 673488                     /usr/lib/libXnVHandGenerator_1_3_1.so
7fd3ea6a3000-7fd3ea6a8000 r-xp 000e3000 08:14 673488                     /usr/lib/libXnVHandGenerator_1_3_1.so
7fd3ea6a8000-7fd3ea6a9000 rwxp 000e8000 08:14 673488                     /usr/lib/libXnVHandGenerator_1_3_1.so
7fd3ea6a9000-7fd3ea6ac000 rwxp 00000000 00:00 0 
7fd3ea6ac000-7fd3eaac1000 r-xp 00000000 08:14 673481                     /usr/lib/libXnVFeatures_1_5_2.so
7fd3eaac1000-7fd3eacc1000 ---p 00415000 08:14 673481                     /usr/lib/libXnVFeatures_1_5_2.so
7fd3eacc1000-7fd3eacd2000 r-xp 00415000 08:14 673481                     /usr/lib/libXnVFeatures_1_5_2.so
7fd3eacd2000-7fd3eacd4000 rwxp 00426000 08:14 673481                     /usr/lib/libXnVFeatures_1_5_2.so
7fd3eacd4000-7fd3eace9000 rwxp 00000000 00:00 0 
7fd3eace9000-7fd3eaee0000 r-xp 00000000 08:14 673470                     /usr/lib/libXnVFeatures_1_4_2.so
7fd3eaee0000-7fd3eb0df000 ---p 001f7000 08:14 673470                     /usr/lib/libXnVFeatures_1_4_2.so
7fd3eb0df000-7fd3eb0e5000 r-xp 001f6000 08:14 673470                     /usr/lib/libXnVFeatures_1_4_2.so
7fd3eb0e5000-7fd3eb0e6000 rwxp 001fc000 08:14 673470                     /usr/lib/libXnVFeatures_1_4_2.so
7fd3eb0e6000-7fd3eb0ec000 rwxp 00000000 00:00 0 
7fd3eb0ec000-7fd3eb2e3000 r-xp 00000000 08:14 673465                     /usr/lib/libXnVFeatures_1_4_1.so
7fd3eb2e3000-7fd3eb4e2000 ---p 001f7000 08:14 673465                     /usr/lib/libXnVFeatures_1_4_1.so
7fd3eb4e2000-7fd3eb4e8000 r-xp 001f6000 08:14 673465                     /usr/lib/libXnVFeatures_1_4_1.so
7fd3eb4e8000-7fd3eb4e9000 rwxp 001fc000 08:14 673465                     /usr/lib/libXnVFeatures_1_4_1.so
7fd3eb4e9000-7fd3eb4ef000 rwxp 00000000 00:00 0 
7fd3eb4ef000-7fd3eb734000 r-xp 00000000 08:14 673460                     /usr/lib/libXnVFeatures_1_3_1.so
7fd3eb734000-7fd3eb934000 ---p 00245000 08:14 673460                     /usr/lib/libXnVFeatures_1_3_1.so
7fd3eb934000-7fd3eb93a000 r-xp 00245000 08:14 673460                     /usr/lib/libXnVFeatures_1_3_1.so
7fd3eb93a000-7fd3eb93b000 rwxp 0024b000 08:14 673460                     /usr/lib/libXnVFeatures_1_3_1.so
7fd3eb93b000-7fd3eb942000 rwxp 00000000 00:00 0 
7fd3eb942000-7fd3eb960000 r-xp 00000000 08:14 673299                     /usr/lib/libnimRecorder.so
7fd3eb960000-7fd3ebb5f000 ---p 0001e000 08:14 673299                     /usr/lib/libnimRecorder.so
7fd3ebb5f000-7fd3ebb61000 r-xp 0001d000 08:14 673299                     /usr/lib/libnimRecorder.so
7fd3ebb61000-7fd3ebb62000 rwxp 0001f000 08:14 673299                     /usr/lib/libnimRecorder.so
7fd3ebb62000-7fd3ebb98000 r-xp 00000000 08:14 673297                     /usr/lib/libnimCodecs.so
7fd3ebb98000-7fd3ebd98000 ---p 00036000 08:14 673297                     /usr/lib/libnimCodecs.so
7fd3ebd98000-7fd3ebd9b000 r-xp 00036000 08:14 673297                     /usr/lib/libnimCodecs.so
7fd3ebd9b000-7fd3ebd9c000 rwxp 00039000 08:14 673297                     /usr/lib/libnimCodecs.so
7fd3ebd9c000-7fd3ebdbc000 rwxp 00000000 00:00 0 
7fd3ebdbc000-7fd3ebdf3000 r-xp 00000000 08:14 673298                     /usr/lib/libnimMockNodes.so
7fd3ebdf3000-7fd3ebff2000 ---p 00037000 08:14 673298                     /usr/lib/libnimMockNodes.so
7fd3ebff2000-7fd3ebfff000 r-xp 00036000 08:14 673298                     /usr/lib/libnimMockNodes.so
7fd3ebfff000-7fd3ec000000 rwxp 00043000 08:14 673298                     /usr/lib/libnimMockNodes.so
7fd3ec000000-7fd3effff000 rwxp 00000000 00:00 0 
7fd3effff000-7fd3f0000000 ---p 00000000 00:00 0 
7fd3f0000000-7fd3f0021000 rwxp 00000000 00:00 0 
7fd3f0021000-7fd3f4000000 ---p 00000000 00:00 0 
7fd3f4000000-7fd3f4021000 rwxp 00000000 00:00 0 
7fd3f4021000-7fd3f8000000 ---p 00000000 00:00 0 
7fd3f8000000-7fd3f8119000 rwxp 00000000 00:00 0 
7fd3f8119000-7fd3fc000000 ---p 00000000 00:00 0 
7fd3fc000000-7fd3fc021000 rwxp 00000000 00:00 0 
7fd3fc021000-7fd400000000 ---p 00000000 00:00 0 
7fd400000000-7fd400021000 rwxp 00000000 00:00 0 
7fd400021000-7fd404000000 ---p 00000000 00:00 0 
7fd404000000-7fd404021000 rwxp 00000000 00:00 0 
7fd404021000-7fd408000000 ---p 00000000 00:00 0 
7fd408000000-7fd408021000 rwxp 00000000 00:00 0 
7fd408021000-7fd40c000000 ---p 00000000 00:00 0 
7fd40c000000-7fd40c24c000 rwxp 00000000 00:00 0 
7fd40c24c000-7fd410000000 ---p 00000000 00:00 0 
7fd410000000-7fd410021000 rwxp 00000000 00:00 0 
7fd410021000-7fd414000000 ---p 00000000 00:00 0 
7fd414000000-7fd41432c000 rwxp 00000000 00:00 0 
7fd41432c000-7fd418000000 ---p 00000000 00:00 0 
7fd418000000-7fd418021000 rwxp 00000000 00:00 0 
7fd418021000-7fd41c000000 ---p 00000000 00:00 0 
7fd41c03f000-7fd41c121000 rwxp 00000000 00:00 0 
7fd41c121000-7fd41c122000 ---p 00000000 00:00 0 
7fd41c122000-7fd41c922000 rwxp 00000000 00:00 0 
7fd41c922000-7fd41c930000 r-xp 00000000 08:14 788754                     /lib/x86_64-linux-gnu/libusb-1.0.so.0.1.0
7fd41c930000-7fd41cb2f000 ---p 0000e000 08:14 788754                     /lib/x86_64-linux-gnu/libusb-1.0.so.0.1.0
7fd41cb2f000-7fd41cb30000 r-xp 0000d000 08:14 788754                     /lib/x86_64-linux-gnu/libusb-1.0.so.0.1.0
7fd41cb30000-7fd41cb31000 rwxp 0000e000 08:14 788754                     /lib/x86_64-linux-gnu/libusb-1.0.so.0.1.0
7fd41cb31000-7fd41cb46000 r-xp 00000000 08:14 788672                     /lib/x86_64-linux-gnu/libgcc_s.so.1
7fd41cb46000-7fd41cd45000 ---p 00015000 08:14 788672                     /lib/x86_64-linux-gnu/libgcc_s.so.1
7fd41cd45000-7fd41cd46000 r-xp 00014000 08:14 788672                     /lib/x86_64-linux-gnu/libgcc_s.so.1
7fd41cd46000-7fd41cd47000 rwxp 00015000 08:14 788672                     /lib/x86_64-linux-gnu/libgcc_s.so.1
7fd41cd47000-7fd41ce29000 r-xp 00000000 08:14 662623                     /usr/lib/x86_64-linux-gnu/libstdc++.so.6.0.16
7fd41ce29000-7fd41d028000 ---p 000e2000 08:14 662623                     /usr/lib/x86_64-linux-gnu/libstdc++.so.6.0.16
7fd41d028000-7fd41d030000 r-xp 000e1000 08:14 662623                     /usr/lib/x86_64-linux-gnu/libstdc++.so.6.0.16
7fd41d030000-7fd41d032000 rwxp 000e9000 08:14 662623                     /usr/lib/x86_64-linux-gnu/libstdc++.so.6.0.16
7fd41d032000-7fd41d047000 rwxp 00000000 00:00 0 
7fd41d047000-7fd41d12a000 r-xp 00000000 08:14 673381                     /usr/lib/libXnVNite_1_5_2.so
7fd41d12a000-7fd41d329000 ---p 000e3000 08:14 673381                     /usr/lib/libXnVNite_1_5_2.so
7fd41d329000-7fd41d32e000 r-xp 000e2000 08:14 673381                     /usr/lib/libXnVNite_1_5_2.so
7fd41d32e000-7fd41d330000 rwxp 000e7000 08:14 673381                     /usr/lib/libXnVNite_1_5_2.so
7fd41d330000-7fd41d3ad000 r-xp 00000000 08:14 673301                     /usr/lib/libOpenNI.so
7fd41d3ad000-7fd41d5ac000 ---p 0007d000 08:14 673301                     /usr/lib/libOpenNI.so
7fd41d5ac000-7fd41d5af000 r-xp 0007c000 08:14 673301                     /usr/lib/libOpenNI.so
7fd41d5af000-7fd41d5b2000 rwxp 0007f000 08:14 673301                     /usr/lib/libOpenNI.so
7fd41d5b2000-7fd41d5b3000 rwxp 00000000 00:00 0 
7fd41d5b3000-7fd41d669000 r-xp 00000000 08:15 2627742                    /home/jailbirt/workspace/processingKinectExamples/libs/simpleOpenNi/library/library/libSimpleOpenNI64.so
7fd41d669000-7fd41d869000 ---p 000b6000 08:15 2627742                    /home/jailbirt/workspace/processingKinectExamples/libs/simpleOpenNi/library/library/libSimpleOpenNI64.so
7fd41d869000-7fd41d86d000 r-xp 000b6000 08:15 2627742                    /home/jailbirt/workspace/processingKinectExamples/libs/simpleOpenNi/library/library/libSimpleOpenNI64.so
7fd41d86d000-7fd41d870000 rwxp 000ba000 08:15 2627742                    /home/jailbirt/workspace/processingKinectExamples/libs/simpleOpenNi/library/library/libSimpleOpenNI64.so
7fd41d870000-7fd41d871000 rwxp 00000000 00:00 0 
7fd41d871000-7fd41d874000 ---p 00000000 00:00 0 
7fd41d874000-7fd41d972000 rwxp 00000000 00:00 0 
7fd41d972000-7fd41d975000 ---p 00000000 00:00 0 
7fd41d975000-7fd41da73000 rwxp 00000000 00:00 0 
7fd41da73000-7fd41da76000 ---p 00000000 00:00 0 
7fd41da76000-7fd41db74000 rwxp 00000000 00:00 0 
7fd41db74000-7fd41db7c000 r-xp 00000000 08:14 662127                     /usr/lib/x86_64-linux-gnu/libXrandr.so.2.2.0
7fd41db7c000-7fd41dd7b000 ---p 00008000 08:14 662127                     /usr/lib/x86_64-linux-gnu/libXrandr.so.2.2.0
7fd41dd7b000-7fd41dd7c000 r-xp 00007000 08:14 662127                     /usr/lib/x86_64-linux-gnu/libXrandr.so.2.2.0
7fd41dd7c000-7fd41dd7d000 rwxp 00008000 08:14 662127                     /usr/lib/x86_64-linux-gnu/libXrandr.so.2.2.0
7fd41dd7d000-7fd41dd7e000 r-xs 00000000 08:16 1707334                    /var/cache/fontconfig/c05880de57d1f5e948fdfacc138775d9-le64.cache-3
7fd41dd7e000-7fd41dd87000 r-xs 00000000 08:16 1707329                    /var/cache/fontconfig/945677eb7aeaf62f1d50efc3fb3ec7d8-le64.cache-3
7fd41dd87000-7fd41dd89000 r-xs 00000000 08:16 1707330                    /var/cache/fontconfig/99e8ed0e538f840c565b6ed5dad60d56-le64.cache-3
7fd41dd89000-7fd41dd91000 r-xs 00000000 08:16 1707943                    /var/cache/fontconfig/a6d8cf8e4ec09cdbc8633c31745a07dd-le64.cache-3
7fd41dd91000-7fd41dd97000 r-xs 00000000 08:16 1707331                    /var/cache/fontconfig/a755afe4a08bf5b97852ceb7400b47bc-le64.cache-3
7fd41dd97000-7fd41dd9b000 r-xs 00000000 08:16 1707325                    /var/cache/fontconfig/6d41288fd70b0be22e8c3a91e032eec0-le64.cache-3
7fd41dd9b000-7fd41ddab000 r-xs 00000000 08:16 1707313                    /var/cache/fontconfig/04aabc0a78ac019cf9454389977116d2-le64.cache-3
7fd41ddea000-7fd41ddeb000 rwxs 00000000 00:12 612865                     /run/shm/045e.02ae@2.10-SM
7fd41ddeb000-7fd41de83000 rwxp 00000000 00:00 0 
7fd41de83000-7fd41de86000 r-xs 00022000 08:15 2247532                    /home/jailbirt/workspace/processingKinectExamples/libs/simpleOpenNi/SimpleOpenNI.jar
7fd41de86000-7fd41de87000 r-xs 00001000 08:15 3674536                    /home/jailbirt/workspace/processingKinectExamples/libs/net/net.jar
7fd41de87000-7fd41de89000 r-xs 00008000 08:15 3674360                    /home/jailbirt/workspace/processingKinectExamples/libs/peasycam/library/peasycam.jar
7fd41de89000-7fd41de8a000 r-xs 00005000 08:15 2495492                    /home/jailbirt/workspace/processingKinectExamples/libs/OBJLoader/library/OBJLoader.jar
7fd41de8a000-7fd41de8d000 ---p 00000000 00:00 0 
7fd41de8d000-7fd41df8b000 rwxp 00000000 00:00 0 
7fd41df8b000-7fd41df8e000 ---p 00000000 00:00 0 
7fd41df8e000-7fd41e08c000 rwxp 00000000 00:00 0 
7fd41e08c000-7fd41e091000 r-xp 00000000 08:14 662111                     /usr/lib/x86_64-linux-gnu/libXfixes.so.3.1.0
7fd41e091000-7fd41e290000 ---p 00005000 08:14 662111                     /usr/lib/x86_64-linux-gnu/libXfixes.so.3.1.0
7fd41e290000-7fd41e291000 r-xp 00004000 08:14 662111                     /usr/lib/x86_64-linux-gnu/libXfixes.so.3.1.0
7fd41e291000-7fd41e292000 rwxp 00005000 08:14 662111                     /usr/lib/x86_64-linux-gnu/libXfixes.so.3.1.0
7fd41e292000-7fd41e29b000 r-xp 00000000 08:14 662129                     /usr/lib/x86_64-linux-gnu/libXrender.so.1.3.0
7fd41e29b000-7fd41e49a000 ---p 00009000 08:14 662129                     /usr/lib/x86_64-linux-gnu/libXrender.so.1.3.0
7fd41e49a000-7fd41e49b000 r-xp 00008000 08:14 662129                     /usr/lib/x86_64-linux-gnu/libXrender.so.1.3.0
7fd41e49b000-7fd41e49c000 rwxp 00009000 08:14 662129                     /usr/lib/x86_64-linux-gnu/libXrender.so.1.3.0
7fd41e49c000-7fd41e4a5000 r-xp 00000000 08:14 662103                     /usr/lib/x86_64-linux-gnu/libXcursor.so.1.0.2
7fd41e4a5000-7fd41e6a4000 ---p 00009000 08:14 662103                     /usr/lib/x86_64-linux-gnu/libXcursor.so.1.0.2
7fd41e6a4000-7fd41e6a5000 r-xp 00008000 08:14 662103                     /usr/lib/x86_64-linux-gnu/libXcursor.so.1.0.2
7fd41e6a5000-7fd41e6a6000 rwxp 00009000 08:14 662103                     /usr/lib/x86_64-linux-gnu/libXcursor.so.1.0.2
7fd41e6a6000-7fd41e6a9000 r-xs 00017000 08:15 2490784                    /home/jailbirt/workspace/processingKinectExamples/libs/minim/tritonus_share.jar
7fd41e6a9000-7fd41e6aa000 r-xs 00002000 08:15 2490783                    /home/jailbirt/workspace/processingKinectExamples/libs/minim/tritonus_aos.jar
7fd41e6aa000-7fd41e6ab000 r-xs 00005000 08:15 2490782                    /home/jailbirt/workspace/processingKinectExamples/libs/minim/mp3spi1.9.4.jar
7fd41e6ab000-7fd41e6ad000 r-xs 0000d000 08:15 2490781                    /home/jailbirt/workspace/processingKinectExamples/libs/minim/minim.jar
7fd41e6ad000-7fd41e6ae000 r-xs 00000000 08:15 2490780                    /home/jailbirt/workspace/processingKinectExamples/libs/minim/minim-spi.jar
7fd41e6ae000-7fd41e6af000 r-xs 0000b000 08:15 2490779                    /home/jailbirt/workspace/processingKinectExamples/libs/minim/jsminim.jar
7fd41e6af000-7fd41e6b2000 r-xs 00017000 08:15 2490772                    /home/jailbirt/workspace/processingKinectExamples/libs/minim/jl1.0.jar
7fd41e6b2000-7fd41e6b3000 r-xs 00003000 08:15 2247358                    /home/jailbirt/workspace/processingKinectExamples/libs/openGL/opengl.jar
7fd41e6b3000-7fd41e6be000 r-xs 00108000 08:15 2247356                    /home/jailbirt/workspace/processingKinectExamples/libs/openGL/jogl.jar
7fd41e6be000-7fd41e6c1000 ---p 00000000 00:00 0 
7fd41e6c1000-7fd41e7bf000 rwxp 00000000 00:00 0 
7fd41e7bf000-7fd41e838000 r-xp 00000000 08:14 1454604                    /usr/lib/jvm/jre/lib/amd64/libfontmanager.so
7fd41e838000-7fd41e937000 ---p 00079000 08:14 1454604                    /usr/lib/jvm/jre/lib/amd64/libfontmanager.so
7fd41e937000-7fd41e94c000 rwxp 00078000 08:14 1454604                    /usr/lib/jvm/jre/lib/amd64/libfontmanager.so
7fd41e94c000-7fd41e95e000 rwxp 00000000 00:00 0 
7fd41e95e000-7fd41e963000 r-xp 00000000 08:14 662107                     /usr/lib/x86_64-linux-gnu/libXdmcp.so.6.0.0
7fd41e963000-7fd41eb62000 ---p 00005000 08:14 662107                     /usr/lib/x86_64-linux-gnu/libXdmcp.so.6.0.0
7fd41eb62000-7fd41eb63000 r-xp 00004000 08:14 662107                     /usr/lib/x86_64-linux-gnu/libXdmcp.so.6.0.0
7fd41eb63000-7fd41eb64000 rwxp 00005000 08:14 662107                     /usr/lib/x86_64-linux-gnu/libXdmcp.so.6.0.0
7fd41eb64000-7fd41eb66000 r-xp 00000000 08:14 662096                     /usr/lib/x86_64-linux-gnu/libXau.so.6.0.0
7fd41eb66000-7fd41ed65000 ---p 00002000 08:14 662096                     /usr/lib/x86_64-linux-gnu/libXau.so.6.0.0
7fd41ed65000-7fd41ed66000 r-xp 00001000 08:14 662096                     /usr/lib/x86_64-linux-gnu/libXau.so.6.0.0
7fd41ed66000-7fd41ed67000 rwxp 00002000 08:14 662096                     /usr/lib/x86_64-linux-gnu/libXau.so.6.0.0
7fd41ed67000-7fd41ed84000 r-xp 00000000 08:14 662695                     /usr/lib/x86_64-linux-gnu/libxcb.so.1.1.0
7fd41ed84000-7fd41ef83000 ---p 0001d000 08:14 662695                     /usr/lib/x86_64-linux-gnu/libxcb.so.1.1.0
7fd41ef83000-7fd41ef84000 r-xp 0001c000 08:14 662695                     /usr/lib/x86_64-linux-gnu/libxcb.so.1.1.0
7fd41ef84000-7fd41ef85000 rwxp 0001d000 08:14 662695                     /usr/lib/x86_64-linux-gnu/libxcb.so.1.1.0
7fd41ef85000-7fd41ef93000 r-xp 00000000 08:14 662115                     /usr/lib/x86_64-linux-gnu/libXi.so.6.1.0
7fd41ef93000-7fd41f192000 ---p 0000e000 08:14 662115                     /usr/lib/x86_64-linux-gnu/libXi.so.6.1.0
7fd41f192000-7fd41f193000 r-xp 0000d000 08:14 662115                     /usr/lib/x86_64-linux-gnu/libXi.so.6.1.0
7fd41f193000-7fd41f194000 rwxp 0000e000 08:14 662115                     /usr/lib/x86_64-linux-gnu/libXi.so.6.1.0
7fd41f194000-7fd41f199000 r-xp 00000000 08:14 662133                     /usr/lib/x86_64-linux-gnu/libXtst.so.6.1.0
7fd41f199000-7fd41f398000 ---p 00005000 08:14 662133                     /usr/lib/x86_64-linux-gnu/libXtst.so.6.1.0
7fd41f398000-7fd41f399000 r-xp 00004000 08:14 662133                     /usr/lib/x86_64-linux-gnu/libXtst.so.6.1.0
7fd41f399000-7fd41f39a000 rwxp 00005000 08:14 662133                     /usr/lib/x86_64-linux-gnu/libXtst.so.6.1.0
7fd41f39a000-7fd41f4c9000 r-xp 00000000 08:14 662094                     /usr/lib/x86_64-linux-gnu/libX11.so.6.3.0
7fd41f4c9000-7fd41f6c9000 ---p 0012f000 08:14 662094                     /usr/lib/x86_64-linux-gnu/libX11.so.6.3.0
7fd41f6c9000-7fd41f6ca000 r-xp 0012f000 08:14 662094                     /usr/lib/x86_64-linux-gnu/libX11.so.6.3.0
7fd41f6ca000-7fd41f6ce000 rwxp 00130000 08:14 662094                     /usr/lib/x86_64-linux-gnu/libX11.so.6.3.0
7fd41f6ce000-7fd41f6de000 r-xp 00000000 08:14 662109                     /usr/lib/x86_64-linux-gnu/libXext.so.6.4.0
7fd41f6de000-7fd41f8dd000 ---p 00010000 08:14 662109                     /usr/lib/x86_64-linux-gnu/libXext.so.6.4.0
7fd41f8dd000-7fd41f8de000 r-xp 0000f000 08:14 662109                     /usr/lib/x86_64-linux-gnu/libXext.so.6.4.0
7fd41f8de000-7fd41f8df000 rwxp 00010000 08:14 662109                     /usr/lib/x86_64-linux-gnu/libXext.so.6.4.0
7fd41f8df000-7fd41f921000 r-xp 00000000 08:14 1571968                    /usr/lib/jvm/jre/lib/amd64/xawt/libmawt.so
7fd41f921000-7fd41fa20000 ---p 00042000 08:14 1571968                    /usr/lib/jvm/jre/lib/amd64/xawt/libmawt.so
7fd41fa20000-7fd41fa2c000 rwxp 00041000 08:14 1571968                    /usr/lib/jvm/jre/lib/amd64/xawt/libmawt.so
7fd41fa2c000-7fd41fa2d000 rwxp 00000000 00:00 0 
7fd41fa2d000-7fd41fabf000 r-xp 00000000 08:14 1454608                    /usr/lib/jvm/jre/lib/amd64/libawt.so
7fd41fabf000-7fd41fbbe000 ---p 00092000 08:14 1454608                    /usr/lib/jvm/jre/lib/amd64/libawt.so
7fd41fbbe000-7fd41fbd8000 rwxp 00091000 08:14 1454608                    /usr/lib/jvm/jre/lib/amd64/libawt.so
7fd41fbd8000-7fd41fbfc000 rwxp 00000000 00:00 0 
7fd41fbfc000-7fd41fbfd000 ---p 00000000 00:00 0 
7fd41fbfd000-7fd41fcfd000 rwxp 00000000 00:00 0 
7fd41fcfd000-7fd41fd00000 ---p 00000000 00:00 0 
7fd41fd00000-7fd41fdfe000 rwxp 00000000 00:00 0 
7fd41fdfe000-7fd41fe01000 ---p 00000000 00:00 0 
7fd41fe01000-7fd41feff000 rwxp 00000000 00:00 0 
7fd41feff000-7fd41ff02000 ---p 00000000 00:00 0 
7fd41ff02000-7fd420000000 rwxp 00000000 00:00 0 
7fd420000000-7fd420021000 rwxp 00000000 00:00 0 
7fd420021000-7fd424000000 ---p 00000000 00:00 0 
7fd424000000-7fd424021000 rwxp 00000000 00:00 0 
7fd424021000-7fd428000000 ---p 00000000 00:00 0 
7fd428000000-7fd428021000 rwxp 00000000 00:00 0 
7fd428021000-7fd42c000000 ---p 00000000 00:00 0 
7fd42c000000-7fd42c021000 rwxp 00000000 00:00 0 
7fd42c021000-7fd430000000 ---p 00000000 00:00 0 
7fd430000000-7fd430021000 rwxp 00000000 00:00 0 
7fd430021000-7fd434000000 ---p 00000000 00:00 0 
7fd434000000-7fd434021000 rwxp 00000000 00:00 0 
7fd434021000-7fd438000000 ---p 00000000 00:00 0 
7fd438000000-7fd438021000 rwxp 00000000 00:00 0 
7fd438021000-7fd43c000000 ---p 00000000 00:00 0 
7fd43c000000-7fd43c021000 rwxp 00000000 00:00 0 
7fd43c021000-7fd440000000 ---p 00000000 00:00 0 
7fd440000000-7fd440021000 rwxp 00000000 00:00 0 
7fd440021000-7fd444000000 ---p 00000000 00:00 0 
7fd444000000-7fd444021000 rwxp 00000000 00:00 0 
7fd444021000-7fd448000000 ---p 00000000 00:00 0 
7fd448000000-7fd448021000 rwxp 00000000 00:00 0 
7fd448021000-7fd44c000000 ---p 00000000 00:00 0 
7fd44c000000-7fd44c004000 r-xs 00000000 08:16 1707316                    /var/cache/fontconfig/2cd17615ca594fa2959ae173292e504c-le64.cache-3
7fd44c004000-7fd44c014000 r-xs 00000000 08:16 1707337                    /var/cache/fontconfig/d52a8644073d54c13679302ca1180695-le64.cache-3
7fd44c014000-7fd44c017000 ---p 00000000 00:00 0 
7fd44c017000-7fd44c115000 rwxp 00000000 00:00 0 
7fd44c115000-7fd44c7f8000 r-xp 00000000 08:14 661138                     /usr/lib/locale/locale-archive
7fd44c7f8000-7fd44c7fb000 ---p 00000000 00:00 0 
7fd44c7fb000-7fd44c8f9000 rwxp 00000000 00:00 0 
7fd44c8f9000-7fd44c8fc000 ---p 00000000 00:00 0 
7fd44c8fc000-7fd44c9fa000 rwxp 00000000 00:00 0 
7fd44c9fa000-7fd44c9fb000 ---p 00000000 00:00 0 
7fd44c9fb000-7fd44d270000 rwxp 00000000 00:00 0 
7fd44d270000-7fd4502ff000 rwxp 00000000 00:00 0 
7fd4502ff000-7fd454000000 ---p 00000000 00:00 0 
7fd454000000-7fd454001000 r-xs 00004000 08:15 2247355                    /home/jailbirt/workspace/processingKinectExamples/libs/openGL/gluegen-rt.jar
7fd454001000-7fd454002000 r-xs 00000000 08:16 1707336                    /var/cache/fontconfig/4794a0821666d79190d59a36cb4f44b5-le64.cache-3
7fd454002000-7fd454005000 r-xs 00000000 08:16 1707328                    /var/cache/fontconfig/8801497958630a81b71ace7c5f9b32a8-le64.cache-3
7fd454005000-7fd45400a000 r-xs 00000000 08:16 1707317                    /var/cache/fontconfig/3047814df9a2f067bd2d96a2b9c36e5a-le64.cache-3
7fd45400a000-7fd454442000 rwxp 00000000 00:00 0 
7fd454442000-7fd4545d9000 r-xs 03079000 08:14 1454726                    /usr/lib/jvm/jre/lib/rt.jar
7fd4545d9000-7fd454601000 rwxp 00000000 00:00 0 
7fd454601000-7fd454602000 ---p 00000000 00:00 0 
7fd454602000-7fd454702000 rwxp 00000000 00:00 0 
7fd454702000-7fd454703000 ---p 00000000 00:00 0 
7fd454703000-7fd454803000 rwxp 00000000 00:00 0 
7fd454803000-7fd454804000 ---p 00000000 00:00 0 
7fd454804000-7fd454904000 rwxp 00000000 00:00 0 
7fd454904000-7fd454905000 ---p 00000000 00:00 0 
7fd454905000-7fd454a05000 rwxp 00000000 00:00 0 
7fd454a05000-7fd454a06000 ---p 00000000 00:00 0 
7fd454a06000-7fd454b06000 rwxp 00000000 00:00 0 
7fd454b06000-7fd454b07000 ---p 00000000 00:00 0 
7fd454b07000-7fd454c07000 rwxp 00000000 00:00 0 
7fd454c07000-7fd454c08000 ---p 00000000 00:00 0 
7fd454c08000-7fd454d08000 rwxp 00000000 00:00 0 
7fd454d08000-7fd454d09000 ---p 00000000 00:00 0 
7fd454d09000-7fd454e14000 rwxp 00000000 00:00 0 
7fd454e14000-7fd454e32000 rwxp 00000000 00:00 0 
7fd454e32000-7fd454e71000 rwxp 00000000 00:00 0 
7fd454e71000-7fd45521b000 rwxp 00000000 00:00 0 
7fd45521b000-7fd455226000 rwxp 00000000 00:00 0 
7fd455226000-7fd455244000 rwxp 00000000 00:00 0 
7fd455244000-7fd455283000 rwxp 00000000 00:00 0 
7fd455283000-7fd45562c000 rwxp 00000000 00:00 0 
7fd45562c000-7fd45564c000 rwxp 00000000 00:00 0 
7fd45564c000-7fd455821000 rwxp 00000000 00:00 0 
7fd455821000-7fd455822000 rwxp 00000000 00:00 0 
7fd455822000-7fd455830000 r-xp 00000000 08:14 1454610                    /usr/lib/jvm/jre/lib/amd64/libzip.so
7fd455830000-7fd455932000 ---p 0000e000 08:14 1454610                    /usr/lib/jvm/jre/lib/amd64/libzip.so
7fd455932000-7fd455935000 rwxp 00010000 08:14 1454610                    /usr/lib/jvm/jre/lib/amd64/libzip.so
7fd455935000-7fd455936000 rwxp 00000000 00:00 0 
7fd455936000-7fd455942000 r-xp 00000000 08:14 788702                     /lib/x86_64-linux-gnu/libnss_files-2.15.so
7fd455942000-7fd455b41000 ---p 0000c000 08:14 788702                     /lib/x86_64-linux-gnu/libnss_files-2.15.so
7fd455b41000-7fd455b42000 r-xp 0000b000 08:14 788702                     /lib/x86_64-linux-gnu/libnss_files-2.15.so
7fd455b42000-7fd455b43000 rwxp 0000c000 08:14 788702                     /lib/x86_64-linux-gnu/libnss_files-2.15.so
7fd455b43000-7fd455b4d000 r-xp 00000000 08:14 788706                     /lib/x86_64-linux-gnu/libnss_nis-2.15.so
7fd455b4d000-7fd455d4d000 ---p 0000a000 08:14 788706                     /lib/x86_64-linux-gnu/libnss_nis-2.15.so
7fd455d4d000-7fd455d4e000 r-xp 0000a000 08:14 788706                     /lib/x86_64-linux-gnu/libnss_nis-2.15.so
7fd455d4e000-7fd455d4f000 rwxp 0000b000 08:14 788706                     /lib/x86_64-linux-gnu/libnss_nis-2.15.so
7fd455d4f000-7fd455d57000 r-xp 00000000 08:14 788698                     /lib/x86_64-linux-gnu/libnss_compat-2.15.so
7fd455d57000-7fd455f56000 ---p 00008000 08:14 788698                     /lib/x86_64-linux-gnu/libnss_compat-2.15.so
7fd455f56000-7fd455f57000 r-xp 00007000 08:14 788698                     /lib/x86_64-linux-gnu/libnss_compat-2.15.so
7fd455f57000-7fd455f58000 rwxp 00008000 08:14 788698                     /lib/x86_64-linux-gnu/libnss_compat-2.15.so
7fd455f58000-7fd455f6f000 r-xp 00000000 08:14 788696                     /lib/x86_64-linux-gnu/libnsl-2.15.so
7fd455f6f000-7fd45616e000 ---p 00017000 08:14 788696                     /lib/x86_64-linux-gnu/libnsl-2.15.so
7fd45616e000-7fd45616f000 r-xp 00016000 08:14 788696                     /lib/x86_64-linux-gnu/libnsl-2.15.so
7fd45616f000-7fd456170000 rwxp 00017000 08:14 788696                     /lib/x86_64-linux-gnu/libnsl-2.15.so
7fd456170000-7fd456172000 rwxp 00000000 00:00 0 
7fd456172000-7fd45619b000 r-xp 00000000 08:14 1450954                    /usr/lib/jvm/jre/lib/amd64/libjava.so
7fd45619b000-7fd45629a000 ---p 00029000 08:14 1450954                    /usr/lib/jvm/jre/lib/amd64/libjava.so
7fd45629a000-7fd4562a1000 rwxp 00028000 08:14 1450954                    /usr/lib/jvm/jre/lib/amd64/libjava.so
7fd4562a1000-7fd4562ae000 r-xp 00000000 08:14 1450959                    /usr/lib/jvm/jre/lib/amd64/libverify.so
7fd4562ae000-7fd4563ad000 ---p 0000d000 08:14 1450959                    /usr/lib/jvm/jre/lib/amd64/libverify.so
7fd4563ad000-7fd4563b0000 rwxp 0000c000 08:14 1450959                    /usr/lib/jvm/jre/lib/amd64/libverify.so
7fd4563b0000-7fd4563b7000 r-xp 00000000 08:14 788737                     /lib/x86_64-linux-gnu/librt-2.15.so
7fd4563b7000-7fd4565b6000 ---p 00007000 08:14 788737                     /lib/x86_64-linux-gnu/librt-2.15.so
7fd4565b6000-7fd4565b7000 r-xp 00006000 08:14 788737                     /lib/x86_64-linux-gnu/librt-2.15.so
7fd4565b7000-7fd4565b8000 rwxp 00007000 08:14 788737                     /lib/x86_64-linux-gnu/librt-2.15.so
7fd4565b8000-7fd4565bb000 ---p 00000000 00:00 0 
7fd4565bb000-7fd4566b9000 rwxp 00000000 00:00 0 
7fd4566b9000-7fd4567b2000 r-xp 00000000 08:14 788683                     /lib/x86_64-linux-gnu/libm-2.15.so
7fd4567b2000-7fd4569b1000 ---p 000f9000 08:14 788683                     /lib/x86_64-linux-gnu/libm-2.15.so
7fd4569b1000-7fd4569b2000 r-xp 000f8000 08:14 788683                     /lib/x86_64-linux-gnu/libm-2.15.so
7fd4569b2000-7fd4569b3000 rwxp 000f9000 08:14 788683                     /lib/x86_64-linux-gnu/libm-2.15.so
7fd4569b3000-7fd4572ce000 r-xp 00000000 08:14 2100299                    /usr/lib/jvm/jre/lib/amd64/server/libjvm.so
7fd4572ce000-7fd4573cf000 ---p 0091b000 08:14 2100299                    /usr/lib/jvm/jre/lib/amd64/server/libjvm.so
7fd4573cf000-7fd457584000 rwxp 0091c000 08:14 2100299                    /usr/lib/jvm/jre/lib/amd64/server/libjvm.so
7fd457584000-7fd4575be000 rwxp 00000000 00:00 0 
7fd4575be000-7fd457771000 r-xp 00000000 08:14 788651                     /lib/x86_64-linux-gnu/libc-2.15.so
7fd457771000-7fd457970000 ---p 001b3000 08:14 788651                     /lib/x86_64-linux-gnu/libc-2.15.so
7fd457970000-7fd457974000 r-xp 001b2000 08:14 788651                     /lib/x86_64-linux-gnu/libc-2.15.so
7fd457974000-7fd457976000 rwxp 001b6000 08:14 788651                     /lib/x86_64-linux-gnu/libc-2.15.so
7fd457976000-7fd45797b000 rwxp 00000000 00:00 0 
7fd45797b000-7fd45797d000 r-xp 00000000 08:14 788664                     /lib/x86_64-linux-gnu/libdl-2.15.so
7fd45797d000-7fd457b7d000 ---p 00002000 08:14 788664                     /lib/x86_64-linux-gnu/libdl-2.15.so
7fd457b7d000-7fd457b7e000 r-xp 00002000 08:14 788664                     /lib/x86_64-linux-gnu/libdl-2.15.so
7fd457b7e000-7fd457b7f000 rwxp 00003000 08:14 788664                     /lib/x86_64-linux-gnu/libdl-2.15.so
7fd457b7f000-7fd457b97000 r-xp 00000000 08:14 788731                     /lib/x86_64-linux-gnu/libpthread-2.15.so
7fd457b97000-7fd457d96000 ---p 00018000 08:14 788731                     /lib/x86_64-linux-gnu/libpthread-2.15.so
7fd457d96000-7fd457d97000 r-xp 00017000 08:14 788731                     /lib/x86_64-linux-gnu/libpthread-2.15.so
7fd457d97000-7fd457d98000 rwxp 00018000 08:14 788731                     /lib/x86_64-linux-gnu/libpthread-2.15.so
7fd457d98000-7fd457d9c000 rwxp 00000000 00:00 0 
7fd457d9c000-7fd457dbe000 r-xp 00000000 08:14 788631                     /lib/x86_64-linux-gnu/ld-2.15.so
7fd457dbe000-7fd457dc1000 r-xs 00000000 08:16 1707319                    /var/cache/fontconfig/385c0604a188198f04d133e54aba7fe7-le64.cache-3
7fd457dc1000-7fd457dc7000 r-xs 00000000 08:16 1708054                    /var/cache/fontconfig/3f7329c5293ffd510edef78f73874cfd-le64.cache-3
7fd457dc7000-7fd457dd2000 r-xs 00000000 08:16 1707971                    /var/cache/fontconfig/e13b20fdb08344e0e664864cc2ede53d-le64.cache-3
7fd457dd2000-7fd457dd6000 r-xs 00000000 08:16 1707942                    /var/cache/fontconfig/7ef2298fde41cc6eeb7af42e48b7d293-le64.cache-3
7fd457dd6000-7fd457de0000 rwxp 00000000 00:00 0 
7fd457de0000-7fd457e96000 rwxp 00000000 00:00 0 
7fd457e96000-7fd457e99000 rwxp 00000000 00:00 0 
7fd457e99000-7fd457ea0000 r-xp 00000000 08:14 1967149                    /usr/lib/jvm/jre/lib/amd64/jli/libjli.so
7fd457ea0000-7fd457fa1000 ---p 00007000 08:14 1967149                    /usr/lib/jvm/jre/lib/amd64/jli/libjli.so
7fd457fa1000-7fd457fa3000 rwxp 00008000 08:14 1967149                    /usr/lib/jvm/jre/lib/amd64/jli/libjli.so
7fd457fa3000-7fd457fa4000 rwxp 00000000 00:00 0 
7fd457fa4000-7fd457fa5000 r-xs 00000000 08:16 1707341                    /var/cache/fontconfig/e7071f4a29fa870f4323321c154eba04-le64.cache-3
7fd457fa5000-7fd457fa6000 r-xs 00000000 08:16 1707314                    /var/cache/fontconfig/0d8c3b2ac0904cb8a57a757ad11a4a08-le64.cache-3
7fd457fa6000-7fd457fa7000 r-xs 00000000 08:16 1707322                    /var/cache/fontconfig/56cf4f4769d0f4abc89a4895d7bd3ae1-le64.cache-3
7fd457fa7000-7fd457fa8000 r-xs 00000000 08:16 1707333                    /var/cache/fontconfig/b9d506c9ac06c20b433354fa67a72993-le64.cache-3
7fd457fa8000-7fd457fad000 r-xs 00000000 08:16 1707332                    /var/cache/fontconfig/b47c4e1ecd0709278f4910c18777a504-le64.cache-3
7fd457fad000-7fd457faf000 r-xs 0002b000 08:15 2247352                    /home/jailbirt/workspace/processingKinectExamples/libs/core.jar
7fd457faf000-7fd457fb2000 r-xs 0000f000 08:14 1577185                    /usr/lib/jvm/jre/lib/ext/pulse-java.jar
7fd457fb2000-7fd457fba000 rwxs 00000000 08:14 526150                     /tmp/hsperfdata_jailbirt/5717
7fd457fba000-7fd457fbb000 rwxp 00000000 00:00 0 
7fd457fbb000-7fd457fbc000 r-xp 00000000 00:00 0 
7fd457fbc000-7fd457fbe000 rwxp 00000000 00:00 0 
7fd457fbe000-7fd457fbf000 r-xp 00022000 08:14 788631                     /lib/x86_64-linux-gnu/ld-2.15.so
7fd457fbf000-7fd457fc1000 rwxp 00023000 08:14 788631                     /lib/x86_64-linux-gnu/ld-2.15.so
7fff5dabb000-7fff5dadd000 rwxp 00000000 00:00 0                          [stack]
7fff5dbff000-7fff5dc00000 r-xp 00000000 00:00 0                          [vdso]
ffffffffff600000-ffffffffff601000 r-xp 00000000 00:00 0                  [vsyscall]

VM Arguments:
jvm_args: -Djava.library.path=/home/jailbirt/workspace/processingKinectExamples/libs/openGL/linux64:/home/jailbirt/workspace/processingKinectExamples/libs/openGL/linux64:/home/jailbirt/workspace/processingKinectExamples/libs/simpleOpenNi/library/library -Dfile.encoding=UTF-8 
java_command: userTracking.main
Launcher Type: SUN_STANDARD

Environment Variables:
PATH=/usr/lib/lightdm/lightdm:/usr/local/sbin:/usr/local/bin:/usr/sbin:/usr/bin:/sbin:/bin:/usr/games
LD_LIBRARY_PATH=/usr/lib/jvm/jre/lib/amd64/server:/usr/lib/jvm/jre/lib/amd64:/usr/lib/jvm/jre/../lib/amd64
SHELL=/bin/bash
DISPLAY=:0.0

Signal Handlers:
SIGSEGV: [libjvm.so+0x8602a0], sa_mask[0]=0x7ffbfeff, sa_flags=0x10000004
SIGBUS: [libjvm.so+0x8602a0], sa_mask[0]=0x7ffbfeff, sa_flags=0x10000004
SIGFPE: [libjvm.so+0x70ef10], sa_mask[0]=0x7ffbfeff, sa_flags=0x10000004
SIGPIPE: [libjvm.so+0x70ef10], sa_mask[0]=0x7ffbfeff, sa_flags=0x10000004
SIGXFSZ: [libjvm.so+0x70ef10], sa_mask[0]=0x7ffbfeff, sa_flags=0x10000004
SIGILL: [libjvm.so+0x70ef10], sa_mask[0]=0x7ffbfeff, sa_flags=0x10000004
SIGUSR1: SIG_DFL, sa_mask[0]=0x00000000, sa_flags=0x00000000
SIGUSR2: [libjvm.so+0x711d40], sa_mask[0]=0x00000004, sa_flags=0x10000004
SIGHUP: [libjvm.so+0x711940], sa_mask[0]=0x7ffbfeff, sa_flags=0x10000004
SIGINT: [libjvm.so+0x711940], sa_mask[0]=0x7ffbfeff, sa_flags=0x10000004
SIGTERM: [libjvm.so+0x711940], sa_mask[0]=0x7ffbfeff, sa_flags=0x10000004
SIGQUIT: [libjvm.so+0x711940], sa_mask[0]=0x7ffbfeff, sa_flags=0x10000004


---------------  S Y S T E M  ---------------

OS:wheezy/sid

uname:Linux 3.2.0-26-generic #41-Ubuntu SMP Thu Jun 14 17:49:24 UTC 2012 x86_64
libc:glibc 2.15 NPTL 2.15 
rlimit: STACK 8192k, CORE 0k, NPROC 95824, NOFILE 4096, AS infinity
load average:0.39 0.65 1.00

/proc/meminfo:
MemTotal:       12290156 kB
MemFree:         8679036 kB
Buffers:          101268 kB
Cached:          1948024 kB
SwapCached:            0 kB
Active:          1981544 kB
Inactive:        1309448 kB
Active(anon):    1243744 kB
Inactive(anon):    15964 kB
Active(file):     737800 kB
Inactive(file):  1293484 kB
Unevictable:           0 kB
Mlocked:               0 kB
SwapTotal:       8388604 kB
SwapFree:        8388604 kB
Dirty:                80 kB
Writeback:             0 kB
AnonPages:       1241700 kB
Mapped:           180032 kB
Shmem:             18020 kB
Slab:              95864 kB
SReclaimable:      59256 kB
SUnreclaim:        36608 kB
KernelStack:        4048 kB
PageTables:        31484 kB
NFS_Unstable:          0 kB
Bounce:                0 kB
WritebackTmp:          0 kB
CommitLimit:    14533680 kB
Committed_AS:    3143288 kB
VmallocTotal:   34359738367 kB
VmallocUsed:      181436 kB
VmallocChunk:   34359523836 kB
HardwareCorrupted:     0 kB
AnonHugePages:         0 kB
HugePages_Total:       0
HugePages_Free:        0
HugePages_Rsvd:        0
HugePages_Surp:        0
Hugepagesize:       2048 kB
DirectMap4k:      591680 kB
DirectMap2M:    11974656 kB


CPU:total 8 (4 cores per cpu, 2 threads per core) family 6 model 42 stepping 7, cmov, cx8, fxsr, mmx, sse, sse2, sse3, ssse3, sse4.1, sse4.2, popcnt, ht

/proc/cpuinfo:
processor	: 0
vendor_id	: GenuineIntel
cpu family	: 6
model		: 42
model name	: Intel(R) Core(TM) i7-2600 CPU @ 3.40GHz
stepping	: 7
microcode	: 0x14
cpu MHz		: 3701.000
cache size	: 8192 KB
physical id	: 0
siblings	: 8
core id		: 0
cpu cores	: 4
apicid		: 0
initial apicid	: 0
fpu		: yes
fpu_exception	: yes
cpuid level	: 13
wp		: yes
flags		: fpu vme de pse tsc msr pae mce cx8 apic sep mtrr pge mca cmov pat pse36 clflush dts acpi mmx fxsr sse sse2 ss ht tm pbe syscall nx rdtscp lm constant_tsc arch_perfmon pebs bts rep_good nopl xtopology nonstop_tsc aperfmperf pni pclmulqdq dtes64 monitor ds_cpl vmx smx est tm2 ssse3 cx16 xtpr pdcm pcid sse4_1 sse4_2 x2apic popcnt tsc_deadline_timer aes xsave avx lahf_lm ida arat epb xsaveopt pln pts dts tpr_shadow vnmi flexpriority ept vpid
bogomips	: 6784.59
clflush size	: 64
cache_alignment	: 64
address sizes	: 36 bits physical, 48 bits virtual
power management:

processor	: 1
vendor_id	: GenuineIntel
cpu family	: 6
model		: 42
model name	: Intel(R) Core(TM) i7-2600 CPU @ 3.40GHz
stepping	: 7
microcode	: 0x14
cpu MHz		: 1600.000
cache size	: 8192 KB
physical id	: 0
siblings	: 8
core id		: 1
cpu cores	: 4
apicid		: 2
initial apicid	: 2
fpu		: yes
fpu_exception	: yes
cpuid level	: 13
wp		: yes
flags		: fpu vme de pse tsc msr pae mce cx8 apic sep mtrr pge mca cmov pat pse36 clflush dts acpi mmx fxsr sse sse2 ss ht tm pbe syscall nx rdtscp lm constant_tsc arch_perfmon pebs bts rep_good nopl xtopology nonstop_tsc aperfmperf pni pclmulqdq dtes64 monitor ds_cpl vmx smx est tm2 ssse3 cx16 xtpr pdcm pcid sse4_1 sse4_2 x2apic popcnt tsc_deadline_timer aes xsave avx lahf_lm ida arat epb xsaveopt pln pts dts tpr_shadow vnmi flexpriority ept vpid
bogomips	: 6784.26
clflush size	: 64
cache_alignment	: 64
address sizes	: 36 bits physical, 48 bits virtual
power management:

processor	: 2
vendor_id	: GenuineIntel
cpu family	: 6
model		: 42
model name	: Intel(R) Core(TM) i7-2600 CPU @ 3.40GHz
stepping	: 7
microcode	: 0x14
cpu MHz		: 1600.000
cache size	: 8192 KB
physical id	: 0
siblings	: 8
core id		: 2
cpu cores	: 4
apicid		: 4
initial apicid	: 4
fpu		: yes
fpu_exception	: yes
cpuid level	: 13
wp		: yes
flags		: fpu vme de pse tsc msr pae mce cx8 apic sep mtrr pge mca cmov pat pse36 clflush dts acpi mmx fxsr sse sse2 ss ht tm pbe syscall nx rdtscp lm constant_tsc arch_perfmon pebs bts rep_good nopl xtopology nonstop_tsc aperfmperf pni pclmulqdq dtes64 monitor ds_cpl vmx smx est tm2 ssse3 cx16 xtpr pdcm pcid sse4_1 sse4_2 x2apic popcnt tsc_deadline_timer aes xsave avx lahf_lm ida arat epb xsaveopt pln pts dts tpr_shadow vnmi flexpriority ept vpid
bogomips	: 6784.26
clflush size	: 64
cache_alignment	: 64
address sizes	: 36 bits physical, 48 bits virtual
power management:

processor	: 3
vendor_id	: GenuineIntel
cpu family	: 6
model		: 42
model name	: Intel(R) Core(TM) i7-2600 CPU @ 3.40GHz
stepping	: 7
microcode	: 0x14
cpu MHz		: 1600.000
cache size	: 8192 KB
physical id	: 0
siblings	: 8
core id		: 3
cpu cores	: 4
apicid		: 6
initial apicid	: 6
fpu		: yes
fpu_exception	: yes
cpuid level	: 13
wp		: yes
flags		: fpu vme de pse tsc msr pae mce cx8 apic sep mtrr pge mca cmov pat pse36 clflush dts acpi mmx fxsr sse sse2 ss ht tm pbe syscall nx rdtscp lm constant_tsc arch_perfmon pebs bts rep_good nopl xtopology nonstop_tsc aperfmperf pni pclmulqdq dtes64 monitor ds_cpl vmx smx est tm2 ssse3 cx16 xtpr pdcm pcid sse4_1 sse4_2 x2apic popcnt tsc_deadline_timer aes xsave avx lahf_lm ida arat epb xsaveopt pln pts dts tpr_shadow vnmi flexpriority ept vpid
bogomips	: 6784.27
clflush size	: 64
cache_alignment	: 64
address sizes	: 36 bits physical, 48 bits virtual
power management:

processor	: 4
vendor_id	: GenuineIntel
cpu family	: 6
model		: 42
model name	: Intel(R) Core(TM) i7-2600 CPU @ 3.40GHz
stepping	: 7
microcode	: 0x14
cpu MHz		: 1600.000
cache size	: 8192 KB
physical id	: 0
siblings	: 8
core id		: 0
cpu cores	: 4
apicid		: 1
initial apicid	: 1
fpu		: yes
fpu_exception	: yes
cpuid level	: 13
wp		: yes
flags		: fpu vme de pse tsc msr pae mce cx8 apic sep mtrr pge mca cmov pat pse36 clflush dts acpi mmx fxsr sse sse2 ss ht tm pbe syscall nx rdtscp lm constant_tsc arch_perfmon pebs bts rep_good nopl xtopology nonstop_tsc aperfmperf pni pclmulqdq dtes64 monitor ds_cpl vmx smx est tm2 ssse3 cx16 xtpr pdcm pcid sse4_1 sse4_2 x2apic popcnt tsc_deadline_timer aes xsave avx lahf_lm ida arat epb xsaveopt pln pts dts tpr_shadow vnmi flexpriority ept vpid
bogomips	: 6784.26
clflush size	: 64
cache_alignment	: 64
address sizes	: 36 bits physical, 48 bits virtual
power management:

processor	: 5
vendor_id	: GenuineIntel
cpu family	: 6
model		: 42
model name	: Intel(R) Core(TM) i7-2600 CPU @ 3.40GHz
stepping	: 7
microcode	: 0x14
cpu MHz		: 3701.000
cache size	: 8192 KB
physical id	: 0
siblings	: 8
core id		: 1
cpu cores	: 4
apicid		: 3
initial apicid	: 3
fpu		: yes
fpu_exception	: yes
cpuid level	: 13
wp		: yes
flags		: fpu vme de pse tsc msr pae mce cx8 apic sep mtrr pge mca cmov pat pse36 clflush dts acpi mmx fxsr sse sse2 ss ht tm pbe syscall nx rdtscp lm constant_tsc arch_perfmon pebs bts rep_good nopl xtopology nonstop_tsc aperfmperf pni pclmulqdq dtes64 monitor ds_cpl vmx smx est tm2 ssse3 cx16 xtpr pdcm pcid sse4_1 sse4_2 x2apic popcnt tsc_deadline_timer aes xsave avx lahf_lm ida arat epb xsaveopt pln pts dts tpr_shadow vnmi flexpriority ept vpid
bogomips	: 6784.25
clflush size	: 64
cache_alignment	: 64
address sizes	: 36 bits physical, 48 bits virtual
power management:

processor	: 6
vendor_id	: GenuineIntel
cpu family	: 6
model		: 42
model name	: Intel(R) Core(TM) i7-2600 CPU @ 3.40GHz
stepping	: 7
microcode	: 0x14
cpu MHz		: 1600.000
cache size	: 8192 KB
physical id	: 0
siblings	: 8
core id		: 2
cpu cores	: 4
apicid		: 5
initial apicid	: 5
fpu		: yes
fpu_exception	: yes
cpuid level	: 13
wp		: yes
flags		: fpu vme de pse tsc msr pae mce cx8 apic sep mtrr pge mca cmov pat pse36 clflush dts acpi mmx fxsr sse sse2 ss ht tm pbe syscall nx rdtscp lm constant_tsc arch_perfmon pebs bts rep_good nopl xtopology nonstop_tsc aperfmperf pni pclmulqdq dtes64 monitor ds_cpl vmx smx est tm2 ssse3 cx16 xtpr pdcm pcid sse4_1 sse4_2 x2apic popcnt tsc_deadline_timer aes xsave avx lahf_lm ida arat epb xsaveopt pln pts dts tpr_shadow vnmi flexpriority ept vpid
bogomips	: 6784.27
clflush size	: 64
cache_alignment	: 64
address sizes	: 36 bits physical, 48 bits virtual
power management:

processor	: 7
vendor_id	: GenuineIntel
cpu family	: 6
model		: 42
model name	: Intel(R) Core(TM) i7-2600 CPU @ 3.40GHz
stepping	: 7
microcode	: 0x14
cpu MHz		: 1600.000
cache size	: 8192 KB
physical id	: 0
siblings	: 8
core id		: 3
cpu cores	: 4
apicid		: 7
initial apicid	: 7
fpu		: yes
fpu_exception	: yes
cpuid level	: 13
wp		: yes
flags		: fpu vme de pse tsc msr pae mce cx8 apic sep mtrr pge mca cmov pat pse36 clflush dts acpi mmx fxsr sse sse2 ss ht tm pbe syscall nx rdtscp lm constant_tsc arch_perfmon pebs bts rep_good nopl xtopology nonstop_tsc aperfmperf pni pclmulqdq dtes64 monitor ds_cpl vmx smx est tm2 ssse3 cx16 xtpr pdcm pcid sse4_1 sse4_2 x2apic popcnt tsc_deadline_timer aes xsave avx lahf_lm ida arat epb xsaveopt pln pts dts tpr_shadow vnmi flexpriority ept vpid
bogomips	: 6784.26
clflush size	: 64
cache_alignment	: 64
address sizes	: 36 bits physical, 48 bits virtual
power management:



Memory: 4k page, physical 12290156k(8679036k free), swap 8388604k(8388604k free)

vm_info: Java HotSpot(TM) 64-Bit Server VM (20.7-b02) for linux-amd64 JRE (1.6.0_32-b05), built on Apr  5 2012 14:09:59 by "java_re" with gcc 3.2.2 (SuSE Linux)

time: Sun Jul 22 01:58:54 2012
elapsed time: 2 seconds

