#
# A fatal error has been detected by the Java Runtime Environment:
#
#  SIGSEGV (0xb) at pc=0x00007f229cdaf89d, pid=8220, tid=139786643498752
#
# JRE version: 6.0_32-b05
# Java VM: Java HotSpot(TM) 64-Bit Server VM (20.7-b02 mixed mode linux-amd64 compressed oops)
# Problematic frame:
# C  [libOpenNI.so+0x4289d]  long long+0xd
#
# If you would like to submit a bug report, please visit:
#   http://java.sun.com/webapps/bugreport/crash.jsp
# The crash happened outside the Java Virtual Machine in native code.
# See problematic frame for where to report the bug.
#

---------------  T H R E A D  ---------------

Current thread (0x00007f22d0231000):  JavaThread "Animation Thread" [_thread_in_native, id=8248, stack(0x00007f229d2ae000,0x00007f229d3af000)]

siginfo:si_signo=SIGSEGV: si_errno=0, si_code=1 (SEGV_MAPERR), si_addr=0x0000000000000000

Registers:
RAX=0x0000000000010012, RBX=0x0000000000000000, RCX=0x00007f2274000028, RDX=0x00007f22740ccd40
RSP=0x00007f229d3ad570, RBP=0x0000000000000002, RSI=0x0000000000000002, RDI=0x0000000000000000
R8 =0x0000000000000001, R9 =0x0000000000000000, R10=0x00007f229d3ad330, R11=0x00007f229cdaf890
R12=0x000000000001001d, R13=0x0000000000000000, R14=0x0000000000000001, R15=0x00007f22d0231000
RIP=0x00007f229cdaf89d, EFLAGS=0x0000000000010202, CSGSFS=0x0000000000000033, ERR=0x0000000000000004
  TRAPNO=0x000000000000000e

Top of Stack: (sp=0x00007f229d3ad570)
0x00007f229d3ad570:   0000000000000000 0000000000000001
0x00007f229d3ad580:   0000000000000000 00007f22740a4bd0
0x00007f229d3ad590:   00007f22740d66d0 00007f229d074144
0x00007f229d3ad5a0:   00007f22d01a30d0 00007f2290003990
0x00007f229d3ad5b0:   00007f22d6de8ab0 00007f22940b33d8
0x00007f229d3ad5c0:   00000000092f7452 0000000000000000
0x00007f229d3ad5d0:   000000000014b2c9 000000073fdca410
0x00007f229d3ad5e0:   00000000002ba4d0 0000000000000000
0x00007f229d3ad5f0:   00007f229d3ad750 00007f22d0231000
0x00007f229d3ad600:   00007f229cff0000 00007f22d775e774
0x00007f229d3ad610:   00007f2200000005 0000000000000000
0x00007f229d3ad620:   00007f229cff92d0 00007f22d0231000
0x00007f229d3ad630:   00007f229d3ad690 000000073fdca410
0x00007f229d3ad640:   0000000000000000 0000000000000000
0x00007f229d3ad650:   000000073fdca410 00007f22d7765235
0x00007f229d3ad660:   0000000000000001 00007f229d3ad740
0x00007f229d3ad670:   0000000000000001 0000000000000002
0x00007f229d3ad680:   000000073fdca410 00007f229d3ad718
0x00007f229d3ad690:   0000000000000000 000000073fdca410
0x00007f229d3ad6a0:   00007f229d3ad750 00007f22cd010d6e
0x00007f229d3ad6b0:   00007f229d3ad798 00007f229d3ad738
0x00007f229d3ad6c0:   00007f22cd004dd0 00007f2200000000
0x00007f229d3ad6d0:   00007f22d0231000 00007f229d3ad6d8
0x00007f229d3ad6e0:   000000073fdca410 00007f229d3ad750
0x00007f229d3ad6f0:   000000073fdf41c8 0000000000000000
0x00007f229d3ad700:   000000073fdca410 0000000000000000
0x00007f229d3ad710:   00007f229d3ad738 00007f229d3ad798
0x00007f229d3ad720:   00007f22cd00585a 000000073fdf4160
0x00007f229d3ad730:   00007f22cd00df40 0000000000000002
0x00007f229d3ad740:   00000007c1d4ffb0 00007f22740d66d0
0x00007f229d3ad750:   00000007c1d4ffb0 00007f229d3ad758
0x00007f229d3ad760:   000000073fd85264 00007f229d3ad7b0 

Instructions: (pc=0x00007f229cdaf89d)
0x00007f229cdaf87d:   00 00 00 31 c0 c3 66 66 66 66 2e 0f 1f 84 00 00
0x00007f229cdaf88d:   00 00 00 53 b8 12 00 01 00 48 89 fb 48 83 ec 20
0x00007f229cdaf89d:   48 8b 17 8b 4a 10 85 c9 74 49 48 8b 52 08 8b 12
0x00007f229cdaf8ad:   81 e2 00 00 00 02 74 3b 8b 47 48 48 c7 44 24 18 

Register to memory mapping:

RAX=0x0000000000010012 is an unknown value
RBX=0x0000000000000000 is an unknown value
RCX=0x00007f2274000028 is an unknown value
RDX=0x00007f22740ccd40 is an unknown value
RSP=0x00007f229d3ad570 is pointing into the stack for thread: 0x00007f22d0231000
RBP=0x0000000000000002 is an unknown value
RSI=0x0000000000000002 is an unknown value
RDI=0x0000000000000000 is an unknown value
R8 =0x0000000000000001 is an unknown value
R9 =0x0000000000000000 is an unknown value
R10=0x00007f229d3ad330 is pointing into the stack for thread: 0x00007f22d0231000
R11=0x00007f229cdaf890: xnSetSkeletonProfile+0 in /usr/lib/libOpenNI.so at 0x00007f229cd6d000
R12=0x000000000001001d is an unknown value
R13=0x0000000000000000 is an unknown value
R14=0x0000000000000001 is an unknown value
R15=0x00007f22d0231000 is a thread


Stack: [0x00007f229d2ae000,0x00007f229d3af000],  sp=0x00007f229d3ad570,  free space=1021k
Native frames: (J=compiled Java code, j=interpreted, Vv=VM code, C=native code)
C  [libOpenNI.so+0x4289d]  long long+0xd

Java frames: (J=compiled Java code, j=interpreted, Vv=VM code)
j  SimpleOpenNI.SimpleOpenNIJNI.ContextWrapper_enableUserSwigExplicitContextWrapper(JLSimpleOpenNI/ContextWrapper;I)Z+0
j  SimpleOpenNI.ContextWrapper.enableUser(I)Z+28
j  SimpleOpenNI.SimpleOpenNI.enableUser(ILjava/lang/Object;)Z+17
j  SimpleOpenNI.SimpleOpenNI.enableUser(I)Z+6
j  userTracking.simpleTracking.setup()V+40
j  processing.core.PApplet.handleDraw()V+65
j  processing.core.PApplet.run()V+72
j  java.lang.Thread.run()V+11
v  ~StubRoutines::call_stub

---------------  P R O C E S S  ---------------

Java Threads: ( => current thread )
=>0x00007f22d0231000 JavaThread "Animation Thread" [_thread_in_native, id=8248, stack(0x00007f229d2ae000,0x00007f229d3af000)]
  0x00007f228400a000 JavaThread "AWT-EventQueue-0" [_thread_blocked, id=8247, stack(0x00007f229d3af000,0x00007f229d4b0000)]
  0x00007f22d0230800 JavaThread "AWT-Shutdown" [_thread_blocked, id=8246, stack(0x00007f229d4b0000,0x00007f229d5b1000)]
  0x00007f22d021e800 JavaThread "Image Fetcher 0" daemon [_thread_blocked, id=8245, stack(0x00007f229d5b1000,0x00007f229d6b2000)]
  0x00007f22d0210800 JavaThread "AWT-XAWT" daemon [_thread_in_native, id=8244, stack(0x00007f229d8bb000,0x00007f229d9bc000)]
  0x00007f22d012b000 JavaThread "Java2D Disposer" daemon [_thread_blocked, id=8243, stack(0x00007f229dfd6000,0x00007f229e0d7000)]
  0x00007f22d0099800 JavaThread "Low Memory Detector" daemon [_thread_blocked, id=8240, stack(0x00007f229f61a000,0x00007f229f71b000)]
  0x00007f22d0097800 JavaThread "C2 CompilerThread1" daemon [_thread_blocked, id=8239, stack(0x00007f229f71b000,0x00007f229f81c000)]
  0x00007f22d0094800 JavaThread "C2 CompilerThread0" daemon [_thread_blocked, id=8238, stack(0x00007f229f81c000,0x00007f229f91d000)]
  0x00007f22d0092800 JavaThread "Signal Dispatcher" daemon [_thread_blocked, id=8237, stack(0x00007f22cc05b000,0x00007f22cc15c000)]
  0x00007f22d0076000 JavaThread "Finalizer" daemon [_thread_blocked, id=8236, stack(0x00007f22cc15c000,0x00007f22cc25d000)]
  0x00007f22d0074800 JavaThread "Reference Handler" daemon [_thread_blocked, id=8235, stack(0x00007f22cc25d000,0x00007f22cc35e000)]
  0x00007f22d0008000 JavaThread "main" [_thread_blocked, id=8225, stack(0x00007f22d5f6c000,0x00007f22d606d000)]

Other Threads:
  0x00007f22d006d800 VMThread [stack: 0x00007f22cc35e000,0x00007f22cc45f000] [id=8234]
  0x00007f22d00ac800 WatcherThread [stack: 0x00007f229f519000,0x00007f229f61a000] [id=8241]

VM state:not at safepoint (normal execution)

VM Mutex/Monitor currently owned by a thread: None

Heap
 PSYoungGen      total 56000K, used 9120K [0x00000007c1760000, 0x00000007c55e0000, 0x0000000800000000)
  eden space 48000K, 19% used [0x00000007c1760000,0x00000007c2048158,0x00000007c4640000)
  from space 8000K, 0% used [0x00000007c4e10000,0x00000007c4e10000,0x00000007c55e0000)
  to   space 8000K, 0% used [0x00000007c4640000,0x00000007c4640000,0x00000007c4e10000)
 PSOldGen        total 128064K, used 0K [0x0000000744600000, 0x000000074c310000, 0x00000007c1760000)
  object space 128064K, 0% used [0x0000000744600000,0x0000000744600000,0x000000074c310000)
 PSPermGen       total 21248K, used 10233K [0x000000073f400000, 0x00000007408c0000, 0x0000000744600000)
  object space 21248K, 48% used [0x000000073f400000,0x000000073fdfe538,0x00000007408c0000)

Code Cache  [0x00007f22cd000000, 0x00007f22cd270000, 0x00007f22d0000000)
 total_blobs=501 nmethods=21 adapters=435 free_code_cache=49729088 largest_free_block=12032

Dynamic libraries:
40000000-40009000 r-xp 00000000 08:14 1192322                            /usr/lib/jvm/bin/java
40108000-4010a000 rwxp 00008000 08:14 1192322                            /usr/lib/jvm/bin/java
4083d000-4085e000 rwxp 00000000 00:00 0                                  [heap]
73f400000-7408c0000 rwxp 00000000 00:00 0 
7408c0000-744600000 rwxp 00000000 00:00 0 
744600000-74c310000 rwxp 00000000 00:00 0 
74c310000-7c1760000 rwxp 00000000 00:00 0 
7c1760000-7c55e0000 rwxp 00000000 00:00 0 
7c55e0000-800000000 rwxp 00000000 00:00 0 
7f226cf41000-7f226cfd3000 r-xp 00000000 08:14 658014                     /usr/lib/libXnDeviceSensorV2.so
7f226cfd3000-7f226d1d2000 ---p 00092000 08:14 658014                     /usr/lib/libXnDeviceSensorV2.so
7f226d1d2000-7f226d1e2000 r-xp 00091000 08:14 658014                     /usr/lib/libXnDeviceSensorV2.so
7f226d1e2000-7f226d1e3000 rwxp 000a1000 08:14 658014                     /usr/lib/libXnDeviceSensorV2.so
7f226d1e3000-7f226d20a000 r-xp 00000000 08:14 673565                     /usr/lib/libXnDeviceFile.so
7f226d20a000-7f226d40a000 ---p 00027000 08:14 673565                     /usr/lib/libXnDeviceFile.so
7f226d40a000-7f226d40c000 r-xp 00027000 08:14 673565                     /usr/lib/libXnDeviceFile.so
7f226d40c000-7f226d40d000 rwxp 00029000 08:14 673565                     /usr/lib/libXnDeviceFile.so
7f226d40d000-7f226d455000 r-xp 00000000 08:14 673564                     /usr/lib/libXnDDK.so
7f226d455000-7f226d655000 ---p 00048000 08:14 673564                     /usr/lib/libXnDDK.so
7f226d655000-7f226d658000 r-xp 00048000 08:14 673564                     /usr/lib/libXnDDK.so
7f226d658000-7f226d65a000 rwxp 0004b000 08:14 673564                     /usr/lib/libXnDDK.so
7f226d65a000-7f226d67e000 r-xp 00000000 08:14 673567                     /usr/lib/libXnFormats.so
7f226d67e000-7f226d87e000 ---p 00024000 08:14 673567                     /usr/lib/libXnFormats.so
7f226d87e000-7f226d87f000 r-xp 00024000 08:14 673567                     /usr/lib/libXnFormats.so
7f226d87f000-7f226d880000 rwxp 00025000 08:14 673567                     /usr/lib/libXnFormats.so
7f226d880000-7f226d8a0000 rwxp 00000000 00:00 0 
7f226d8a0000-7f226d8a3000 r-xp 00000000 08:14 673563                     /usr/lib/libXnCore.so
7f226d8a3000-7f226daa2000 ---p 00003000 08:14 673563                     /usr/lib/libXnCore.so
7f226daa2000-7f226daa3000 r-xp 00002000 08:14 673563                     /usr/lib/libXnCore.so
7f226daa3000-7f226daa4000 rwxp 00003000 08:14 673563                     /usr/lib/libXnCore.so
7f226daa4000-7f226db2d000 r-xp 00000000 08:14 673566                     /usr/lib/libXnDeviceSensorV2KM.so
7f226db2d000-7f226dd2c000 ---p 00089000 08:14 673566                     /usr/lib/libXnDeviceSensorV2KM.so
7f226dd2c000-7f226dd3c000 r-xp 00088000 08:14 673566                     /usr/lib/libXnDeviceSensorV2KM.so
7f226dd3c000-7f226dd3d000 rwxp 00098000 08:14 673566                     /usr/lib/libXnDeviceSensorV2KM.so
7f226dd3d000-7f226de31000 r-xp 00000000 08:14 673497                     /usr/lib/libXnVHandGenerator_1_5_2.so
7f226de31000-7f226e030000 ---p 000f4000 08:14 673497                     /usr/lib/libXnVHandGenerator_1_5_2.so
7f226e030000-7f226e035000 r-xp 000f3000 08:14 673497                     /usr/lib/libXnVHandGenerator_1_5_2.so
7f226e035000-7f226e036000 rwxp 000f8000 08:14 673497                     /usr/lib/libXnVHandGenerator_1_5_2.so
7f226e036000-7f226e044000 rwxp 00000000 00:00 0 
7f226e044000-7f226e11c000 r-xp 00000000 08:14 673494                     /usr/lib/libXnVHandGenerator_1_4_2.so
7f226e11c000-7f226e31b000 ---p 000d8000 08:14 673494                     /usr/lib/libXnVHandGenerator_1_4_2.so
7f226e31b000-7f226e320000 r-xp 000d7000 08:14 673494                     /usr/lib/libXnVHandGenerator_1_4_2.so
7f226e320000-7f226e321000 rwxp 000dc000 08:14 673494                     /usr/lib/libXnVHandGenerator_1_4_2.so
7f226e321000-7f226e324000 rwxp 00000000 00:00 0 
7f226e324000-7f226e3fc000 r-xp 00000000 08:14 673491                     /usr/lib/libXnVHandGenerator_1_4_1.so
7f226e3fc000-7f226e5fb000 ---p 000d8000 08:14 673491                     /usr/lib/libXnVHandGenerator_1_4_1.so
7f226e5fb000-7f226e600000 r-xp 000d7000 08:14 673491                     /usr/lib/libXnVHandGenerator_1_4_1.so
7f226e600000-7f226e601000 rwxp 000dc000 08:14 673491                     /usr/lib/libXnVHandGenerator_1_4_1.so
7f226e601000-7f226e604000 rwxp 00000000 00:00 0 
7f226e604000-7f226e6e7000 r-xp 00000000 08:14 673488                     /usr/lib/libXnVHandGenerator_1_3_1.so
7f226e6e7000-7f226e8e7000 ---p 000e3000 08:14 673488                     /usr/lib/libXnVHandGenerator_1_3_1.so
7f226e8e7000-7f226e8ec000 r-xp 000e3000 08:14 673488                     /usr/lib/libXnVHandGenerator_1_3_1.so
7f226e8ec000-7f226e8ed000 rwxp 000e8000 08:14 673488                     /usr/lib/libXnVHandGenerator_1_3_1.so
7f226e8ed000-7f226e8f0000 rwxp 00000000 00:00 0 
7f226e8f0000-7f226ed05000 r-xp 00000000 08:14 673481                     /usr/lib/libXnVFeatures_1_5_2.so
7f226ed05000-7f226ef05000 ---p 00415000 08:14 673481                     /usr/lib/libXnVFeatures_1_5_2.so
7f226ef05000-7f226ef16000 r-xp 00415000 08:14 673481                     /usr/lib/libXnVFeatures_1_5_2.so
7f226ef16000-7f226ef18000 rwxp 00426000 08:14 673481                     /usr/lib/libXnVFeatures_1_5_2.so
7f226ef18000-7f226ef2d000 rwxp 00000000 00:00 0 
7f226ef2d000-7f226f124000 r-xp 00000000 08:14 673470                     /usr/lib/libXnVFeatures_1_4_2.so
7f226f124000-7f226f323000 ---p 001f7000 08:14 673470                     /usr/lib/libXnVFeatures_1_4_2.so
7f226f323000-7f226f329000 r-xp 001f6000 08:14 673470                     /usr/lib/libXnVFeatures_1_4_2.so
7f226f329000-7f226f32a000 rwxp 001fc000 08:14 673470                     /usr/lib/libXnVFeatures_1_4_2.so
7f226f32a000-7f226f330000 rwxp 00000000 00:00 0 
7f226f330000-7f226f527000 r-xp 00000000 08:14 673465                     /usr/lib/libXnVFeatures_1_4_1.so
7f226f527000-7f226f726000 ---p 001f7000 08:14 673465                     /usr/lib/libXnVFeatures_1_4_1.so
7f226f726000-7f226f72c000 r-xp 001f6000 08:14 673465                     /usr/lib/libXnVFeatures_1_4_1.so
7f226f72c000-7f226f72d000 rwxp 001fc000 08:14 673465                     /usr/lib/libXnVFeatures_1_4_1.so
7f226f72d000-7f226f733000 rwxp 00000000 00:00 0 
7f226f733000-7f226f978000 r-xp 00000000 08:14 673460                     /usr/lib/libXnVFeatures_1_3_1.so
7f226f978000-7f226fb78000 ---p 00245000 08:14 673460                     /usr/lib/libXnVFeatures_1_3_1.so
7f226fb78000-7f226fb7e000 r-xp 00245000 08:14 673460                     /usr/lib/libXnVFeatures_1_3_1.so
7f226fb7e000-7f226fb7f000 rwxp 0024b000 08:14 673460                     /usr/lib/libXnVFeatures_1_3_1.so
7f226fb7f000-7f226fb86000 rwxp 00000000 00:00 0 
7f226fb86000-7f226fba4000 r-xp 00000000 08:14 673299                     /usr/lib/libnimRecorder.so
7f226fba4000-7f226fda3000 ---p 0001e000 08:14 673299                     /usr/lib/libnimRecorder.so
7f226fda3000-7f226fda5000 r-xp 0001d000 08:14 673299                     /usr/lib/libnimRecorder.so
7f226fda5000-7f226fda6000 rwxp 0001f000 08:14 673299                     /usr/lib/libnimRecorder.so
7f226fda6000-7f226fddc000 r-xp 00000000 08:14 673297                     /usr/lib/libnimCodecs.so
7f226fddc000-7f226ffdc000 ---p 00036000 08:14 673297                     /usr/lib/libnimCodecs.so
7f226ffdc000-7f226ffdf000 r-xp 00036000 08:14 673297                     /usr/lib/libnimCodecs.so
7f226ffdf000-7f226ffe0000 rwxp 00039000 08:14 673297                     /usr/lib/libnimCodecs.so
7f226ffe0000-7f2270000000 rwxp 00000000 00:00 0 
7f2270000000-7f2270119000 rwxp 00000000 00:00 0 
7f2270119000-7f2274000000 ---p 00000000 00:00 0 
7f2274000000-7f2274140000 rwxp 00000000 00:00 0 
7f2274140000-7f2278000000 ---p 00000000 00:00 0 
7f2278000000-7f2278021000 rwxp 00000000 00:00 0 
7f2278021000-7f227c000000 ---p 00000000 00:00 0 
7f227c000000-7f227c021000 rwxp 00000000 00:00 0 
7f227c021000-7f2280000000 ---p 00000000 00:00 0 
7f2280000000-7f2280021000 rwxp 00000000 00:00 0 
7f2280021000-7f2284000000 ---p 00000000 00:00 0 
7f2284000000-7f2284021000 rwxp 00000000 00:00 0 
7f2284021000-7f2288000000 ---p 00000000 00:00 0 
7f2288000000-7f2288021000 rwxp 00000000 00:00 0 
7f2288021000-7f228c000000 ---p 00000000 00:00 0 
7f228c000000-7f228c021000 rwxp 00000000 00:00 0 
7f228c021000-7f2290000000 ---p 00000000 00:00 0 
7f2290000000-7f229031d000 rwxp 00000000 00:00 0 
7f229031d000-7f2294000000 ---p 00000000 00:00 0 
7f2294000000-7f2294261000 rwxp 00000000 00:00 0 
7f2294261000-7f2298000000 ---p 00000000 00:00 0 
7f2298000000-7f2298021000 rwxp 00000000 00:00 0 
7f2298021000-7f229c000000 ---p 00000000 00:00 0 
7f229c11b000-7f229c152000 r-xp 00000000 08:14 673298                     /usr/lib/libnimMockNodes.so
7f229c152000-7f229c351000 ---p 00037000 08:14 673298                     /usr/lib/libnimMockNodes.so
7f229c351000-7f229c35e000 r-xp 00036000 08:14 673298                     /usr/lib/libnimMockNodes.so
7f229c35e000-7f229c35f000 rwxp 00043000 08:14 673298                     /usr/lib/libnimMockNodes.so
7f229c35f000-7f229c36d000 r-xp 00000000 08:14 788754                     /lib/x86_64-linux-gnu/libusb-1.0.so.0.1.0
7f229c36d000-7f229c56c000 ---p 0000e000 08:14 788754                     /lib/x86_64-linux-gnu/libusb-1.0.so.0.1.0
7f229c56c000-7f229c56d000 r-xp 0000d000 08:14 788754                     /lib/x86_64-linux-gnu/libusb-1.0.so.0.1.0
7f229c56d000-7f229c56e000 rwxp 0000e000 08:14 788754                     /lib/x86_64-linux-gnu/libusb-1.0.so.0.1.0
7f229c56e000-7f229c583000 r-xp 00000000 08:14 788672                     /lib/x86_64-linux-gnu/libgcc_s.so.1
7f229c583000-7f229c782000 ---p 00015000 08:14 788672                     /lib/x86_64-linux-gnu/libgcc_s.so.1
7f229c782000-7f229c783000 r-xp 00014000 08:14 788672                     /lib/x86_64-linux-gnu/libgcc_s.so.1
7f229c783000-7f229c784000 rwxp 00015000 08:14 788672                     /lib/x86_64-linux-gnu/libgcc_s.so.1
7f229c784000-7f229c866000 r-xp 00000000 08:14 662623                     /usr/lib/x86_64-linux-gnu/libstdc++.so.6.0.16
7f229c866000-7f229ca65000 ---p 000e2000 08:14 662623                     /usr/lib/x86_64-linux-gnu/libstdc++.so.6.0.16
7f229ca65000-7f229ca6d000 r-xp 000e1000 08:14 662623                     /usr/lib/x86_64-linux-gnu/libstdc++.so.6.0.16
7f229ca6d000-7f229ca6f000 rwxp 000e9000 08:14 662623                     /usr/lib/x86_64-linux-gnu/libstdc++.so.6.0.16
7f229ca6f000-7f229ca84000 rwxp 00000000 00:00 0 
7f229ca84000-7f229cb67000 r-xp 00000000 08:14 673381                     /usr/lib/libXnVNite_1_5_2.so
7f229cb67000-7f229cd66000 ---p 000e3000 08:14 673381                     /usr/lib/libXnVNite_1_5_2.so
7f229cd66000-7f229cd6b000 r-xp 000e2000 08:14 673381                     /usr/lib/libXnVNite_1_5_2.so
7f229cd6b000-7f229cd6d000 rwxp 000e7000 08:14 673381                     /usr/lib/libXnVNite_1_5_2.so
7f229cd6d000-7f229cdea000 r-xp 00000000 08:14 673301                     /usr/lib/libOpenNI.so
7f229cdea000-7f229cfe9000 ---p 0007d000 08:14 673301                     /usr/lib/libOpenNI.so
7f229cfe9000-7f229cfec000 r-xp 0007c000 08:14 673301                     /usr/lib/libOpenNI.so
7f229cfec000-7f229cfef000 rwxp 0007f000 08:14 673301                     /usr/lib/libOpenNI.so
7f229cfef000-7f229cff0000 rwxp 00000000 00:00 0 
7f229cff0000-7f229d0a6000 r-xp 00000000 08:15 2627742                    /home/jailbirt/workspace/processingKinectExamples/libs/simpleOpenNi/library/library/libSimpleOpenNI64.so
7f229d0a6000-7f229d2a6000 ---p 000b6000 08:15 2627742                    /home/jailbirt/workspace/processingKinectExamples/libs/simpleOpenNi/library/library/libSimpleOpenNI64.so
7f229d2a6000-7f229d2aa000 r-xp 000b6000 08:15 2627742                    /home/jailbirt/workspace/processingKinectExamples/libs/simpleOpenNi/library/library/libSimpleOpenNI64.so
7f229d2aa000-7f229d2ad000 rwxp 000ba000 08:15 2627742                    /home/jailbirt/workspace/processingKinectExamples/libs/simpleOpenNi/library/library/libSimpleOpenNI64.so
7f229d2ad000-7f229d2ae000 rwxp 00000000 00:00 0 
7f229d2ae000-7f229d2b1000 ---p 00000000 00:00 0 
7f229d2b1000-7f229d3af000 rwxp 00000000 00:00 0 
7f229d3af000-7f229d3b2000 ---p 00000000 00:00 0 
7f229d3b2000-7f229d4b0000 rwxp 00000000 00:00 0 
7f229d4b0000-7f229d4b3000 ---p 00000000 00:00 0 
7f229d4b3000-7f229d5b1000 rwxp 00000000 00:00 0 
7f229d5b1000-7f229d5b4000 ---p 00000000 00:00 0 
7f229d5b4000-7f229d6b2000 rwxp 00000000 00:00 0 
7f229d6b2000-7f229d6ba000 r-xp 00000000 08:14 662127                     /usr/lib/x86_64-linux-gnu/libXrandr.so.2.2.0
7f229d6ba000-7f229d8b9000 ---p 00008000 08:14 662127                     /usr/lib/x86_64-linux-gnu/libXrandr.so.2.2.0
7f229d8b9000-7f229d8ba000 r-xp 00007000 08:14 662127                     /usr/lib/x86_64-linux-gnu/libXrandr.so.2.2.0
7f229d8ba000-7f229d8bb000 rwxp 00008000 08:14 662127                     /usr/lib/x86_64-linux-gnu/libXrandr.so.2.2.0
7f229d8bb000-7f229d8be000 ---p 00000000 00:00 0 
7f229d8be000-7f229d9bc000 rwxp 00000000 00:00 0 
7f229d9bc000-7f229d9c1000 r-xp 00000000 08:14 662111                     /usr/lib/x86_64-linux-gnu/libXfixes.so.3.1.0
7f229d9c1000-7f229dbc0000 ---p 00005000 08:14 662111                     /usr/lib/x86_64-linux-gnu/libXfixes.so.3.1.0
7f229dbc0000-7f229dbc1000 r-xp 00004000 08:14 662111                     /usr/lib/x86_64-linux-gnu/libXfixes.so.3.1.0
7f229dbc1000-7f229dbc2000 rwxp 00005000 08:14 662111                     /usr/lib/x86_64-linux-gnu/libXfixes.so.3.1.0
7f229dbc2000-7f229dbcb000 r-xp 00000000 08:14 662129                     /usr/lib/x86_64-linux-gnu/libXrender.so.1.3.0
7f229dbcb000-7f229ddca000 ---p 00009000 08:14 662129                     /usr/lib/x86_64-linux-gnu/libXrender.so.1.3.0
7f229ddca000-7f229ddcb000 r-xp 00008000 08:14 662129                     /usr/lib/x86_64-linux-gnu/libXrender.so.1.3.0
7f229ddcb000-7f229ddcc000 rwxp 00009000 08:14 662129                     /usr/lib/x86_64-linux-gnu/libXrender.so.1.3.0
7f229ddcc000-7f229ddd5000 r-xp 00000000 08:14 662103                     /usr/lib/x86_64-linux-gnu/libXcursor.so.1.0.2
7f229ddd5000-7f229dfd4000 ---p 00009000 08:14 662103                     /usr/lib/x86_64-linux-gnu/libXcursor.so.1.0.2
7f229dfd4000-7f229dfd5000 r-xp 00008000 08:14 662103                     /usr/lib/x86_64-linux-gnu/libXcursor.so.1.0.2
7f229dfd5000-7f229dfd6000 rwxp 00009000 08:14 662103                     /usr/lib/x86_64-linux-gnu/libXcursor.so.1.0.2
7f229dfd6000-7f229dfd9000 ---p 00000000 00:00 0 
7f229dfd9000-7f229e0d7000 rwxp 00000000 00:00 0 
7f229e0d7000-7f229e150000 r-xp 00000000 08:14 1454604                    /usr/lib/jvm/jre/lib/amd64/libfontmanager.so
7f229e150000-7f229e24f000 ---p 00079000 08:14 1454604                    /usr/lib/jvm/jre/lib/amd64/libfontmanager.so
7f229e24f000-7f229e264000 rwxp 00078000 08:14 1454604                    /usr/lib/jvm/jre/lib/amd64/libfontmanager.so
7f229e264000-7f229e276000 rwxp 00000000 00:00 0 
7f229e276000-7f229e27b000 r-xp 00000000 08:14 662107                     /usr/lib/x86_64-linux-gnu/libXdmcp.so.6.0.0
7f229e27b000-7f229e47a000 ---p 00005000 08:14 662107                     /usr/lib/x86_64-linux-gnu/libXdmcp.so.6.0.0
7f229e47a000-7f229e47b000 r-xp 00004000 08:14 662107                     /usr/lib/x86_64-linux-gnu/libXdmcp.so.6.0.0
7f229e47b000-7f229e47c000 rwxp 00005000 08:14 662107                     /usr/lib/x86_64-linux-gnu/libXdmcp.so.6.0.0
7f229e47c000-7f229e47e000 r-xp 00000000 08:14 662096                     /usr/lib/x86_64-linux-gnu/libXau.so.6.0.0
7f229e47e000-7f229e67d000 ---p 00002000 08:14 662096                     /usr/lib/x86_64-linux-gnu/libXau.so.6.0.0
7f229e67d000-7f229e67e000 r-xp 00001000 08:14 662096                     /usr/lib/x86_64-linux-gnu/libXau.so.6.0.0
7f229e67e000-7f229e67f000 rwxp 00002000 08:14 662096                     /usr/lib/x86_64-linux-gnu/libXau.so.6.0.0
7f229e67f000-7f229e69c000 r-xp 00000000 08:14 662695                     /usr/lib/x86_64-linux-gnu/libxcb.so.1.1.0
7f229e69c000-7f229e89b000 ---p 0001d000 08:14 662695                     /usr/lib/x86_64-linux-gnu/libxcb.so.1.1.0
7f229e89b000-7f229e89c000 r-xp 0001c000 08:14 662695                     /usr/lib/x86_64-linux-gnu/libxcb.so.1.1.0
7f229e89c000-7f229e89d000 rwxp 0001d000 08:14 662695                     /usr/lib/x86_64-linux-gnu/libxcb.so.1.1.0
7f229e89d000-7f229e8ab000 r-xp 00000000 08:14 662115                     /usr/lib/x86_64-linux-gnu/libXi.so.6.1.0
7f229e8ab000-7f229eaaa000 ---p 0000e000 08:14 662115                     /usr/lib/x86_64-linux-gnu/libXi.so.6.1.0
7f229eaaa000-7f229eaab000 r-xp 0000d000 08:14 662115                     /usr/lib/x86_64-linux-gnu/libXi.so.6.1.0
7f229eaab000-7f229eaac000 rwxp 0000e000 08:14 662115                     /usr/lib/x86_64-linux-gnu/libXi.so.6.1.0
7f229eaac000-7f229eab1000 r-xp 00000000 08:14 662133                     /usr/lib/x86_64-linux-gnu/libXtst.so.6.1.0
7f229eab1000-7f229ecb0000 ---p 00005000 08:14 662133                     /usr/lib/x86_64-linux-gnu/libXtst.so.6.1.0
7f229ecb0000-7f229ecb1000 r-xp 00004000 08:14 662133                     /usr/lib/x86_64-linux-gnu/libXtst.so.6.1.0
7f229ecb1000-7f229ecb2000 rwxp 00005000 08:14 662133                     /usr/lib/x86_64-linux-gnu/libXtst.so.6.1.0
7f229ecb2000-7f229ede1000 r-xp 00000000 08:14 662094                     /usr/lib/x86_64-linux-gnu/libX11.so.6.3.0
7f229ede1000-7f229efe1000 ---p 0012f000 08:14 662094                     /usr/lib/x86_64-linux-gnu/libX11.so.6.3.0
7f229efe1000-7f229efe2000 r-xp 0012f000 08:14 662094                     /usr/lib/x86_64-linux-gnu/libX11.so.6.3.0
7f229efe2000-7f229efe6000 rwxp 00130000 08:14 662094                     /usr/lib/x86_64-linux-gnu/libX11.so.6.3.0
7f229efe6000-7f229eff6000 r-xp 00000000 08:14 662109                     /usr/lib/x86_64-linux-gnu/libXext.so.6.4.0
7f229eff6000-7f229f1f5000 ---p 00010000 08:14 662109                     /usr/lib/x86_64-linux-gnu/libXext.so.6.4.0
7f229f1f5000-7f229f1f6000 r-xp 0000f000 08:14 662109                     /usr/lib/x86_64-linux-gnu/libXext.so.6.4.0
7f229f1f6000-7f229f1f7000 rwxp 00010000 08:14 662109                     /usr/lib/x86_64-linux-gnu/libXext.so.6.4.0
7f229f1f7000-7f229f239000 r-xp 00000000 08:14 1571968                    /usr/lib/jvm/jre/lib/amd64/xawt/libmawt.so
7f229f239000-7f229f338000 ---p 00042000 08:14 1571968                    /usr/lib/jvm/jre/lib/amd64/xawt/libmawt.so
7f229f338000-7f229f344000 rwxp 00041000 08:14 1571968                    /usr/lib/jvm/jre/lib/amd64/xawt/libmawt.so
7f229f344000-7f229f345000 rwxp 00000000 00:00 0 
7f229f345000-7f229f3d7000 r-xp 00000000 08:14 1454608                    /usr/lib/jvm/jre/lib/amd64/libawt.so
7f229f3d7000-7f229f4d6000 ---p 00092000 08:14 1454608                    /usr/lib/jvm/jre/lib/amd64/libawt.so
7f229f4d6000-7f229f4f0000 rwxp 00091000 08:14 1454608                    /usr/lib/jvm/jre/lib/amd64/libawt.so
7f229f4f0000-7f229f514000 rwxp 00000000 00:00 0 
7f229f514000-7f229f516000 r-xs 0002b000 08:15 2247352                    /home/jailbirt/workspace/processingKinectExamples/libs/core.jar
7f229f516000-7f229f519000 r-xs 0000f000 08:14 1577185                    /usr/lib/jvm/jre/lib/ext/pulse-java.jar
7f229f519000-7f229f51a000 ---p 00000000 00:00 0 
7f229f51a000-7f229f61a000 rwxp 00000000 00:00 0 
7f229f61a000-7f229f61d000 ---p 00000000 00:00 0 
7f229f61d000-7f229f71b000 rwxp 00000000 00:00 0 
7f229f71b000-7f229f71e000 ---p 00000000 00:00 0 
7f229f71e000-7f229f81c000 rwxp 00000000 00:00 0 
7f229f81c000-7f229f81f000 ---p 00000000 00:00 0 
7f229f81f000-7f229f91d000 rwxp 00000000 00:00 0 
7f229f91d000-7f22a0000000 r-xp 00000000 08:14 661138                     /usr/lib/locale/locale-archive
7f22a0000000-7f22a0021000 rwxp 00000000 00:00 0 
7f22a0021000-7f22a4000000 ---p 00000000 00:00 0 
7f22a4000000-7f22a4021000 rwxp 00000000 00:00 0 
7f22a4021000-7f22a8000000 ---p 00000000 00:00 0 
7f22a8000000-7f22a8021000 rwxp 00000000 00:00 0 
7f22a8021000-7f22ac000000 ---p 00000000 00:00 0 
7f22ac000000-7f22ac021000 rwxp 00000000 00:00 0 
7f22ac021000-7f22b0000000 ---p 00000000 00:00 0 
7f22b0000000-7f22b0021000 rwxp 00000000 00:00 0 
7f22b0021000-7f22b4000000 ---p 00000000 00:00 0 
7f22b4000000-7f22b4021000 rwxp 00000000 00:00 0 
7f22b4021000-7f22b8000000 ---p 00000000 00:00 0 
7f22b8000000-7f22b8021000 rwxp 00000000 00:00 0 
7f22b8021000-7f22bc000000 ---p 00000000 00:00 0 
7f22bc000000-7f22bc021000 rwxp 00000000 00:00 0 
7f22bc021000-7f22c0000000 ---p 00000000 00:00 0 
7f22c0000000-7f22c0021000 rwxp 00000000 00:00 0 
7f22c0021000-7f22c4000000 ---p 00000000 00:00 0 
7f22c4000000-7f22c4021000 rwxp 00000000 00:00 0 
7f22c4021000-7f22c8000000 ---p 00000000 00:00 0 
7f22c8000000-7f22c8021000 rwxp 00000000 00:00 0 
7f22c8021000-7f22cc000000 ---p 00000000 00:00 0 
7f22cc04e000-7f22cc04f000 rwxp 00000000 00:00 0 
7f22cc04f000-7f22cc052000 r-xs 00022000 08:15 2247532                    /home/jailbirt/workspace/processingKinectExamples/libs/simpleOpenNi/SimpleOpenNI.jar
7f22cc052000-7f22cc053000 r-xs 00001000 08:15 3674536                    /home/jailbirt/workspace/processingKinectExamples/libs/net/net.jar
7f22cc053000-7f22cc055000 r-xs 00008000 08:15 3674360                    /home/jailbirt/workspace/processingKinectExamples/libs/peasycam/library/peasycam.jar
7f22cc055000-7f22cc056000 r-xs 00005000 08:15 2495492                    /home/jailbirt/workspace/processingKinectExamples/libs/OBJLoader/library/OBJLoader.jar
7f22cc056000-7f22cc059000 r-xs 00017000 08:15 2490784                    /home/jailbirt/workspace/processingKinectExamples/libs/minim/tritonus_share.jar
7f22cc059000-7f22cc05a000 r-xs 00002000 08:15 2490783                    /home/jailbirt/workspace/processingKinectExamples/libs/minim/tritonus_aos.jar
7f22cc05a000-7f22cc05b000 r-xs 00005000 08:15 2490782                    /home/jailbirt/workspace/processingKinectExamples/libs/minim/mp3spi1.9.4.jar
7f22cc05b000-7f22cc05e000 ---p 00000000 00:00 0 
7f22cc05e000-7f22cc15c000 rwxp 00000000 00:00 0 
7f22cc15c000-7f22cc15f000 ---p 00000000 00:00 0 
7f22cc15f000-7f22cc25d000 rwxp 00000000 00:00 0 
7f22cc25d000-7f22cc260000 ---p 00000000 00:00 0 
7f22cc260000-7f22cc35e000 rwxp 00000000 00:00 0 
7f22cc35e000-7f22cc35f000 ---p 00000000 00:00 0 
7f22cc35f000-7f22ccd68000 rwxp 00000000 00:00 0 
7f22ccd68000-7f22cceff000 r-xs 03079000 08:14 1454726                    /usr/lib/jvm/jre/lib/rt.jar
7f22cceff000-7f22ccf00000 ---p 00000000 00:00 0 
7f22ccf00000-7f22cd270000 rwxp 00000000 00:00 0 
7f22cd270000-7f22d02e9000 rwxp 00000000 00:00 0 
7f22d02e9000-7f22d4000000 ---p 00000000 00:00 0 
7f22d4000000-7f22d4002000 r-xs 0000d000 08:15 2490781                    /home/jailbirt/workspace/processingKinectExamples/libs/minim/minim.jar
7f22d4002000-7f22d4003000 r-xs 00000000 08:15 2490780                    /home/jailbirt/workspace/processingKinectExamples/libs/minim/minim-spi.jar
7f22d4003000-7f22d4006000 r-xs 00017000 08:15 2490772                    /home/jailbirt/workspace/processingKinectExamples/libs/minim/jl1.0.jar
7f22d4006000-7f22d4011000 r-xs 00108000 08:15 2247356                    /home/jailbirt/workspace/processingKinectExamples/libs/openGL/jogl.jar
7f22d4011000-7f22d4012000 r-xs 00000000 08:16 1707334                    /var/cache/fontconfig/c05880de57d1f5e948fdfacc138775d9-le64.cache-3
7f22d4012000-7f22d401b000 r-xs 00000000 08:16 1707329                    /var/cache/fontconfig/945677eb7aeaf62f1d50efc3fb3ec7d8-le64.cache-3
7f22d401b000-7f22d401d000 r-xs 00000000 08:16 1707330                    /var/cache/fontconfig/99e8ed0e538f840c565b6ed5dad60d56-le64.cache-3
7f22d401d000-7f22d4025000 r-xs 00000000 08:16 1707943                    /var/cache/fontconfig/a6d8cf8e4ec09cdbc8633c31745a07dd-le64.cache-3
7f22d4025000-7f22d4029000 r-xs 00000000 08:16 1707316                    /var/cache/fontconfig/2cd17615ca594fa2959ae173292e504c-le64.cache-3
7f22d4029000-7f22d402a000 r-xs 00000000 08:16 1707341                    /var/cache/fontconfig/e7071f4a29fa870f4323321c154eba04-le64.cache-3
7f22d402a000-7f22d402b000 r-xs 00000000 08:16 1707314                    /var/cache/fontconfig/0d8c3b2ac0904cb8a57a757ad11a4a08-le64.cache-3
7f22d402b000-7f22d4031000 r-xs 00000000 08:16 1707331                    /var/cache/fontconfig/a755afe4a08bf5b97852ceb7400b47bc-le64.cache-3
7f22d4031000-7f22d4035000 r-xs 00000000 08:16 1707325                    /var/cache/fontconfig/6d41288fd70b0be22e8c3a91e032eec0-le64.cache-3
7f22d4035000-7f22d4045000 r-xs 00000000 08:16 1707313                    /var/cache/fontconfig/04aabc0a78ac019cf9454389977116d2-le64.cache-3
7f22d4045000-7f22d404a000 r-xs 00000000 08:16 1707332                    /var/cache/fontconfig/b47c4e1ecd0709278f4910c18777a504-le64.cache-3
7f22d404a000-7f22d405a000 r-xs 00000000 08:16 1707337                    /var/cache/fontconfig/d52a8644073d54c13679302ca1180695-le64.cache-3
7f22d405a000-7f22d40b6000 rwxp 00000000 00:00 0 
7f22d40b6000-7f22d40b7000 ---p 00000000 00:00 0 
7f22d40b7000-7f22d41b7000 rwxp 00000000 00:00 0 
7f22d41b7000-7f22d41b8000 ---p 00000000 00:00 0 
7f22d41b8000-7f22d42b8000 rwxp 00000000 00:00 0 
7f22d42b8000-7f22d42b9000 ---p 00000000 00:00 0 
7f22d42b9000-7f22d43b9000 rwxp 00000000 00:00 0 
7f22d43b9000-7f22d43ba000 ---p 00000000 00:00 0 
7f22d43ba000-7f22d44ba000 rwxp 00000000 00:00 0 
7f22d44ba000-7f22d44bb000 ---p 00000000 00:00 0 
7f22d44bb000-7f22d45bb000 rwxp 00000000 00:00 0 
7f22d45bb000-7f22d45bc000 ---p 00000000 00:00 0 
7f22d45bc000-7f22d46bc000 rwxp 00000000 00:00 0 
7f22d46bc000-7f22d46bd000 ---p 00000000 00:00 0 
7f22d46bd000-7f22d47c8000 rwxp 00000000 00:00 0 
7f22d47c8000-7f22d47e6000 rwxp 00000000 00:00 0 
7f22d47e6000-7f22d4825000 rwxp 00000000 00:00 0 
7f22d4825000-7f22d4bcf000 rwxp 00000000 00:00 0 
7f22d4bcf000-7f22d4bda000 rwxp 00000000 00:00 0 
7f22d4bda000-7f22d4bf8000 rwxp 00000000 00:00 0 
7f22d4bf8000-7f22d4c37000 rwxp 00000000 00:00 0 
7f22d4c37000-7f22d4fe0000 rwxp 00000000 00:00 0 
7f22d4fe0000-7f22d5000000 rwxp 00000000 00:00 0 
7f22d5000000-7f22d51d5000 rwxp 00000000 00:00 0 
7f22d51d5000-7f22d51d6000 rwxp 00000000 00:00 0 
7f22d51d6000-7f22d51e4000 r-xp 00000000 08:14 1454610                    /usr/lib/jvm/jre/lib/amd64/libzip.so
7f22d51e4000-7f22d52e6000 ---p 0000e000 08:14 1454610                    /usr/lib/jvm/jre/lib/amd64/libzip.so
7f22d52e6000-7f22d52e9000 rwxp 00010000 08:14 1454610                    /usr/lib/jvm/jre/lib/amd64/libzip.so
7f22d52e9000-7f22d52ea000 rwxp 00000000 00:00 0 
7f22d52ea000-7f22d52f6000 r-xp 00000000 08:14 788702                     /lib/x86_64-linux-gnu/libnss_files-2.15.so
7f22d52f6000-7f22d54f5000 ---p 0000c000 08:14 788702                     /lib/x86_64-linux-gnu/libnss_files-2.15.so
7f22d54f5000-7f22d54f6000 r-xp 0000b000 08:14 788702                     /lib/x86_64-linux-gnu/libnss_files-2.15.so
7f22d54f6000-7f22d54f7000 rwxp 0000c000 08:14 788702                     /lib/x86_64-linux-gnu/libnss_files-2.15.so
7f22d54f7000-7f22d5501000 r-xp 00000000 08:14 788706                     /lib/x86_64-linux-gnu/libnss_nis-2.15.so
7f22d5501000-7f22d5701000 ---p 0000a000 08:14 788706                     /lib/x86_64-linux-gnu/libnss_nis-2.15.so
7f22d5701000-7f22d5702000 r-xp 0000a000 08:14 788706                     /lib/x86_64-linux-gnu/libnss_nis-2.15.so
7f22d5702000-7f22d5703000 rwxp 0000b000 08:14 788706                     /lib/x86_64-linux-gnu/libnss_nis-2.15.so
7f22d5703000-7f22d570b000 r-xp 00000000 08:14 788698                     /lib/x86_64-linux-gnu/libnss_compat-2.15.so
7f22d570b000-7f22d590a000 ---p 00008000 08:14 788698                     /lib/x86_64-linux-gnu/libnss_compat-2.15.so
7f22d590a000-7f22d590b000 r-xp 00007000 08:14 788698                     /lib/x86_64-linux-gnu/libnss_compat-2.15.so
7f22d590b000-7f22d590c000 rwxp 00008000 08:14 788698                     /lib/x86_64-linux-gnu/libnss_compat-2.15.so
7f22d590c000-7f22d5923000 r-xp 00000000 08:14 788696                     /lib/x86_64-linux-gnu/libnsl-2.15.so
7f22d5923000-7f22d5b22000 ---p 00017000 08:14 788696                     /lib/x86_64-linux-gnu/libnsl-2.15.so
7f22d5b22000-7f22d5b23000 r-xp 00016000 08:14 788696                     /lib/x86_64-linux-gnu/libnsl-2.15.so
7f22d5b23000-7f22d5b24000 rwxp 00017000 08:14 788696                     /lib/x86_64-linux-gnu/libnsl-2.15.so
7f22d5b24000-7f22d5b26000 rwxp 00000000 00:00 0 
7f22d5b26000-7f22d5b4f000 r-xp 00000000 08:14 1450954                    /usr/lib/jvm/jre/lib/amd64/libjava.so
7f22d5b4f000-7f22d5c4e000 ---p 00029000 08:14 1450954                    /usr/lib/jvm/jre/lib/amd64/libjava.so
7f22d5c4e000-7f22d5c55000 rwxp 00028000 08:14 1450954                    /usr/lib/jvm/jre/lib/amd64/libjava.so
7f22d5c55000-7f22d5c62000 r-xp 00000000 08:14 1450959                    /usr/lib/jvm/jre/lib/amd64/libverify.so
7f22d5c62000-7f22d5d61000 ---p 0000d000 08:14 1450959                    /usr/lib/jvm/jre/lib/amd64/libverify.so
7f22d5d61000-7f22d5d64000 rwxp 0000c000 08:14 1450959                    /usr/lib/jvm/jre/lib/amd64/libverify.so
7f22d5d64000-7f22d5d6b000 r-xp 00000000 08:14 788737                     /lib/x86_64-linux-gnu/librt-2.15.so
7f22d5d6b000-7f22d5f6a000 ---p 00007000 08:14 788737                     /lib/x86_64-linux-gnu/librt-2.15.so
7f22d5f6a000-7f22d5f6b000 r-xp 00006000 08:14 788737                     /lib/x86_64-linux-gnu/librt-2.15.so
7f22d5f6b000-7f22d5f6c000 rwxp 00007000 08:14 788737                     /lib/x86_64-linux-gnu/librt-2.15.so
7f22d5f6c000-7f22d5f6f000 ---p 00000000 00:00 0 
7f22d5f6f000-7f22d606d000 rwxp 00000000 00:00 0 
7f22d606d000-7f22d6166000 r-xp 00000000 08:14 788683                     /lib/x86_64-linux-gnu/libm-2.15.so
7f22d6166000-7f22d6365000 ---p 000f9000 08:14 788683                     /lib/x86_64-linux-gnu/libm-2.15.so
7f22d6365000-7f22d6366000 r-xp 000f8000 08:14 788683                     /lib/x86_64-linux-gnu/libm-2.15.so
7f22d6366000-7f22d6367000 rwxp 000f9000 08:14 788683                     /lib/x86_64-linux-gnu/libm-2.15.so
7f22d6367000-7f22d6c82000 r-xp 00000000 08:14 2100299                    /usr/lib/jvm/jre/lib/amd64/server/libjvm.so
7f22d6c82000-7f22d6d83000 ---p 0091b000 08:14 2100299                    /usr/lib/jvm/jre/lib/amd64/server/libjvm.so
7f22d6d83000-7f22d6f38000 rwxp 0091c000 08:14 2100299                    /usr/lib/jvm/jre/lib/amd64/server/libjvm.so
7f22d6f38000-7f22d6f72000 rwxp 00000000 00:00 0 
7f22d6f72000-7f22d7125000 r-xp 00000000 08:14 788651                     /lib/x86_64-linux-gnu/libc-2.15.so
7f22d7125000-7f22d7324000 ---p 001b3000 08:14 788651                     /lib/x86_64-linux-gnu/libc-2.15.so
7f22d7324000-7f22d7328000 r-xp 001b2000 08:14 788651                     /lib/x86_64-linux-gnu/libc-2.15.so
7f22d7328000-7f22d732a000 rwxp 001b6000 08:14 788651                     /lib/x86_64-linux-gnu/libc-2.15.so
7f22d732a000-7f22d732f000 rwxp 00000000 00:00 0 
7f22d732f000-7f22d7331000 r-xp 00000000 08:14 788664                     /lib/x86_64-linux-gnu/libdl-2.15.so
7f22d7331000-7f22d7531000 ---p 00002000 08:14 788664                     /lib/x86_64-linux-gnu/libdl-2.15.so
7f22d7531000-7f22d7532000 r-xp 00002000 08:14 788664                     /lib/x86_64-linux-gnu/libdl-2.15.so
7f22d7532000-7f22d7533000 rwxp 00003000 08:14 788664                     /lib/x86_64-linux-gnu/libdl-2.15.so
7f22d7533000-7f22d754b000 r-xp 00000000 08:14 788731                     /lib/x86_64-linux-gnu/libpthread-2.15.so
7f22d754b000-7f22d774a000 ---p 00018000 08:14 788731                     /lib/x86_64-linux-gnu/libpthread-2.15.so
7f22d774a000-7f22d774b000 r-xp 00017000 08:14 788731                     /lib/x86_64-linux-gnu/libpthread-2.15.so
7f22d774b000-7f22d774c000 rwxp 00018000 08:14 788731                     /lib/x86_64-linux-gnu/libpthread-2.15.so
7f22d774c000-7f22d7750000 rwxp 00000000 00:00 0 
7f22d7750000-7f22d7772000 r-xp 00000000 08:14 788631                     /lib/x86_64-linux-gnu/ld-2.15.so
7f22d7772000-7f22d7773000 r-xs 0000b000 08:15 2490779                    /home/jailbirt/workspace/processingKinectExamples/libs/minim/jsminim.jar
7f22d7773000-7f22d7774000 r-xs 00003000 08:15 2247358                    /home/jailbirt/workspace/processingKinectExamples/libs/openGL/opengl.jar
7f22d7774000-7f22d7775000 r-xs 00004000 08:15 2247355                    /home/jailbirt/workspace/processingKinectExamples/libs/openGL/gluegen-rt.jar
7f22d7775000-7f22d777b000 r-xs 00000000 08:16 1708054                    /var/cache/fontconfig/3f7329c5293ffd510edef78f73874cfd-le64.cache-3
7f22d777b000-7f22d7786000 r-xs 00000000 08:16 1707971                    /var/cache/fontconfig/e13b20fdb08344e0e664864cc2ede53d-le64.cache-3
7f22d7786000-7f22d778a000 r-xs 00000000 08:16 1707942                    /var/cache/fontconfig/7ef2298fde41cc6eeb7af42e48b7d293-le64.cache-3
7f22d778a000-7f22d7794000 rwxp 00000000 00:00 0 
7f22d7794000-7f22d784a000 rwxp 00000000 00:00 0 
7f22d784a000-7f22d784d000 rwxp 00000000 00:00 0 
7f22d784d000-7f22d7854000 r-xp 00000000 08:14 1967149                    /usr/lib/jvm/jre/lib/amd64/jli/libjli.so
7f22d7854000-7f22d7955000 ---p 00007000 08:14 1967149                    /usr/lib/jvm/jre/lib/amd64/jli/libjli.so
7f22d7955000-7f22d7957000 rwxp 00008000 08:14 1967149                    /usr/lib/jvm/jre/lib/amd64/jli/libjli.so
7f22d7957000-7f22d7958000 rwxp 00000000 00:00 0 
7f22d7958000-7f22d795b000 r-xs 00000000 08:16 1707319                    /var/cache/fontconfig/385c0604a188198f04d133e54aba7fe7-le64.cache-3
7f22d795b000-7f22d795c000 r-xs 00000000 08:16 1707336                    /var/cache/fontconfig/4794a0821666d79190d59a36cb4f44b5-le64.cache-3
7f22d795c000-7f22d795f000 r-xs 00000000 08:16 1707328                    /var/cache/fontconfig/8801497958630a81b71ace7c5f9b32a8-le64.cache-3
7f22d795f000-7f22d7964000 r-xs 00000000 08:16 1707317                    /var/cache/fontconfig/3047814df9a2f067bd2d96a2b9c36e5a-le64.cache-3
7f22d7964000-7f22d7965000 r-xs 00000000 08:16 1707322                    /var/cache/fontconfig/56cf4f4769d0f4abc89a4895d7bd3ae1-le64.cache-3
7f22d7965000-7f22d7966000 r-xs 00000000 08:16 1707333                    /var/cache/fontconfig/b9d506c9ac06c20b433354fa67a72993-le64.cache-3
7f22d7966000-7f22d796e000 rwxs 00000000 08:14 524301                     /tmp/hsperfdata_jailbirt/8220
7f22d796e000-7f22d796f000 rwxp 00000000 00:00 0 
7f22d796f000-7f22d7970000 r-xp 00000000 00:00 0 
7f22d7970000-7f22d7972000 rwxp 00000000 00:00 0 
7f22d7972000-7f22d7973000 r-xp 00022000 08:14 788631                     /lib/x86_64-linux-gnu/ld-2.15.so
7f22d7973000-7f22d7975000 rwxp 00023000 08:14 788631                     /lib/x86_64-linux-gnu/ld-2.15.so
7fff5345b000-7fff5347d000 rwxp 00000000 00:00 0                          [stack]
7fff535ff000-7fff53600000 r-xp 00000000 00:00 0                          [vdso]
ffffffffff600000-ffffffffff601000 r-xp 00000000 00:00 0                  [vsyscall]

VM Arguments:
jvm_args: -Djava.library.path=/home/jailbirt/workspace/processingKinectExamples/libs/openGL/linux64:/home/jailbirt/workspace/processingKinectExamples/libs/openGL/linux64:/home/jailbirt/workspace/processingKinectExamples/libs/simpleOpenNi/library/library -Dfile.encoding=UTF-8 
java_command: userTracking.main
Launcher Type: SUN_STANDARD

Environment Variables:
PATH=/usr/lib/lightdm/lightdm:/usr/local/sbin:/usr/local/bin:/usr/sbin:/usr/bin:/sbin:/bin:/usr/games
LD_LIBRARY_PATH=/usr/lib/jvm/jre/lib/amd64/server:/usr/lib/jvm/jre/lib/amd64:/usr/lib/jvm/jre/../lib/amd64
SHELL=/bin/bash
DISPLAY=:0.0

Signal Handlers:
SIGSEGV: [libjvm.so+0x8602a0], sa_mask[0]=0x7ffbfeff, sa_flags=0x10000004
SIGBUS: [libjvm.so+0x8602a0], sa_mask[0]=0x7ffbfeff, sa_flags=0x10000004
SIGFPE: [libjvm.so+0x70ef10], sa_mask[0]=0x7ffbfeff, sa_flags=0x10000004
SIGPIPE: [libjvm.so+0x70ef10], sa_mask[0]=0x7ffbfeff, sa_flags=0x10000004
SIGXFSZ: [libjvm.so+0x70ef10], sa_mask[0]=0x7ffbfeff, sa_flags=0x10000004
SIGILL: [libjvm.so+0x70ef10], sa_mask[0]=0x7ffbfeff, sa_flags=0x10000004
SIGUSR1: SIG_DFL, sa_mask[0]=0x00000000, sa_flags=0x00000000
SIGUSR2: [libjvm.so+0x711d40], sa_mask[0]=0x00000004, sa_flags=0x10000004
SIGHUP: [libjvm.so+0x711940], sa_mask[0]=0x7ffbfeff, sa_flags=0x10000004
SIGINT: [libjvm.so+0x711940], sa_mask[0]=0x7ffbfeff, sa_flags=0x10000004
SIGTERM: [libjvm.so+0x711940], sa_mask[0]=0x7ffbfeff, sa_flags=0x10000004
SIGQUIT: [libjvm.so+0x711940], sa_mask[0]=0x7ffbfeff, sa_flags=0x10000004


---------------  S Y S T E M  ---------------

OS:wheezy/sid

uname:Linux 3.2.0-26-generic #41-Ubuntu SMP Thu Jun 14 17:49:24 UTC 2012 x86_64
libc:glibc 2.15 NPTL 2.15 
rlimit: STACK 8192k, CORE 0k, NPROC 95824, NOFILE 4096, AS infinity
load average:0.90 0.62 0.56

/proc/meminfo:
MemTotal:       12290156 kB
MemFree:         8638412 kB
Buffers:          115844 kB
Cached:          2069560 kB
SwapCached:            0 kB
Active:          1977608 kB
Inactive:        1342108 kB
Active(anon):    1136252 kB
Inactive(anon):     7788 kB
Active(file):     841356 kB
Inactive(file):  1334320 kB
Unevictable:           0 kB
Mlocked:               0 kB
SwapTotal:       8388604 kB
SwapFree:        8388604 kB
Dirty:               172 kB
Writeback:             0 kB
AnonPages:       1134416 kB
Mapped:           171264 kB
Shmem:              9736 kB
Slab:             104012 kB
SReclaimable:      65448 kB
SUnreclaim:        38564 kB
KernelStack:        3960 kB
PageTables:        32976 kB
NFS_Unstable:          0 kB
Bounce:                0 kB
WritebackTmp:          0 kB
CommitLimit:    14533680 kB
Committed_AS:    3302236 kB
VmallocTotal:   34359738367 kB
VmallocUsed:      181436 kB
VmallocChunk:   34359523836 kB
HardwareCorrupted:     0 kB
AnonHugePages:         0 kB
HugePages_Total:       0
HugePages_Free:        0
HugePages_Rsvd:        0
HugePages_Surp:        0
Hugepagesize:       2048 kB
DirectMap4k:      597824 kB
DirectMap2M:    11968512 kB


CPU:total 8 (4 cores per cpu, 2 threads per core) family 6 model 42 stepping 7, cmov, cx8, fxsr, mmx, sse, sse2, sse3, ssse3, sse4.1, sse4.2, popcnt, ht

/proc/cpuinfo:
processor	: 0
vendor_id	: GenuineIntel
cpu family	: 6
model		: 42
model name	: Intel(R) Core(TM) i7-2600 CPU @ 3.40GHz
stepping	: 7
microcode	: 0x14
cpu MHz		: 1600.000
cache size	: 8192 KB
physical id	: 0
siblings	: 8
core id		: 0
cpu cores	: 4
apicid		: 0
initial apicid	: 0
fpu		: yes
fpu_exception	: yes
cpuid level	: 13
wp		: yes
flags		: fpu vme de pse tsc msr pae mce cx8 apic sep mtrr pge mca cmov pat pse36 clflush dts acpi mmx fxsr sse sse2 ss ht tm pbe syscall nx rdtscp lm constant_tsc arch_perfmon pebs bts rep_good nopl xtopology nonstop_tsc aperfmperf pni pclmulqdq dtes64 monitor ds_cpl vmx smx est tm2 ssse3 cx16 xtpr pdcm pcid sse4_1 sse4_2 x2apic popcnt tsc_deadline_timer aes xsave avx lahf_lm ida arat epb xsaveopt pln pts dts tpr_shadow vnmi flexpriority ept vpid
bogomips	: 6784.59
clflush size	: 64
cache_alignment	: 64
address sizes	: 36 bits physical, 48 bits virtual
power management:

processor	: 1
vendor_id	: GenuineIntel
cpu family	: 6
model		: 42
model name	: Intel(R) Core(TM) i7-2600 CPU @ 3.40GHz
stepping	: 7
microcode	: 0x14
cpu MHz		: 1600.000
cache size	: 8192 KB
physical id	: 0
siblings	: 8
core id		: 1
cpu cores	: 4
apicid		: 2
initial apicid	: 2
fpu		: yes
fpu_exception	: yes
cpuid level	: 13
wp		: yes
flags		: fpu vme de pse tsc msr pae mce cx8 apic sep mtrr pge mca cmov pat pse36 clflush dts acpi mmx fxsr sse sse2 ss ht tm pbe syscall nx rdtscp lm constant_tsc arch_perfmon pebs bts rep_good nopl xtopology nonstop_tsc aperfmperf pni pclmulqdq dtes64 monitor ds_cpl vmx smx est tm2 ssse3 cx16 xtpr pdcm pcid sse4_1 sse4_2 x2apic popcnt tsc_deadline_timer aes xsave avx lahf_lm ida arat epb xsaveopt pln pts dts tpr_shadow vnmi flexpriority ept vpid
bogomips	: 6784.26
clflush size	: 64
cache_alignment	: 64
address sizes	: 36 bits physical, 48 bits virtual
power management:

processor	: 2
vendor_id	: GenuineIntel
cpu family	: 6
model		: 42
model name	: Intel(R) Core(TM) i7-2600 CPU @ 3.40GHz
stepping	: 7
microcode	: 0x14
cpu MHz		: 1600.000
cache size	: 8192 KB
physical id	: 0
siblings	: 8
core id		: 2
cpu cores	: 4
apicid		: 4
initial apicid	: 4
fpu		: yes
fpu_exception	: yes
cpuid level	: 13
wp		: yes
flags		: fpu vme de pse tsc msr pae mce cx8 apic sep mtrr pge mca cmov pat pse36 clflush dts acpi mmx fxsr sse sse2 ss ht tm pbe syscall nx rdtscp lm constant_tsc arch_perfmon pebs bts rep_good nopl xtopology nonstop_tsc aperfmperf pni pclmulqdq dtes64 monitor ds_cpl vmx smx est tm2 ssse3 cx16 xtpr pdcm pcid sse4_1 sse4_2 x2apic popcnt tsc_deadline_timer aes xsave avx lahf_lm ida arat epb xsaveopt pln pts dts tpr_shadow vnmi flexpriority ept vpid
bogomips	: 6784.26
clflush size	: 64
cache_alignment	: 64
address sizes	: 36 bits physical, 48 bits virtual
power management:

processor	: 3
vendor_id	: GenuineIntel
cpu family	: 6
model		: 42
model name	: Intel(R) Core(TM) i7-2600 CPU @ 3.40GHz
stepping	: 7
microcode	: 0x14
cpu MHz		: 1600.000
cache size	: 8192 KB
physical id	: 0
siblings	: 8
core id		: 3
cpu cores	: 4
apicid		: 6
initial apicid	: 6
fpu		: yes
fpu_exception	: yes
cpuid level	: 13
wp		: yes
flags		: fpu vme de pse tsc msr pae mce cx8 apic sep mtrr pge mca cmov pat pse36 clflush dts acpi mmx fxsr sse sse2 ss ht tm pbe syscall nx rdtscp lm constant_tsc arch_perfmon pebs bts rep_good nopl xtopology nonstop_tsc aperfmperf pni pclmulqdq dtes64 monitor ds_cpl vmx smx est tm2 ssse3 cx16 xtpr pdcm pcid sse4_1 sse4_2 x2apic popcnt tsc_deadline_timer aes xsave avx lahf_lm ida arat epb xsaveopt pln pts dts tpr_shadow vnmi flexpriority ept vpid
bogomips	: 6784.27
clflush size	: 64
cache_alignment	: 64
address sizes	: 36 bits physical, 48 bits virtual
power management:

processor	: 4
vendor_id	: GenuineIntel
cpu family	: 6
model		: 42
model name	: Intel(R) Core(TM) i7-2600 CPU @ 3.40GHz
stepping	: 7
microcode	: 0x14
cpu MHz		: 1600.000
cache size	: 8192 KB
physical id	: 0
siblings	: 8
core id		: 0
cpu cores	: 4
apicid		: 1
initial apicid	: 1
fpu		: yes
fpu_exception	: yes
cpuid level	: 13
wp		: yes
flags		: fpu vme de pse tsc msr pae mce cx8 apic sep mtrr pge mca cmov pat pse36 clflush dts acpi mmx fxsr sse sse2 ss ht tm pbe syscall nx rdtscp lm constant_tsc arch_perfmon pebs bts rep_good nopl xtopology nonstop_tsc aperfmperf pni pclmulqdq dtes64 monitor ds_cpl vmx smx est tm2 ssse3 cx16 xtpr pdcm pcid sse4_1 sse4_2 x2apic popcnt tsc_deadline_timer aes xsave avx lahf_lm ida arat epb xsaveopt pln pts dts tpr_shadow vnmi flexpriority ept vpid
bogomips	: 6784.26
clflush size	: 64
cache_alignment	: 64
address sizes	: 36 bits physical, 48 bits virtual
power management:

processor	: 5
vendor_id	: GenuineIntel
cpu family	: 6
model		: 42
model name	: Intel(R) Core(TM) i7-2600 CPU @ 3.40GHz
stepping	: 7
microcode	: 0x14
cpu MHz		: 1600.000
cache size	: 8192 KB
physical id	: 0
siblings	: 8
core id		: 1
cpu cores	: 4
apicid		: 3
initial apicid	: 3
fpu		: yes
fpu_exception	: yes
cpuid level	: 13
wp		: yes
flags		: fpu vme de pse tsc msr pae mce cx8 apic sep mtrr pge mca cmov pat pse36 clflush dts acpi mmx fxsr sse sse2 ss ht tm pbe syscall nx rdtscp lm constant_tsc arch_perfmon pebs bts rep_good nopl xtopology nonstop_tsc aperfmperf pni pclmulqdq dtes64 monitor ds_cpl vmx smx est tm2 ssse3 cx16 xtpr pdcm pcid sse4_1 sse4_2 x2apic popcnt tsc_deadline_timer aes xsave avx lahf_lm ida arat epb xsaveopt pln pts dts tpr_shadow vnmi flexpriority ept vpid
bogomips	: 6784.25
clflush size	: 64
cache_alignment	: 64
address sizes	: 36 bits physical, 48 bits virtual
power management:

processor	: 6
vendor_id	: GenuineIntel
cpu family	: 6
model		: 42
model name	: Intel(R) Core(TM) i7-2600 CPU @ 3.40GHz
stepping	: 7
microcode	: 0x14
cpu MHz		: 3701.000
cache size	: 8192 KB
physical id	: 0
siblings	: 8
core id		: 2
cpu cores	: 4
apicid		: 5
initial apicid	: 5
fpu		: yes
fpu_exception	: yes
cpuid level	: 13
wp		: yes
flags		: fpu vme de pse tsc msr pae mce cx8 apic sep mtrr pge mca cmov pat pse36 clflush dts acpi mmx fxsr sse sse2 ss ht tm pbe syscall nx rdtscp lm constant_tsc arch_perfmon pebs bts rep_good nopl xtopology nonstop_tsc aperfmperf pni pclmulqdq dtes64 monitor ds_cpl vmx smx est tm2 ssse3 cx16 xtpr pdcm pcid sse4_1 sse4_2 x2apic popcnt tsc_deadline_timer aes xsave avx lahf_lm ida arat epb xsaveopt pln pts dts tpr_shadow vnmi flexpriority ept vpid
bogomips	: 6784.27
clflush size	: 64
cache_alignment	: 64
address sizes	: 36 bits physical, 48 bits virtual
power management:

processor	: 7
vendor_id	: GenuineIntel
cpu family	: 6
model		: 42
model name	: Intel(R) Core(TM) i7-2600 CPU @ 3.40GHz
stepping	: 7
microcode	: 0x14
cpu MHz		: 1600.000
cache size	: 8192 KB
physical id	: 0
siblings	: 8
core id		: 3
cpu cores	: 4
apicid		: 7
initial apicid	: 7
fpu		: yes
fpu_exception	: yes
cpuid level	: 13
wp		: yes
flags		: fpu vme de pse tsc msr pae mce cx8 apic sep mtrr pge mca cmov pat pse36 clflush dts acpi mmx fxsr sse sse2 ss ht tm pbe syscall nx rdtscp lm constant_tsc arch_perfmon pebs bts rep_good nopl xtopology nonstop_tsc aperfmperf pni pclmulqdq dtes64 monitor ds_cpl vmx smx est tm2 ssse3 cx16 xtpr pdcm pcid sse4_1 sse4_2 x2apic popcnt tsc_deadline_timer aes xsave avx lahf_lm ida arat epb xsaveopt pln pts dts tpr_shadow vnmi flexpriority ept vpid
bogomips	: 6784.26
clflush size	: 64
cache_alignment	: 64
address sizes	: 36 bits physical, 48 bits virtual
power management:



Memory: 4k page, physical 12290156k(8638412k free), swap 8388604k(8388604k free)

vm_info: Java HotSpot(TM) 64-Bit Server VM (20.7-b02) for linux-amd64 JRE (1.6.0_32-b05), built on Apr  5 2012 14:09:59 by "java_re" with gcc 3.2.2 (SuSE Linux)

time: Sun Jul 22 03:34:33 2012
elapsed time: 0 seconds

