#
# A fatal error has been detected by the Java Runtime Environment:
#
#  SIGSEGV (0xb) at pc=0x00007fd87f1f859d, pid=5441, tid=140568538248960
#
# JRE version: 6.0_32-b05
# Java VM: Java HotSpot(TM) 64-Bit Server VM (20.7-b02 mixed mode linux-amd64 compressed oops)
# Problematic frame:
# C  [libXnVFeatures_1_5_2.so+0x8b59d]  Segmentation::detectionByPoint(bool, std::vector<Vector2D<int>, std::allocator<Vector2D<int> > > const*)+0x8d
#
# If you would like to submit a bug report, please visit:
#   http://java.sun.com/webapps/bugreport/crash.jsp
# The crash happened outside the Java Virtual Machine in native code.
# See problematic frame for where to report the bug.
#

---------------  T H R E A D  ---------------

Current thread (0x00007fd8dc219000):  JavaThread "Animation Thread" [_thread_in_native, id=5470, stack(0x00007fd8a9b9f000,0x00007fd8a9ca0000)]

siginfo:si_signo=SIGSEGV: si_errno=0, si_code=2 (SEGV_ACCERR), si_addr=0x00007fd86657fdd6

Registers:
RAX=0x00000000000000b3, RBX=0x00007fd88532d600, RCX=0x00007fd866571170, RDX=0x00000000000000bc
RSP=0x00007fd8a9c9e080, RBP=0x00007fd873de0e60, RSI=0x0000000000007633, RDI=0x00007fd873de0fe0
R8 =0x0000000000000000, R9 =0x0101010101010101, R10=0x00007fd873e9fa21, R11=0x00007fd8e366872c
R12=0x00007fd87f79ad88, R13=0x00007fd8a9c9e1e0, R14=0x00007fd872e50050, R15=0x0000000000000000
RIP=0x00007fd87f1f859d, EFLAGS=0x0000000000010206, CSGSFS=0x0000000000000033, ERR=0x0000000000000004
  TRAPNO=0x000000000000000e

Top of Stack: (sp=0x00007fd8a9c9e080)
0x00007fd8a9c9e080:   00007fd8840ce960 7fffffff00000000
0x00007fd8a9c9e090:   00007fd8840ce960 00007fd873de0fe0
0x00007fd8a9c9e0a0:   00007fd873de22e0 00007fd873de0e60
0x00007fd8a9c9e0b0:   00007fd873de0fe0 00007fd873ddbd80
0x00007fd8a9c9e0c0:   00007fd8a9c9e1e0 00007fd872e50050
0x00007fd8a9c9e0d0:   0000000000000000 00007fd87f1ffbc0
0x00007fd8a9c9e0e0:   0000000000229ab1 0000000000229ab1
0x00007fd8a9c9e0f0:   0000000000000000 3ff0000000000000
0x00007fd8a9c9e100:   00007fd87f79b5a8 0000000000000001
0x00007fd8a9c9e110:   0000000000000040 00007fd872e50010
0x00007fd8a9c9e120:   00007fd873ddbd80 00007fd873dbaf88
0x00007fd8a9c9e130:   00007fd872e50050 00007fd872e50028
0x00007fd8a9c9e140:   00007fd8a9c9e1e0 00007fd87f1e899b
0x00007fd8a9c9e150:   00007fd873ed1190 0000000000000008
0x00007fd8a9c9e160:   0000000000228e12 0000000000228e12
0x00007fd8a9c9e170:   0000000000000000 3ff0000000000000
0x00007fd8a9c9e180:   0000000000000000 00007fd87f1c28bd
0x00007fd8a9c9e190:   00007fd8a9c9e200 00007fd8e3ddd01c
0x00007fd8a9c9e1a0:   0000000000000001 00007fd8e3ddd000
0x00007fd8a9c9e1b0:   00007fd88531d310 00007fd884032630
0x00007fd8a9c9e1c0:   00007fd8dc219000 00007fd87f1be03f
0x00007fd8a9c9e1d0:   0000000000000178 00007fd8a9565489
0x00007fd8a9c9e1e0:   00007fd88532d600 00007fd88532d608
0x00007fd8a9c9e1f0:   00007fd88532d608 00007fd884a42351
0x00007fd8a9c9e200:   000000bc000000b3 00007fd88531d310
0x00007fd8a9c9e210:   00007fd88531d310 00007fd88531d310
0x00007fd8a9c9e220:   00007fd88598fa80 0000000000000051
0x00007fd8a9c9e230:   00007fd8664db130 00007fd87f1be5bf
0x00007fd8a9c9e240:   00007fd87f782af0 00007fd8a8fdb4ec
0x00007fd8a9c9e250:   00007fd87f784d10 0000000000000000
0x00007fd8a9c9e260:   0000000000039070 0009600000000001
0x00007fd8a9c9e270:   ffffffff00000001 00007fd8a9c9e2b4 

Instructions: (pc=0x00007fd87f1f859d)
0x00007fd87f1f857d:   39 5d 08 0f 84 d2 01 00 00 8b 53 04 41 8b 74 24
0x00007fd87f1f858d:   3c 49 8b 4c 24 28 8b 03 0f af f2 48 8b 09 01 c6
0x00007fd87f1f859d:   66 83 3c 71 00 74 d4 48 63 8d 88 01 00 00 48 8b
0x00007fd87f1f85ad:   7c 24 18 48 69 c9 d8 03 00 00 48 8d 74 0f 10 48 

Register to memory mapping:

RAX=0x00000000000000b3 is an unknown value
RBX=0x00007fd88532d600 is an unknown value
RCX=0x00007fd866571170 is an unknown value
RDX=0x00000000000000bc is an unknown value
RSP=0x00007fd8a9c9e080 is pointing into the stack for thread: 0x00007fd8dc219000
RBP=0x00007fd873de0e60 is an unknown value
RSI=0x0000000000007633 is an unknown value
RDI=0x00007fd873de0fe0 is an unknown value
R8 =0x0000000000000000 is an unknown value
R9 =0x0101010101010101 is an unknown value
R10=0x00007fd873e9fa21 is an unknown value
R11=0x00007fd8e366872c: <offset 0x8b72c> in /lib/x86_64-linux-gnu/libc.so.6 at 0x00007fd8e35dd000
R12=0x00007fd87f79ad88: <offset 0x62dd88> in /usr/lib/libXnVFeatures_1_5_2.so at 0x00007fd87f16d000
R13=0x00007fd8a9c9e1e0 is pointing into the stack for thread: 0x00007fd8dc219000
R14=0x00007fd872e50050 is an unknown value
R15=0x0000000000000000 is an unknown value


Stack: [0x00007fd8a9b9f000,0x00007fd8a9ca0000],  sp=0x00007fd8a9c9e080,  free space=1020k
Native frames: (J=compiled Java code, j=interpreted, Vv=VM code, C=native code)
C  [libXnVFeatures_1_5_2.so+0x8b59d]  Segmentation::detectionByPoint(bool, std::vector<Vector2D<int>, std::allocator<Vector2D<int> > > const*)+0x8d

Java frames: (J=compiled Java code, j=interpreted, Vv=VM code)
j  SimpleOpenNI.SimpleOpenNIJNI.ContextWrapper_updateSwigExplicitContextWrapper__SWIG_0(JLSimpleOpenNI/ContextWrapper;)V+0
j  SimpleOpenNI.ContextWrapper.update()V+26
j  SimpleOpenNI.SimpleOpenNI.update()V+1
j  userTracking.simpleTracking.draw()V+4
j  processing.core.PApplet.handleDraw()V+145
j  processing.core.PApplet.run()V+72
j  java.lang.Thread.run()V+11
v  ~StubRoutines::call_stub

---------------  P R O C E S S  ---------------

Java Threads: ( => current thread )
  0x00007fd8dc008000 JavaThread "DestroyJavaVM" [_thread_blocked, id=5446, stack(0x00007fd8e25d7000,0x00007fd8e26d8000)]
  0x00007fd884003800 JavaThread "AWT-EventQueue-0" [_thread_blocked, id=5471, stack(0x00007fd8a9a9e000,0x00007fd8a9b9f000)]
=>0x00007fd8dc219000 JavaThread "Animation Thread" [_thread_in_native, id=5470, stack(0x00007fd8a9b9f000,0x00007fd8a9ca0000)]
  0x00007fd8dc150000 JavaThread "AWT-Shutdown" [_thread_blocked, id=5469, stack(0x00007fd8a9ca0000,0x00007fd8a9da1000)]
  0x00007fd8dc209800 JavaThread "Image Fetcher 0" daemon [_thread_blocked, id=5468, stack(0x00007fd8a9e8c000,0x00007fd8a9f8d000)]
  0x00007fd8dc14d000 JavaThread "AWT-XAWT" daemon [_thread_in_native, id=5467, stack(0x00007fd8a9f8d000,0x00007fd8aa08e000)]
  0x00007fd8dc108800 JavaThread "Java2D Disposer" daemon [_thread_blocked, id=5464, stack(0x00007fd8aa6be000,0x00007fd8aa7bf000)]
  0x00007fd8dc099800 JavaThread "Low Memory Detector" daemon [_thread_blocked, id=5462, stack(0x00007fd8abcfd000,0x00007fd8abdfe000)]
  0x00007fd8dc097800 JavaThread "C2 CompilerThread1" daemon [_thread_blocked, id=5461, stack(0x00007fd8abdfe000,0x00007fd8abeff000)]
  0x00007fd8dc094800 JavaThread "C2 CompilerThread0" daemon [_thread_blocked, id=5460, stack(0x00007fd8abeff000,0x00007fd8ac000000)]
  0x00007fd8dc092800 JavaThread "Signal Dispatcher" daemon [_thread_blocked, id=5459, stack(0x00007fd8d8014000,0x00007fd8d8115000)]
  0x00007fd8dc076000 JavaThread "Finalizer" daemon [_thread_blocked, id=5457, stack(0x00007fd8d87f8000,0x00007fd8d88f9000)]
  0x00007fd8dc074000 JavaThread "Reference Handler" daemon [_thread_blocked, id=5456, stack(0x00007fd8d88f9000,0x00007fd8d89fa000)]

Other Threads:
  0x00007fd8dc06d800 VMThread [stack: 0x00007fd8d89fa000,0x00007fd8d8afb000] [id=5455]
  0x00007fd8dc0ac000 WatcherThread [stack: 0x00007fd8abbfc000,0x00007fd8abcfd000] [id=5463]

VM state:not at safepoint (normal execution)

VM Mutex/Monitor currently owned by a thread: None

Heap
 PSYoungGen      total 56000K, used 44761K [0x00000007c1760000, 0x00000007c55e0000, 0x0000000800000000)
  eden space 48000K, 93% used [0x00000007c1760000,0x00000007c43166c0,0x00000007c4640000)
  from space 8000K, 0% used [0x00000007c4e10000,0x00000007c4e10000,0x00000007c55e0000)
  to   space 8000K, 0% used [0x00000007c4640000,0x00000007c4640000,0x00000007c4e10000)
 PSOldGen        total 128064K, used 0K [0x0000000744600000, 0x000000074c310000, 0x00000007c1760000)
  object space 128064K, 0% used [0x0000000744600000,0x0000000744600000,0x000000074c310000)
 PSPermGen       total 21248K, used 10291K [0x000000073f400000, 0x00000007408c0000, 0x0000000744600000)
  object space 21248K, 48% used [0x000000073f400000,0x000000073fe0cf40,0x00000007408c0000)

Code Cache  [0x00007fd8d9000000, 0x00007fd8d9270000, 0x00007fd8dc000000)
 total_blobs=512 nmethods=33 adapters=434 free_code_cache=49715840 largest_free_block=11968

Dynamic libraries:
40000000-40009000 r-xp 00000000 08:14 1192322                            /usr/lib/jvm/bin/java
40108000-4010a000 rwxp 00008000 08:14 1192322                            /usr/lib/jvm/bin/java
41482000-414a3000 rwxp 00000000 00:00 0                                  [heap]
73f400000-7408c0000 rwxp 00000000 00:00 0 
7408c0000-744600000 rwxp 00000000 00:00 0 
744600000-74c310000 rwxp 00000000 00:00 0 
74c310000-7c1760000 rwxp 00000000 00:00 0 
7c1760000-7c55e0000 rwxp 00000000 00:00 0 
7c55e0000-800000000 rwxp 00000000 00:00 0 
7fd864000000-7fd866661000 rwxp 00000000 00:00 0 
7fd866661000-7fd868000000 ---p 00000000 00:00 0 
7fd86bc67000-7fd86bd93000 rwxs 00000000 00:04 1572869                    /SYSV00000000 (deleted)
7fd86bd93000-7fd86c1f4000 rwxp 00000000 00:00 0 
7fd86c1f5000-7fd874000000 rwxp 00000000 00:00 0 
7fd874000000-7fd874026000 rwxp 00000000 00:00 0 
7fd874026000-7fd878000000 ---p 00000000 00:00 0 
7fd878000000-7fd87812e000 rwxp 00000000 00:00 0 
7fd87812e000-7fd87c000000 ---p 00000000 00:00 0 
7fd87c018000-7fd87c629000 rwxp 00000000 00:00 0 
7fd87c629000-7fd87cd31000 r-xs 00000000 00:12 23036                      /run/shm/5473_045e.02ae@1.7_Depth
7fd87cd31000-7fd87ce5e000 rwxp 00000000 00:00 0 
7fd87ce5e000-7fd87ce5f000 ---p 00000000 00:00 0 
7fd87ce5f000-7fd87da60000 rwxp 00000000 00:00 0 
7fd87da60000-7fd87da87000 r-xp 00000000 08:14 673565                     /usr/lib/libXnDeviceFile.so
7fd87da87000-7fd87dc87000 ---p 00027000 08:14 673565                     /usr/lib/libXnDeviceFile.so
7fd87dc87000-7fd87dc89000 r-xp 00027000 08:14 673565                     /usr/lib/libXnDeviceFile.so
7fd87dc89000-7fd87dc8a000 rwxp 00029000 08:14 673565                     /usr/lib/libXnDeviceFile.so
7fd87dc8a000-7fd87dcd2000 r-xp 00000000 08:14 673564                     /usr/lib/libXnDDK.so
7fd87dcd2000-7fd87ded2000 ---p 00048000 08:14 673564                     /usr/lib/libXnDDK.so
7fd87ded2000-7fd87ded5000 r-xp 00048000 08:14 673564                     /usr/lib/libXnDDK.so
7fd87ded5000-7fd87ded7000 rwxp 0004b000 08:14 673564                     /usr/lib/libXnDDK.so
7fd87ded7000-7fd87defb000 r-xp 00000000 08:14 673567                     /usr/lib/libXnFormats.so
7fd87defb000-7fd87e0fb000 ---p 00024000 08:14 673567                     /usr/lib/libXnFormats.so
7fd87e0fb000-7fd87e0fc000 r-xp 00024000 08:14 673567                     /usr/lib/libXnFormats.so
7fd87e0fc000-7fd87e0fd000 rwxp 00025000 08:14 673567                     /usr/lib/libXnFormats.so
7fd87e0fd000-7fd87e11d000 rwxp 00000000 00:00 0 
7fd87e11d000-7fd87e120000 r-xp 00000000 08:14 673563                     /usr/lib/libXnCore.so
7fd87e120000-7fd87e31f000 ---p 00003000 08:14 673563                     /usr/lib/libXnCore.so
7fd87e31f000-7fd87e320000 r-xp 00002000 08:14 673563                     /usr/lib/libXnCore.so
7fd87e320000-7fd87e321000 rwxp 00003000 08:14 673563                     /usr/lib/libXnCore.so
7fd87e321000-7fd87e3aa000 r-xp 00000000 08:14 673566                     /usr/lib/libXnDeviceSensorV2KM.so
7fd87e3aa000-7fd87e5a9000 ---p 00089000 08:14 673566                     /usr/lib/libXnDeviceSensorV2KM.so
7fd87e5a9000-7fd87e5b9000 r-xp 00088000 08:14 673566                     /usr/lib/libXnDeviceSensorV2KM.so
7fd87e5b9000-7fd87e5ba000 rwxp 00098000 08:14 673566                     /usr/lib/libXnDeviceSensorV2KM.so
7fd87e5ba000-7fd87e6ae000 r-xp 00000000 08:14 673497                     /usr/lib/libXnVHandGenerator_1_5_2.so
7fd87e6ae000-7fd87e8ad000 ---p 000f4000 08:14 673497                     /usr/lib/libXnVHandGenerator_1_5_2.so
7fd87e8ad000-7fd87e8b2000 r-xp 000f3000 08:14 673497                     /usr/lib/libXnVHandGenerator_1_5_2.so
7fd87e8b2000-7fd87e8b3000 rwxp 000f8000 08:14 673497                     /usr/lib/libXnVHandGenerator_1_5_2.so
7fd87e8b3000-7fd87e8c1000 rwxp 00000000 00:00 0 
7fd87e8c1000-7fd87e999000 r-xp 00000000 08:14 673494                     /usr/lib/libXnVHandGenerator_1_4_2.so
7fd87e999000-7fd87eb98000 ---p 000d8000 08:14 673494                     /usr/lib/libXnVHandGenerator_1_4_2.so
7fd87eb98000-7fd87eb9d000 r-xp 000d7000 08:14 673494                     /usr/lib/libXnVHandGenerator_1_4_2.so
7fd87eb9d000-7fd87eb9e000 rwxp 000dc000 08:14 673494                     /usr/lib/libXnVHandGenerator_1_4_2.so
7fd87eb9e000-7fd87eba1000 rwxp 00000000 00:00 0 
7fd87eba1000-7fd87ec79000 r-xp 00000000 08:14 673491                     /usr/lib/libXnVHandGenerator_1_4_1.so
7fd87ec79000-7fd87ee78000 ---p 000d8000 08:14 673491                     /usr/lib/libXnVHandGenerator_1_4_1.so
7fd87ee78000-7fd87ee7d000 r-xp 000d7000 08:14 673491                     /usr/lib/libXnVHandGenerator_1_4_1.so
7fd87ee7d000-7fd87ee7e000 rwxp 000dc000 08:14 673491                     /usr/lib/libXnVHandGenerator_1_4_1.so
7fd87ee7e000-7fd87ee81000 rwxp 00000000 00:00 0 
7fd87ee81000-7fd87ef64000 r-xp 00000000 08:14 673488                     /usr/lib/libXnVHandGenerator_1_3_1.so
7fd87ef64000-7fd87f164000 ---p 000e3000 08:14 673488                     /usr/lib/libXnVHandGenerator_1_3_1.so
7fd87f164000-7fd87f169000 r-xp 000e3000 08:14 673488                     /usr/lib/libXnVHandGenerator_1_3_1.so
7fd87f169000-7fd87f16a000 rwxp 000e8000 08:14 673488                     /usr/lib/libXnVHandGenerator_1_3_1.so
7fd87f16a000-7fd87f16d000 rwxp 00000000 00:00 0 
7fd87f16d000-7fd87f582000 r-xp 00000000 08:14 673481                     /usr/lib/libXnVFeatures_1_5_2.so
7fd87f582000-7fd87f782000 ---p 00415000 08:14 673481                     /usr/lib/libXnVFeatures_1_5_2.so
7fd87f782000-7fd87f793000 r-xp 00415000 08:14 673481                     /usr/lib/libXnVFeatures_1_5_2.so
7fd87f793000-7fd87f795000 rwxp 00426000 08:14 673481                     /usr/lib/libXnVFeatures_1_5_2.so
7fd87f795000-7fd87f7aa000 rwxp 00000000 00:00 0 
7fd87f7aa000-7fd87f9a1000 r-xp 00000000 08:14 673470                     /usr/lib/libXnVFeatures_1_4_2.so
7fd87f9a1000-7fd87fba0000 ---p 001f7000 08:14 673470                     /usr/lib/libXnVFeatures_1_4_2.so
7fd87fba0000-7fd87fba6000 r-xp 001f6000 08:14 673470                     /usr/lib/libXnVFeatures_1_4_2.so
7fd87fba6000-7fd87fba7000 rwxp 001fc000 08:14 673470                     /usr/lib/libXnVFeatures_1_4_2.so
7fd87fba7000-7fd87fbad000 rwxp 00000000 00:00 0 
7fd87fbad000-7fd87fdf2000 r-xp 00000000 08:14 673460                     /usr/lib/libXnVFeatures_1_3_1.so
7fd87fdf2000-7fd87fff2000 ---p 00245000 08:14 673460                     /usr/lib/libXnVFeatures_1_3_1.so
7fd87fff2000-7fd87fff8000 r-xp 00245000 08:14 673460                     /usr/lib/libXnVFeatures_1_3_1.so
7fd87fff8000-7fd87fff9000 rwxp 0024b000 08:14 673460                     /usr/lib/libXnVFeatures_1_3_1.so
7fd87fff9000-7fd880000000 rwxp 00000000 00:00 0 
7fd880000000-7fd880021000 rwxp 00000000 00:00 0 
7fd880021000-7fd884000000 ---p 00000000 00:00 0 
7fd884000000-7fd888000000 rwxp 00000000 00:00 0 
7fd888000000-7fd888021000 rwxp 00000000 00:00 0 
7fd888021000-7fd88c000000 ---p 00000000 00:00 0 
7fd88c000000-7fd88c021000 rwxp 00000000 00:00 0 
7fd88c021000-7fd890000000 ---p 00000000 00:00 0 
7fd890000000-7fd890021000 rwxp 00000000 00:00 0 
7fd890021000-7fd894000000 ---p 00000000 00:00 0 
7fd894000000-7fd894021000 rwxp 00000000 00:00 0 
7fd894021000-7fd898000000 ---p 00000000 00:00 0 
7fd898000000-7fd898334000 rwxp 00000000 00:00 0 
7fd898334000-7fd89c000000 ---p 00000000 00:00 0 
7fd89c000000-7fd89c021000 rwxp 00000000 00:00 0 
7fd89c021000-7fd8a0000000 ---p 00000000 00:00 0 
7fd8a0000000-7fd8a02b0000 rwxp 00000000 00:00 0 
7fd8a02b0000-7fd8a4000000 ---p 00000000 00:00 0 
7fd8a4000000-7fd8a4021000 rwxp 00000000 00:00 0 
7fd8a4021000-7fd8a8000000 ---p 00000000 00:00 0 
7fd8a8000000-7fd8a803e000 rwxp 00000000 00:00 0 
7fd8a803e000-7fd8a8235000 r-xp 00000000 08:14 673465                     /usr/lib/libXnVFeatures_1_4_1.so
7fd8a8235000-7fd8a8434000 ---p 001f7000 08:14 673465                     /usr/lib/libXnVFeatures_1_4_1.so
7fd8a8434000-7fd8a843a000 r-xp 001f6000 08:14 673465                     /usr/lib/libXnVFeatures_1_4_1.so
7fd8a843a000-7fd8a843b000 rwxp 001fc000 08:14 673465                     /usr/lib/libXnVFeatures_1_4_1.so
7fd8a843b000-7fd8a8441000 rwxp 00000000 00:00 0 
7fd8a8441000-7fd8a845f000 r-xp 00000000 08:14 673299                     /usr/lib/libnimRecorder.so
7fd8a845f000-7fd8a865e000 ---p 0001e000 08:14 673299                     /usr/lib/libnimRecorder.so
7fd8a865e000-7fd8a8660000 r-xp 0001d000 08:14 673299                     /usr/lib/libnimRecorder.so
7fd8a8660000-7fd8a8661000 rwxp 0001f000 08:14 673299                     /usr/lib/libnimRecorder.so
7fd8a8661000-7fd8a8697000 r-xp 00000000 08:14 673297                     /usr/lib/libnimCodecs.so
7fd8a8697000-7fd8a8897000 ---p 00036000 08:14 673297                     /usr/lib/libnimCodecs.so
7fd8a8897000-7fd8a889a000 r-xp 00036000 08:14 673297                     /usr/lib/libnimCodecs.so
7fd8a889a000-7fd8a889b000 rwxp 00039000 08:14 673297                     /usr/lib/libnimCodecs.so
7fd8a889b000-7fd8a88bb000 rwxp 00000000 00:00 0 
7fd8a88bb000-7fd8a88f2000 r-xp 00000000 08:14 673298                     /usr/lib/libnimMockNodes.so
7fd8a88f2000-7fd8a8af1000 ---p 00037000 08:14 673298                     /usr/lib/libnimMockNodes.so
7fd8a8af1000-7fd8a8afe000 r-xp 00036000 08:14 673298                     /usr/lib/libnimMockNodes.so
7fd8a8afe000-7fd8a8aff000 rwxp 00043000 08:14 673298                     /usr/lib/libnimMockNodes.so
7fd8a8aff000-7fd8a8b0d000 r-xp 00000000 08:14 788754                     /lib/x86_64-linux-gnu/libusb-1.0.so.0.1.0
7fd8a8b0d000-7fd8a8d0c000 ---p 0000e000 08:14 788754                     /lib/x86_64-linux-gnu/libusb-1.0.so.0.1.0
7fd8a8d0c000-7fd8a8d0d000 r-xp 0000d000 08:14 788754                     /lib/x86_64-linux-gnu/libusb-1.0.so.0.1.0
7fd8a8d0d000-7fd8a8d0e000 rwxp 0000e000 08:14 788754                     /lib/x86_64-linux-gnu/libusb-1.0.so.0.1.0
7fd8a8d0e000-7fd8a8d23000 r-xp 00000000 08:14 788672                     /lib/x86_64-linux-gnu/libgcc_s.so.1
7fd8a8d23000-7fd8a8f22000 ---p 00015000 08:14 788672                     /lib/x86_64-linux-gnu/libgcc_s.so.1
7fd8a8f22000-7fd8a8f23000 r-xp 00014000 08:14 788672                     /lib/x86_64-linux-gnu/libgcc_s.so.1
7fd8a8f23000-7fd8a8f24000 rwxp 00015000 08:14 788672                     /lib/x86_64-linux-gnu/libgcc_s.so.1
7fd8a8f24000-7fd8a9006000 r-xp 00000000 08:14 662623                     /usr/lib/x86_64-linux-gnu/libstdc++.so.6.0.16
7fd8a9006000-7fd8a9205000 ---p 000e2000 08:14 662623                     /usr/lib/x86_64-linux-gnu/libstdc++.so.6.0.16
7fd8a9205000-7fd8a920d000 r-xp 000e1000 08:14 662623                     /usr/lib/x86_64-linux-gnu/libstdc++.so.6.0.16
7fd8a920d000-7fd8a920f000 rwxp 000e9000 08:14 662623                     /usr/lib/x86_64-linux-gnu/libstdc++.so.6.0.16
7fd8a920f000-7fd8a9224000 rwxp 00000000 00:00 0 
7fd8a9224000-7fd8a9307000 r-xp 00000000 08:14 673381                     /usr/lib/libXnVNite_1_5_2.so
7fd8a9307000-7fd8a9506000 ---p 000e3000 08:14 673381                     /usr/lib/libXnVNite_1_5_2.so
7fd8a9506000-7fd8a950b000 r-xp 000e2000 08:14 673381                     /usr/lib/libXnVNite_1_5_2.so
7fd8a950b000-7fd8a950d000 rwxp 000e7000 08:14 673381                     /usr/lib/libXnVNite_1_5_2.so
7fd8a950d000-7fd8a958a000 r-xp 00000000 08:14 673301                     /usr/lib/libOpenNI.so
7fd8a958a000-7fd8a9789000 ---p 0007d000 08:14 673301                     /usr/lib/libOpenNI.so
7fd8a9789000-7fd8a978c000 r-xp 0007c000 08:14 673301                     /usr/lib/libOpenNI.so
7fd8a978c000-7fd8a978f000 rwxp 0007f000 08:14 673301                     /usr/lib/libOpenNI.so
7fd8a978f000-7fd8a9790000 rwxp 00000000 00:00 0 
7fd8a9790000-7fd8a9894000 r-xp 00000000 08:15 2229036                    /home/jailbirt/workspace/processingKinectTemplate/libs/simpleOpenNi/library/libSimpleOpenNI64.so
7fd8a9894000-7fd8a9a94000 ---p 00104000 08:15 2229036                    /home/jailbirt/workspace/processingKinectTemplate/libs/simpleOpenNi/library/libSimpleOpenNI64.so
7fd8a9a94000-7fd8a9a97000 r-xp 00104000 08:15 2229036                    /home/jailbirt/workspace/processingKinectTemplate/libs/simpleOpenNi/library/libSimpleOpenNI64.so
7fd8a9a97000-7fd8a9a9d000 rwxp 00107000 08:15 2229036                    /home/jailbirt/workspace/processingKinectTemplate/libs/simpleOpenNi/library/libSimpleOpenNI64.so
7fd8a9a9d000-7fd8a9a9e000 rwxp 00000000 00:00 0 
7fd8a9a9e000-7fd8a9aa1000 ---p 00000000 00:00 0 
7fd8a9aa1000-7fd8a9b9f000 rwxp 00000000 00:00 0 
7fd8a9b9f000-7fd8a9ba2000 ---p 00000000 00:00 0 
7fd8a9ba2000-7fd8a9ca0000 rwxp 00000000 00:00 0 
7fd8a9ca0000-7fd8a9ca3000 ---p 00000000 00:00 0 
7fd8a9ca3000-7fd8a9da1000 rwxp 00000000 00:00 0 
7fd8a9da1000-7fd8a9da2000 r-xs 00000000 08:16 1707334                    /var/cache/fontconfig/c05880de57d1f5e948fdfacc138775d9-le64.cache-3
7fd8a9da2000-7fd8a9dab000 r-xs 00000000 08:16 1707329                    /var/cache/fontconfig/945677eb7aeaf62f1d50efc3fb3ec7d8-le64.cache-3
7fd8a9db7000-7fd8a9e8c000 rwxp 00000000 00:00 0 
7fd8a9e8c000-7fd8a9e8f000 ---p 00000000 00:00 0 
7fd8a9e8f000-7fd8a9f8d000 rwxp 00000000 00:00 0 
7fd8a9f8d000-7fd8a9f90000 ---p 00000000 00:00 0 
7fd8a9f90000-7fd8aa08e000 rwxp 00000000 00:00 0 
7fd8aa08e000-7fd8aa093000 r-xp 00000000 08:14 662111                     /usr/lib/x86_64-linux-gnu/libXfixes.so.3.1.0
7fd8aa093000-7fd8aa292000 ---p 00005000 08:14 662111                     /usr/lib/x86_64-linux-gnu/libXfixes.so.3.1.0
7fd8aa292000-7fd8aa293000 r-xp 00004000 08:14 662111                     /usr/lib/x86_64-linux-gnu/libXfixes.so.3.1.0
7fd8aa293000-7fd8aa294000 rwxp 00005000 08:14 662111                     /usr/lib/x86_64-linux-gnu/libXfixes.so.3.1.0
7fd8aa294000-7fd8aa29d000 r-xp 00000000 08:14 662129                     /usr/lib/x86_64-linux-gnu/libXrender.so.1.3.0
7fd8aa29d000-7fd8aa49c000 ---p 00009000 08:14 662129                     /usr/lib/x86_64-linux-gnu/libXrender.so.1.3.0
7fd8aa49c000-7fd8aa49d000 r-xp 00008000 08:14 662129                     /usr/lib/x86_64-linux-gnu/libXrender.so.1.3.0
7fd8aa49d000-7fd8aa49e000 rwxp 00009000 08:14 662129                     /usr/lib/x86_64-linux-gnu/libXrender.so.1.3.0
7fd8aa49e000-7fd8aa4a7000 r-xp 00000000 08:14 662103                     /usr/lib/x86_64-linux-gnu/libXcursor.so.1.0.2
7fd8aa4a7000-7fd8aa6a6000 ---p 00009000 08:14 662103                     /usr/lib/x86_64-linux-gnu/libXcursor.so.1.0.2
7fd8aa6a6000-7fd8aa6a7000 r-xp 00008000 08:14 662103                     /usr/lib/x86_64-linux-gnu/libXcursor.so.1.0.2
7fd8aa6a7000-7fd8aa6a8000 rwxp 00009000 08:14 662103                     /usr/lib/x86_64-linux-gnu/libXcursor.so.1.0.2
7fd8aa6bb000-7fd8aa6be000 r-xs 00022000 08:15 2247359                    /home/jailbirt/workspace/processingKinectExamples/libs/simpleOpenNi/SimpleOpenNI.jar
7fd8aa6be000-7fd8aa6c1000 ---p 00000000 00:00 0 
7fd8aa6c1000-7fd8aa7bf000 rwxp 00000000 00:00 0 
7fd8aa7bf000-7fd8aa838000 r-xp 00000000 08:14 1454604                    /usr/lib/jvm/jre/lib/amd64/libfontmanager.so
7fd8aa838000-7fd8aa937000 ---p 00079000 08:14 1454604                    /usr/lib/jvm/jre/lib/amd64/libfontmanager.so
7fd8aa937000-7fd8aa94c000 rwxp 00078000 08:14 1454604                    /usr/lib/jvm/jre/lib/amd64/libfontmanager.so
7fd8aa94c000-7fd8aa95e000 rwxp 00000000 00:00 0 
7fd8aa95e000-7fd8aa963000 r-xp 00000000 08:14 662107                     /usr/lib/x86_64-linux-gnu/libXdmcp.so.6.0.0
7fd8aa963000-7fd8aab62000 ---p 00005000 08:14 662107                     /usr/lib/x86_64-linux-gnu/libXdmcp.so.6.0.0
7fd8aab62000-7fd8aab63000 r-xp 00004000 08:14 662107                     /usr/lib/x86_64-linux-gnu/libXdmcp.so.6.0.0
7fd8aab63000-7fd8aab64000 rwxp 00005000 08:14 662107                     /usr/lib/x86_64-linux-gnu/libXdmcp.so.6.0.0
7fd8aab64000-7fd8aab66000 r-xp 00000000 08:14 662096                     /usr/lib/x86_64-linux-gnu/libXau.so.6.0.0
7fd8aab66000-7fd8aad65000 ---p 00002000 08:14 662096                     /usr/lib/x86_64-linux-gnu/libXau.so.6.0.0
7fd8aad65000-7fd8aad66000 r-xp 00001000 08:14 662096                     /usr/lib/x86_64-linux-gnu/libXau.so.6.0.0
7fd8aad66000-7fd8aad67000 rwxp 00002000 08:14 662096                     /usr/lib/x86_64-linux-gnu/libXau.so.6.0.0
7fd8aad67000-7fd8aad84000 r-xp 00000000 08:14 662695                     /usr/lib/x86_64-linux-gnu/libxcb.so.1.1.0
7fd8aad84000-7fd8aaf83000 ---p 0001d000 08:14 662695                     /usr/lib/x86_64-linux-gnu/libxcb.so.1.1.0
7fd8aaf83000-7fd8aaf84000 r-xp 0001c000 08:14 662695                     /usr/lib/x86_64-linux-gnu/libxcb.so.1.1.0
7fd8aaf84000-7fd8aaf85000 rwxp 0001d000 08:14 662695                     /usr/lib/x86_64-linux-gnu/libxcb.so.1.1.0
7fd8aaf85000-7fd8aaf93000 r-xp 00000000 08:14 662115                     /usr/lib/x86_64-linux-gnu/libXi.so.6.1.0
7fd8aaf93000-7fd8ab192000 ---p 0000e000 08:14 662115                     /usr/lib/x86_64-linux-gnu/libXi.so.6.1.0
7fd8ab192000-7fd8ab193000 r-xp 0000d000 08:14 662115                     /usr/lib/x86_64-linux-gnu/libXi.so.6.1.0
7fd8ab193000-7fd8ab194000 rwxp 0000e000 08:14 662115                     /usr/lib/x86_64-linux-gnu/libXi.so.6.1.0
7fd8ab194000-7fd8ab199000 r-xp 00000000 08:14 662133                     /usr/lib/x86_64-linux-gnu/libXtst.so.6.1.0
7fd8ab199000-7fd8ab398000 ---p 00005000 08:14 662133                     /usr/lib/x86_64-linux-gnu/libXtst.so.6.1.0
7fd8ab398000-7fd8ab399000 r-xp 00004000 08:14 662133                     /usr/lib/x86_64-linux-gnu/libXtst.so.6.1.0
7fd8ab399000-7fd8ab39a000 rwxp 00005000 08:14 662133                     /usr/lib/x86_64-linux-gnu/libXtst.so.6.1.0
7fd8ab39a000-7fd8ab4c9000 r-xp 00000000 08:14 662094                     /usr/lib/x86_64-linux-gnu/libX11.so.6.3.0
7fd8ab4c9000-7fd8ab6c9000 ---p 0012f000 08:14 662094                     /usr/lib/x86_64-linux-gnu/libX11.so.6.3.0
7fd8ab6c9000-7fd8ab6ca000 r-xp 0012f000 08:14 662094                     /usr/lib/x86_64-linux-gnu/libX11.so.6.3.0
7fd8ab6ca000-7fd8ab6ce000 rwxp 00130000 08:14 662094                     /usr/lib/x86_64-linux-gnu/libX11.so.6.3.0
7fd8ab6ce000-7fd8ab6de000 r-xp 00000000 08:14 662109                     /usr/lib/x86_64-linux-gnu/libXext.so.6.4.0
7fd8ab6de000-7fd8ab8dd000 ---p 00010000 08:14 662109                     /usr/lib/x86_64-linux-gnu/libXext.so.6.4.0
7fd8ab8dd000-7fd8ab8de000 r-xp 0000f000 08:14 662109                     /usr/lib/x86_64-linux-gnu/libXext.so.6.4.0
7fd8ab8de000-7fd8ab8df000 rwxp 00010000 08:14 662109                     /usr/lib/x86_64-linux-gnu/libXext.so.6.4.0
7fd8ab8df000-7fd8ab921000 r-xp 00000000 08:14 1571968                    /usr/lib/jvm/jre/lib/amd64/xawt/libmawt.so
7fd8ab921000-7fd8aba20000 ---p 00042000 08:14 1571968                    /usr/lib/jvm/jre/lib/amd64/xawt/libmawt.so
7fd8aba20000-7fd8aba2c000 rwxp 00041000 08:14 1571968                    /usr/lib/jvm/jre/lib/amd64/xawt/libmawt.so
7fd8aba2c000-7fd8aba2d000 rwxp 00000000 00:00 0 
7fd8aba2d000-7fd8ababf000 r-xp 00000000 08:14 1454608                    /usr/lib/jvm/jre/lib/amd64/libawt.so
7fd8ababf000-7fd8abbbe000 ---p 00092000 08:14 1454608                    /usr/lib/jvm/jre/lib/amd64/libawt.so
7fd8abbbe000-7fd8abbd8000 rwxp 00091000 08:14 1454608                    /usr/lib/jvm/jre/lib/amd64/libawt.so
7fd8abbd8000-7fd8abbfc000 rwxp 00000000 00:00 0 
7fd8abbfc000-7fd8abbfd000 ---p 00000000 00:00 0 
7fd8abbfd000-7fd8abcfd000 rwxp 00000000 00:00 0 
7fd8abcfd000-7fd8abd00000 ---p 00000000 00:00 0 
7fd8abd00000-7fd8abdfe000 rwxp 00000000 00:00 0 
7fd8abdfe000-7fd8abe01000 ---p 00000000 00:00 0 
7fd8abe01000-7fd8abeff000 rwxp 00000000 00:00 0 
7fd8abeff000-7fd8abf02000 ---p 00000000 00:00 0 
7fd8abf02000-7fd8ac000000 rwxp 00000000 00:00 0 
7fd8ac000000-7fd8ac021000 rwxp 00000000 00:00 0 
7fd8ac021000-7fd8b0000000 ---p 00000000 00:00 0 
7fd8b0000000-7fd8b0021000 rwxp 00000000 00:00 0 
7fd8b0021000-7fd8b4000000 ---p 00000000 00:00 0 
7fd8b4000000-7fd8b4021000 rwxp 00000000 00:00 0 
7fd8b4021000-7fd8b8000000 ---p 00000000 00:00 0 
7fd8b8000000-7fd8b8021000 rwxp 00000000 00:00 0 
7fd8b8021000-7fd8bc000000 ---p 00000000 00:00 0 
7fd8bc000000-7fd8bc021000 rwxp 00000000 00:00 0 
7fd8bc021000-7fd8c0000000 ---p 00000000 00:00 0 
7fd8c0000000-7fd8c0021000 rwxp 00000000 00:00 0 
7fd8c0021000-7fd8c4000000 ---p 00000000 00:00 0 
7fd8c4000000-7fd8c4021000 rwxp 00000000 00:00 0 
7fd8c4021000-7fd8c8000000 ---p 00000000 00:00 0 
7fd8c8000000-7fd8c8021000 rwxp 00000000 00:00 0 
7fd8c8021000-7fd8cc000000 ---p 00000000 00:00 0 
7fd8cc000000-7fd8cc021000 rwxp 00000000 00:00 0 
7fd8cc021000-7fd8d0000000 ---p 00000000 00:00 0 
7fd8d0000000-7fd8d0021000 rwxp 00000000 00:00 0 
7fd8d0021000-7fd8d4000000 ---p 00000000 00:00 0 
7fd8d4000000-7fd8d4021000 rwxp 00000000 00:00 0 
7fd8d4021000-7fd8d8000000 ---p 00000000 00:00 0 
7fd8d8002000-7fd8d8004000 r-xs 00000000 08:16 1707330                    /var/cache/fontconfig/99e8ed0e538f840c565b6ed5dad60d56-le64.cache-3
7fd8d8004000-7fd8d8014000 r-xs 00000000 08:16 1707313                    /var/cache/fontconfig/04aabc0a78ac019cf9454389977116d2-le64.cache-3
7fd8d8014000-7fd8d8017000 ---p 00000000 00:00 0 
7fd8d8017000-7fd8d8115000 rwxp 00000000 00:00 0 
7fd8d8115000-7fd8d87f8000 r-xp 00000000 08:14 661138                     /usr/lib/locale/locale-archive
7fd8d87f8000-7fd8d87fb000 ---p 00000000 00:00 0 
7fd8d87fb000-7fd8d88f9000 rwxp 00000000 00:00 0 
7fd8d88f9000-7fd8d88fc000 ---p 00000000 00:00 0 
7fd8d88fc000-7fd8d89fa000 rwxp 00000000 00:00 0 
7fd8d89fa000-7fd8d89fb000 ---p 00000000 00:00 0 
7fd8d89fb000-7fd8d9270000 rwxp 00000000 00:00 0 
7fd8d9270000-7fd8dc2d2000 rwxp 00000000 00:00 0 
7fd8dc2d2000-7fd8e0000000 ---p 00000000 00:00 0 
7fd8e0000000-7fd8e0006000 r-xs 00000000 08:16 1707331                    /var/cache/fontconfig/a755afe4a08bf5b97852ceb7400b47bc-le64.cache-3
7fd8e0006000-7fd8e0009000 r-xs 00000000 08:16 1707319                    /var/cache/fontconfig/385c0604a188198f04d133e54aba7fe7-le64.cache-3
7fd8e0009000-7fd8e000a000 r-xs 00000000 08:16 1707336                    /var/cache/fontconfig/4794a0821666d79190d59a36cb4f44b5-le64.cache-3
7fd8e000a000-7fd8e000d000 r-xs 00000000 08:16 1707328                    /var/cache/fontconfig/8801497958630a81b71ace7c5f9b32a8-le64.cache-3
7fd8e000d000-7fd8e0012000 r-xs 00000000 08:16 1707317                    /var/cache/fontconfig/3047814df9a2f067bd2d96a2b9c36e5a-le64.cache-3
7fd8e0012000-7fd8e0013000 r-xs 00000000 08:16 1707322                    /var/cache/fontconfig/56cf4f4769d0f4abc89a4895d7bd3ae1-le64.cache-3
7fd8e0013000-7fd8e0014000 r-xs 00000000 08:16 1707333                    /var/cache/fontconfig/b9d506c9ac06c20b433354fa67a72993-le64.cache-3
7fd8e0014000-7fd8e0019000 r-xs 00000000 08:16 1707332                    /var/cache/fontconfig/b47c4e1ecd0709278f4910c18777a504-le64.cache-3
7fd8e0019000-7fd8e0029000 r-xs 00000000 08:16 1707337                    /var/cache/fontconfig/d52a8644073d54c13679302ca1180695-le64.cache-3
7fd8e0029000-7fd8e0461000 rwxp 00000000 00:00 0 
7fd8e0461000-7fd8e05f8000 r-xs 03079000 08:14 1454726                    /usr/lib/jvm/jre/lib/rt.jar
7fd8e05f8000-7fd8e0620000 rwxp 00000000 00:00 0 
7fd8e0620000-7fd8e0621000 ---p 00000000 00:00 0 
7fd8e0621000-7fd8e0721000 rwxp 00000000 00:00 0 
7fd8e0721000-7fd8e0722000 ---p 00000000 00:00 0 
7fd8e0722000-7fd8e0822000 rwxp 00000000 00:00 0 
7fd8e0822000-7fd8e0823000 ---p 00000000 00:00 0 
7fd8e0823000-7fd8e0923000 rwxp 00000000 00:00 0 
7fd8e0923000-7fd8e0924000 ---p 00000000 00:00 0 
7fd8e0924000-7fd8e0a24000 rwxp 00000000 00:00 0 
7fd8e0a24000-7fd8e0a25000 ---p 00000000 00:00 0 
7fd8e0a25000-7fd8e0b25000 rwxp 00000000 00:00 0 
7fd8e0b25000-7fd8e0b26000 ---p 00000000 00:00 0 
7fd8e0b26000-7fd8e0c26000 rwxp 00000000 00:00 0 
7fd8e0c26000-7fd8e0c27000 ---p 00000000 00:00 0 
7fd8e0c27000-7fd8e0d27000 rwxp 00000000 00:00 0 
7fd8e0d27000-7fd8e0d28000 ---p 00000000 00:00 0 
7fd8e0d28000-7fd8e0e33000 rwxp 00000000 00:00 0 
7fd8e0e33000-7fd8e0e51000 rwxp 00000000 00:00 0 
7fd8e0e51000-7fd8e0e90000 rwxp 00000000 00:00 0 
7fd8e0e90000-7fd8e123a000 rwxp 00000000 00:00 0 
7fd8e123a000-7fd8e1245000 rwxp 00000000 00:00 0 
7fd8e1245000-7fd8e1263000 rwxp 00000000 00:00 0 
7fd8e1263000-7fd8e12a2000 rwxp 00000000 00:00 0 
7fd8e12a2000-7fd8e164b000 rwxp 00000000 00:00 0 
7fd8e164b000-7fd8e166b000 rwxp 00000000 00:00 0 
7fd8e166b000-7fd8e1840000 rwxp 00000000 00:00 0 
7fd8e1840000-7fd8e1841000 rwxp 00000000 00:00 0 
7fd8e1841000-7fd8e184f000 r-xp 00000000 08:14 1454610                    /usr/lib/jvm/jre/lib/amd64/libzip.so
7fd8e184f000-7fd8e1951000 ---p 0000e000 08:14 1454610                    /usr/lib/jvm/jre/lib/amd64/libzip.so
7fd8e1951000-7fd8e1954000 rwxp 00010000 08:14 1454610                    /usr/lib/jvm/jre/lib/amd64/libzip.so
7fd8e1954000-7fd8e1955000 rwxp 00000000 00:00 0 
7fd8e1955000-7fd8e1961000 r-xp 00000000 08:14 788702                     /lib/x86_64-linux-gnu/libnss_files-2.15.so
7fd8e1961000-7fd8e1b60000 ---p 0000c000 08:14 788702                     /lib/x86_64-linux-gnu/libnss_files-2.15.so
7fd8e1b60000-7fd8e1b61000 r-xp 0000b000 08:14 788702                     /lib/x86_64-linux-gnu/libnss_files-2.15.so
7fd8e1b61000-7fd8e1b62000 rwxp 0000c000 08:14 788702                     /lib/x86_64-linux-gnu/libnss_files-2.15.so
7fd8e1b62000-7fd8e1b6c000 r-xp 00000000 08:14 788706                     /lib/x86_64-linux-gnu/libnss_nis-2.15.so
7fd8e1b6c000-7fd8e1d6c000 ---p 0000a000 08:14 788706                     /lib/x86_64-linux-gnu/libnss_nis-2.15.so
7fd8e1d6c000-7fd8e1d6d000 r-xp 0000a000 08:14 788706                     /lib/x86_64-linux-gnu/libnss_nis-2.15.so
7fd8e1d6d000-7fd8e1d6e000 rwxp 0000b000 08:14 788706                     /lib/x86_64-linux-gnu/libnss_nis-2.15.so
7fd8e1d6e000-7fd8e1d76000 r-xp 00000000 08:14 788698                     /lib/x86_64-linux-gnu/libnss_compat-2.15.so
7fd8e1d76000-7fd8e1f75000 ---p 00008000 08:14 788698                     /lib/x86_64-linux-gnu/libnss_compat-2.15.so
7fd8e1f75000-7fd8e1f76000 r-xp 00007000 08:14 788698                     /lib/x86_64-linux-gnu/libnss_compat-2.15.so
7fd8e1f76000-7fd8e1f77000 rwxp 00008000 08:14 788698                     /lib/x86_64-linux-gnu/libnss_compat-2.15.so
7fd8e1f77000-7fd8e1f8e000 r-xp 00000000 08:14 788696                     /lib/x86_64-linux-gnu/libnsl-2.15.so
7fd8e1f8e000-7fd8e218d000 ---p 00017000 08:14 788696                     /lib/x86_64-linux-gnu/libnsl-2.15.so
7fd8e218d000-7fd8e218e000 r-xp 00016000 08:14 788696                     /lib/x86_64-linux-gnu/libnsl-2.15.so
7fd8e218e000-7fd8e218f000 rwxp 00017000 08:14 788696                     /lib/x86_64-linux-gnu/libnsl-2.15.so
7fd8e218f000-7fd8e2191000 rwxp 00000000 00:00 0 
7fd8e2191000-7fd8e21ba000 r-xp 00000000 08:14 1450954                    /usr/lib/jvm/jre/lib/amd64/libjava.so
7fd8e21ba000-7fd8e22b9000 ---p 00029000 08:14 1450954                    /usr/lib/jvm/jre/lib/amd64/libjava.so
7fd8e22b9000-7fd8e22c0000 rwxp 00028000 08:14 1450954                    /usr/lib/jvm/jre/lib/amd64/libjava.so
7fd8e22c0000-7fd8e22cd000 r-xp 00000000 08:14 1450959                    /usr/lib/jvm/jre/lib/amd64/libverify.so
7fd8e22cd000-7fd8e23cc000 ---p 0000d000 08:14 1450959                    /usr/lib/jvm/jre/lib/amd64/libverify.so
7fd8e23cc000-7fd8e23cf000 rwxp 0000c000 08:14 1450959                    /usr/lib/jvm/jre/lib/amd64/libverify.so
7fd8e23cf000-7fd8e23d6000 r-xp 00000000 08:14 788737                     /lib/x86_64-linux-gnu/librt-2.15.so
7fd8e23d6000-7fd8e25d5000 ---p 00007000 08:14 788737                     /lib/x86_64-linux-gnu/librt-2.15.so
7fd8e25d5000-7fd8e25d6000 r-xp 00006000 08:14 788737                     /lib/x86_64-linux-gnu/librt-2.15.so
7fd8e25d6000-7fd8e25d7000 rwxp 00007000 08:14 788737                     /lib/x86_64-linux-gnu/librt-2.15.so
7fd8e25d7000-7fd8e25da000 ---p 00000000 00:00 0 
7fd8e25da000-7fd8e26d8000 rwxp 00000000 00:00 0 
7fd8e26d8000-7fd8e27d1000 r-xp 00000000 08:14 788683                     /lib/x86_64-linux-gnu/libm-2.15.so
7fd8e27d1000-7fd8e29d0000 ---p 000f9000 08:14 788683                     /lib/x86_64-linux-gnu/libm-2.15.so
7fd8e29d0000-7fd8e29d1000 r-xp 000f8000 08:14 788683                     /lib/x86_64-linux-gnu/libm-2.15.so
7fd8e29d1000-7fd8e29d2000 rwxp 000f9000 08:14 788683                     /lib/x86_64-linux-gnu/libm-2.15.so
7fd8e29d2000-7fd8e32ed000 r-xp 00000000 08:14 2100299                    /usr/lib/jvm/jre/lib/amd64/server/libjvm.so
7fd8e32ed000-7fd8e33ee000 ---p 0091b000 08:14 2100299                    /usr/lib/jvm/jre/lib/amd64/server/libjvm.so
7fd8e33ee000-7fd8e35a3000 rwxp 0091c000 08:14 2100299                    /usr/lib/jvm/jre/lib/amd64/server/libjvm.so
7fd8e35a3000-7fd8e35dd000 rwxp 00000000 00:00 0 
7fd8e35dd000-7fd8e3790000 r-xp 00000000 08:14 788651                     /lib/x86_64-linux-gnu/libc-2.15.so
7fd8e3790000-7fd8e398f000 ---p 001b3000 08:14 788651                     /lib/x86_64-linux-gnu/libc-2.15.so
7fd8e398f000-7fd8e3993000 r-xp 001b2000 08:14 788651                     /lib/x86_64-linux-gnu/libc-2.15.so
7fd8e3993000-7fd8e3995000 rwxp 001b6000 08:14 788651                     /lib/x86_64-linux-gnu/libc-2.15.so
7fd8e3995000-7fd8e399a000 rwxp 00000000 00:00 0 
7fd8e399a000-7fd8e399c000 r-xp 00000000 08:14 788664                     /lib/x86_64-linux-gnu/libdl-2.15.so
7fd8e399c000-7fd8e3b9c000 ---p 00002000 08:14 788664                     /lib/x86_64-linux-gnu/libdl-2.15.so
7fd8e3b9c000-7fd8e3b9d000 r-xp 00002000 08:14 788664                     /lib/x86_64-linux-gnu/libdl-2.15.so
7fd8e3b9d000-7fd8e3b9e000 rwxp 00003000 08:14 788664                     /lib/x86_64-linux-gnu/libdl-2.15.so
7fd8e3b9e000-7fd8e3bb6000 r-xp 00000000 08:14 788731                     /lib/x86_64-linux-gnu/libpthread-2.15.so
7fd8e3bb6000-7fd8e3db5000 ---p 00018000 08:14 788731                     /lib/x86_64-linux-gnu/libpthread-2.15.so
7fd8e3db5000-7fd8e3db6000 r-xp 00017000 08:14 788731                     /lib/x86_64-linux-gnu/libpthread-2.15.so
7fd8e3db6000-7fd8e3db7000 rwxp 00018000 08:14 788731                     /lib/x86_64-linux-gnu/libpthread-2.15.so
7fd8e3db7000-7fd8e3dbb000 rwxp 00000000 00:00 0 
7fd8e3dbb000-7fd8e3ddd000 r-xp 00000000 08:14 788631                     /lib/x86_64-linux-gnu/ld-2.15.so
7fd8e3ddd000-7fd8e3dde000 rwxs 00000000 00:12 18524                      /run/shm/045e.02ae@1.7-SM
7fd8e3dde000-7fd8e3de2000 r-xs 00000000 08:16 1707316                    /var/cache/fontconfig/2cd17615ca594fa2959ae173292e504c-le64.cache-3
7fd8e3de2000-7fd8e3de8000 r-xs 00000000 08:16 1708054                    /var/cache/fontconfig/3f7329c5293ffd510edef78f73874cfd-le64.cache-3
7fd8e3de8000-7fd8e3df3000 r-xs 00000000 08:16 1707971                    /var/cache/fontconfig/e13b20fdb08344e0e664864cc2ede53d-le64.cache-3
7fd8e3df3000-7fd8e3df7000 r-xs 00000000 08:16 1708053                    /var/cache/fontconfig/7ef2298fde41cc6eeb7af42e48b7d293-le64.cache-3
7fd8e3df7000-7fd8e3e01000 rwxp 00000000 00:00 0 
7fd8e3e01000-7fd8e3eb7000 rwxp 00000000 00:00 0 
7fd8e3eb7000-7fd8e3eba000 rwxp 00000000 00:00 0 
7fd8e3eba000-7fd8e3ec1000 r-xp 00000000 08:14 1967149                    /usr/lib/jvm/jre/lib/amd64/jli/libjli.so
7fd8e3ec1000-7fd8e3fc2000 ---p 00007000 08:14 1967149                    /usr/lib/jvm/jre/lib/amd64/jli/libjli.so
7fd8e3fc2000-7fd8e3fc4000 rwxp 00008000 08:14 1967149                    /usr/lib/jvm/jre/lib/amd64/jli/libjli.so
7fd8e3fc4000-7fd8e3fc6000 rwxp 00000000 00:00 0 
7fd8e3fc6000-7fd8e3fc7000 r-xs 00000000 08:16 1707341                    /var/cache/fontconfig/e7071f4a29fa870f4323321c154eba04-le64.cache-3
7fd8e3fc7000-7fd8e3fc8000 r-xs 00000000 08:16 1707314                    /var/cache/fontconfig/0d8c3b2ac0904cb8a57a757ad11a4a08-le64.cache-3
7fd8e3fc8000-7fd8e3fcc000 r-xs 00000000 08:16 1707325                    /var/cache/fontconfig/6d41288fd70b0be22e8c3a91e032eec0-le64.cache-3
7fd8e3fcc000-7fd8e3fce000 r-xs 0002b000 08:15 2247352                    /home/jailbirt/workspace/processingKinectExamples/libs/core.jar
7fd8e3fce000-7fd8e3fd1000 r-xs 0000f000 08:14 1577185                    /usr/lib/jvm/jre/lib/ext/pulse-java.jar
7fd8e3fd1000-7fd8e3fd9000 rwxs 00000000 08:14 392692                     /tmp/hsperfdata_jailbirt/5441
7fd8e3fd9000-7fd8e3fda000 rwxp 00000000 00:00 0 
7fd8e3fda000-7fd8e3fdb000 r-xp 00000000 00:00 0 
7fd8e3fdb000-7fd8e3fdd000 rwxp 00000000 00:00 0 
7fd8e3fdd000-7fd8e3fde000 r-xp 00022000 08:14 788631                     /lib/x86_64-linux-gnu/ld-2.15.so
7fd8e3fde000-7fd8e3fe0000 rwxp 00023000 08:14 788631                     /lib/x86_64-linux-gnu/ld-2.15.so
7fff0d5e1000-7fff0d603000 rwxp 00000000 00:00 0                          [stack]
7fff0d6a4000-7fff0d6a5000 r-xp 00000000 00:00 0                          [vdso]
ffffffffff600000-ffffffffff601000 r-xp 00000000 00:00 0                  [vsyscall]

VM Arguments:
jvm_args: -Djava.library.path=/home/jailbirt/workspace/processingKinectTemplate/bin:/home/jailbirt/workspace/processingKinectTemplate/libs/simpleOpenNi/library:/home/jailbirt/workspace/processingKinectTemplate/libs/openGL/linux64:/home/jailbirt/workspace/processingKinectTemplate/libs/openGL/linux64 -Dfile.encoding=UTF-8 
java_command: userTracking.main
Launcher Type: SUN_STANDARD

Environment Variables:
PATH=/usr/lib/lightdm/lightdm:/usr/local/sbin:/usr/local/bin:/usr/sbin:/usr/bin:/sbin:/bin:/usr/games
LD_LIBRARY_PATH=/usr/lib/jvm/jre/lib/amd64/server:/usr/lib/jvm/jre/lib/amd64:/usr/lib/jvm/jre/../lib/amd64
SHELL=/bin/bash
DISPLAY=:0

Signal Handlers:
SIGSEGV: [libjvm.so+0x8602a0], sa_mask[0]=0x7ffbfeff, sa_flags=0x10000004
SIGBUS: [libjvm.so+0x8602a0], sa_mask[0]=0x7ffbfeff, sa_flags=0x10000004
SIGFPE: [libjvm.so+0x70ef10], sa_mask[0]=0x7ffbfeff, sa_flags=0x10000004
SIGPIPE: [libjvm.so+0x70ef10], sa_mask[0]=0x7ffbfeff, sa_flags=0x10000004
SIGXFSZ: [libjvm.so+0x70ef10], sa_mask[0]=0x7ffbfeff, sa_flags=0x10000004
SIGILL: [libjvm.so+0x70ef10], sa_mask[0]=0x7ffbfeff, sa_flags=0x10000004
SIGUSR1: SIG_DFL, sa_mask[0]=0x00000000, sa_flags=0x00000000
SIGUSR2: [libjvm.so+0x711d40], sa_mask[0]=0x00000004, sa_flags=0x10000004
SIGHUP: [libjvm.so+0x711940], sa_mask[0]=0x7ffbfeff, sa_flags=0x10000004
SIGINT: [libjvm.so+0x711940], sa_mask[0]=0x7ffbfeff, sa_flags=0x10000004
SIGTERM: [libjvm.so+0x711940], sa_mask[0]=0x7ffbfeff, sa_flags=0x10000004
SIGQUIT: [libjvm.so+0x711940], sa_mask[0]=0x7ffbfeff, sa_flags=0x10000004


---------------  S Y S T E M  ---------------

OS:wheezy/sid

uname:Linux 3.2.0-25-generic #40-Ubuntu SMP Wed May 23 20:30:51 UTC 2012 x86_64
libc:glibc 2.15 NPTL 2.15 
rlimit: STACK 8192k, CORE 0k, NPROC 95831, NOFILE 4096, AS infinity
load average:0.40 0.42 0.45

/proc/meminfo:
MemTotal:       12290140 kB
MemFree:         9486952 kB
Buffers:           73664 kB
Cached:          1113804 kB
SwapCached:            0 kB
Active:          1857212 kB
Inactive:         639992 kB
Active(anon):    1310748 kB
Inactive(anon):     9736 kB
Active(file):     546464 kB
Inactive(file):   630256 kB
Unevictable:          16 kB
Mlocked:              16 kB
SwapTotal:       8388604 kB
SwapFree:        8388604 kB
Dirty:                80 kB
Writeback:             0 kB
AnonPages:       1309880 kB
Mapped:           182484 kB
Shmem:             10756 kB
Slab:              87332 kB
SReclaimable:      53900 kB
SUnreclaim:        33432 kB
KernelStack:        3808 kB
PageTables:        27412 kB
NFS_Unstable:          0 kB
Bounce:                0 kB
WritebackTmp:          0 kB
CommitLimit:    14533672 kB
Committed_AS:    3159372 kB
VmallocTotal:   34359738367 kB
VmallocUsed:      179372 kB
VmallocChunk:   34359552508 kB
HardwareCorrupted:     0 kB
AnonHugePages:         0 kB
HugePages_Total:       0
HugePages_Free:        0
HugePages_Rsvd:        0
HugePages_Surp:        0
Hugepagesize:       2048 kB
DirectMap4k:      141120 kB
DirectMap2M:    12425216 kB


CPU:total 8 (4 cores per cpu, 2 threads per core) family 6 model 42 stepping 7, cmov, cx8, fxsr, mmx, sse, sse2, sse3, ssse3, sse4.1, sse4.2, popcnt, ht

/proc/cpuinfo:
processor	: 0
vendor_id	: GenuineIntel
cpu family	: 6
model		: 42
model name	: Intel(R) Core(TM) i7-2600 CPU @ 3.40GHz
stepping	: 7
microcode	: 0x14
cpu MHz		: 1600.000
cache size	: 8192 KB
physical id	: 0
siblings	: 8
core id		: 0
cpu cores	: 4
apicid		: 0
initial apicid	: 0
fpu		: yes
fpu_exception	: yes
cpuid level	: 13
wp		: yes
flags		: fpu vme de pse tsc msr pae mce cx8 apic sep mtrr pge mca cmov pat pse36 clflush dts acpi mmx fxsr sse sse2 ss ht tm pbe syscall nx rdtscp lm constant_tsc arch_perfmon pebs bts rep_good nopl xtopology nonstop_tsc aperfmperf pni pclmulqdq dtes64 monitor ds_cpl vmx smx est tm2 ssse3 cx16 xtpr pdcm pcid sse4_1 sse4_2 x2apic popcnt tsc_deadline_timer aes xsave avx lahf_lm ida arat epb xsaveopt pln pts dts tpr_shadow vnmi flexpriority ept vpid
bogomips	: 6784.65
clflush size	: 64
cache_alignment	: 64
address sizes	: 36 bits physical, 48 bits virtual
power management:

processor	: 1
vendor_id	: GenuineIntel
cpu family	: 6
model		: 42
model name	: Intel(R) Core(TM) i7-2600 CPU @ 3.40GHz
stepping	: 7
microcode	: 0x14
cpu MHz		: 1600.000
cache size	: 8192 KB
physical id	: 0
siblings	: 8
core id		: 1
cpu cores	: 4
apicid		: 2
initial apicid	: 2
fpu		: yes
fpu_exception	: yes
cpuid level	: 13
wp		: yes
flags		: fpu vme de pse tsc msr pae mce cx8 apic sep mtrr pge mca cmov pat pse36 clflush dts acpi mmx fxsr sse sse2 ss ht tm pbe syscall nx rdtscp lm constant_tsc arch_perfmon pebs bts rep_good nopl xtopology nonstop_tsc aperfmperf pni pclmulqdq dtes64 monitor ds_cpl vmx smx est tm2 ssse3 cx16 xtpr pdcm pcid sse4_1 sse4_2 x2apic popcnt tsc_deadline_timer aes xsave avx lahf_lm ida arat epb xsaveopt pln pts dts tpr_shadow vnmi flexpriority ept vpid
bogomips	: 6784.26
clflush size	: 64
cache_alignment	: 64
address sizes	: 36 bits physical, 48 bits virtual
power management:

processor	: 2
vendor_id	: GenuineIntel
cpu family	: 6
model		: 42
model name	: Intel(R) Core(TM) i7-2600 CPU @ 3.40GHz
stepping	: 7
microcode	: 0x14
cpu MHz		: 1600.000
cache size	: 8192 KB
physical id	: 0
siblings	: 8
core id		: 2
cpu cores	: 4
apicid		: 4
initial apicid	: 4
fpu		: yes
fpu_exception	: yes
cpuid level	: 13
wp		: yes
flags		: fpu vme de pse tsc msr pae mce cx8 apic sep mtrr pge mca cmov pat pse36 clflush dts acpi mmx fxsr sse sse2 ss ht tm pbe syscall nx rdtscp lm constant_tsc arch_perfmon pebs bts rep_good nopl xtopology nonstop_tsc aperfmperf pni pclmulqdq dtes64 monitor ds_cpl vmx smx est tm2 ssse3 cx16 xtpr pdcm pcid sse4_1 sse4_2 x2apic popcnt tsc_deadline_timer aes xsave avx lahf_lm ida arat epb xsaveopt pln pts dts tpr_shadow vnmi flexpriority ept vpid
bogomips	: 6784.26
clflush size	: 64
cache_alignment	: 64
address sizes	: 36 bits physical, 48 bits virtual
power management:

processor	: 3
vendor_id	: GenuineIntel
cpu family	: 6
model		: 42
model name	: Intel(R) Core(TM) i7-2600 CPU @ 3.40GHz
stepping	: 7
microcode	: 0x14
cpu MHz		: 1600.000
cache size	: 8192 KB
physical id	: 0
siblings	: 8
core id		: 3
cpu cores	: 4
apicid		: 6
initial apicid	: 6
fpu		: yes
fpu_exception	: yes
cpuid level	: 13
wp		: yes
flags		: fpu vme de pse tsc msr pae mce cx8 apic sep mtrr pge mca cmov pat pse36 clflush dts acpi mmx fxsr sse sse2 ss ht tm pbe syscall nx rdtscp lm constant_tsc arch_perfmon pebs bts rep_good nopl xtopology nonstop_tsc aperfmperf pni pclmulqdq dtes64 monitor ds_cpl vmx smx est tm2 ssse3 cx16 xtpr pdcm pcid sse4_1 sse4_2 x2apic popcnt tsc_deadline_timer aes xsave avx lahf_lm ida arat epb xsaveopt pln pts dts tpr_shadow vnmi flexpriority ept vpid
bogomips	: 6784.26
clflush size	: 64
cache_alignment	: 64
address sizes	: 36 bits physical, 48 bits virtual
power management:

processor	: 4
vendor_id	: GenuineIntel
cpu family	: 6
model		: 42
model name	: Intel(R) Core(TM) i7-2600 CPU @ 3.40GHz
stepping	: 7
microcode	: 0x14
cpu MHz		: 1600.000
cache size	: 8192 KB
physical id	: 0
siblings	: 8
core id		: 0
cpu cores	: 4
apicid		: 1
initial apicid	: 1
fpu		: yes
fpu_exception	: yes
cpuid level	: 13
wp		: yes
flags		: fpu vme de pse tsc msr pae mce cx8 apic sep mtrr pge mca cmov pat pse36 clflush dts acpi mmx fxsr sse sse2 ss ht tm pbe syscall nx rdtscp lm constant_tsc arch_perfmon pebs bts rep_good nopl xtopology nonstop_tsc aperfmperf pni pclmulqdq dtes64 monitor ds_cpl vmx smx est tm2 ssse3 cx16 xtpr pdcm pcid sse4_1 sse4_2 x2apic popcnt tsc_deadline_timer aes xsave avx lahf_lm ida arat epb xsaveopt pln pts dts tpr_shadow vnmi flexpriority ept vpid
bogomips	: 6784.26
clflush size	: 64
cache_alignment	: 64
address sizes	: 36 bits physical, 48 bits virtual
power management:

processor	: 5
vendor_id	: GenuineIntel
cpu family	: 6
model		: 42
model name	: Intel(R) Core(TM) i7-2600 CPU @ 3.40GHz
stepping	: 7
microcode	: 0x14
cpu MHz		: 1600.000
cache size	: 8192 KB
physical id	: 0
siblings	: 8
core id		: 1
cpu cores	: 4
apicid		: 3
initial apicid	: 3
fpu		: yes
fpu_exception	: yes
cpuid level	: 13
wp		: yes
flags		: fpu vme de pse tsc msr pae mce cx8 apic sep mtrr pge mca cmov pat pse36 clflush dts acpi mmx fxsr sse sse2 ss ht tm pbe syscall nx rdtscp lm constant_tsc arch_perfmon pebs bts rep_good nopl xtopology nonstop_tsc aperfmperf pni pclmulqdq dtes64 monitor ds_cpl vmx smx est tm2 ssse3 cx16 xtpr pdcm pcid sse4_1 sse4_2 x2apic popcnt tsc_deadline_timer aes xsave avx lahf_lm ida arat epb xsaveopt pln pts dts tpr_shadow vnmi flexpriority ept vpid
bogomips	: 6784.26
clflush size	: 64
cache_alignment	: 64
address sizes	: 36 bits physical, 48 bits virtual
power management:

processor	: 6
vendor_id	: GenuineIntel
cpu family	: 6
model		: 42
model name	: Intel(R) Core(TM) i7-2600 CPU @ 3.40GHz
stepping	: 7
microcode	: 0x14
cpu MHz		: 1600.000
cache size	: 8192 KB
physical id	: 0
siblings	: 8
core id		: 2
cpu cores	: 4
apicid		: 5
initial apicid	: 5
fpu		: yes
fpu_exception	: yes
cpuid level	: 13
wp		: yes
flags		: fpu vme de pse tsc msr pae mce cx8 apic sep mtrr pge mca cmov pat pse36 clflush dts acpi mmx fxsr sse sse2 ss ht tm pbe syscall nx rdtscp lm constant_tsc arch_perfmon pebs bts rep_good nopl xtopology nonstop_tsc aperfmperf pni pclmulqdq dtes64 monitor ds_cpl vmx smx est tm2 ssse3 cx16 xtpr pdcm pcid sse4_1 sse4_2 x2apic popcnt tsc_deadline_timer aes xsave avx lahf_lm ida arat epb xsaveopt pln pts dts tpr_shadow vnmi flexpriority ept vpid
bogomips	: 6784.27
clflush size	: 64
cache_alignment	: 64
address sizes	: 36 bits physical, 48 bits virtual
power management:

processor	: 7
vendor_id	: GenuineIntel
cpu family	: 6
model		: 42
model name	: Intel(R) Core(TM) i7-2600 CPU @ 3.40GHz
stepping	: 7
microcode	: 0x14
cpu MHz		: 1600.000
cache size	: 8192 KB
physical id	: 0
siblings	: 8
core id		: 3
cpu cores	: 4
apicid		: 7
initial apicid	: 7
fpu		: yes
fpu_exception	: yes
cpuid level	: 13
wp		: yes
flags		: fpu vme de pse tsc msr pae mce cx8 apic sep mtrr pge mca cmov pat pse36 clflush dts acpi mmx fxsr sse sse2 ss ht tm pbe syscall nx rdtscp lm constant_tsc arch_perfmon pebs bts rep_good nopl xtopology nonstop_tsc aperfmperf pni pclmulqdq dtes64 monitor ds_cpl vmx smx est tm2 ssse3 cx16 xtpr pdcm pcid sse4_1 sse4_2 x2apic popcnt tsc_deadline_timer aes xsave avx lahf_lm ida arat epb xsaveopt pln pts dts tpr_shadow vnmi flexpriority ept vpid
bogomips	: 6784.26
clflush size	: 64
cache_alignment	: 64
address sizes	: 36 bits physical, 48 bits virtual
power management:



Memory: 4k page, physical 12290140k(9486952k free), swap 8388604k(8388604k free)

vm_info: Java HotSpot(TM) 64-Bit Server VM (20.7-b02) for linux-amd64 JRE (1.6.0_32-b05), built on Apr  5 2012 14:09:59 by "java_re" with gcc 3.2.2 (SuSE Linux)

time: Sat Jun 16 19:27:35 2012
elapsed time: 2 seconds

