#
# A fatal error has been detected by the Java Runtime Environment:
#
#  SIGSEGV (0xb) at pc=0x00007face1d5789d, pid=8323, tid=140380506253056
#
# JRE version: 6.0_32-b05
# Java VM: Java HotSpot(TM) 64-Bit Server VM (20.7-b02 mixed mode linux-amd64 compressed oops)
# Problematic frame:
# C  [libOpenNI.so+0x4289d]  long long+0xd
#
# If you would like to submit a bug report, please visit:
#   http://java.sun.com/webapps/bugreport/crash.jsp
# The crash happened outside the Java Virtual Machine in native code.
# See problematic frame for where to report the bug.
#

---------------  T H R E A D  ---------------

Current thread (0x00007fad24236800):  JavaThread "Animation Thread" [_thread_in_native, id=8350, stack(0x00007face2256000,0x00007face2357000)]

siginfo:si_signo=SIGSEGV: si_errno=0, si_code=1 (SEGV_MAPERR), si_addr=0x0000000000000000

Registers:
RAX=0x0000000000010012, RBX=0x0000000000000000, RCX=0x00007facc0000028, RDX=0x00007facc00ced00
RSP=0x00007face23552f0, RBP=0x0000000000000002, RSI=0x0000000000000002, RDI=0x0000000000000000
R8 =0x0000000000000001, R9 =0x0000000000000000, R10=0x00007face23550b0, R11=0x00007face1d57890
R12=0x000000000001001d, R13=0x0000000000000000, R14=0x0000000000000001, R15=0x00007fad24236800
RIP=0x00007face1d5789d, EFLAGS=0x0000000000010206, CSGSFS=0x0000000000000033, ERR=0x0000000000000004
  TRAPNO=0x000000000000000e

Top of Stack: (sp=0x00007face23552f0)
0x00007face23552f0:   0000000000000000 0000000000000001
0x00007face2355300:   0000000000000000 00007facc00a6bf0
0x00007face2355310:   00007facc00d86f0 00007face201c144
0x00007face2355320:   00007fad240f9f90 00007facf0077f20
0x00007face2355330:   00007fad2bde2ab0 00007facf0177518
0x00007face2355340:   00000000092f7452 0000000000000000
0x00007face2355350:   000000000014b2c9 000000073fdcd580
0x00007face2355360:   00000000002ba4d0 0000000000000000
0x00007face2355370:   00007face23554d0 00007fad24236800
0x00007face2355380:   00007face1f98000 00007fad2c758774
0x00007face2355390:   00007fad00000005 0000000000000000
0x00007face23553a0:   00007face1fa12d0 00007fad24236800
0x00007face23553b0:   00007face2355410 000000073fdcd580
0x00007face23553c0:   0000000000000000 0000000000000000
0x00007face23553d0:   000000073fdcd580 00007fad2c75f235
0x00007face23553e0:   0000000000000001 00007face23554c0
0x00007face23553f0:   0000000000000001 0000000000000002
0x00007face2355400:   000000073fdcd580 00007face2355498
0x00007face2355410:   0000000000000000 000000073fdcd580
0x00007face2355420:   00007face23554d0 00007fad21010d6e
0x00007face2355430:   00007face2355518 00007face23554b8
0x00007face2355440:   00007fad21004dd0 00007fad00000000
0x00007face2355450:   00007fad24236800 00007face2355458
0x00007face2355460:   000000073fdcd580 00007face23554d0
0x00007face2355470:   000000073fdf7338 0000000000000000
0x00007face2355480:   000000073fdcd580 0000000000000000
0x00007face2355490:   00007face23554b8 00007face2355518
0x00007face23554a0:   00007fad2100585a 000000073fdf72d0
0x00007face23554b0:   00007fad2100df40 0000000000000002
0x00007face23554c0:   00000007c1d4fd18 00007facc00d86f0
0x00007face23554d0:   00000007c1d4fd18 00007face23554d8
0x00007face23554e0:   000000073fd883d4 00007face2355530 

Instructions: (pc=0x00007face1d5789d)
0x00007face1d5787d:   00 00 00 31 c0 c3 66 66 66 66 2e 0f 1f 84 00 00
0x00007face1d5788d:   00 00 00 53 b8 12 00 01 00 48 89 fb 48 83 ec 20
0x00007face1d5789d:   48 8b 17 8b 4a 10 85 c9 74 49 48 8b 52 08 8b 12
0x00007face1d578ad:   81 e2 00 00 00 02 74 3b 8b 47 48 48 c7 44 24 18 

Register to memory mapping:

RAX=0x0000000000010012 is an unknown value
RBX=0x0000000000000000 is an unknown value
RCX=0x00007facc0000028 is an unknown value
RDX=0x00007facc00ced00 is an unknown value
RSP=0x00007face23552f0 is pointing into the stack for thread: 0x00007fad24236800
RBP=0x0000000000000002 is an unknown value
RSI=0x0000000000000002 is an unknown value
RDI=0x0000000000000000 is an unknown value
R8 =0x0000000000000001 is an unknown value
R9 =0x0000000000000000 is an unknown value
R10=0x00007face23550b0 is pointing into the stack for thread: 0x00007fad24236800
R11=0x00007face1d57890: xnSetSkeletonProfile+0 in /usr/lib/libOpenNI.so at 0x00007face1d15000
R12=0x000000000001001d is an unknown value
R13=0x0000000000000000 is an unknown value
R14=0x0000000000000001 is an unknown value
R15=0x00007fad24236800 is a thread


Stack: [0x00007face2256000,0x00007face2357000],  sp=0x00007face23552f0,  free space=1020k
Native frames: (J=compiled Java code, j=interpreted, Vv=VM code, C=native code)
C  [libOpenNI.so+0x4289d]  long long+0xd

Java frames: (J=compiled Java code, j=interpreted, Vv=VM code)
j  SimpleOpenNI.SimpleOpenNIJNI.ContextWrapper_enableUserSwigExplicitContextWrapper(JLSimpleOpenNI/ContextWrapper;I)Z+0
j  SimpleOpenNI.ContextWrapper.enableUser(I)Z+28
j  SimpleOpenNI.SimpleOpenNI.enableUser(ILjava/lang/Object;)Z+17
j  SimpleOpenNI.SimpleOpenNI.enableUser(I)Z+6
j  userTracking.simpleTracking.setup()V+40
j  processing.core.PApplet.handleDraw()V+65
j  processing.core.PApplet.run()V+72
j  java.lang.Thread.run()V+11
v  ~StubRoutines::call_stub

---------------  P R O C E S S  ---------------

Java Threads: ( => current thread )
=>0x00007fad24236800 JavaThread "Animation Thread" [_thread_in_native, id=8350, stack(0x00007face2256000,0x00007face2357000)]
  0x00007facd000c000 JavaThread "AWT-EventQueue-0" [_thread_blocked, id=8349, stack(0x00007face2357000,0x00007face2458000)]
  0x00007fad24236000 JavaThread "AWT-Shutdown" [_thread_blocked, id=8348, stack(0x00007face2458000,0x00007face2559000)]
  0x00007fad24226000 JavaThread "Image Fetcher 0" daemon [_thread_blocked, id=8347, stack(0x00007face2559000,0x00007face265a000)]
  0x00007fad24218000 JavaThread "AWT-XAWT" daemon [_thread_in_native, id=8346, stack(0x00007face2863000,0x00007face2964000)]
  0x00007fad24108800 JavaThread "Java2D Disposer" daemon [_thread_blocked, id=8345, stack(0x00007face2f7e000,0x00007face307f000)]
  0x00007fad24099800 JavaThread "Low Memory Detector" daemon [_thread_blocked, id=8343, stack(0x00007fad2061a000,0x00007fad2071b000)]
  0x00007fad24097800 JavaThread "C2 CompilerThread1" daemon [_thread_blocked, id=8342, stack(0x00007fad2071b000,0x00007fad2081c000)]
  0x00007fad24094800 JavaThread "C2 CompilerThread0" daemon [_thread_blocked, id=8341, stack(0x00007fad2081c000,0x00007fad2091d000)]
  0x00007fad24092800 JavaThread "Signal Dispatcher" daemon [_thread_blocked, id=8340, stack(0x00007fad280af000,0x00007fad281b0000)]
  0x00007fad24076000 JavaThread "Finalizer" daemon [_thread_blocked, id=8339, stack(0x00007fad281b0000,0x00007fad282b1000)]
  0x00007fad24074800 JavaThread "Reference Handler" daemon [_thread_blocked, id=8338, stack(0x00007fad282b1000,0x00007fad283b2000)]
  0x00007fad24008000 JavaThread "main" [_thread_blocked, id=8328, stack(0x00007fad2af66000,0x00007fad2b067000)]

Other Threads:
  0x00007fad2406d800 VMThread [stack: 0x00007fad283b2000,0x00007fad284b3000] [id=8337]
  0x00007fad240ac800 WatcherThread [stack: 0x00007fad20519000,0x00007fad2061a000] [id=8344]

VM state:not at safepoint (normal execution)

VM Mutex/Monitor currently owned by a thread: None

Heap
 PSYoungGen      total 56000K, used 9120K [0x00000007c1760000, 0x00000007c55e0000, 0x0000000800000000)
  eden space 48000K, 19% used [0x00000007c1760000,0x00000007c2048158,0x00000007c4640000)
  from space 8000K, 0% used [0x00000007c4e10000,0x00000007c4e10000,0x00000007c55e0000)
  to   space 8000K, 0% used [0x00000007c4640000,0x00000007c4640000,0x00000007c4e10000)
 PSOldGen        total 128064K, used 0K [0x0000000744600000, 0x000000074c310000, 0x00000007c1760000)
  object space 128064K, 0% used [0x0000000744600000,0x0000000744600000,0x000000074c310000)
 PSPermGen       total 21248K, used 10245K [0x000000073f400000, 0x00000007408c0000, 0x0000000744600000)
  object space 21248K, 48% used [0x000000073f400000,0x000000073fe016a8,0x00000007408c0000)

Code Cache  [0x00007fad21000000, 0x00007fad21270000, 0x00007fad24000000)
 total_blobs=501 nmethods=21 adapters=435 free_code_cache=49729024 largest_free_block=12032

Dynamic libraries:
40000000-40009000 r-xp 00000000 08:14 1192322                            /usr/lib/jvm/bin/java
40108000-4010a000 rwxp 00008000 08:14 1192322                            /usr/lib/jvm/bin/java
407f3000-40814000 rwxp 00000000 00:00 0                                  [heap]
73f400000-7408c0000 rwxp 00000000 00:00 0 
7408c0000-744600000 rwxp 00000000 00:00 0 
744600000-74c310000 rwxp 00000000 00:00 0 
74c310000-7c1760000 rwxp 00000000 00:00 0 
7c1760000-7c55e0000 rwxp 00000000 00:00 0 
7c55e0000-800000000 rwxp 00000000 00:00 0 
7facbd7be000-7facbd850000 r-xp 00000000 08:14 658014                     /usr/lib/libXnDeviceSensorV2.so
7facbd850000-7facbda4f000 ---p 00092000 08:14 658014                     /usr/lib/libXnDeviceSensorV2.so
7facbda4f000-7facbda5f000 r-xp 00091000 08:14 658014                     /usr/lib/libXnDeviceSensorV2.so
7facbda5f000-7facbda60000 rwxp 000a1000 08:14 658014                     /usr/lib/libXnDeviceSensorV2.so
7facbda60000-7facbda87000 r-xp 00000000 08:14 673565                     /usr/lib/libXnDeviceFile.so
7facbda87000-7facbdc87000 ---p 00027000 08:14 673565                     /usr/lib/libXnDeviceFile.so
7facbdc87000-7facbdc89000 r-xp 00027000 08:14 673565                     /usr/lib/libXnDeviceFile.so
7facbdc89000-7facbdc8a000 rwxp 00029000 08:14 673565                     /usr/lib/libXnDeviceFile.so
7facbdc8a000-7facbdcd2000 r-xp 00000000 08:14 673564                     /usr/lib/libXnDDK.so
7facbdcd2000-7facbded2000 ---p 00048000 08:14 673564                     /usr/lib/libXnDDK.so
7facbded2000-7facbded5000 r-xp 00048000 08:14 673564                     /usr/lib/libXnDDK.so
7facbded5000-7facbded7000 rwxp 0004b000 08:14 673564                     /usr/lib/libXnDDK.so
7facbded7000-7facbdefb000 r-xp 00000000 08:14 673567                     /usr/lib/libXnFormats.so
7facbdefb000-7facbe0fb000 ---p 00024000 08:14 673567                     /usr/lib/libXnFormats.so
7facbe0fb000-7facbe0fc000 r-xp 00024000 08:14 673567                     /usr/lib/libXnFormats.so
7facbe0fc000-7facbe0fd000 rwxp 00025000 08:14 673567                     /usr/lib/libXnFormats.so
7facbe0fd000-7facbe11d000 rwxp 00000000 00:00 0 
7facbe11d000-7facbe120000 r-xp 00000000 08:14 673563                     /usr/lib/libXnCore.so
7facbe120000-7facbe31f000 ---p 00003000 08:14 673563                     /usr/lib/libXnCore.so
7facbe31f000-7facbe320000 r-xp 00002000 08:14 673563                     /usr/lib/libXnCore.so
7facbe320000-7facbe321000 rwxp 00003000 08:14 673563                     /usr/lib/libXnCore.so
7facbe321000-7facbe3aa000 r-xp 00000000 08:14 673566                     /usr/lib/libXnDeviceSensorV2KM.so
7facbe3aa000-7facbe5a9000 ---p 00089000 08:14 673566                     /usr/lib/libXnDeviceSensorV2KM.so
7facbe5a9000-7facbe5b9000 r-xp 00088000 08:14 673566                     /usr/lib/libXnDeviceSensorV2KM.so
7facbe5b9000-7facbe5ba000 rwxp 00098000 08:14 673566                     /usr/lib/libXnDeviceSensorV2KM.so
7facbe5ba000-7facbe6ae000 r-xp 00000000 08:14 673497                     /usr/lib/libXnVHandGenerator_1_5_2.so
7facbe6ae000-7facbe8ad000 ---p 000f4000 08:14 673497                     /usr/lib/libXnVHandGenerator_1_5_2.so
7facbe8ad000-7facbe8b2000 r-xp 000f3000 08:14 673497                     /usr/lib/libXnVHandGenerator_1_5_2.so
7facbe8b2000-7facbe8b3000 rwxp 000f8000 08:14 673497                     /usr/lib/libXnVHandGenerator_1_5_2.so
7facbe8b3000-7facbe8c1000 rwxp 00000000 00:00 0 
7facbe8c1000-7facbe999000 r-xp 00000000 08:14 673494                     /usr/lib/libXnVHandGenerator_1_4_2.so
7facbe999000-7facbeb98000 ---p 000d8000 08:14 673494                     /usr/lib/libXnVHandGenerator_1_4_2.so
7facbeb98000-7facbeb9d000 r-xp 000d7000 08:14 673494                     /usr/lib/libXnVHandGenerator_1_4_2.so
7facbeb9d000-7facbeb9e000 rwxp 000dc000 08:14 673494                     /usr/lib/libXnVHandGenerator_1_4_2.so
7facbeb9e000-7facbeba1000 rwxp 00000000 00:00 0 
7facbeba1000-7facbec79000 r-xp 00000000 08:14 673491                     /usr/lib/libXnVHandGenerator_1_4_1.so
7facbec79000-7facbee78000 ---p 000d8000 08:14 673491                     /usr/lib/libXnVHandGenerator_1_4_1.so
7facbee78000-7facbee7d000 r-xp 000d7000 08:14 673491                     /usr/lib/libXnVHandGenerator_1_4_1.so
7facbee7d000-7facbee7e000 rwxp 000dc000 08:14 673491                     /usr/lib/libXnVHandGenerator_1_4_1.so
7facbee7e000-7facbee81000 rwxp 00000000 00:00 0 
7facbee81000-7facbef64000 r-xp 00000000 08:14 673488                     /usr/lib/libXnVHandGenerator_1_3_1.so
7facbef64000-7facbf164000 ---p 000e3000 08:14 673488                     /usr/lib/libXnVHandGenerator_1_3_1.so
7facbf164000-7facbf169000 r-xp 000e3000 08:14 673488                     /usr/lib/libXnVHandGenerator_1_3_1.so
7facbf169000-7facbf16a000 rwxp 000e8000 08:14 673488                     /usr/lib/libXnVHandGenerator_1_3_1.so
7facbf16a000-7facbf16d000 rwxp 00000000 00:00 0 
7facbf16d000-7facbf582000 r-xp 00000000 08:14 673481                     /usr/lib/libXnVFeatures_1_5_2.so
7facbf582000-7facbf782000 ---p 00415000 08:14 673481                     /usr/lib/libXnVFeatures_1_5_2.so
7facbf782000-7facbf793000 r-xp 00415000 08:14 673481                     /usr/lib/libXnVFeatures_1_5_2.so
7facbf793000-7facbf795000 rwxp 00426000 08:14 673481                     /usr/lib/libXnVFeatures_1_5_2.so
7facbf795000-7facbf7aa000 rwxp 00000000 00:00 0 
7facbf7aa000-7facbf9a1000 r-xp 00000000 08:14 673470                     /usr/lib/libXnVFeatures_1_4_2.so
7facbf9a1000-7facbfba0000 ---p 001f7000 08:14 673470                     /usr/lib/libXnVFeatures_1_4_2.so
7facbfba0000-7facbfba6000 r-xp 001f6000 08:14 673470                     /usr/lib/libXnVFeatures_1_4_2.so
7facbfba6000-7facbfba7000 rwxp 001fc000 08:14 673470                     /usr/lib/libXnVFeatures_1_4_2.so
7facbfba7000-7facbfbad000 rwxp 00000000 00:00 0 
7facbfbad000-7facbfdf2000 r-xp 00000000 08:14 673460                     /usr/lib/libXnVFeatures_1_3_1.so
7facbfdf2000-7facbfff2000 ---p 00245000 08:14 673460                     /usr/lib/libXnVFeatures_1_3_1.so
7facbfff2000-7facbfff8000 r-xp 00245000 08:14 673460                     /usr/lib/libXnVFeatures_1_3_1.so
7facbfff8000-7facbfff9000 rwxp 0024b000 08:14 673460                     /usr/lib/libXnVFeatures_1_3_1.so
7facbfff9000-7facc0000000 rwxp 00000000 00:00 0 
7facc0000000-7facc0142000 rwxp 00000000 00:00 0 
7facc0142000-7facc4000000 ---p 00000000 00:00 0 
7facc4000000-7facc4021000 rwxp 00000000 00:00 0 
7facc4021000-7facc8000000 ---p 00000000 00:00 0 
7facc8000000-7facc8021000 rwxp 00000000 00:00 0 
7facc8021000-7faccc000000 ---p 00000000 00:00 0 
7faccc000000-7faccc119000 rwxp 00000000 00:00 0 
7faccc119000-7facd0000000 ---p 00000000 00:00 0 
7facd0000000-7facd0021000 rwxp 00000000 00:00 0 
7facd0021000-7facd4000000 ---p 00000000 00:00 0 
7facd4000000-7facd4021000 rwxp 00000000 00:00 0 
7facd4021000-7facd8000000 ---p 00000000 00:00 0 
7facd8000000-7facd8021000 rwxp 00000000 00:00 0 
7facd8021000-7facdc000000 ---p 00000000 00:00 0 
7facdc000000-7facdc021000 rwxp 00000000 00:00 0 
7facdc021000-7face0000000 ---p 00000000 00:00 0 
7face0045000-7face023c000 r-xp 00000000 08:14 673465                     /usr/lib/libXnVFeatures_1_4_1.so
7face023c000-7face043b000 ---p 001f7000 08:14 673465                     /usr/lib/libXnVFeatures_1_4_1.so
7face043b000-7face0441000 r-xp 001f6000 08:14 673465                     /usr/lib/libXnVFeatures_1_4_1.so
7face0441000-7face0442000 rwxp 001fc000 08:14 673465                     /usr/lib/libXnVFeatures_1_4_1.so
7face0442000-7face0448000 rwxp 00000000 00:00 0 
7face0448000-7face0466000 r-xp 00000000 08:14 673299                     /usr/lib/libnimRecorder.so
7face0466000-7face0665000 ---p 0001e000 08:14 673299                     /usr/lib/libnimRecorder.so
7face0665000-7face0667000 r-xp 0001d000 08:14 673299                     /usr/lib/libnimRecorder.so
7face0667000-7face0668000 rwxp 0001f000 08:14 673299                     /usr/lib/libnimRecorder.so
7face0668000-7face069e000 r-xp 00000000 08:14 673297                     /usr/lib/libnimCodecs.so
7face069e000-7face089e000 ---p 00036000 08:14 673297                     /usr/lib/libnimCodecs.so
7face089e000-7face08a1000 r-xp 00036000 08:14 673297                     /usr/lib/libnimCodecs.so
7face08a1000-7face08a2000 rwxp 00039000 08:14 673297                     /usr/lib/libnimCodecs.so
7face08a2000-7face08c2000 rwxp 00000000 00:00 0 
7face08c2000-7face08f9000 r-xp 00000000 08:14 673298                     /usr/lib/libnimMockNodes.so
7face08f9000-7face0af8000 ---p 00037000 08:14 673298                     /usr/lib/libnimMockNodes.so
7face0af8000-7face0b05000 r-xp 00036000 08:14 673298                     /usr/lib/libnimMockNodes.so
7face0b05000-7face0b06000 rwxp 00043000 08:14 673298                     /usr/lib/libnimMockNodes.so
7face0b06000-7face0b07000 ---p 00000000 00:00 0 
7face0b07000-7face1307000 rwxp 00000000 00:00 0 
7face1307000-7face1315000 r-xp 00000000 08:14 788754                     /lib/x86_64-linux-gnu/libusb-1.0.so.0.1.0
7face1315000-7face1514000 ---p 0000e000 08:14 788754                     /lib/x86_64-linux-gnu/libusb-1.0.so.0.1.0
7face1514000-7face1515000 r-xp 0000d000 08:14 788754                     /lib/x86_64-linux-gnu/libusb-1.0.so.0.1.0
7face1515000-7face1516000 rwxp 0000e000 08:14 788754                     /lib/x86_64-linux-gnu/libusb-1.0.so.0.1.0
7face1516000-7face152b000 r-xp 00000000 08:14 788672                     /lib/x86_64-linux-gnu/libgcc_s.so.1
7face152b000-7face172a000 ---p 00015000 08:14 788672                     /lib/x86_64-linux-gnu/libgcc_s.so.1
7face172a000-7face172b000 r-xp 00014000 08:14 788672                     /lib/x86_64-linux-gnu/libgcc_s.so.1
7face172b000-7face172c000 rwxp 00015000 08:14 788672                     /lib/x86_64-linux-gnu/libgcc_s.so.1
7face172c000-7face180e000 r-xp 00000000 08:14 662623                     /usr/lib/x86_64-linux-gnu/libstdc++.so.6.0.16
7face180e000-7face1a0d000 ---p 000e2000 08:14 662623                     /usr/lib/x86_64-linux-gnu/libstdc++.so.6.0.16
7face1a0d000-7face1a15000 r-xp 000e1000 08:14 662623                     /usr/lib/x86_64-linux-gnu/libstdc++.so.6.0.16
7face1a15000-7face1a17000 rwxp 000e9000 08:14 662623                     /usr/lib/x86_64-linux-gnu/libstdc++.so.6.0.16
7face1a17000-7face1a2c000 rwxp 00000000 00:00 0 
7face1a2c000-7face1b0f000 r-xp 00000000 08:14 673381                     /usr/lib/libXnVNite_1_5_2.so
7face1b0f000-7face1d0e000 ---p 000e3000 08:14 673381                     /usr/lib/libXnVNite_1_5_2.so
7face1d0e000-7face1d13000 r-xp 000e2000 08:14 673381                     /usr/lib/libXnVNite_1_5_2.so
7face1d13000-7face1d15000 rwxp 000e7000 08:14 673381                     /usr/lib/libXnVNite_1_5_2.so
7face1d15000-7face1d92000 r-xp 00000000 08:14 673301                     /usr/lib/libOpenNI.so
7face1d92000-7face1f91000 ---p 0007d000 08:14 673301                     /usr/lib/libOpenNI.so
7face1f91000-7face1f94000 r-xp 0007c000 08:14 673301                     /usr/lib/libOpenNI.so
7face1f94000-7face1f97000 rwxp 0007f000 08:14 673301                     /usr/lib/libOpenNI.so
7face1f97000-7face1f98000 rwxp 00000000 00:00 0 
7face1f98000-7face204e000 r-xp 00000000 08:15 2627742                    /home/jailbirt/workspace/processingKinectExamples/libs/simpleOpenNi/library/library/libSimpleOpenNI64.so
7face204e000-7face224e000 ---p 000b6000 08:15 2627742                    /home/jailbirt/workspace/processingKinectExamples/libs/simpleOpenNi/library/library/libSimpleOpenNI64.so
7face224e000-7face2252000 r-xp 000b6000 08:15 2627742                    /home/jailbirt/workspace/processingKinectExamples/libs/simpleOpenNi/library/library/libSimpleOpenNI64.so
7face2252000-7face2255000 rwxp 000ba000 08:15 2627742                    /home/jailbirt/workspace/processingKinectExamples/libs/simpleOpenNi/library/library/libSimpleOpenNI64.so
7face2255000-7face2256000 rwxp 00000000 00:00 0 
7face2256000-7face2259000 ---p 00000000 00:00 0 
7face2259000-7face2357000 rwxp 00000000 00:00 0 
7face2357000-7face235a000 ---p 00000000 00:00 0 
7face235a000-7face2458000 rwxp 00000000 00:00 0 
7face2458000-7face245b000 ---p 00000000 00:00 0 
7face245b000-7face2559000 rwxp 00000000 00:00 0 
7face2559000-7face255c000 ---p 00000000 00:00 0 
7face255c000-7face265a000 rwxp 00000000 00:00 0 
7face265a000-7face2662000 r-xp 00000000 08:14 662127                     /usr/lib/x86_64-linux-gnu/libXrandr.so.2.2.0
7face2662000-7face2861000 ---p 00008000 08:14 662127                     /usr/lib/x86_64-linux-gnu/libXrandr.so.2.2.0
7face2861000-7face2862000 r-xp 00007000 08:14 662127                     /usr/lib/x86_64-linux-gnu/libXrandr.so.2.2.0
7face2862000-7face2863000 rwxp 00008000 08:14 662127                     /usr/lib/x86_64-linux-gnu/libXrandr.so.2.2.0
7face2863000-7face2866000 ---p 00000000 00:00 0 
7face2866000-7face2964000 rwxp 00000000 00:00 0 
7face2964000-7face2969000 r-xp 00000000 08:14 662111                     /usr/lib/x86_64-linux-gnu/libXfixes.so.3.1.0
7face2969000-7face2b68000 ---p 00005000 08:14 662111                     /usr/lib/x86_64-linux-gnu/libXfixes.so.3.1.0
7face2b68000-7face2b69000 r-xp 00004000 08:14 662111                     /usr/lib/x86_64-linux-gnu/libXfixes.so.3.1.0
7face2b69000-7face2b6a000 rwxp 00005000 08:14 662111                     /usr/lib/x86_64-linux-gnu/libXfixes.so.3.1.0
7face2b6a000-7face2b73000 r-xp 00000000 08:14 662129                     /usr/lib/x86_64-linux-gnu/libXrender.so.1.3.0
7face2b73000-7face2d72000 ---p 00009000 08:14 662129                     /usr/lib/x86_64-linux-gnu/libXrender.so.1.3.0
7face2d72000-7face2d73000 r-xp 00008000 08:14 662129                     /usr/lib/x86_64-linux-gnu/libXrender.so.1.3.0
7face2d73000-7face2d74000 rwxp 00009000 08:14 662129                     /usr/lib/x86_64-linux-gnu/libXrender.so.1.3.0
7face2d74000-7face2d7d000 r-xp 00000000 08:14 662103                     /usr/lib/x86_64-linux-gnu/libXcursor.so.1.0.2
7face2d7d000-7face2f7c000 ---p 00009000 08:14 662103                     /usr/lib/x86_64-linux-gnu/libXcursor.so.1.0.2
7face2f7c000-7face2f7d000 r-xp 00008000 08:14 662103                     /usr/lib/x86_64-linux-gnu/libXcursor.so.1.0.2
7face2f7d000-7face2f7e000 rwxp 00009000 08:14 662103                     /usr/lib/x86_64-linux-gnu/libXcursor.so.1.0.2
7face2f7e000-7face2f81000 ---p 00000000 00:00 0 
7face2f81000-7face307f000 rwxp 00000000 00:00 0 
7face307f000-7face3084000 r-xp 00000000 08:14 662107                     /usr/lib/x86_64-linux-gnu/libXdmcp.so.6.0.0
7face3084000-7face3283000 ---p 00005000 08:14 662107                     /usr/lib/x86_64-linux-gnu/libXdmcp.so.6.0.0
7face3283000-7face3284000 r-xp 00004000 08:14 662107                     /usr/lib/x86_64-linux-gnu/libXdmcp.so.6.0.0
7face3284000-7face3285000 rwxp 00005000 08:14 662107                     /usr/lib/x86_64-linux-gnu/libXdmcp.so.6.0.0
7face3285000-7face3287000 r-xp 00000000 08:14 662096                     /usr/lib/x86_64-linux-gnu/libXau.so.6.0.0
7face3287000-7face3486000 ---p 00002000 08:14 662096                     /usr/lib/x86_64-linux-gnu/libXau.so.6.0.0
7face3486000-7face3487000 r-xp 00001000 08:14 662096                     /usr/lib/x86_64-linux-gnu/libXau.so.6.0.0
7face3487000-7face3488000 rwxp 00002000 08:14 662096                     /usr/lib/x86_64-linux-gnu/libXau.so.6.0.0
7face3488000-7face34a5000 r-xp 00000000 08:14 662695                     /usr/lib/x86_64-linux-gnu/libxcb.so.1.1.0
7face34a5000-7face36a4000 ---p 0001d000 08:14 662695                     /usr/lib/x86_64-linux-gnu/libxcb.so.1.1.0
7face36a4000-7face36a5000 r-xp 0001c000 08:14 662695                     /usr/lib/x86_64-linux-gnu/libxcb.so.1.1.0
7face36a5000-7face36a6000 rwxp 0001d000 08:14 662695                     /usr/lib/x86_64-linux-gnu/libxcb.so.1.1.0
7face36a6000-7face36b4000 r-xp 00000000 08:14 662115                     /usr/lib/x86_64-linux-gnu/libXi.so.6.1.0
7face36b4000-7face38b3000 ---p 0000e000 08:14 662115                     /usr/lib/x86_64-linux-gnu/libXi.so.6.1.0
7face38b3000-7face38b4000 r-xp 0000d000 08:14 662115                     /usr/lib/x86_64-linux-gnu/libXi.so.6.1.0
7face38b4000-7face38b5000 rwxp 0000e000 08:14 662115                     /usr/lib/x86_64-linux-gnu/libXi.so.6.1.0
7face38b5000-7face38ba000 r-xp 00000000 08:14 662133                     /usr/lib/x86_64-linux-gnu/libXtst.so.6.1.0
7face38ba000-7face3ab9000 ---p 00005000 08:14 662133                     /usr/lib/x86_64-linux-gnu/libXtst.so.6.1.0
7face3ab9000-7face3aba000 r-xp 00004000 08:14 662133                     /usr/lib/x86_64-linux-gnu/libXtst.so.6.1.0
7face3aba000-7face3abb000 rwxp 00005000 08:14 662133                     /usr/lib/x86_64-linux-gnu/libXtst.so.6.1.0
7face3abb000-7face3bea000 r-xp 00000000 08:14 662094                     /usr/lib/x86_64-linux-gnu/libX11.so.6.3.0
7face3bea000-7face3dea000 ---p 0012f000 08:14 662094                     /usr/lib/x86_64-linux-gnu/libX11.so.6.3.0
7face3dea000-7face3deb000 r-xp 0012f000 08:14 662094                     /usr/lib/x86_64-linux-gnu/libX11.so.6.3.0
7face3deb000-7face3def000 rwxp 00130000 08:14 662094                     /usr/lib/x86_64-linux-gnu/libX11.so.6.3.0
7face3def000-7face3dff000 r-xp 00000000 08:14 662109                     /usr/lib/x86_64-linux-gnu/libXext.so.6.4.0
7face3dff000-7face3ffe000 ---p 00010000 08:14 662109                     /usr/lib/x86_64-linux-gnu/libXext.so.6.4.0
7face3ffe000-7face3fff000 r-xp 0000f000 08:14 662109                     /usr/lib/x86_64-linux-gnu/libXext.so.6.4.0
7face3fff000-7face4000000 rwxp 00010000 08:14 662109                     /usr/lib/x86_64-linux-gnu/libXext.so.6.4.0
7face4000000-7face432e000 rwxp 00000000 00:00 0 
7face432e000-7face8000000 ---p 00000000 00:00 0 
7face8000000-7face8021000 rwxp 00000000 00:00 0 
7face8021000-7facec000000 ---p 00000000 00:00 0 
7facec000000-7facec021000 rwxp 00000000 00:00 0 
7facec021000-7facf0000000 ---p 00000000 00:00 0 
7facf0000000-7facf023a000 rwxp 00000000 00:00 0 
7facf023a000-7facf4000000 ---p 00000000 00:00 0 
7facf4000000-7facf4021000 rwxp 00000000 00:00 0 
7facf4021000-7facf8000000 ---p 00000000 00:00 0 
7facf8000000-7facf8021000 rwxp 00000000 00:00 0 
7facf8021000-7facfc000000 ---p 00000000 00:00 0 
7facfc000000-7facfc021000 rwxp 00000000 00:00 0 
7facfc021000-7fad00000000 ---p 00000000 00:00 0 
7fad00000000-7fad00021000 rwxp 00000000 00:00 0 
7fad00021000-7fad04000000 ---p 00000000 00:00 0 
7fad04000000-7fad04021000 rwxp 00000000 00:00 0 
7fad04021000-7fad08000000 ---p 00000000 00:00 0 
7fad08000000-7fad08021000 rwxp 00000000 00:00 0 
7fad08021000-7fad0c000000 ---p 00000000 00:00 0 
7fad0c000000-7fad0c021000 rwxp 00000000 00:00 0 
7fad0c021000-7fad10000000 ---p 00000000 00:00 0 
7fad10000000-7fad10021000 rwxp 00000000 00:00 0 
7fad10021000-7fad14000000 ---p 00000000 00:00 0 
7fad14000000-7fad14021000 rwxp 00000000 00:00 0 
7fad14021000-7fad18000000 ---p 00000000 00:00 0 
7fad18000000-7fad18021000 rwxp 00000000 00:00 0 
7fad18021000-7fad1c000000 ---p 00000000 00:00 0 
7fad1c000000-7fad1c021000 rwxp 00000000 00:00 0 
7fad1c021000-7fad20000000 ---p 00000000 00:00 0 
7fad2005d000-7fad200d6000 r-xp 00000000 08:14 1454604                    /usr/lib/jvm/jre/lib/amd64/libfontmanager.so
7fad200d6000-7fad201d5000 ---p 00079000 08:14 1454604                    /usr/lib/jvm/jre/lib/amd64/libfontmanager.so
7fad201d5000-7fad201ea000 rwxp 00078000 08:14 1454604                    /usr/lib/jvm/jre/lib/amd64/libfontmanager.so
7fad201ea000-7fad201fc000 rwxp 00000000 00:00 0 
7fad201fc000-7fad2023e000 r-xp 00000000 08:14 1571968                    /usr/lib/jvm/jre/lib/amd64/xawt/libmawt.so
7fad2023e000-7fad2033d000 ---p 00042000 08:14 1571968                    /usr/lib/jvm/jre/lib/amd64/xawt/libmawt.so
7fad2033d000-7fad20349000 rwxp 00041000 08:14 1571968                    /usr/lib/jvm/jre/lib/amd64/xawt/libmawt.so
7fad20349000-7fad2034a000 rwxp 00000000 00:00 0 
7fad2034a000-7fad203dc000 r-xp 00000000 08:14 1454608                    /usr/lib/jvm/jre/lib/amd64/libawt.so
7fad203dc000-7fad204db000 ---p 00092000 08:14 1454608                    /usr/lib/jvm/jre/lib/amd64/libawt.so
7fad204db000-7fad204f5000 rwxp 00091000 08:14 1454608                    /usr/lib/jvm/jre/lib/amd64/libawt.so
7fad204f5000-7fad20519000 rwxp 00000000 00:00 0 
7fad20519000-7fad2051a000 ---p 00000000 00:00 0 
7fad2051a000-7fad2061a000 rwxp 00000000 00:00 0 
7fad2061a000-7fad2061d000 ---p 00000000 00:00 0 
7fad2061d000-7fad2071b000 rwxp 00000000 00:00 0 
7fad2071b000-7fad2071e000 ---p 00000000 00:00 0 
7fad2071e000-7fad2081c000 rwxp 00000000 00:00 0 
7fad2081c000-7fad2081f000 ---p 00000000 00:00 0 
7fad2081f000-7fad2091d000 rwxp 00000000 00:00 0 
7fad2091d000-7fad21000000 r-xp 00000000 08:14 661138                     /usr/lib/locale/locale-archive
7fad21000000-7fad21270000 rwxp 00000000 00:00 0 
7fad21270000-7fad242ef000 rwxp 00000000 00:00 0 
7fad242ef000-7fad28000000 ---p 00000000 00:00 0 
7fad28043000-7fad28044000 rwxp 00000000 00:00 0 
7fad28044000-7fad28047000 r-xs 00022000 08:15 2247532                    /home/jailbirt/workspace/processingKinectExamples/libs/simpleOpenNi/SimpleOpenNI.jar
7fad28047000-7fad28048000 r-xs 00001000 08:15 3674536                    /home/jailbirt/workspace/processingKinectExamples/libs/net/net.jar
7fad28048000-7fad2804a000 r-xs 00008000 08:15 3674360                    /home/jailbirt/workspace/processingKinectExamples/libs/peasycam/library/peasycam.jar
7fad2804a000-7fad2804b000 r-xs 00005000 08:15 2495492                    /home/jailbirt/workspace/processingKinectExamples/libs/OBJLoader/library/OBJLoader.jar
7fad2804b000-7fad2804e000 r-xs 00017000 08:15 2490784                    /home/jailbirt/workspace/processingKinectExamples/libs/minim/tritonus_share.jar
7fad2804e000-7fad2804f000 r-xs 00002000 08:15 2490783                    /home/jailbirt/workspace/processingKinectExamples/libs/minim/tritonus_aos.jar
7fad2804f000-7fad28050000 r-xs 00005000 08:15 2490782                    /home/jailbirt/workspace/processingKinectExamples/libs/minim/mp3spi1.9.4.jar
7fad28050000-7fad28052000 r-xs 0000d000 08:15 2490781                    /home/jailbirt/workspace/processingKinectExamples/libs/minim/minim.jar
7fad28052000-7fad28053000 r-xs 00000000 08:15 2490780                    /home/jailbirt/workspace/processingKinectExamples/libs/minim/minim-spi.jar
7fad28053000-7fad28054000 r-xs 0000b000 08:15 2490779                    /home/jailbirt/workspace/processingKinectExamples/libs/minim/jsminim.jar
7fad28054000-7fad28057000 r-xs 00017000 08:15 2490772                    /home/jailbirt/workspace/processingKinectExamples/libs/minim/jl1.0.jar
7fad28057000-7fad28058000 r-xs 00003000 08:15 2247358                    /home/jailbirt/workspace/processingKinectExamples/libs/openGL/opengl.jar
7fad28058000-7fad28063000 r-xs 00108000 08:15 2247356                    /home/jailbirt/workspace/processingKinectExamples/libs/openGL/jogl.jar
7fad28063000-7fad28064000 r-xs 00004000 08:15 2247355                    /home/jailbirt/workspace/processingKinectExamples/libs/openGL/gluegen-rt.jar
7fad28064000-7fad28065000 r-xs 00000000 08:16 1707334                    /var/cache/fontconfig/c05880de57d1f5e948fdfacc138775d9-le64.cache-3
7fad28065000-7fad2806e000 r-xs 00000000 08:16 1707329                    /var/cache/fontconfig/945677eb7aeaf62f1d50efc3fb3ec7d8-le64.cache-3
7fad2806e000-7fad28070000 r-xs 00000000 08:16 1707330                    /var/cache/fontconfig/99e8ed0e538f840c565b6ed5dad60d56-le64.cache-3
7fad28070000-7fad28078000 r-xs 00000000 08:16 1707943                    /var/cache/fontconfig/a6d8cf8e4ec09cdbc8633c31745a07dd-le64.cache-3
7fad28078000-7fad2807c000 r-xs 00000000 08:16 1707316                    /var/cache/fontconfig/2cd17615ca594fa2959ae173292e504c-le64.cache-3
7fad2807c000-7fad2807d000 r-xs 00000000 08:16 1707341                    /var/cache/fontconfig/e7071f4a29fa870f4323321c154eba04-le64.cache-3
7fad2807d000-7fad2807e000 r-xs 00000000 08:16 1707314                    /var/cache/fontconfig/0d8c3b2ac0904cb8a57a757ad11a4a08-le64.cache-3
7fad2807e000-7fad28084000 r-xs 00000000 08:16 1707331                    /var/cache/fontconfig/a755afe4a08bf5b97852ceb7400b47bc-le64.cache-3
7fad28084000-7fad28088000 r-xs 00000000 08:16 1707325                    /var/cache/fontconfig/6d41288fd70b0be22e8c3a91e032eec0-le64.cache-3
7fad28088000-7fad28098000 r-xs 00000000 08:16 1707313                    /var/cache/fontconfig/04aabc0a78ac019cf9454389977116d2-le64.cache-3
7fad28098000-7fad2809b000 r-xs 00000000 08:16 1707319                    /var/cache/fontconfig/385c0604a188198f04d133e54aba7fe7-le64.cache-3
7fad2809b000-7fad2809c000 r-xs 00000000 08:16 1707336                    /var/cache/fontconfig/4794a0821666d79190d59a36cb4f44b5-le64.cache-3
7fad2809c000-7fad2809f000 r-xs 00000000 08:16 1707328                    /var/cache/fontconfig/8801497958630a81b71ace7c5f9b32a8-le64.cache-3
7fad2809f000-7fad280af000 r-xs 00000000 08:16 1707337                    /var/cache/fontconfig/d52a8644073d54c13679302ca1180695-le64.cache-3
7fad280af000-7fad280b2000 ---p 00000000 00:00 0 
7fad280b2000-7fad281b0000 rwxp 00000000 00:00 0 
7fad281b0000-7fad281b3000 ---p 00000000 00:00 0 
7fad281b3000-7fad282b1000 rwxp 00000000 00:00 0 
7fad282b1000-7fad282b4000 ---p 00000000 00:00 0 
7fad282b4000-7fad283b2000 rwxp 00000000 00:00 0 
7fad283b2000-7fad283b3000 ---p 00000000 00:00 0 
7fad283b3000-7fad28df0000 rwxp 00000000 00:00 0 
7fad28df0000-7fad28f87000 r-xs 03079000 08:14 1454726                    /usr/lib/jvm/jre/lib/rt.jar
7fad28f87000-7fad28faf000 rwxp 00000000 00:00 0 
7fad28faf000-7fad28fb0000 ---p 00000000 00:00 0 
7fad28fb0000-7fad290b0000 rwxp 00000000 00:00 0 
7fad290b0000-7fad290b1000 ---p 00000000 00:00 0 
7fad290b1000-7fad291b1000 rwxp 00000000 00:00 0 
7fad291b1000-7fad291b2000 ---p 00000000 00:00 0 
7fad291b2000-7fad292b2000 rwxp 00000000 00:00 0 
7fad292b2000-7fad292b3000 ---p 00000000 00:00 0 
7fad292b3000-7fad293b3000 rwxp 00000000 00:00 0 
7fad293b3000-7fad293b4000 ---p 00000000 00:00 0 
7fad293b4000-7fad294b4000 rwxp 00000000 00:00 0 
7fad294b4000-7fad294b5000 ---p 00000000 00:00 0 
7fad294b5000-7fad295b5000 rwxp 00000000 00:00 0 
7fad295b5000-7fad295b6000 ---p 00000000 00:00 0 
7fad295b6000-7fad296b6000 rwxp 00000000 00:00 0 
7fad296b6000-7fad296b7000 ---p 00000000 00:00 0 
7fad296b7000-7fad297c2000 rwxp 00000000 00:00 0 
7fad297c2000-7fad297e0000 rwxp 00000000 00:00 0 
7fad297e0000-7fad2981f000 rwxp 00000000 00:00 0 
7fad2981f000-7fad29bc9000 rwxp 00000000 00:00 0 
7fad29bc9000-7fad29bd4000 rwxp 00000000 00:00 0 
7fad29bd4000-7fad29bf2000 rwxp 00000000 00:00 0 
7fad29bf2000-7fad29c31000 rwxp 00000000 00:00 0 
7fad29c31000-7fad29fda000 rwxp 00000000 00:00 0 
7fad29fda000-7fad29ffa000 rwxp 00000000 00:00 0 
7fad29ffa000-7fad2a1cf000 rwxp 00000000 00:00 0 
7fad2a1cf000-7fad2a1d0000 rwxp 00000000 00:00 0 
7fad2a1d0000-7fad2a1de000 r-xp 00000000 08:14 1454610                    /usr/lib/jvm/jre/lib/amd64/libzip.so
7fad2a1de000-7fad2a2e0000 ---p 0000e000 08:14 1454610                    /usr/lib/jvm/jre/lib/amd64/libzip.so
7fad2a2e0000-7fad2a2e3000 rwxp 00010000 08:14 1454610                    /usr/lib/jvm/jre/lib/amd64/libzip.so
7fad2a2e3000-7fad2a2e4000 rwxp 00000000 00:00 0 
7fad2a2e4000-7fad2a2f0000 r-xp 00000000 08:14 788702                     /lib/x86_64-linux-gnu/libnss_files-2.15.so
7fad2a2f0000-7fad2a4ef000 ---p 0000c000 08:14 788702                     /lib/x86_64-linux-gnu/libnss_files-2.15.so
7fad2a4ef000-7fad2a4f0000 r-xp 0000b000 08:14 788702                     /lib/x86_64-linux-gnu/libnss_files-2.15.so
7fad2a4f0000-7fad2a4f1000 rwxp 0000c000 08:14 788702                     /lib/x86_64-linux-gnu/libnss_files-2.15.so
7fad2a4f1000-7fad2a4fb000 r-xp 00000000 08:14 788706                     /lib/x86_64-linux-gnu/libnss_nis-2.15.so
7fad2a4fb000-7fad2a6fb000 ---p 0000a000 08:14 788706                     /lib/x86_64-linux-gnu/libnss_nis-2.15.so
7fad2a6fb000-7fad2a6fc000 r-xp 0000a000 08:14 788706                     /lib/x86_64-linux-gnu/libnss_nis-2.15.so
7fad2a6fc000-7fad2a6fd000 rwxp 0000b000 08:14 788706                     /lib/x86_64-linux-gnu/libnss_nis-2.15.so
7fad2a6fd000-7fad2a705000 r-xp 00000000 08:14 788698                     /lib/x86_64-linux-gnu/libnss_compat-2.15.so
7fad2a705000-7fad2a904000 ---p 00008000 08:14 788698                     /lib/x86_64-linux-gnu/libnss_compat-2.15.so
7fad2a904000-7fad2a905000 r-xp 00007000 08:14 788698                     /lib/x86_64-linux-gnu/libnss_compat-2.15.so
7fad2a905000-7fad2a906000 rwxp 00008000 08:14 788698                     /lib/x86_64-linux-gnu/libnss_compat-2.15.so
7fad2a906000-7fad2a91d000 r-xp 00000000 08:14 788696                     /lib/x86_64-linux-gnu/libnsl-2.15.so
7fad2a91d000-7fad2ab1c000 ---p 00017000 08:14 788696                     /lib/x86_64-linux-gnu/libnsl-2.15.so
7fad2ab1c000-7fad2ab1d000 r-xp 00016000 08:14 788696                     /lib/x86_64-linux-gnu/libnsl-2.15.so
7fad2ab1d000-7fad2ab1e000 rwxp 00017000 08:14 788696                     /lib/x86_64-linux-gnu/libnsl-2.15.so
7fad2ab1e000-7fad2ab20000 rwxp 00000000 00:00 0 
7fad2ab20000-7fad2ab49000 r-xp 00000000 08:14 1450954                    /usr/lib/jvm/jre/lib/amd64/libjava.so
7fad2ab49000-7fad2ac48000 ---p 00029000 08:14 1450954                    /usr/lib/jvm/jre/lib/amd64/libjava.so
7fad2ac48000-7fad2ac4f000 rwxp 00028000 08:14 1450954                    /usr/lib/jvm/jre/lib/amd64/libjava.so
7fad2ac4f000-7fad2ac5c000 r-xp 00000000 08:14 1450959                    /usr/lib/jvm/jre/lib/amd64/libverify.so
7fad2ac5c000-7fad2ad5b000 ---p 0000d000 08:14 1450959                    /usr/lib/jvm/jre/lib/amd64/libverify.so
7fad2ad5b000-7fad2ad5e000 rwxp 0000c000 08:14 1450959                    /usr/lib/jvm/jre/lib/amd64/libverify.so
7fad2ad5e000-7fad2ad65000 r-xp 00000000 08:14 788737                     /lib/x86_64-linux-gnu/librt-2.15.so
7fad2ad65000-7fad2af64000 ---p 00007000 08:14 788737                     /lib/x86_64-linux-gnu/librt-2.15.so
7fad2af64000-7fad2af65000 r-xp 00006000 08:14 788737                     /lib/x86_64-linux-gnu/librt-2.15.so
7fad2af65000-7fad2af66000 rwxp 00007000 08:14 788737                     /lib/x86_64-linux-gnu/librt-2.15.so
7fad2af66000-7fad2af69000 ---p 00000000 00:00 0 
7fad2af69000-7fad2b067000 rwxp 00000000 00:00 0 
7fad2b067000-7fad2b160000 r-xp 00000000 08:14 788683                     /lib/x86_64-linux-gnu/libm-2.15.so
7fad2b160000-7fad2b35f000 ---p 000f9000 08:14 788683                     /lib/x86_64-linux-gnu/libm-2.15.so
7fad2b35f000-7fad2b360000 r-xp 000f8000 08:14 788683                     /lib/x86_64-linux-gnu/libm-2.15.so
7fad2b360000-7fad2b361000 rwxp 000f9000 08:14 788683                     /lib/x86_64-linux-gnu/libm-2.15.so
7fad2b361000-7fad2bc7c000 r-xp 00000000 08:14 2100299                    /usr/lib/jvm/jre/lib/amd64/server/libjvm.so
7fad2bc7c000-7fad2bd7d000 ---p 0091b000 08:14 2100299                    /usr/lib/jvm/jre/lib/amd64/server/libjvm.so
7fad2bd7d000-7fad2bf32000 rwxp 0091c000 08:14 2100299                    /usr/lib/jvm/jre/lib/amd64/server/libjvm.so
7fad2bf32000-7fad2bf6c000 rwxp 00000000 00:00 0 
7fad2bf6c000-7fad2c11f000 r-xp 00000000 08:14 788651                     /lib/x86_64-linux-gnu/libc-2.15.so
7fad2c11f000-7fad2c31e000 ---p 001b3000 08:14 788651                     /lib/x86_64-linux-gnu/libc-2.15.so
7fad2c31e000-7fad2c322000 r-xp 001b2000 08:14 788651                     /lib/x86_64-linux-gnu/libc-2.15.so
7fad2c322000-7fad2c324000 rwxp 001b6000 08:14 788651                     /lib/x86_64-linux-gnu/libc-2.15.so
7fad2c324000-7fad2c329000 rwxp 00000000 00:00 0 
7fad2c329000-7fad2c32b000 r-xp 00000000 08:14 788664                     /lib/x86_64-linux-gnu/libdl-2.15.so
7fad2c32b000-7fad2c52b000 ---p 00002000 08:14 788664                     /lib/x86_64-linux-gnu/libdl-2.15.so
7fad2c52b000-7fad2c52c000 r-xp 00002000 08:14 788664                     /lib/x86_64-linux-gnu/libdl-2.15.so
7fad2c52c000-7fad2c52d000 rwxp 00003000 08:14 788664                     /lib/x86_64-linux-gnu/libdl-2.15.so
7fad2c52d000-7fad2c545000 r-xp 00000000 08:14 788731                     /lib/x86_64-linux-gnu/libpthread-2.15.so
7fad2c545000-7fad2c744000 ---p 00018000 08:14 788731                     /lib/x86_64-linux-gnu/libpthread-2.15.so
7fad2c744000-7fad2c745000 r-xp 00017000 08:14 788731                     /lib/x86_64-linux-gnu/libpthread-2.15.so
7fad2c745000-7fad2c746000 rwxp 00018000 08:14 788731                     /lib/x86_64-linux-gnu/libpthread-2.15.so
7fad2c746000-7fad2c74a000 rwxp 00000000 00:00 0 
7fad2c74a000-7fad2c76c000 r-xp 00000000 08:14 788631                     /lib/x86_64-linux-gnu/ld-2.15.so
7fad2c76c000-7fad2c771000 r-xs 00000000 08:16 1707317                    /var/cache/fontconfig/3047814df9a2f067bd2d96a2b9c36e5a-le64.cache-3
7fad2c771000-7fad2c772000 r-xs 00000000 08:16 1707322                    /var/cache/fontconfig/56cf4f4769d0f4abc89a4895d7bd3ae1-le64.cache-3
7fad2c772000-7fad2c773000 r-xs 00000000 08:16 1707333                    /var/cache/fontconfig/b9d506c9ac06c20b433354fa67a72993-le64.cache-3
7fad2c773000-7fad2c779000 r-xs 00000000 08:16 1708054                    /var/cache/fontconfig/3f7329c5293ffd510edef78f73874cfd-le64.cache-3
7fad2c779000-7fad2c784000 r-xs 00000000 08:16 1707971                    /var/cache/fontconfig/e13b20fdb08344e0e664864cc2ede53d-le64.cache-3
7fad2c784000-7fad2c78e000 rwxp 00000000 00:00 0 
7fad2c78e000-7fad2c844000 rwxp 00000000 00:00 0 
7fad2c844000-7fad2c847000 rwxp 00000000 00:00 0 
7fad2c847000-7fad2c84e000 r-xp 00000000 08:14 1967149                    /usr/lib/jvm/jre/lib/amd64/jli/libjli.so
7fad2c84e000-7fad2c94f000 ---p 00007000 08:14 1967149                    /usr/lib/jvm/jre/lib/amd64/jli/libjli.so
7fad2c94f000-7fad2c951000 rwxp 00008000 08:14 1967149                    /usr/lib/jvm/jre/lib/amd64/jli/libjli.so
7fad2c951000-7fad2c952000 rwxp 00000000 00:00 0 
7fad2c952000-7fad2c957000 r-xs 00000000 08:16 1707332                    /var/cache/fontconfig/b47c4e1ecd0709278f4910c18777a504-le64.cache-3
7fad2c957000-7fad2c95b000 r-xs 00000000 08:16 1707942                    /var/cache/fontconfig/7ef2298fde41cc6eeb7af42e48b7d293-le64.cache-3
7fad2c95b000-7fad2c95d000 r-xs 0002b000 08:15 2247352                    /home/jailbirt/workspace/processingKinectExamples/libs/core.jar
7fad2c95d000-7fad2c960000 r-xs 0000f000 08:14 1577185                    /usr/lib/jvm/jre/lib/ext/pulse-java.jar
7fad2c960000-7fad2c968000 rwxs 00000000 08:14 524301                     /tmp/hsperfdata_jailbirt/8323
7fad2c968000-7fad2c969000 rwxp 00000000 00:00 0 
7fad2c969000-7fad2c96a000 r-xp 00000000 00:00 0 
7fad2c96a000-7fad2c96c000 rwxp 00000000 00:00 0 
7fad2c96c000-7fad2c96d000 r-xp 00022000 08:14 788631                     /lib/x86_64-linux-gnu/ld-2.15.so
7fad2c96d000-7fad2c96f000 rwxp 00023000 08:14 788631                     /lib/x86_64-linux-gnu/ld-2.15.so
7fffe6b86000-7fffe6ba8000 rwxp 00000000 00:00 0                          [stack]
7fffe6bff000-7fffe6c00000 r-xp 00000000 00:00 0                          [vdso]
ffffffffff600000-ffffffffff601000 r-xp 00000000 00:00 0                  [vsyscall]

VM Arguments:
jvm_args: -Djava.library.path=/home/jailbirt/workspace/processingKinectExamples/libs/openGL/linux64:/home/jailbirt/workspace/processingKinectExamples/libs/openGL/linux64:/home/jailbirt/workspace/processingKinectExamples/libs/simpleOpenNi/library/library -Dfile.encoding=UTF-8 
java_command: userTracking.main
Launcher Type: SUN_STANDARD

Environment Variables:
PATH=/usr/lib/lightdm/lightdm:/usr/local/sbin:/usr/local/bin:/usr/sbin:/usr/bin:/sbin:/bin:/usr/games
LD_LIBRARY_PATH=/usr/lib/jvm/jre/lib/amd64/server:/usr/lib/jvm/jre/lib/amd64:/usr/lib/jvm/jre/../lib/amd64
SHELL=/bin/bash
DISPLAY=:0.0

Signal Handlers:
SIGSEGV: [libjvm.so+0x8602a0], sa_mask[0]=0x7ffbfeff, sa_flags=0x10000004
SIGBUS: [libjvm.so+0x8602a0], sa_mask[0]=0x7ffbfeff, sa_flags=0x10000004
SIGFPE: [libjvm.so+0x70ef10], sa_mask[0]=0x7ffbfeff, sa_flags=0x10000004
SIGPIPE: [libjvm.so+0x70ef10], sa_mask[0]=0x7ffbfeff, sa_flags=0x10000004
SIGXFSZ: [libjvm.so+0x70ef10], sa_mask[0]=0x7ffbfeff, sa_flags=0x10000004
SIGILL: [libjvm.so+0x70ef10], sa_mask[0]=0x7ffbfeff, sa_flags=0x10000004
SIGUSR1: SIG_DFL, sa_mask[0]=0x00000000, sa_flags=0x00000000
SIGUSR2: [libjvm.so+0x711d40], sa_mask[0]=0x00000004, sa_flags=0x10000004
SIGHUP: [libjvm.so+0x711940], sa_mask[0]=0x7ffbfeff, sa_flags=0x10000004
SIGINT: [libjvm.so+0x711940], sa_mask[0]=0x7ffbfeff, sa_flags=0x10000004
SIGTERM: [libjvm.so+0x711940], sa_mask[0]=0x7ffbfeff, sa_flags=0x10000004
SIGQUIT: [libjvm.so+0x711940], sa_mask[0]=0x7ffbfeff, sa_flags=0x10000004


---------------  S Y S T E M  ---------------

OS:wheezy/sid

uname:Linux 3.2.0-26-generic #41-Ubuntu SMP Thu Jun 14 17:49:24 UTC 2012 x86_64
libc:glibc 2.15 NPTL 2.15 
rlimit: STACK 8192k, CORE 0k, NPROC 95824, NOFILE 4096, AS infinity
load average:0.70 0.59 0.55

/proc/meminfo:
MemTotal:       12290156 kB
MemFree:         8647652 kB
Buffers:          115884 kB
Cached:          2069624 kB
SwapCached:            0 kB
Active:          1969220 kB
Inactive:        1342216 kB
Active(anon):    1127856 kB
Inactive(anon):     7796 kB
Active(file):     841364 kB
Inactive(file):  1334420 kB
Unevictable:           0 kB
Mlocked:               0 kB
SwapTotal:       8388604 kB
SwapFree:        8388604 kB
Dirty:               276 kB
Writeback:             0 kB
AnonPages:       1126628 kB
Mapped:           170944 kB
Shmem:              9736 kB
Slab:             103744 kB
SReclaimable:      65384 kB
SUnreclaim:        38360 kB
KernelStack:        4000 kB
PageTables:        33004 kB
NFS_Unstable:          0 kB
Bounce:                0 kB
WritebackTmp:          0 kB
CommitLimit:    14533680 kB
Committed_AS:    3259188 kB
VmallocTotal:   34359738367 kB
VmallocUsed:      181436 kB
VmallocChunk:   34359523836 kB
HardwareCorrupted:     0 kB
AnonHugePages:         0 kB
HugePages_Total:       0
HugePages_Free:        0
HugePages_Rsvd:        0
HugePages_Surp:        0
Hugepagesize:       2048 kB
DirectMap4k:      597824 kB
DirectMap2M:    11968512 kB


CPU:total 8 (4 cores per cpu, 2 threads per core) family 6 model 42 stepping 7, cmov, cx8, fxsr, mmx, sse, sse2, sse3, ssse3, sse4.1, sse4.2, popcnt, ht

/proc/cpuinfo:
processor	: 0
vendor_id	: GenuineIntel
cpu family	: 6
model		: 42
model name	: Intel(R) Core(TM) i7-2600 CPU @ 3.40GHz
stepping	: 7
microcode	: 0x14
cpu MHz		: 1600.000
cache size	: 8192 KB
physical id	: 0
siblings	: 8
core id		: 0
cpu cores	: 4
apicid		: 0
initial apicid	: 0
fpu		: yes
fpu_exception	: yes
cpuid level	: 13
wp		: yes
flags		: fpu vme de pse tsc msr pae mce cx8 apic sep mtrr pge mca cmov pat pse36 clflush dts acpi mmx fxsr sse sse2 ss ht tm pbe syscall nx rdtscp lm constant_tsc arch_perfmon pebs bts rep_good nopl xtopology nonstop_tsc aperfmperf pni pclmulqdq dtes64 monitor ds_cpl vmx smx est tm2 ssse3 cx16 xtpr pdcm pcid sse4_1 sse4_2 x2apic popcnt tsc_deadline_timer aes xsave avx lahf_lm ida arat epb xsaveopt pln pts dts tpr_shadow vnmi flexpriority ept vpid
bogomips	: 6784.59
clflush size	: 64
cache_alignment	: 64
address sizes	: 36 bits physical, 48 bits virtual
power management:

processor	: 1
vendor_id	: GenuineIntel
cpu family	: 6
model		: 42
model name	: Intel(R) Core(TM) i7-2600 CPU @ 3.40GHz
stepping	: 7
microcode	: 0x14
cpu MHz		: 1600.000
cache size	: 8192 KB
physical id	: 0
siblings	: 8
core id		: 1
cpu cores	: 4
apicid		: 2
initial apicid	: 2
fpu		: yes
fpu_exception	: yes
cpuid level	: 13
wp		: yes
flags		: fpu vme de pse tsc msr pae mce cx8 apic sep mtrr pge mca cmov pat pse36 clflush dts acpi mmx fxsr sse sse2 ss ht tm pbe syscall nx rdtscp lm constant_tsc arch_perfmon pebs bts rep_good nopl xtopology nonstop_tsc aperfmperf pni pclmulqdq dtes64 monitor ds_cpl vmx smx est tm2 ssse3 cx16 xtpr pdcm pcid sse4_1 sse4_2 x2apic popcnt tsc_deadline_timer aes xsave avx lahf_lm ida arat epb xsaveopt pln pts dts tpr_shadow vnmi flexpriority ept vpid
bogomips	: 6784.26
clflush size	: 64
cache_alignment	: 64
address sizes	: 36 bits physical, 48 bits virtual
power management:

processor	: 2
vendor_id	: GenuineIntel
cpu family	: 6
model		: 42
model name	: Intel(R) Core(TM) i7-2600 CPU @ 3.40GHz
stepping	: 7
microcode	: 0x14
cpu MHz		: 1600.000
cache size	: 8192 KB
physical id	: 0
siblings	: 8
core id		: 2
cpu cores	: 4
apicid		: 4
initial apicid	: 4
fpu		: yes
fpu_exception	: yes
cpuid level	: 13
wp		: yes
flags		: fpu vme de pse tsc msr pae mce cx8 apic sep mtrr pge mca cmov pat pse36 clflush dts acpi mmx fxsr sse sse2 ss ht tm pbe syscall nx rdtscp lm constant_tsc arch_perfmon pebs bts rep_good nopl xtopology nonstop_tsc aperfmperf pni pclmulqdq dtes64 monitor ds_cpl vmx smx est tm2 ssse3 cx16 xtpr pdcm pcid sse4_1 sse4_2 x2apic popcnt tsc_deadline_timer aes xsave avx lahf_lm ida arat epb xsaveopt pln pts dts tpr_shadow vnmi flexpriority ept vpid
bogomips	: 6784.26
clflush size	: 64
cache_alignment	: 64
address sizes	: 36 bits physical, 48 bits virtual
power management:

processor	: 3
vendor_id	: GenuineIntel
cpu family	: 6
model		: 42
model name	: Intel(R) Core(TM) i7-2600 CPU @ 3.40GHz
stepping	: 7
microcode	: 0x14
cpu MHz		: 1600.000
cache size	: 8192 KB
physical id	: 0
siblings	: 8
core id		: 3
cpu cores	: 4
apicid		: 6
initial apicid	: 6
fpu		: yes
fpu_exception	: yes
cpuid level	: 13
wp		: yes
flags		: fpu vme de pse tsc msr pae mce cx8 apic sep mtrr pge mca cmov pat pse36 clflush dts acpi mmx fxsr sse sse2 ss ht tm pbe syscall nx rdtscp lm constant_tsc arch_perfmon pebs bts rep_good nopl xtopology nonstop_tsc aperfmperf pni pclmulqdq dtes64 monitor ds_cpl vmx smx est tm2 ssse3 cx16 xtpr pdcm pcid sse4_1 sse4_2 x2apic popcnt tsc_deadline_timer aes xsave avx lahf_lm ida arat epb xsaveopt pln pts dts tpr_shadow vnmi flexpriority ept vpid
bogomips	: 6784.27
clflush size	: 64
cache_alignment	: 64
address sizes	: 36 bits physical, 48 bits virtual
power management:

processor	: 4
vendor_id	: GenuineIntel
cpu family	: 6
model		: 42
model name	: Intel(R) Core(TM) i7-2600 CPU @ 3.40GHz
stepping	: 7
microcode	: 0x14
cpu MHz		: 3701.000
cache size	: 8192 KB
physical id	: 0
siblings	: 8
core id		: 0
cpu cores	: 4
apicid		: 1
initial apicid	: 1
fpu		: yes
fpu_exception	: yes
cpuid level	: 13
wp		: yes
flags		: fpu vme de pse tsc msr pae mce cx8 apic sep mtrr pge mca cmov pat pse36 clflush dts acpi mmx fxsr sse sse2 ss ht tm pbe syscall nx rdtscp lm constant_tsc arch_perfmon pebs bts rep_good nopl xtopology nonstop_tsc aperfmperf pni pclmulqdq dtes64 monitor ds_cpl vmx smx est tm2 ssse3 cx16 xtpr pdcm pcid sse4_1 sse4_2 x2apic popcnt tsc_deadline_timer aes xsave avx lahf_lm ida arat epb xsaveopt pln pts dts tpr_shadow vnmi flexpriority ept vpid
bogomips	: 6784.26
clflush size	: 64
cache_alignment	: 64
address sizes	: 36 bits physical, 48 bits virtual
power management:

processor	: 5
vendor_id	: GenuineIntel
cpu family	: 6
model		: 42
model name	: Intel(R) Core(TM) i7-2600 CPU @ 3.40GHz
stepping	: 7
microcode	: 0x14
cpu MHz		: 1600.000
cache size	: 8192 KB
physical id	: 0
siblings	: 8
core id		: 1
cpu cores	: 4
apicid		: 3
initial apicid	: 3
fpu		: yes
fpu_exception	: yes
cpuid level	: 13
wp		: yes
flags		: fpu vme de pse tsc msr pae mce cx8 apic sep mtrr pge mca cmov pat pse36 clflush dts acpi mmx fxsr sse sse2 ss ht tm pbe syscall nx rdtscp lm constant_tsc arch_perfmon pebs bts rep_good nopl xtopology nonstop_tsc aperfmperf pni pclmulqdq dtes64 monitor ds_cpl vmx smx est tm2 ssse3 cx16 xtpr pdcm pcid sse4_1 sse4_2 x2apic popcnt tsc_deadline_timer aes xsave avx lahf_lm ida arat epb xsaveopt pln pts dts tpr_shadow vnmi flexpriority ept vpid
bogomips	: 6784.25
clflush size	: 64
cache_alignment	: 64
address sizes	: 36 bits physical, 48 bits virtual
power management:

processor	: 6
vendor_id	: GenuineIntel
cpu family	: 6
model		: 42
model name	: Intel(R) Core(TM) i7-2600 CPU @ 3.40GHz
stepping	: 7
microcode	: 0x14
cpu MHz		: 1600.000
cache size	: 8192 KB
physical id	: 0
siblings	: 8
core id		: 2
cpu cores	: 4
apicid		: 5
initial apicid	: 5
fpu		: yes
fpu_exception	: yes
cpuid level	: 13
wp		: yes
flags		: fpu vme de pse tsc msr pae mce cx8 apic sep mtrr pge mca cmov pat pse36 clflush dts acpi mmx fxsr sse sse2 ss ht tm pbe syscall nx rdtscp lm constant_tsc arch_perfmon pebs bts rep_good nopl xtopology nonstop_tsc aperfmperf pni pclmulqdq dtes64 monitor ds_cpl vmx smx est tm2 ssse3 cx16 xtpr pdcm pcid sse4_1 sse4_2 x2apic popcnt tsc_deadline_timer aes xsave avx lahf_lm ida arat epb xsaveopt pln pts dts tpr_shadow vnmi flexpriority ept vpid
bogomips	: 6784.27
clflush size	: 64
cache_alignment	: 64
address sizes	: 36 bits physical, 48 bits virtual
power management:

processor	: 7
vendor_id	: GenuineIntel
cpu family	: 6
model		: 42
model name	: Intel(R) Core(TM) i7-2600 CPU @ 3.40GHz
stepping	: 7
microcode	: 0x14
cpu MHz		: 3701.000
cache size	: 8192 KB
physical id	: 0
siblings	: 8
core id		: 3
cpu cores	: 4
apicid		: 7
initial apicid	: 7
fpu		: yes
fpu_exception	: yes
cpuid level	: 13
wp		: yes
flags		: fpu vme de pse tsc msr pae mce cx8 apic sep mtrr pge mca cmov pat pse36 clflush dts acpi mmx fxsr sse sse2 ss ht tm pbe syscall nx rdtscp lm constant_tsc arch_perfmon pebs bts rep_good nopl xtopology nonstop_tsc aperfmperf pni pclmulqdq dtes64 monitor ds_cpl vmx smx est tm2 ssse3 cx16 xtpr pdcm pcid sse4_1 sse4_2 x2apic popcnt tsc_deadline_timer aes xsave avx lahf_lm ida arat epb xsaveopt pln pts dts tpr_shadow vnmi flexpriority ept vpid
bogomips	: 6784.26
clflush size	: 64
cache_alignment	: 64
address sizes	: 36 bits physical, 48 bits virtual
power management:



Memory: 4k page, physical 12290156k(8647652k free), swap 8388604k(8388604k free)

vm_info: Java HotSpot(TM) 64-Bit Server VM (20.7-b02) for linux-amd64 JRE (1.6.0_32-b05), built on Apr  5 2012 14:09:59 by "java_re" with gcc 3.2.2 (SuSE Linux)

time: Sun Jul 22 03:34:46 2012
elapsed time: 0 seconds

