#
# A fatal error has been detected by the Java Runtime Environment:
#
#  SIGSEGV (0xb) at pc=0x00007fac12df559d, pid=6513, tid=140377810773760
#
# JRE version: 6.0_32-b05
# Java VM: Java HotSpot(TM) 64-Bit Server VM (20.7-b02 mixed mode linux-amd64 compressed oops)
# Problematic frame:
# C  [libXnVFeatures_1_5_2.so+0x8b59d]  Segmentation::detectionByPoint(bool, std::vector<Vector2D<int>, std::allocator<Vector2D<int> > > const*)+0x8d
#
# If you would like to submit a bug report, please visit:
#   http://java.sun.com/webapps/bugreport/crash.jsp
# The crash happened outside the Java Virtual Machine in native code.
# See problematic frame for where to report the bug.
#

---------------  T H R E A D  ---------------

Current thread (0x00007fac74229800):  JavaThread "Animation Thread" [_thread_in_native, id=6543, stack(0x00007fac417ba000,0x00007fac418bb000)]

siginfo:si_signo=SIGSEGV: si_errno=0, si_code=2 (SEGV_ACCERR), si_addr=0x00007fabfe582c46

Registers:
RAX=0x00000000000000b3, RBX=0x00007fac15330500, RCX=0x00007fabfe573fe0, RDX=0x00000000000000bc
RSP=0x00007fac418b9080, RBP=0x00007fac0b806e60, RSI=0x0000000000007633, RDI=0x00007fac0b806fe0
R8 =0x0000000000000000, R9 =0x0101010101010101, R10=0x00007fac0b8c5a21, R11=0x00007fac7b27e72c
R12=0x00007fac13397d88, R13=0x00007fac418b91e0, R14=0x00007fac0a876050, R15=0x0000000000000000
RIP=0x00007fac12df559d, EFLAGS=0x0000000000010206, CSGSFS=0x0000000000000033, ERR=0x0000000000000004
  TRAPNO=0x000000000000000e

Top of Stack: (sp=0x00007fac418b9080)
0x00007fac418b9080:   00007fac14a43e50 7fffffff00000000
0x00007fac418b9090:   00007fac14a43e50 00007fac0b806fe0
0x00007fac418b90a0:   00007fac0b8082e0 00007fac0b806e60
0x00007fac418b90b0:   00007fac0b806fe0 00007fac0b801d80
0x00007fac418b90c0:   00007fac418b91e0 00007fac0a876050
0x00007fac418b90d0:   0000000000000000 00007fac12dfcbc0
0x00007fac418b90e0:   000000000023500b 000000000023500b
0x00007fac418b90f0:   0000000000000000 3ff0000000000000
0x00007fac418b9100:   00007fac133985a8 0000000000000001
0x00007fac418b9110:   0000000000000040 00007fac0a876010
0x00007fac418b9120:   00007fac0b801d80 00007fac0b7e0f88
0x00007fac418b9130:   00007fac0a876050 00007fac0a876028
0x00007fac418b9140:   00007fac418b91e0 00007fac12de599b
0x00007fac418b9150:   00007fac0b8f7190 0000000000000008
0x00007fac418b9160:   00000000002343a9 00000000002343a9
0x00007fac418b9170:   0000000000000000 3ff0000000000000
0x00007fac418b9180:   0000000000000000 00007fac12dbf8bd
0x00007fac418b9190:   00007fac418b9200 00007fac7800001c
0x00007fac418b91a0:   0000000000000001 00007fac78000000
0x00007fac418b91b0:   00007fac15320210 00007fac14032830
0x00007fac418b91c0:   00007fac74229800 00007fac12dbb03f
0x00007fac418b91d0:   0000000000000178 00007fac41180489
0x00007fac418b91e0:   00007fac15330500 00007fac15330508
0x00007fac418b91f0:   00007fac15330508 00007fac14a42971
0x00007fac418b9200:   000000bc000000b3 00007fac15320210
0x00007fac418b9210:   00007fac15320210 00007fac15320210
0x00007fac418b9220:   00007fac15992950 0000000000000051
0x00007fac418b9230:   00007fabfe4d7570 00007fac12dbb5bf
0x00007fac418b9240:   00007fac1337faf0 00007fac40bf64ec
0x00007fac418b9250:   00007fac13381d10 0000000000000000
0x00007fac418b9260:   0000000000039070 0009600000000001
0x00007fac418b9270:   ffffffff00000001 00007fac418b92b4 

Instructions: (pc=0x00007fac12df559d)
0x00007fac12df557d:   39 5d 08 0f 84 d2 01 00 00 8b 53 04 41 8b 74 24
0x00007fac12df558d:   3c 49 8b 4c 24 28 8b 03 0f af f2 48 8b 09 01 c6
0x00007fac12df559d:   66 83 3c 71 00 74 d4 48 63 8d 88 01 00 00 48 8b
0x00007fac12df55ad:   7c 24 18 48 69 c9 d8 03 00 00 48 8d 74 0f 10 48 

Register to memory mapping:

RAX=0x00000000000000b3 is an unknown value
RBX=0x00007fac15330500 is an unknown value
RCX=0x00007fabfe573fe0 is an unknown value
RDX=0x00000000000000bc is an unknown value
RSP=0x00007fac418b9080 is pointing into the stack for thread: 0x00007fac74229800
RBP=0x00007fac0b806e60 is an unknown value
RSI=0x0000000000007633 is an unknown value
RDI=0x00007fac0b806fe0 is an unknown value
R8 =0x0000000000000000 is an unknown value
R9 =0x0101010101010101 is an unknown value
R10=0x00007fac0b8c5a21 is an unknown value
R11=0x00007fac7b27e72c: <offset 0x8b72c> in /lib/x86_64-linux-gnu/libc.so.6 at 0x00007fac7b1f3000
R12=0x00007fac13397d88: <offset 0x62dd88> in /usr/lib/libXnVFeatures_1_5_2.so at 0x00007fac12d6a000
R13=0x00007fac418b91e0 is pointing into the stack for thread: 0x00007fac74229800
R14=0x00007fac0a876050 is an unknown value
R15=0x0000000000000000 is an unknown value


Stack: [0x00007fac417ba000,0x00007fac418bb000],  sp=0x00007fac418b9080,  free space=1020k
Native frames: (J=compiled Java code, j=interpreted, Vv=VM code, C=native code)
C  [libXnVFeatures_1_5_2.so+0x8b59d]  Segmentation::detectionByPoint(bool, std::vector<Vector2D<int>, std::allocator<Vector2D<int> > > const*)+0x8d

Java frames: (J=compiled Java code, j=interpreted, Vv=VM code)
j  SimpleOpenNI.SimpleOpenNIJNI.ContextWrapper_updateSwigExplicitContextWrapper__SWIG_0(JLSimpleOpenNI/ContextWrapper;)V+0
j  SimpleOpenNI.ContextWrapper.update()V+26
j  SimpleOpenNI.SimpleOpenNI.update()V+1
j  userTracking.simpleTracking.draw()V+4
j  processing.core.PApplet.handleDraw()V+145
j  processing.core.PApplet.run()V+72
j  java.lang.Thread.run()V+11
v  ~StubRoutines::call_stub

---------------  P R O C E S S  ---------------

Java Threads: ( => current thread )
  0x00007fac74008000 JavaThread "DestroyJavaVM" [_thread_blocked, id=6514, stack(0x00007fac7a1ed000,0x00007fac7a2ee000)]
  0x00007fac14003800 JavaThread "AWT-EventQueue-0" [_thread_blocked, id=6544, stack(0x00007fac416b9000,0x00007fac417ba000)]
=>0x00007fac74229800 JavaThread "Animation Thread" [_thread_in_native, id=6543, stack(0x00007fac417ba000,0x00007fac418bb000)]
  0x00007fac74228800 JavaThread "AWT-Shutdown" [_thread_blocked, id=6542, stack(0x00007fac418bb000,0x00007fac419bc000)]
  0x00007fac74218800 JavaThread "Image Fetcher 0" daemon [_thread_blocked, id=6541, stack(0x00007fac419bc000,0x00007fac41abd000)]
  0x00007fac7420b800 JavaThread "AWT-XAWT" daemon [_thread_in_native, id=6540, stack(0x00007fac41abd000,0x00007fac41bbe000)]
  0x00007fac74123000 JavaThread "Java2D Disposer" daemon [_thread_blocked, id=6535, stack(0x00007fac421d8000,0x00007fac422d9000)]
  0x00007fac74099800 JavaThread "Low Memory Detector" daemon [_thread_blocked, id=6533, stack(0x00007fac4381c000,0x00007fac4391d000)]
  0x00007fac74097800 JavaThread "C2 CompilerThread1" daemon [_thread_blocked, id=6532, stack(0x00007fac700f1000,0x00007fac701f2000)]
  0x00007fac74094800 JavaThread "C2 CompilerThread0" daemon [_thread_blocked, id=6531, stack(0x00007fac701f2000,0x00007fac702f3000)]
  0x00007fac74092800 JavaThread "Signal Dispatcher" daemon [_thread_blocked, id=6530, stack(0x00007fac702f3000,0x00007fac703f4000)]
  0x00007fac74076000 JavaThread "Finalizer" daemon [_thread_blocked, id=6529, stack(0x00007fac703f4000,0x00007fac704f5000)]
  0x00007fac74074000 JavaThread "Reference Handler" daemon [_thread_blocked, id=6528, stack(0x00007fac704f5000,0x00007fac705f6000)]

Other Threads:
  0x00007fac7406d800 VMThread [stack: 0x00007fac705f6000,0x00007fac706f7000] [id=6527]
  0x00007fac740a4000 WatcherThread [stack: 0x00007fac4371b000,0x00007fac4381c000] [id=6534]

VM state:not at safepoint (normal execution)

VM Mutex/Monitor currently owned by a thread: None

Heap
 PSYoungGen      total 56000K, used 44755K [0x00000007c1760000, 0x00000007c55e0000, 0x0000000800000000)
  eden space 48000K, 93% used [0x00000007c1760000,0x00000007c4314ce0,0x00000007c4640000)
  from space 8000K, 0% used [0x00000007c4e10000,0x00000007c4e10000,0x00000007c55e0000)
  to   space 8000K, 0% used [0x00000007c4640000,0x00000007c4640000,0x00000007c4e10000)
 PSOldGen        total 128064K, used 0K [0x0000000744600000, 0x000000074c310000, 0x00000007c1760000)
  object space 128064K, 0% used [0x0000000744600000,0x0000000744600000,0x000000074c310000)
 PSPermGen       total 21248K, used 10291K [0x000000073f400000, 0x00000007408c0000, 0x0000000744600000)
  object space 21248K, 48% used [0x000000073f400000,0x000000073fe0cf40,0x00000007408c0000)

Code Cache  [0x00007fac71000000, 0x00007fac71270000, 0x00007fac74000000)
 total_blobs=512 nmethods=33 adapters=434 free_code_cache=49716160 largest_free_block=12608

Dynamic libraries:
40000000-40009000 r-xp 00000000 08:14 1192322                            /usr/lib/jvm/bin/java
40108000-4010a000 rwxp 00008000 08:14 1192322                            /usr/lib/jvm/bin/java
41210000-41231000 rwxp 00000000 00:00 0                                  [heap]
73f400000-7408c0000 rwxp 00000000 00:00 0 
7408c0000-744600000 rwxp 00000000 00:00 0 
744600000-74c310000 rwxp 00000000 00:00 0 
74c310000-7c1760000 rwxp 00000000 00:00 0 
7c1760000-7c55e0000 rwxp 00000000 00:00 0 
7c55e0000-800000000 rwxp 00000000 00:00 0 
7fabfc000000-7fabfe664000 rwxp 00000000 00:00 0 
7fabfe664000-7fac00000000 ---p 00000000 00:00 0 
7fac03595000-7fac036c1000 rwxs 00000000 00:04 3080200                    /SYSV00000000 (deleted)
7fac036c1000-7fac03b22000 rwxp 00000000 00:00 0 
7fac03b23000-7fac0b8f8000 rwxp 00000000 00:00 0 
7fac0b8f8000-7fac0c000000 r-xs 00000000 00:12 29951                      /run/shm/6547_045e.02ae@1.7_Depth
7fac0c000000-7fac0c026000 rwxp 00000000 00:00 0 
7fac0c026000-7fac10000000 ---p 00000000 00:00 0 
7fac10014000-7fac107b9000 rwxp 00000000 00:00 0 
7fac107b9000-7fac107ba000 ---p 00000000 00:00 0 
7fac107ba000-7fac113bb000 rwxp 00000000 00:00 0 
7fac113bb000-7fac1144d000 r-xp 00000000 08:14 658014                     /usr/lib/libXnDeviceSensorV2.so
7fac1144d000-7fac1164c000 ---p 00092000 08:14 658014                     /usr/lib/libXnDeviceSensorV2.so
7fac1164c000-7fac1165c000 r-xp 00091000 08:14 658014                     /usr/lib/libXnDeviceSensorV2.so
7fac1165c000-7fac1165d000 rwxp 000a1000 08:14 658014                     /usr/lib/libXnDeviceSensorV2.so
7fac1165d000-7fac11684000 r-xp 00000000 08:14 673565                     /usr/lib/libXnDeviceFile.so
7fac11684000-7fac11884000 ---p 00027000 08:14 673565                     /usr/lib/libXnDeviceFile.so
7fac11884000-7fac11886000 r-xp 00027000 08:14 673565                     /usr/lib/libXnDeviceFile.so
7fac11886000-7fac11887000 rwxp 00029000 08:14 673565                     /usr/lib/libXnDeviceFile.so
7fac11887000-7fac118cf000 r-xp 00000000 08:14 673564                     /usr/lib/libXnDDK.so
7fac118cf000-7fac11acf000 ---p 00048000 08:14 673564                     /usr/lib/libXnDDK.so
7fac11acf000-7fac11ad2000 r-xp 00048000 08:14 673564                     /usr/lib/libXnDDK.so
7fac11ad2000-7fac11ad4000 rwxp 0004b000 08:14 673564                     /usr/lib/libXnDDK.so
7fac11ad4000-7fac11af8000 r-xp 00000000 08:14 673567                     /usr/lib/libXnFormats.so
7fac11af8000-7fac11cf8000 ---p 00024000 08:14 673567                     /usr/lib/libXnFormats.so
7fac11cf8000-7fac11cf9000 r-xp 00024000 08:14 673567                     /usr/lib/libXnFormats.so
7fac11cf9000-7fac11cfa000 rwxp 00025000 08:14 673567                     /usr/lib/libXnFormats.so
7fac11cfa000-7fac11d1a000 rwxp 00000000 00:00 0 
7fac11d1a000-7fac11d1d000 r-xp 00000000 08:14 673563                     /usr/lib/libXnCore.so
7fac11d1d000-7fac11f1c000 ---p 00003000 08:14 673563                     /usr/lib/libXnCore.so
7fac11f1c000-7fac11f1d000 r-xp 00002000 08:14 673563                     /usr/lib/libXnCore.so
7fac11f1d000-7fac11f1e000 rwxp 00003000 08:14 673563                     /usr/lib/libXnCore.so
7fac11f1e000-7fac11fa7000 r-xp 00000000 08:14 673566                     /usr/lib/libXnDeviceSensorV2KM.so
7fac11fa7000-7fac121a6000 ---p 00089000 08:14 673566                     /usr/lib/libXnDeviceSensorV2KM.so
7fac121a6000-7fac121b6000 r-xp 00088000 08:14 673566                     /usr/lib/libXnDeviceSensorV2KM.so
7fac121b6000-7fac121b7000 rwxp 00098000 08:14 673566                     /usr/lib/libXnDeviceSensorV2KM.so
7fac121b7000-7fac122ab000 r-xp 00000000 08:14 673497                     /usr/lib/libXnVHandGenerator_1_5_2.so
7fac122ab000-7fac124aa000 ---p 000f4000 08:14 673497                     /usr/lib/libXnVHandGenerator_1_5_2.so
7fac124aa000-7fac124af000 r-xp 000f3000 08:14 673497                     /usr/lib/libXnVHandGenerator_1_5_2.so
7fac124af000-7fac124b0000 rwxp 000f8000 08:14 673497                     /usr/lib/libXnVHandGenerator_1_5_2.so
7fac124b0000-7fac124be000 rwxp 00000000 00:00 0 
7fac124be000-7fac12596000 r-xp 00000000 08:14 673494                     /usr/lib/libXnVHandGenerator_1_4_2.so
7fac12596000-7fac12795000 ---p 000d8000 08:14 673494                     /usr/lib/libXnVHandGenerator_1_4_2.so
7fac12795000-7fac1279a000 r-xp 000d7000 08:14 673494                     /usr/lib/libXnVHandGenerator_1_4_2.so
7fac1279a000-7fac1279b000 rwxp 000dc000 08:14 673494                     /usr/lib/libXnVHandGenerator_1_4_2.so
7fac1279b000-7fac1279e000 rwxp 00000000 00:00 0 
7fac1279e000-7fac12876000 r-xp 00000000 08:14 673491                     /usr/lib/libXnVHandGenerator_1_4_1.so
7fac12876000-7fac12a75000 ---p 000d8000 08:14 673491                     /usr/lib/libXnVHandGenerator_1_4_1.so
7fac12a75000-7fac12a7a000 r-xp 000d7000 08:14 673491                     /usr/lib/libXnVHandGenerator_1_4_1.so
7fac12a7a000-7fac12a7b000 rwxp 000dc000 08:14 673491                     /usr/lib/libXnVHandGenerator_1_4_1.so
7fac12a7b000-7fac12a7e000 rwxp 00000000 00:00 0 
7fac12a7e000-7fac12b61000 r-xp 00000000 08:14 673488                     /usr/lib/libXnVHandGenerator_1_3_1.so
7fac12b61000-7fac12d61000 ---p 000e3000 08:14 673488                     /usr/lib/libXnVHandGenerator_1_3_1.so
7fac12d61000-7fac12d66000 r-xp 000e3000 08:14 673488                     /usr/lib/libXnVHandGenerator_1_3_1.so
7fac12d66000-7fac12d67000 rwxp 000e8000 08:14 673488                     /usr/lib/libXnVHandGenerator_1_3_1.so
7fac12d67000-7fac12d6a000 rwxp 00000000 00:00 0 
7fac12d6a000-7fac1317f000 r-xp 00000000 08:14 673481                     /usr/lib/libXnVFeatures_1_5_2.so
7fac1317f000-7fac1337f000 ---p 00415000 08:14 673481                     /usr/lib/libXnVFeatures_1_5_2.so
7fac1337f000-7fac13390000 r-xp 00415000 08:14 673481                     /usr/lib/libXnVFeatures_1_5_2.so
7fac13390000-7fac13392000 rwxp 00426000 08:14 673481                     /usr/lib/libXnVFeatures_1_5_2.so
7fac13392000-7fac133a7000 rwxp 00000000 00:00 0 
7fac133a7000-7fac1359e000 r-xp 00000000 08:14 673470                     /usr/lib/libXnVFeatures_1_4_2.so
7fac1359e000-7fac1379d000 ---p 001f7000 08:14 673470                     /usr/lib/libXnVFeatures_1_4_2.so
7fac1379d000-7fac137a3000 r-xp 001f6000 08:14 673470                     /usr/lib/libXnVFeatures_1_4_2.so
7fac137a3000-7fac137a4000 rwxp 001fc000 08:14 673470                     /usr/lib/libXnVFeatures_1_4_2.so
7fac137a4000-7fac137aa000 rwxp 00000000 00:00 0 
7fac137aa000-7fac139a1000 r-xp 00000000 08:14 673465                     /usr/lib/libXnVFeatures_1_4_1.so
7fac139a1000-7fac13ba0000 ---p 001f7000 08:14 673465                     /usr/lib/libXnVFeatures_1_4_1.so
7fac13ba0000-7fac13ba6000 r-xp 001f6000 08:14 673465                     /usr/lib/libXnVFeatures_1_4_1.so
7fac13ba6000-7fac13ba7000 rwxp 001fc000 08:14 673465                     /usr/lib/libXnVFeatures_1_4_1.so
7fac13ba7000-7fac13bad000 rwxp 00000000 00:00 0 
7fac13bad000-7fac13df2000 r-xp 00000000 08:14 673460                     /usr/lib/libXnVFeatures_1_3_1.so
7fac13df2000-7fac13ff2000 ---p 00245000 08:14 673460                     /usr/lib/libXnVFeatures_1_3_1.so
7fac13ff2000-7fac13ff8000 r-xp 00245000 08:14 673460                     /usr/lib/libXnVFeatures_1_3_1.so
7fac13ff8000-7fac13ff9000 rwxp 0024b000 08:14 673460                     /usr/lib/libXnVFeatures_1_3_1.so
7fac13ff9000-7fac14000000 rwxp 00000000 00:00 0 
7fac14000000-7fac18000000 rwxp 00000000 00:00 0 
7fac18000000-7fac1812f000 rwxp 00000000 00:00 0 
7fac1812f000-7fac1c000000 ---p 00000000 00:00 0 
7fac1c000000-7fac1c021000 rwxp 00000000 00:00 0 
7fac1c021000-7fac20000000 ---p 00000000 00:00 0 
7fac20000000-7fac20021000 rwxp 00000000 00:00 0 
7fac20021000-7fac24000000 ---p 00000000 00:00 0 
7fac24000000-7fac24021000 rwxp 00000000 00:00 0 
7fac24021000-7fac28000000 ---p 00000000 00:00 0 
7fac28000000-7fac28021000 rwxp 00000000 00:00 0 
7fac28021000-7fac2c000000 ---p 00000000 00:00 0 
7fac2c000000-7fac2c021000 rwxp 00000000 00:00 0 
7fac2c021000-7fac30000000 ---p 00000000 00:00 0 
7fac30000000-7fac30021000 rwxp 00000000 00:00 0 
7fac30021000-7fac34000000 ---p 00000000 00:00 0 
7fac34000000-7fac34265000 rwxp 00000000 00:00 0 
7fac34265000-7fac38000000 ---p 00000000 00:00 0 
7fac38000000-7fac38305000 rwxp 00000000 00:00 0 
7fac38305000-7fac3c000000 ---p 00000000 00:00 0 
7fac3c000000-7fac3c021000 rwxp 00000000 00:00 0 
7fac3c021000-7fac40000000 ---p 00000000 00:00 0 
7fac4005c000-7fac4007a000 r-xp 00000000 08:14 673299                     /usr/lib/libnimRecorder.so
7fac4007a000-7fac40279000 ---p 0001e000 08:14 673299                     /usr/lib/libnimRecorder.so
7fac40279000-7fac4027b000 r-xp 0001d000 08:14 673299                     /usr/lib/libnimRecorder.so
7fac4027b000-7fac4027c000 rwxp 0001f000 08:14 673299                     /usr/lib/libnimRecorder.so
7fac4027c000-7fac402b2000 r-xp 00000000 08:14 673297                     /usr/lib/libnimCodecs.so
7fac402b2000-7fac404b2000 ---p 00036000 08:14 673297                     /usr/lib/libnimCodecs.so
7fac404b2000-7fac404b5000 r-xp 00036000 08:14 673297                     /usr/lib/libnimCodecs.so
7fac404b5000-7fac404b6000 rwxp 00039000 08:14 673297                     /usr/lib/libnimCodecs.so
7fac404b6000-7fac404d6000 rwxp 00000000 00:00 0 
7fac404d6000-7fac4050d000 r-xp 00000000 08:14 673298                     /usr/lib/libnimMockNodes.so
7fac4050d000-7fac4070c000 ---p 00037000 08:14 673298                     /usr/lib/libnimMockNodes.so
7fac4070c000-7fac40719000 r-xp 00036000 08:14 673298                     /usr/lib/libnimMockNodes.so
7fac40719000-7fac4071a000 rwxp 00043000 08:14 673298                     /usr/lib/libnimMockNodes.so
7fac4071a000-7fac40728000 r-xp 00000000 08:14 788754                     /lib/x86_64-linux-gnu/libusb-1.0.so.0.1.0
7fac40728000-7fac40927000 ---p 0000e000 08:14 788754                     /lib/x86_64-linux-gnu/libusb-1.0.so.0.1.0
7fac40927000-7fac40928000 r-xp 0000d000 08:14 788754                     /lib/x86_64-linux-gnu/libusb-1.0.so.0.1.0
7fac40928000-7fac40929000 rwxp 0000e000 08:14 788754                     /lib/x86_64-linux-gnu/libusb-1.0.so.0.1.0
7fac40929000-7fac4093e000 r-xp 00000000 08:14 788672                     /lib/x86_64-linux-gnu/libgcc_s.so.1
7fac4093e000-7fac40b3d000 ---p 00015000 08:14 788672                     /lib/x86_64-linux-gnu/libgcc_s.so.1
7fac40b3d000-7fac40b3e000 r-xp 00014000 08:14 788672                     /lib/x86_64-linux-gnu/libgcc_s.so.1
7fac40b3e000-7fac40b3f000 rwxp 00015000 08:14 788672                     /lib/x86_64-linux-gnu/libgcc_s.so.1
7fac40b3f000-7fac40c21000 r-xp 00000000 08:14 662623                     /usr/lib/x86_64-linux-gnu/libstdc++.so.6.0.16
7fac40c21000-7fac40e20000 ---p 000e2000 08:14 662623                     /usr/lib/x86_64-linux-gnu/libstdc++.so.6.0.16
7fac40e20000-7fac40e28000 r-xp 000e1000 08:14 662623                     /usr/lib/x86_64-linux-gnu/libstdc++.so.6.0.16
7fac40e28000-7fac40e2a000 rwxp 000e9000 08:14 662623                     /usr/lib/x86_64-linux-gnu/libstdc++.so.6.0.16
7fac40e2a000-7fac40e3f000 rwxp 00000000 00:00 0 
7fac40e3f000-7fac40f22000 r-xp 00000000 08:14 673381                     /usr/lib/libXnVNite_1_5_2.so
7fac40f22000-7fac41121000 ---p 000e3000 08:14 673381                     /usr/lib/libXnVNite_1_5_2.so
7fac41121000-7fac41126000 r-xp 000e2000 08:14 673381                     /usr/lib/libXnVNite_1_5_2.so
7fac41126000-7fac41128000 rwxp 000e7000 08:14 673381                     /usr/lib/libXnVNite_1_5_2.so
7fac41128000-7fac411a5000 r-xp 00000000 08:14 673301                     /usr/lib/libOpenNI.so
7fac411a5000-7fac413a4000 ---p 0007d000 08:14 673301                     /usr/lib/libOpenNI.so
7fac413a4000-7fac413a7000 r-xp 0007c000 08:14 673301                     /usr/lib/libOpenNI.so
7fac413a7000-7fac413aa000 rwxp 0007f000 08:14 673301                     /usr/lib/libOpenNI.so
7fac413aa000-7fac413ab000 rwxp 00000000 00:00 0 
7fac413ab000-7fac414af000 r-xp 00000000 08:15 2229036                    /home/jailbirt/workspace/processingKinectTemplate/libs/simpleOpenNi/library/libSimpleOpenNI64.so
7fac414af000-7fac416af000 ---p 00104000 08:15 2229036                    /home/jailbirt/workspace/processingKinectTemplate/libs/simpleOpenNi/library/libSimpleOpenNI64.so
7fac416af000-7fac416b2000 r-xp 00104000 08:15 2229036                    /home/jailbirt/workspace/processingKinectTemplate/libs/simpleOpenNi/library/libSimpleOpenNI64.so
7fac416b2000-7fac416b8000 rwxp 00107000 08:15 2229036                    /home/jailbirt/workspace/processingKinectTemplate/libs/simpleOpenNi/library/libSimpleOpenNI64.so
7fac416b8000-7fac416b9000 rwxp 00000000 00:00 0 
7fac416b9000-7fac416bc000 ---p 00000000 00:00 0 
7fac416bc000-7fac417ba000 rwxp 00000000 00:00 0 
7fac417ba000-7fac417bd000 ---p 00000000 00:00 0 
7fac417bd000-7fac418bb000 rwxp 00000000 00:00 0 
7fac418bb000-7fac418be000 ---p 00000000 00:00 0 
7fac418be000-7fac419bc000 rwxp 00000000 00:00 0 
7fac419bc000-7fac419bf000 ---p 00000000 00:00 0 
7fac419bf000-7fac41abd000 rwxp 00000000 00:00 0 
7fac41abd000-7fac41ac0000 ---p 00000000 00:00 0 
7fac41ac0000-7fac41bbe000 rwxp 00000000 00:00 0 
7fac41bbe000-7fac41bc3000 r-xp 00000000 08:14 662111                     /usr/lib/x86_64-linux-gnu/libXfixes.so.3.1.0
7fac41bc3000-7fac41dc2000 ---p 00005000 08:14 662111                     /usr/lib/x86_64-linux-gnu/libXfixes.so.3.1.0
7fac41dc2000-7fac41dc3000 r-xp 00004000 08:14 662111                     /usr/lib/x86_64-linux-gnu/libXfixes.so.3.1.0
7fac41dc3000-7fac41dc4000 rwxp 00005000 08:14 662111                     /usr/lib/x86_64-linux-gnu/libXfixes.so.3.1.0
7fac41dc4000-7fac41dcd000 r-xp 00000000 08:14 662129                     /usr/lib/x86_64-linux-gnu/libXrender.so.1.3.0
7fac41dcd000-7fac41fcc000 ---p 00009000 08:14 662129                     /usr/lib/x86_64-linux-gnu/libXrender.so.1.3.0
7fac41fcc000-7fac41fcd000 r-xp 00008000 08:14 662129                     /usr/lib/x86_64-linux-gnu/libXrender.so.1.3.0
7fac41fcd000-7fac41fce000 rwxp 00009000 08:14 662129                     /usr/lib/x86_64-linux-gnu/libXrender.so.1.3.0
7fac41fce000-7fac41fd7000 r-xp 00000000 08:14 662103                     /usr/lib/x86_64-linux-gnu/libXcursor.so.1.0.2
7fac41fd7000-7fac421d6000 ---p 00009000 08:14 662103                     /usr/lib/x86_64-linux-gnu/libXcursor.so.1.0.2
7fac421d6000-7fac421d7000 r-xp 00008000 08:14 662103                     /usr/lib/x86_64-linux-gnu/libXcursor.so.1.0.2
7fac421d7000-7fac421d8000 rwxp 00009000 08:14 662103                     /usr/lib/x86_64-linux-gnu/libXcursor.so.1.0.2
7fac421d8000-7fac421db000 ---p 00000000 00:00 0 
7fac421db000-7fac422d9000 rwxp 00000000 00:00 0 
7fac422d9000-7fac42352000 r-xp 00000000 08:14 1454604                    /usr/lib/jvm/jre/lib/amd64/libfontmanager.so
7fac42352000-7fac42451000 ---p 00079000 08:14 1454604                    /usr/lib/jvm/jre/lib/amd64/libfontmanager.so
7fac42451000-7fac42466000 rwxp 00078000 08:14 1454604                    /usr/lib/jvm/jre/lib/amd64/libfontmanager.so
7fac42466000-7fac42478000 rwxp 00000000 00:00 0 
7fac42478000-7fac4247d000 r-xp 00000000 08:14 662107                     /usr/lib/x86_64-linux-gnu/libXdmcp.so.6.0.0
7fac4247d000-7fac4267c000 ---p 00005000 08:14 662107                     /usr/lib/x86_64-linux-gnu/libXdmcp.so.6.0.0
7fac4267c000-7fac4267d000 r-xp 00004000 08:14 662107                     /usr/lib/x86_64-linux-gnu/libXdmcp.so.6.0.0
7fac4267d000-7fac4267e000 rwxp 00005000 08:14 662107                     /usr/lib/x86_64-linux-gnu/libXdmcp.so.6.0.0
7fac4267e000-7fac42680000 r-xp 00000000 08:14 662096                     /usr/lib/x86_64-linux-gnu/libXau.so.6.0.0
7fac42680000-7fac4287f000 ---p 00002000 08:14 662096                     /usr/lib/x86_64-linux-gnu/libXau.so.6.0.0
7fac4287f000-7fac42880000 r-xp 00001000 08:14 662096                     /usr/lib/x86_64-linux-gnu/libXau.so.6.0.0
7fac42880000-7fac42881000 rwxp 00002000 08:14 662096                     /usr/lib/x86_64-linux-gnu/libXau.so.6.0.0
7fac42881000-7fac4289e000 r-xp 00000000 08:14 662695                     /usr/lib/x86_64-linux-gnu/libxcb.so.1.1.0
7fac4289e000-7fac42a9d000 ---p 0001d000 08:14 662695                     /usr/lib/x86_64-linux-gnu/libxcb.so.1.1.0
7fac42a9d000-7fac42a9e000 r-xp 0001c000 08:14 662695                     /usr/lib/x86_64-linux-gnu/libxcb.so.1.1.0
7fac42a9e000-7fac42a9f000 rwxp 0001d000 08:14 662695                     /usr/lib/x86_64-linux-gnu/libxcb.so.1.1.0
7fac42a9f000-7fac42aad000 r-xp 00000000 08:14 662115                     /usr/lib/x86_64-linux-gnu/libXi.so.6.1.0
7fac42aad000-7fac42cac000 ---p 0000e000 08:14 662115                     /usr/lib/x86_64-linux-gnu/libXi.so.6.1.0
7fac42cac000-7fac42cad000 r-xp 0000d000 08:14 662115                     /usr/lib/x86_64-linux-gnu/libXi.so.6.1.0
7fac42cad000-7fac42cae000 rwxp 0000e000 08:14 662115                     /usr/lib/x86_64-linux-gnu/libXi.so.6.1.0
7fac42cae000-7fac42cb3000 r-xp 00000000 08:14 662133                     /usr/lib/x86_64-linux-gnu/libXtst.so.6.1.0
7fac42cb3000-7fac42eb2000 ---p 00005000 08:14 662133                     /usr/lib/x86_64-linux-gnu/libXtst.so.6.1.0
7fac42eb2000-7fac42eb3000 r-xp 00004000 08:14 662133                     /usr/lib/x86_64-linux-gnu/libXtst.so.6.1.0
7fac42eb3000-7fac42eb4000 rwxp 00005000 08:14 662133                     /usr/lib/x86_64-linux-gnu/libXtst.so.6.1.0
7fac42eb4000-7fac42fe3000 r-xp 00000000 08:14 662094                     /usr/lib/x86_64-linux-gnu/libX11.so.6.3.0
7fac42fe3000-7fac431e3000 ---p 0012f000 08:14 662094                     /usr/lib/x86_64-linux-gnu/libX11.so.6.3.0
7fac431e3000-7fac431e4000 r-xp 0012f000 08:14 662094                     /usr/lib/x86_64-linux-gnu/libX11.so.6.3.0
7fac431e4000-7fac431e8000 rwxp 00130000 08:14 662094                     /usr/lib/x86_64-linux-gnu/libX11.so.6.3.0
7fac431e8000-7fac431f8000 r-xp 00000000 08:14 662109                     /usr/lib/x86_64-linux-gnu/libXext.so.6.4.0
7fac431f8000-7fac433f7000 ---p 00010000 08:14 662109                     /usr/lib/x86_64-linux-gnu/libXext.so.6.4.0
7fac433f7000-7fac433f8000 r-xp 0000f000 08:14 662109                     /usr/lib/x86_64-linux-gnu/libXext.so.6.4.0
7fac433f8000-7fac433f9000 rwxp 00010000 08:14 662109                     /usr/lib/x86_64-linux-gnu/libXext.so.6.4.0
7fac433f9000-7fac4343b000 r-xp 00000000 08:14 1571968                    /usr/lib/jvm/jre/lib/amd64/xawt/libmawt.so
7fac4343b000-7fac4353a000 ---p 00042000 08:14 1571968                    /usr/lib/jvm/jre/lib/amd64/xawt/libmawt.so
7fac4353a000-7fac43546000 rwxp 00041000 08:14 1571968                    /usr/lib/jvm/jre/lib/amd64/xawt/libmawt.so
7fac43546000-7fac43547000 rwxp 00000000 00:00 0 
7fac43547000-7fac435d9000 r-xp 00000000 08:14 1454608                    /usr/lib/jvm/jre/lib/amd64/libawt.so
7fac435d9000-7fac436d8000 ---p 00092000 08:14 1454608                    /usr/lib/jvm/jre/lib/amd64/libawt.so
7fac436d8000-7fac436f2000 rwxp 00091000 08:14 1454608                    /usr/lib/jvm/jre/lib/amd64/libawt.so
7fac436f2000-7fac43716000 rwxp 00000000 00:00 0 
7fac43716000-7fac43718000 r-xs 0002b000 08:15 2247352                    /home/jailbirt/workspace/processingKinectExamples/libs/core.jar
7fac43718000-7fac4371b000 r-xs 0000f000 08:14 1577185                    /usr/lib/jvm/jre/lib/ext/pulse-java.jar
7fac4371b000-7fac4371c000 ---p 00000000 00:00 0 
7fac4371c000-7fac4381c000 rwxp 00000000 00:00 0 
7fac4381c000-7fac4381f000 ---p 00000000 00:00 0 
7fac4381f000-7fac4391d000 rwxp 00000000 00:00 0 
7fac4391d000-7fac44000000 r-xp 00000000 08:14 661138                     /usr/lib/locale/locale-archive
7fac44000000-7fac44021000 rwxp 00000000 00:00 0 
7fac44021000-7fac48000000 ---p 00000000 00:00 0 
7fac48000000-7fac48021000 rwxp 00000000 00:00 0 
7fac48021000-7fac4c000000 ---p 00000000 00:00 0 
7fac4c000000-7fac4c021000 rwxp 00000000 00:00 0 
7fac4c021000-7fac50000000 ---p 00000000 00:00 0 
7fac50000000-7fac50021000 rwxp 00000000 00:00 0 
7fac50021000-7fac54000000 ---p 00000000 00:00 0 
7fac54000000-7fac54021000 rwxp 00000000 00:00 0 
7fac54021000-7fac58000000 ---p 00000000 00:00 0 
7fac58000000-7fac58021000 rwxp 00000000 00:00 0 
7fac58021000-7fac5c000000 ---p 00000000 00:00 0 
7fac5c000000-7fac5c021000 rwxp 00000000 00:00 0 
7fac5c021000-7fac60000000 ---p 00000000 00:00 0 
7fac60000000-7fac60021000 rwxp 00000000 00:00 0 
7fac60021000-7fac64000000 ---p 00000000 00:00 0 
7fac64000000-7fac64021000 rwxp 00000000 00:00 0 
7fac64021000-7fac68000000 ---p 00000000 00:00 0 
7fac68000000-7fac68021000 rwxp 00000000 00:00 0 
7fac68021000-7fac6c000000 ---p 00000000 00:00 0 
7fac6c000000-7fac6c021000 rwxp 00000000 00:00 0 
7fac6c021000-7fac70000000 ---p 00000000 00:00 0 
7fac7000f000-7fac700f1000 rwxp 00000000 00:00 0 
7fac700f1000-7fac700f4000 ---p 00000000 00:00 0 
7fac700f4000-7fac701f2000 rwxp 00000000 00:00 0 
7fac701f2000-7fac701f5000 ---p 00000000 00:00 0 
7fac701f5000-7fac702f3000 rwxp 00000000 00:00 0 
7fac702f3000-7fac702f6000 ---p 00000000 00:00 0 
7fac702f6000-7fac703f4000 rwxp 00000000 00:00 0 
7fac703f4000-7fac703f7000 ---p 00000000 00:00 0 
7fac703f7000-7fac704f5000 rwxp 00000000 00:00 0 
7fac704f5000-7fac704f8000 ---p 00000000 00:00 0 
7fac704f8000-7fac705f6000 rwxp 00000000 00:00 0 
7fac705f6000-7fac705f7000 ---p 00000000 00:00 0 
7fac705f7000-7fac71270000 rwxp 00000000 00:00 0 
7fac71270000-7fac742e2000 rwxp 00000000 00:00 0 
7fac742e2000-7fac78000000 ---p 00000000 00:00 0 
7fac78000000-7fac78001000 rwxs 00000000 00:12 18524                      /run/shm/045e.02ae@1.7-SM
7fac78001000-7fac78004000 r-xs 00022000 08:15 2247359                    /home/jailbirt/workspace/processingKinectExamples/libs/simpleOpenNi/SimpleOpenNI.jar
7fac78004000-7fac78005000 r-xs 00000000 08:16 1707334                    /var/cache/fontconfig/c05880de57d1f5e948fdfacc138775d9-le64.cache-3
7fac78005000-7fac7800e000 r-xs 00000000 08:16 1707329                    /var/cache/fontconfig/945677eb7aeaf62f1d50efc3fb3ec7d8-le64.cache-3
7fac7800e000-7fac78010000 r-xs 00000000 08:16 1707330                    /var/cache/fontconfig/99e8ed0e538f840c565b6ed5dad60d56-le64.cache-3
7fac78010000-7fac78014000 r-xs 00000000 08:16 1707316                    /var/cache/fontconfig/2cd17615ca594fa2959ae173292e504c-le64.cache-3
7fac78014000-7fac7801a000 r-xs 00000000 08:16 1707331                    /var/cache/fontconfig/a755afe4a08bf5b97852ceb7400b47bc-le64.cache-3
7fac7801a000-7fac7801e000 r-xs 00000000 08:16 1707325                    /var/cache/fontconfig/6d41288fd70b0be22e8c3a91e032eec0-le64.cache-3
7fac7801e000-7fac7802e000 r-xs 00000000 08:16 1707313                    /var/cache/fontconfig/04aabc0a78ac019cf9454389977116d2-le64.cache-3
7fac7802e000-7fac78033000 r-xs 00000000 08:16 1707332                    /var/cache/fontconfig/b47c4e1ecd0709278f4910c18777a504-le64.cache-3
7fac78033000-7fac78043000 r-xs 00000000 08:16 1707337                    /var/cache/fontconfig/d52a8644073d54c13679302ca1180695-le64.cache-3
7fac78043000-7fac78077000 rwxp 00000000 00:00 0 
7fac78077000-7fac7820e000 r-xs 03079000 08:14 1454726                    /usr/lib/jvm/jre/lib/rt.jar
7fac7820e000-7fac78236000 rwxp 00000000 00:00 0 
7fac78236000-7fac78237000 ---p 00000000 00:00 0 
7fac78237000-7fac78337000 rwxp 00000000 00:00 0 
7fac78337000-7fac78338000 ---p 00000000 00:00 0 
7fac78338000-7fac78438000 rwxp 00000000 00:00 0 
7fac78438000-7fac78439000 ---p 00000000 00:00 0 
7fac78439000-7fac78539000 rwxp 00000000 00:00 0 
7fac78539000-7fac7853a000 ---p 00000000 00:00 0 
7fac7853a000-7fac7863a000 rwxp 00000000 00:00 0 
7fac7863a000-7fac7863b000 ---p 00000000 00:00 0 
7fac7863b000-7fac7873b000 rwxp 00000000 00:00 0 
7fac7873b000-7fac7873c000 ---p 00000000 00:00 0 
7fac7873c000-7fac7883c000 rwxp 00000000 00:00 0 
7fac7883c000-7fac7883d000 ---p 00000000 00:00 0 
7fac7883d000-7fac7893d000 rwxp 00000000 00:00 0 
7fac7893d000-7fac7893e000 ---p 00000000 00:00 0 
7fac7893e000-7fac78a49000 rwxp 00000000 00:00 0 
7fac78a49000-7fac78a67000 rwxp 00000000 00:00 0 
7fac78a67000-7fac78aa6000 rwxp 00000000 00:00 0 
7fac78aa6000-7fac78e50000 rwxp 00000000 00:00 0 
7fac78e50000-7fac78e5b000 rwxp 00000000 00:00 0 
7fac78e5b000-7fac78e79000 rwxp 00000000 00:00 0 
7fac78e79000-7fac78eb8000 rwxp 00000000 00:00 0 
7fac78eb8000-7fac79261000 rwxp 00000000 00:00 0 
7fac79261000-7fac79281000 rwxp 00000000 00:00 0 
7fac79281000-7fac79456000 rwxp 00000000 00:00 0 
7fac79456000-7fac79457000 rwxp 00000000 00:00 0 
7fac79457000-7fac79465000 r-xp 00000000 08:14 1454610                    /usr/lib/jvm/jre/lib/amd64/libzip.so
7fac79465000-7fac79567000 ---p 0000e000 08:14 1454610                    /usr/lib/jvm/jre/lib/amd64/libzip.so
7fac79567000-7fac7956a000 rwxp 00010000 08:14 1454610                    /usr/lib/jvm/jre/lib/amd64/libzip.so
7fac7956a000-7fac7956b000 rwxp 00000000 00:00 0 
7fac7956b000-7fac79577000 r-xp 00000000 08:14 788702                     /lib/x86_64-linux-gnu/libnss_files-2.15.so
7fac79577000-7fac79776000 ---p 0000c000 08:14 788702                     /lib/x86_64-linux-gnu/libnss_files-2.15.so
7fac79776000-7fac79777000 r-xp 0000b000 08:14 788702                     /lib/x86_64-linux-gnu/libnss_files-2.15.so
7fac79777000-7fac79778000 rwxp 0000c000 08:14 788702                     /lib/x86_64-linux-gnu/libnss_files-2.15.so
7fac79778000-7fac79782000 r-xp 00000000 08:14 788706                     /lib/x86_64-linux-gnu/libnss_nis-2.15.so
7fac79782000-7fac79982000 ---p 0000a000 08:14 788706                     /lib/x86_64-linux-gnu/libnss_nis-2.15.so
7fac79982000-7fac79983000 r-xp 0000a000 08:14 788706                     /lib/x86_64-linux-gnu/libnss_nis-2.15.so
7fac79983000-7fac79984000 rwxp 0000b000 08:14 788706                     /lib/x86_64-linux-gnu/libnss_nis-2.15.so
7fac79984000-7fac7998c000 r-xp 00000000 08:14 788698                     /lib/x86_64-linux-gnu/libnss_compat-2.15.so
7fac7998c000-7fac79b8b000 ---p 00008000 08:14 788698                     /lib/x86_64-linux-gnu/libnss_compat-2.15.so
7fac79b8b000-7fac79b8c000 r-xp 00007000 08:14 788698                     /lib/x86_64-linux-gnu/libnss_compat-2.15.so
7fac79b8c000-7fac79b8d000 rwxp 00008000 08:14 788698                     /lib/x86_64-linux-gnu/libnss_compat-2.15.so
7fac79b8d000-7fac79ba4000 r-xp 00000000 08:14 788696                     /lib/x86_64-linux-gnu/libnsl-2.15.so
7fac79ba4000-7fac79da3000 ---p 00017000 08:14 788696                     /lib/x86_64-linux-gnu/libnsl-2.15.so
7fac79da3000-7fac79da4000 r-xp 00016000 08:14 788696                     /lib/x86_64-linux-gnu/libnsl-2.15.so
7fac79da4000-7fac79da5000 rwxp 00017000 08:14 788696                     /lib/x86_64-linux-gnu/libnsl-2.15.so
7fac79da5000-7fac79da7000 rwxp 00000000 00:00 0 
7fac79da7000-7fac79dd0000 r-xp 00000000 08:14 1450954                    /usr/lib/jvm/jre/lib/amd64/libjava.so
7fac79dd0000-7fac79ecf000 ---p 00029000 08:14 1450954                    /usr/lib/jvm/jre/lib/amd64/libjava.so
7fac79ecf000-7fac79ed6000 rwxp 00028000 08:14 1450954                    /usr/lib/jvm/jre/lib/amd64/libjava.so
7fac79ed6000-7fac79ee3000 r-xp 00000000 08:14 1450959                    /usr/lib/jvm/jre/lib/amd64/libverify.so
7fac79ee3000-7fac79fe2000 ---p 0000d000 08:14 1450959                    /usr/lib/jvm/jre/lib/amd64/libverify.so
7fac79fe2000-7fac79fe5000 rwxp 0000c000 08:14 1450959                    /usr/lib/jvm/jre/lib/amd64/libverify.so
7fac79fe5000-7fac79fec000 r-xp 00000000 08:14 788737                     /lib/x86_64-linux-gnu/librt-2.15.so
7fac79fec000-7fac7a1eb000 ---p 00007000 08:14 788737                     /lib/x86_64-linux-gnu/librt-2.15.so
7fac7a1eb000-7fac7a1ec000 r-xp 00006000 08:14 788737                     /lib/x86_64-linux-gnu/librt-2.15.so
7fac7a1ec000-7fac7a1ed000 rwxp 00007000 08:14 788737                     /lib/x86_64-linux-gnu/librt-2.15.so
7fac7a1ed000-7fac7a1f0000 ---p 00000000 00:00 0 
7fac7a1f0000-7fac7a2ee000 rwxp 00000000 00:00 0 
7fac7a2ee000-7fac7a3e7000 r-xp 00000000 08:14 788683                     /lib/x86_64-linux-gnu/libm-2.15.so
7fac7a3e7000-7fac7a5e6000 ---p 000f9000 08:14 788683                     /lib/x86_64-linux-gnu/libm-2.15.so
7fac7a5e6000-7fac7a5e7000 r-xp 000f8000 08:14 788683                     /lib/x86_64-linux-gnu/libm-2.15.so
7fac7a5e7000-7fac7a5e8000 rwxp 000f9000 08:14 788683                     /lib/x86_64-linux-gnu/libm-2.15.so
7fac7a5e8000-7fac7af03000 r-xp 00000000 08:14 2100299                    /usr/lib/jvm/jre/lib/amd64/server/libjvm.so
7fac7af03000-7fac7b004000 ---p 0091b000 08:14 2100299                    /usr/lib/jvm/jre/lib/amd64/server/libjvm.so
7fac7b004000-7fac7b1b9000 rwxp 0091c000 08:14 2100299                    /usr/lib/jvm/jre/lib/amd64/server/libjvm.so
7fac7b1b9000-7fac7b1f3000 rwxp 00000000 00:00 0 
7fac7b1f3000-7fac7b3a6000 r-xp 00000000 08:14 788651                     /lib/x86_64-linux-gnu/libc-2.15.so
7fac7b3a6000-7fac7b5a5000 ---p 001b3000 08:14 788651                     /lib/x86_64-linux-gnu/libc-2.15.so
7fac7b5a5000-7fac7b5a9000 r-xp 001b2000 08:14 788651                     /lib/x86_64-linux-gnu/libc-2.15.so
7fac7b5a9000-7fac7b5ab000 rwxp 001b6000 08:14 788651                     /lib/x86_64-linux-gnu/libc-2.15.so
7fac7b5ab000-7fac7b5b0000 rwxp 00000000 00:00 0 
7fac7b5b0000-7fac7b5b2000 r-xp 00000000 08:14 788664                     /lib/x86_64-linux-gnu/libdl-2.15.so
7fac7b5b2000-7fac7b7b2000 ---p 00002000 08:14 788664                     /lib/x86_64-linux-gnu/libdl-2.15.so
7fac7b7b2000-7fac7b7b3000 r-xp 00002000 08:14 788664                     /lib/x86_64-linux-gnu/libdl-2.15.so
7fac7b7b3000-7fac7b7b4000 rwxp 00003000 08:14 788664                     /lib/x86_64-linux-gnu/libdl-2.15.so
7fac7b7b4000-7fac7b7cc000 r-xp 00000000 08:14 788731                     /lib/x86_64-linux-gnu/libpthread-2.15.so
7fac7b7cc000-7fac7b9cb000 ---p 00018000 08:14 788731                     /lib/x86_64-linux-gnu/libpthread-2.15.so
7fac7b9cb000-7fac7b9cc000 r-xp 00017000 08:14 788731                     /lib/x86_64-linux-gnu/libpthread-2.15.so
7fac7b9cc000-7fac7b9cd000 rwxp 00018000 08:14 788731                     /lib/x86_64-linux-gnu/libpthread-2.15.so
7fac7b9cd000-7fac7b9d1000 rwxp 00000000 00:00 0 
7fac7b9d1000-7fac7b9f3000 r-xp 00000000 08:14 788631                     /lib/x86_64-linux-gnu/ld-2.15.so
7fac7b9f3000-7fac7b9f4000 rwxp 00000000 00:00 0 
7fac7b9f4000-7fac7b9f5000 r-xs 00000000 08:16 1707341                    /var/cache/fontconfig/e7071f4a29fa870f4323321c154eba04-le64.cache-3
7fac7b9f5000-7fac7b9f6000 r-xs 00000000 08:16 1707314                    /var/cache/fontconfig/0d8c3b2ac0904cb8a57a757ad11a4a08-le64.cache-3
7fac7b9f6000-7fac7b9f9000 r-xs 00000000 08:16 1707319                    /var/cache/fontconfig/385c0604a188198f04d133e54aba7fe7-le64.cache-3
7fac7b9f9000-7fac7b9fa000 r-xs 00000000 08:16 1707336                    /var/cache/fontconfig/4794a0821666d79190d59a36cb4f44b5-le64.cache-3
7fac7b9fa000-7fac7b9fd000 r-xs 00000000 08:16 1707328                    /var/cache/fontconfig/8801497958630a81b71ace7c5f9b32a8-le64.cache-3
7fac7b9fd000-7fac7ba02000 r-xs 00000000 08:16 1707317                    /var/cache/fontconfig/3047814df9a2f067bd2d96a2b9c36e5a-le64.cache-3
7fac7ba02000-7fac7ba0d000 r-xs 00000000 08:16 1707971                    /var/cache/fontconfig/e13b20fdb08344e0e664864cc2ede53d-le64.cache-3
7fac7ba0d000-7fac7ba17000 rwxp 00000000 00:00 0 
7fac7ba17000-7fac7bacd000 rwxp 00000000 00:00 0 
7fac7bacd000-7fac7bad0000 rwxp 00000000 00:00 0 
7fac7bad0000-7fac7bad7000 r-xp 00000000 08:14 1967149                    /usr/lib/jvm/jre/lib/amd64/jli/libjli.so
7fac7bad7000-7fac7bbd8000 ---p 00007000 08:14 1967149                    /usr/lib/jvm/jre/lib/amd64/jli/libjli.so
7fac7bbd8000-7fac7bbda000 rwxp 00008000 08:14 1967149                    /usr/lib/jvm/jre/lib/amd64/jli/libjli.so
7fac7bbda000-7fac7bbdb000 rwxp 00000000 00:00 0 
7fac7bbdb000-7fac7bbdc000 r-xs 00000000 08:16 1707322                    /var/cache/fontconfig/56cf4f4769d0f4abc89a4895d7bd3ae1-le64.cache-3
7fac7bbdc000-7fac7bbdd000 r-xs 00000000 08:16 1707333                    /var/cache/fontconfig/b9d506c9ac06c20b433354fa67a72993-le64.cache-3
7fac7bbdd000-7fac7bbe3000 r-xs 00000000 08:16 1708054                    /var/cache/fontconfig/3f7329c5293ffd510edef78f73874cfd-le64.cache-3
7fac7bbe3000-7fac7bbe7000 r-xs 00000000 08:16 1708053                    /var/cache/fontconfig/7ef2298fde41cc6eeb7af42e48b7d293-le64.cache-3
7fac7bbe7000-7fac7bbef000 rwxs 00000000 08:14 392698                     /tmp/hsperfdata_jailbirt/6513
7fac7bbef000-7fac7bbf0000 rwxp 00000000 00:00 0 
7fac7bbf0000-7fac7bbf1000 r-xp 00000000 00:00 0 
7fac7bbf1000-7fac7bbf3000 rwxp 00000000 00:00 0 
7fac7bbf3000-7fac7bbf4000 r-xp 00022000 08:14 788631                     /lib/x86_64-linux-gnu/ld-2.15.so
7fac7bbf4000-7fac7bbf6000 rwxp 00023000 08:14 788631                     /lib/x86_64-linux-gnu/ld-2.15.so
7fff6b2b3000-7fff6b2d5000 rwxp 00000000 00:00 0                          [stack]
7fff6b3e3000-7fff6b3e4000 r-xp 00000000 00:00 0                          [vdso]
ffffffffff600000-ffffffffff601000 r-xp 00000000 00:00 0                  [vsyscall]

VM Arguments:
jvm_args: -Djava.library.path=/home/jailbirt/workspace/processingKinectTemplate/bin:/home/jailbirt/workspace/processingKinectTemplate/libs/simpleOpenNi/library:/home/jailbirt/workspace/processingKinectTemplate/libs/openGL/linux64:/home/jailbirt/workspace/processingKinectTemplate/libs/openGL/linux64 -Dfile.encoding=UTF-8 
java_command: userTracking.main
Launcher Type: SUN_STANDARD

Environment Variables:
PATH=/usr/lib/lightdm/lightdm:/usr/local/sbin:/usr/local/bin:/usr/sbin:/usr/bin:/sbin:/bin:/usr/games
LD_LIBRARY_PATH=/usr/lib/jvm/jre/lib/amd64/server:/usr/lib/jvm/jre/lib/amd64:/usr/lib/jvm/jre/../lib/amd64
SHELL=/bin/bash
DISPLAY=:0

Signal Handlers:
SIGSEGV: [libjvm.so+0x8602a0], sa_mask[0]=0x7ffbfeff, sa_flags=0x10000004
SIGBUS: [libjvm.so+0x8602a0], sa_mask[0]=0x7ffbfeff, sa_flags=0x10000004
SIGFPE: [libjvm.so+0x70ef10], sa_mask[0]=0x7ffbfeff, sa_flags=0x10000004
SIGPIPE: [libjvm.so+0x70ef10], sa_mask[0]=0x7ffbfeff, sa_flags=0x10000004
SIGXFSZ: [libjvm.so+0x70ef10], sa_mask[0]=0x7ffbfeff, sa_flags=0x10000004
SIGILL: [libjvm.so+0x70ef10], sa_mask[0]=0x7ffbfeff, sa_flags=0x10000004
SIGUSR1: SIG_DFL, sa_mask[0]=0x00000000, sa_flags=0x00000000
SIGUSR2: [libjvm.so+0x711d40], sa_mask[0]=0x00000004, sa_flags=0x10000004
SIGHUP: [libjvm.so+0x711940], sa_mask[0]=0x7ffbfeff, sa_flags=0x10000004
SIGINT: [libjvm.so+0x711940], sa_mask[0]=0x7ffbfeff, sa_flags=0x10000004
SIGTERM: [libjvm.so+0x711940], sa_mask[0]=0x7ffbfeff, sa_flags=0x10000004
SIGQUIT: [libjvm.so+0x711940], sa_mask[0]=0x7ffbfeff, sa_flags=0x10000004


---------------  S Y S T E M  ---------------

OS:wheezy/sid

uname:Linux 3.2.0-25-generic #40-Ubuntu SMP Wed May 23 20:30:51 UTC 2012 x86_64
libc:glibc 2.15 NPTL 2.15 
rlimit: STACK 8192k, CORE 0k, NPROC 95831, NOFILE 4096, AS infinity
load average:0.49 0.42 0.33

/proc/meminfo:
MemTotal:       12290140 kB
MemFree:         8999048 kB
Buffers:           83096 kB
Cached:          1448140 kB
SwapCached:            0 kB
Active:          2345292 kB
Inactive:         611116 kB
Active(anon):    1426088 kB
Inactive(anon):    11448 kB
Active(file):     919204 kB
Inactive(file):   599668 kB
Unevictable:          32 kB
Mlocked:              32 kB
SwapTotal:       8388604 kB
SwapFree:        8388604 kB
Dirty:               252 kB
Writeback:             0 kB
AnonPages:       1425032 kB
Mapped:           218232 kB
Shmem:             12376 kB
Slab:             111572 kB
SReclaimable:      77120 kB
SUnreclaim:        34452 kB
KernelStack:        4032 kB
PageTables:        30224 kB
NFS_Unstable:          0 kB
Bounce:                0 kB
WritebackTmp:          0 kB
CommitLimit:    14533672 kB
Committed_AS:    3592872 kB
VmallocTotal:   34359738367 kB
VmallocUsed:      179372 kB
VmallocChunk:   34359552508 kB
HardwareCorrupted:     0 kB
AnonHugePages:         0 kB
HugePages_Total:       0
HugePages_Free:        0
HugePages_Rsvd:        0
HugePages_Surp:        0
Hugepagesize:       2048 kB
DirectMap4k:      141120 kB
DirectMap2M:    12425216 kB


CPU:total 8 (4 cores per cpu, 2 threads per core) family 6 model 42 stepping 7, cmov, cx8, fxsr, mmx, sse, sse2, sse3, ssse3, sse4.1, sse4.2, popcnt, ht

/proc/cpuinfo:
processor	: 0
vendor_id	: GenuineIntel
cpu family	: 6
model		: 42
model name	: Intel(R) Core(TM) i7-2600 CPU @ 3.40GHz
stepping	: 7
microcode	: 0x14
cpu MHz		: 1600.000
cache size	: 8192 KB
physical id	: 0
siblings	: 8
core id		: 0
cpu cores	: 4
apicid		: 0
initial apicid	: 0
fpu		: yes
fpu_exception	: yes
cpuid level	: 13
wp		: yes
flags		: fpu vme de pse tsc msr pae mce cx8 apic sep mtrr pge mca cmov pat pse36 clflush dts acpi mmx fxsr sse sse2 ss ht tm pbe syscall nx rdtscp lm constant_tsc arch_perfmon pebs bts rep_good nopl xtopology nonstop_tsc aperfmperf pni pclmulqdq dtes64 monitor ds_cpl vmx smx est tm2 ssse3 cx16 xtpr pdcm pcid sse4_1 sse4_2 x2apic popcnt tsc_deadline_timer aes xsave avx lahf_lm ida arat epb xsaveopt pln pts dts tpr_shadow vnmi flexpriority ept vpid
bogomips	: 6784.65
clflush size	: 64
cache_alignment	: 64
address sizes	: 36 bits physical, 48 bits virtual
power management:

processor	: 1
vendor_id	: GenuineIntel
cpu family	: 6
model		: 42
model name	: Intel(R) Core(TM) i7-2600 CPU @ 3.40GHz
stepping	: 7
microcode	: 0x14
cpu MHz		: 1600.000
cache size	: 8192 KB
physical id	: 0
siblings	: 8
core id		: 1
cpu cores	: 4
apicid		: 2
initial apicid	: 2
fpu		: yes
fpu_exception	: yes
cpuid level	: 13
wp		: yes
flags		: fpu vme de pse tsc msr pae mce cx8 apic sep mtrr pge mca cmov pat pse36 clflush dts acpi mmx fxsr sse sse2 ss ht tm pbe syscall nx rdtscp lm constant_tsc arch_perfmon pebs bts rep_good nopl xtopology nonstop_tsc aperfmperf pni pclmulqdq dtes64 monitor ds_cpl vmx smx est tm2 ssse3 cx16 xtpr pdcm pcid sse4_1 sse4_2 x2apic popcnt tsc_deadline_timer aes xsave avx lahf_lm ida arat epb xsaveopt pln pts dts tpr_shadow vnmi flexpriority ept vpid
bogomips	: 6784.26
clflush size	: 64
cache_alignment	: 64
address sizes	: 36 bits physical, 48 bits virtual
power management:

processor	: 2
vendor_id	: GenuineIntel
cpu family	: 6
model		: 42
model name	: Intel(R) Core(TM) i7-2600 CPU @ 3.40GHz
stepping	: 7
microcode	: 0x14
cpu MHz		: 1600.000
cache size	: 8192 KB
physical id	: 0
siblings	: 8
core id		: 2
cpu cores	: 4
apicid		: 4
initial apicid	: 4
fpu		: yes
fpu_exception	: yes
cpuid level	: 13
wp		: yes
flags		: fpu vme de pse tsc msr pae mce cx8 apic sep mtrr pge mca cmov pat pse36 clflush dts acpi mmx fxsr sse sse2 ss ht tm pbe syscall nx rdtscp lm constant_tsc arch_perfmon pebs bts rep_good nopl xtopology nonstop_tsc aperfmperf pni pclmulqdq dtes64 monitor ds_cpl vmx smx est tm2 ssse3 cx16 xtpr pdcm pcid sse4_1 sse4_2 x2apic popcnt tsc_deadline_timer aes xsave avx lahf_lm ida arat epb xsaveopt pln pts dts tpr_shadow vnmi flexpriority ept vpid
bogomips	: 6784.26
clflush size	: 64
cache_alignment	: 64
address sizes	: 36 bits physical, 48 bits virtual
power management:

processor	: 3
vendor_id	: GenuineIntel
cpu family	: 6
model		: 42
model name	: Intel(R) Core(TM) i7-2600 CPU @ 3.40GHz
stepping	: 7
microcode	: 0x14
cpu MHz		: 3701.000
cache size	: 8192 KB
physical id	: 0
siblings	: 8
core id		: 3
cpu cores	: 4
apicid		: 6
initial apicid	: 6
fpu		: yes
fpu_exception	: yes
cpuid level	: 13
wp		: yes
flags		: fpu vme de pse tsc msr pae mce cx8 apic sep mtrr pge mca cmov pat pse36 clflush dts acpi mmx fxsr sse sse2 ss ht tm pbe syscall nx rdtscp lm constant_tsc arch_perfmon pebs bts rep_good nopl xtopology nonstop_tsc aperfmperf pni pclmulqdq dtes64 monitor ds_cpl vmx smx est tm2 ssse3 cx16 xtpr pdcm pcid sse4_1 sse4_2 x2apic popcnt tsc_deadline_timer aes xsave avx lahf_lm ida arat epb xsaveopt pln pts dts tpr_shadow vnmi flexpriority ept vpid
bogomips	: 6784.26
clflush size	: 64
cache_alignment	: 64
address sizes	: 36 bits physical, 48 bits virtual
power management:

processor	: 4
vendor_id	: GenuineIntel
cpu family	: 6
model		: 42
model name	: Intel(R) Core(TM) i7-2600 CPU @ 3.40GHz
stepping	: 7
microcode	: 0x14
cpu MHz		: 1600.000
cache size	: 8192 KB
physical id	: 0
siblings	: 8
core id		: 0
cpu cores	: 4
apicid		: 1
initial apicid	: 1
fpu		: yes
fpu_exception	: yes
cpuid level	: 13
wp		: yes
flags		: fpu vme de pse tsc msr pae mce cx8 apic sep mtrr pge mca cmov pat pse36 clflush dts acpi mmx fxsr sse sse2 ss ht tm pbe syscall nx rdtscp lm constant_tsc arch_perfmon pebs bts rep_good nopl xtopology nonstop_tsc aperfmperf pni pclmulqdq dtes64 monitor ds_cpl vmx smx est tm2 ssse3 cx16 xtpr pdcm pcid sse4_1 sse4_2 x2apic popcnt tsc_deadline_timer aes xsave avx lahf_lm ida arat epb xsaveopt pln pts dts tpr_shadow vnmi flexpriority ept vpid
bogomips	: 6784.26
clflush size	: 64
cache_alignment	: 64
address sizes	: 36 bits physical, 48 bits virtual
power management:

processor	: 5
vendor_id	: GenuineIntel
cpu family	: 6
model		: 42
model name	: Intel(R) Core(TM) i7-2600 CPU @ 3.40GHz
stepping	: 7
microcode	: 0x14
cpu MHz		: 1600.000
cache size	: 8192 KB
physical id	: 0
siblings	: 8
core id		: 1
cpu cores	: 4
apicid		: 3
initial apicid	: 3
fpu		: yes
fpu_exception	: yes
cpuid level	: 13
wp		: yes
flags		: fpu vme de pse tsc msr pae mce cx8 apic sep mtrr pge mca cmov pat pse36 clflush dts acpi mmx fxsr sse sse2 ss ht tm pbe syscall nx rdtscp lm constant_tsc arch_perfmon pebs bts rep_good nopl xtopology nonstop_tsc aperfmperf pni pclmulqdq dtes64 monitor ds_cpl vmx smx est tm2 ssse3 cx16 xtpr pdcm pcid sse4_1 sse4_2 x2apic popcnt tsc_deadline_timer aes xsave avx lahf_lm ida arat epb xsaveopt pln pts dts tpr_shadow vnmi flexpriority ept vpid
bogomips	: 6784.26
clflush size	: 64
cache_alignment	: 64
address sizes	: 36 bits physical, 48 bits virtual
power management:

processor	: 6
vendor_id	: GenuineIntel
cpu family	: 6
model		: 42
model name	: Intel(R) Core(TM) i7-2600 CPU @ 3.40GHz
stepping	: 7
microcode	: 0x14
cpu MHz		: 1600.000
cache size	: 8192 KB
physical id	: 0
siblings	: 8
core id		: 2
cpu cores	: 4
apicid		: 5
initial apicid	: 5
fpu		: yes
fpu_exception	: yes
cpuid level	: 13
wp		: yes
flags		: fpu vme de pse tsc msr pae mce cx8 apic sep mtrr pge mca cmov pat pse36 clflush dts acpi mmx fxsr sse sse2 ss ht tm pbe syscall nx rdtscp lm constant_tsc arch_perfmon pebs bts rep_good nopl xtopology nonstop_tsc aperfmperf pni pclmulqdq dtes64 monitor ds_cpl vmx smx est tm2 ssse3 cx16 xtpr pdcm pcid sse4_1 sse4_2 x2apic popcnt tsc_deadline_timer aes xsave avx lahf_lm ida arat epb xsaveopt pln pts dts tpr_shadow vnmi flexpriority ept vpid
bogomips	: 6784.27
clflush size	: 64
cache_alignment	: 64
address sizes	: 36 bits physical, 48 bits virtual
power management:

processor	: 7
vendor_id	: GenuineIntel
cpu family	: 6
model		: 42
model name	: Intel(R) Core(TM) i7-2600 CPU @ 3.40GHz
stepping	: 7
microcode	: 0x14
cpu MHz		: 1600.000
cache size	: 8192 KB
physical id	: 0
siblings	: 8
core id		: 3
cpu cores	: 4
apicid		: 7
initial apicid	: 7
fpu		: yes
fpu_exception	: yes
cpuid level	: 13
wp		: yes
flags		: fpu vme de pse tsc msr pae mce cx8 apic sep mtrr pge mca cmov pat pse36 clflush dts acpi mmx fxsr sse sse2 ss ht tm pbe syscall nx rdtscp lm constant_tsc arch_perfmon pebs bts rep_good nopl xtopology nonstop_tsc aperfmperf pni pclmulqdq dtes64 monitor ds_cpl vmx smx est tm2 ssse3 cx16 xtpr pdcm pcid sse4_1 sse4_2 x2apic popcnt tsc_deadline_timer aes xsave avx lahf_lm ida arat epb xsaveopt pln pts dts tpr_shadow vnmi flexpriority ept vpid
bogomips	: 6784.26
clflush size	: 64
cache_alignment	: 64
address sizes	: 36 bits physical, 48 bits virtual
power management:



Memory: 4k page, physical 12290140k(8999048k free), swap 8388604k(8388604k free)

vm_info: Java HotSpot(TM) 64-Bit Server VM (20.7-b02) for linux-amd64 JRE (1.6.0_32-b05), built on Apr  5 2012 14:09:59 by "java_re" with gcc 3.2.2 (SuSE Linux)

time: Sat Jun 16 19:58:18 2012
elapsed time: 2 seconds

